[2022-09-17 06:52:02,877] {taskinstance.py:1032} INFO - Dependencies all met for <TaskInstance: fhv_data_v2.download_dataset_task scheduled__2019-05-02T06:00:00+00:00 [queued]>
[2022-09-17 06:52:02,903] {taskinstance.py:1032} INFO - Dependencies all met for <TaskInstance: fhv_data_v2.download_dataset_task scheduled__2019-05-02T06:00:00+00:00 [queued]>
[2022-09-17 06:52:02,903] {taskinstance.py:1238} INFO - 
--------------------------------------------------------------------------------
[2022-09-17 06:52:02,904] {taskinstance.py:1239} INFO - Starting attempt 1 of 2
[2022-09-17 06:52:02,904] {taskinstance.py:1240} INFO - 
--------------------------------------------------------------------------------
[2022-09-17 06:52:02,922] {taskinstance.py:1259} INFO - Executing <Task(BashOperator): download_dataset_task> on 2019-05-02 06:00:00+00:00
[2022-09-17 06:52:02,932] {standard_task_runner.py:52} INFO - Started process 7369 to run task
[2022-09-17 06:52:02,945] {standard_task_runner.py:76} INFO - Running: ['***', 'tasks', 'run', 'fhv_data_v2', 'download_dataset_task', 'scheduled__2019-05-02T06:00:00+00:00', '--job-id', '87', '--raw', '--subdir', 'DAGS_FOLDER/data_ingestion_gcs_dag.py', '--cfg-path', '/tmp/tmpd1ye_51o', '--error-file', '/tmp/tmptbwmy8gu']
[2022-09-17 06:52:02,947] {standard_task_runner.py:77} INFO - Job 87: Subtask download_dataset_task
[2022-09-17 06:52:03,040] {logging_mixin.py:109} INFO - Running <TaskInstance: fhv_data_v2.download_dataset_task scheduled__2019-05-02T06:00:00+00:00 [running]> on host 10d063af5ba7
[2022-09-17 06:52:03,111] {warnings.py:110} WARNING - /home/***/.local/lib/python3.7/site-packages/***/utils/context.py:152: AirflowContextDeprecationWarning: Accessing 'execution_date' from the template is deprecated and will be removed in a future version. Please use 'data_interval_start' or 'logical_date' instead.
  warnings.warn(_create_deprecation_warning(key, self._deprecation_replacements[key]))

[2022-09-17 06:52:03,144] {taskinstance.py:1426} INFO - Exporting the following env vars:
AIRFLOW_CTX_DAG_OWNER=***
AIRFLOW_CTX_DAG_ID=fhv_data_v2
AIRFLOW_CTX_TASK_ID=download_dataset_task
AIRFLOW_CTX_EXECUTION_DATE=2019-05-02T06:00:00+00:00
AIRFLOW_CTX_DAG_RUN_ID=scheduled__2019-05-02T06:00:00+00:00
[2022-09-17 06:52:03,146] {subprocess.py:62} INFO - Tmp dir root location: 
 /tmp
[2022-09-17 06:52:03,147] {subprocess.py:74} INFO - Running command: ['bash', '-c', 'curl -sSLf https://d37ci6vzurychx.cloudfront.net/trip-data/fhv_tripdata_2019-05.parquet > /opt/***/fhv_tripdata_2019-05.parquet']
[2022-09-17 06:52:03,168] {subprocess.py:85} INFO - Output:
[2022-09-17 06:52:08,672] {subprocess.py:93} INFO - Command exited with return code 0
[2022-09-17 06:52:08,704] {taskinstance.py:1277} INFO - Marking task as SUCCESS. dag_id=fhv_data_v2, task_id=download_dataset_task, execution_date=20190502T060000, start_date=20220917T065202, end_date=20220917T065208
[2022-09-17 06:52:08,763] {local_task_job.py:154} INFO - Task exited with return code 0
[2022-09-17 06:52:08,807] {local_task_job.py:264} INFO - 1 downstream tasks scheduled from follow-on schedule check
[2022-09-20 15:18:55,793] {taskinstance.py:1032} INFO - Dependencies all met for <TaskInstance: fhv_data_v2.download_dataset_task scheduled__2019-05-02T06:00:00+00:00 [queued]>
[2022-09-20 15:18:55,807] {taskinstance.py:1032} INFO - Dependencies all met for <TaskInstance: fhv_data_v2.download_dataset_task scheduled__2019-05-02T06:00:00+00:00 [queued]>
[2022-09-20 15:18:55,807] {taskinstance.py:1238} INFO - 
--------------------------------------------------------------------------------
[2022-09-20 15:18:55,807] {taskinstance.py:1239} INFO - Starting attempt 1 of 2
[2022-09-20 15:18:55,807] {taskinstance.py:1240} INFO - 
--------------------------------------------------------------------------------
[2022-09-20 15:18:55,820] {taskinstance.py:1259} INFO - Executing <Task(BashOperator): download_dataset_task> on 2019-05-02 06:00:00+00:00
[2022-09-20 15:18:55,826] {standard_task_runner.py:52} INFO - Started process 504 to run task
[2022-09-20 15:18:55,833] {standard_task_runner.py:76} INFO - Running: ['***', 'tasks', 'run', 'fhv_data_v2', 'download_dataset_task', 'scheduled__2019-05-02T06:00:00+00:00', '--job-id', '55', '--raw', '--subdir', 'DAGS_FOLDER/data_ingestion_gcs_dag.py', '--cfg-path', '/tmp/tmpabc5pevg', '--error-file', '/tmp/tmp6vlugg83']
[2022-09-20 15:18:55,835] {standard_task_runner.py:77} INFO - Job 55: Subtask download_dataset_task
[2022-09-20 15:18:55,902] {logging_mixin.py:109} INFO - Running <TaskInstance: fhv_data_v2.download_dataset_task scheduled__2019-05-02T06:00:00+00:00 [running]> on host 0a2e8243e3d8
[2022-09-20 15:18:55,942] {warnings.py:110} WARNING - /home/***/.local/lib/python3.7/site-packages/***/utils/context.py:152: AirflowContextDeprecationWarning: Accessing 'execution_date' from the template is deprecated and will be removed in a future version. Please use 'data_interval_start' or 'logical_date' instead.
  warnings.warn(_create_deprecation_warning(key, self._deprecation_replacements[key]))

[2022-09-20 15:18:55,966] {taskinstance.py:1426} INFO - Exporting the following env vars:
AIRFLOW_CTX_DAG_OWNER=***
AIRFLOW_CTX_DAG_ID=fhv_data_v2
AIRFLOW_CTX_TASK_ID=download_dataset_task
AIRFLOW_CTX_EXECUTION_DATE=2019-05-02T06:00:00+00:00
AIRFLOW_CTX_DAG_RUN_ID=scheduled__2019-05-02T06:00:00+00:00
[2022-09-20 15:18:55,967] {subprocess.py:62} INFO - Tmp dir root location: 
 /tmp
[2022-09-20 15:18:55,968] {subprocess.py:74} INFO - Running command: ['bash', '-c', 'curl -sSLf https://d37ci6vzurychx.cloudfront.net/trip-data/fhv_tripdata_2019-05.parquet > /opt/***/fhv_tripdata_2019-05.parquet']
[2022-09-20 15:18:55,989] {subprocess.py:85} INFO - Output:
[2022-09-20 15:19:00,475] {subprocess.py:93} INFO - Command exited with return code 0
[2022-09-20 15:19:00,524] {taskinstance.py:1277} INFO - Marking task as SUCCESS. dag_id=fhv_data_v2, task_id=download_dataset_task, execution_date=20190502T060000, start_date=20220920T151855, end_date=20220920T151900
[2022-09-20 15:19:00,558] {local_task_job.py:154} INFO - Task exited with return code 0
[2022-09-20 15:19:00,621] {local_task_job.py:264} INFO - 1 downstream tasks scheduled from follow-on schedule check
[2022-09-20 15:31:23,210] {taskinstance.py:1032} INFO - Dependencies all met for <TaskInstance: fhv_data_v2.download_dataset_task scheduled__2019-05-02T06:00:00+00:00 [queued]>
[2022-09-20 15:31:23,222] {taskinstance.py:1032} INFO - Dependencies all met for <TaskInstance: fhv_data_v2.download_dataset_task scheduled__2019-05-02T06:00:00+00:00 [queued]>
[2022-09-20 15:31:23,222] {taskinstance.py:1238} INFO - 
--------------------------------------------------------------------------------
[2022-09-20 15:31:23,222] {taskinstance.py:1239} INFO - Starting attempt 1 of 2
[2022-09-20 15:31:23,222] {taskinstance.py:1240} INFO - 
--------------------------------------------------------------------------------
[2022-09-20 15:31:23,234] {taskinstance.py:1259} INFO - Executing <Task(BashOperator): download_dataset_task> on 2019-05-02 06:00:00+00:00
[2022-09-20 15:31:23,240] {standard_task_runner.py:52} INFO - Started process 159 to run task
[2022-09-20 15:31:23,245] {standard_task_runner.py:76} INFO - Running: ['***', 'tasks', 'run', 'fhv_data_v2', 'download_dataset_task', 'scheduled__2019-05-02T06:00:00+00:00', '--job-id', '11', '--raw', '--subdir', 'DAGS_FOLDER/data_ingestion_gcs_dag.py', '--cfg-path', '/tmp/tmp6nt9yd5a', '--error-file', '/tmp/tmpv2zh_94k']
[2022-09-20 15:31:23,246] {standard_task_runner.py:77} INFO - Job 11: Subtask download_dataset_task
[2022-09-20 15:31:23,316] {logging_mixin.py:109} INFO - Running <TaskInstance: fhv_data_v2.download_dataset_task scheduled__2019-05-02T06:00:00+00:00 [running]> on host 788dccad41b9
[2022-09-20 15:31:23,369] {warnings.py:110} WARNING - /home/***/.local/lib/python3.7/site-packages/***/utils/context.py:152: AirflowContextDeprecationWarning: Accessing 'execution_date' from the template is deprecated and will be removed in a future version. Please use 'data_interval_start' or 'logical_date' instead.
  warnings.warn(_create_deprecation_warning(key, self._deprecation_replacements[key]))

[2022-09-20 15:31:23,394] {taskinstance.py:1426} INFO - Exporting the following env vars:
AIRFLOW_CTX_DAG_OWNER=***
AIRFLOW_CTX_DAG_ID=fhv_data_v2
AIRFLOW_CTX_TASK_ID=download_dataset_task
AIRFLOW_CTX_EXECUTION_DATE=2019-05-02T06:00:00+00:00
AIRFLOW_CTX_DAG_RUN_ID=scheduled__2019-05-02T06:00:00+00:00
[2022-09-20 15:31:23,396] {subprocess.py:62} INFO - Tmp dir root location: 
 /tmp
[2022-09-20 15:31:23,397] {subprocess.py:74} INFO - Running command: ['bash', '-c', 'curl -sSLf https://d37ci6vzurychx.cloudfront.net/trip-data/fhv_tripdata_2019-05.parquet > /opt/***/fhv_tripdata_2019-05.parquet']
[2022-09-20 15:31:23,414] {subprocess.py:85} INFO - Output:
[2022-09-20 15:31:27,463] {subprocess.py:93} INFO - Command exited with return code 0
[2022-09-20 15:31:27,512] {taskinstance.py:1277} INFO - Marking task as SUCCESS. dag_id=fhv_data_v2, task_id=download_dataset_task, execution_date=20190502T060000, start_date=20220920T153123, end_date=20220920T153127
[2022-09-20 15:31:27,561] {local_task_job.py:154} INFO - Task exited with return code 0
[2022-09-20 15:31:27,655] {local_task_job.py:264} INFO - 1 downstream tasks scheduled from follow-on schedule check
