[2022-09-17 06:52:13,775] {taskinstance.py:1032} INFO - Dependencies all met for <TaskInstance: fhv_data_v2.rm_task scheduled__2019-05-02T06:00:00+00:00 [queued]>
[2022-09-17 06:52:13,787] {taskinstance.py:1032} INFO - Dependencies all met for <TaskInstance: fhv_data_v2.rm_task scheduled__2019-05-02T06:00:00+00:00 [queued]>
[2022-09-17 06:52:13,787] {taskinstance.py:1238} INFO - 
--------------------------------------------------------------------------------
[2022-09-17 06:52:13,787] {taskinstance.py:1239} INFO - Starting attempt 1 of 2
[2022-09-17 06:52:13,787] {taskinstance.py:1240} INFO - 
--------------------------------------------------------------------------------
[2022-09-17 06:52:13,799] {taskinstance.py:1259} INFO - Executing <Task(BashOperator): rm_task> on 2019-05-02 06:00:00+00:00
[2022-09-17 06:52:13,806] {standard_task_runner.py:52} INFO - Started process 7399 to run task
[2022-09-17 06:52:13,812] {standard_task_runner.py:76} INFO - Running: ['***', 'tasks', 'run', 'fhv_data_v2', 'rm_task', 'scheduled__2019-05-02T06:00:00+00:00', '--job-id', '92', '--raw', '--subdir', 'DAGS_FOLDER/data_ingestion_gcs_dag.py', '--cfg-path', '/tmp/tmph9_arakp', '--error-file', '/tmp/tmp5k5nt3tb']
[2022-09-17 06:52:13,813] {standard_task_runner.py:77} INFO - Job 92: Subtask rm_task
[2022-09-17 06:52:13,890] {logging_mixin.py:109} INFO - Running <TaskInstance: fhv_data_v2.rm_task scheduled__2019-05-02T06:00:00+00:00 [running]> on host 10d063af5ba7
[2022-09-17 06:52:13,946] {warnings.py:110} WARNING - /home/***/.local/lib/python3.7/site-packages/***/utils/context.py:152: AirflowContextDeprecationWarning: Accessing 'execution_date' from the template is deprecated and will be removed in a future version. Please use 'data_interval_start' or 'logical_date' instead.
  warnings.warn(_create_deprecation_warning(key, self._deprecation_replacements[key]))

[2022-09-17 06:52:13,969] {taskinstance.py:1426} INFO - Exporting the following env vars:
AIRFLOW_CTX_DAG_OWNER=***
AIRFLOW_CTX_DAG_ID=fhv_data_v2
AIRFLOW_CTX_TASK_ID=rm_task
AIRFLOW_CTX_EXECUTION_DATE=2019-05-02T06:00:00+00:00
AIRFLOW_CTX_DAG_RUN_ID=scheduled__2019-05-02T06:00:00+00:00
[2022-09-17 06:52:13,970] {subprocess.py:62} INFO - Tmp dir root location: 
 /tmp
[2022-09-17 06:52:13,971] {subprocess.py:74} INFO - Running command: ['bash', '-c', 'rm /opt/***/fhv_tripdata_2019-05.parquet']
[2022-09-17 06:52:13,984] {subprocess.py:85} INFO - Output:
[2022-09-17 06:52:13,991] {subprocess.py:93} INFO - Command exited with return code 0
[2022-09-17 06:52:14,026] {taskinstance.py:1277} INFO - Marking task as SUCCESS. dag_id=fhv_data_v2, task_id=rm_task, execution_date=20190502T060000, start_date=20220917T065213, end_date=20220917T065214
[2022-09-17 06:52:14,065] {local_task_job.py:154} INFO - Task exited with return code 0
[2022-09-17 06:52:14,109] {local_task_job.py:264} INFO - 0 downstream tasks scheduled from follow-on schedule check
[2022-09-20 15:31:33,959] {taskinstance.py:1032} INFO - Dependencies all met for <TaskInstance: fhv_data_v2.rm_task scheduled__2019-05-02T06:00:00+00:00 [queued]>
[2022-09-20 15:31:34,017] {taskinstance.py:1032} INFO - Dependencies all met for <TaskInstance: fhv_data_v2.rm_task scheduled__2019-05-02T06:00:00+00:00 [queued]>
[2022-09-20 15:31:34,018] {taskinstance.py:1238} INFO - 
--------------------------------------------------------------------------------
[2022-09-20 15:31:34,018] {taskinstance.py:1239} INFO - Starting attempt 1 of 2
[2022-09-20 15:31:34,018] {taskinstance.py:1240} INFO - 
--------------------------------------------------------------------------------
[2022-09-20 15:31:34,078] {taskinstance.py:1259} INFO - Executing <Task(BashOperator): rm_task> on 2019-05-02 06:00:00+00:00
[2022-09-20 15:31:34,093] {standard_task_runner.py:52} INFO - Started process 207 to run task
[2022-09-20 15:31:34,125] {standard_task_runner.py:76} INFO - Running: ['***', 'tasks', 'run', 'fhv_data_v2', 'rm_task', 'scheduled__2019-05-02T06:00:00+00:00', '--job-id', '18', '--raw', '--subdir', 'DAGS_FOLDER/data_ingestion_gcs_dag.py', '--cfg-path', '/tmp/tmp0imgzu11', '--error-file', '/tmp/tmp3mp1a9zx']
[2022-09-20 15:31:34,127] {standard_task_runner.py:77} INFO - Job 18: Subtask rm_task
[2022-09-20 15:31:34,377] {logging_mixin.py:109} INFO - Running <TaskInstance: fhv_data_v2.rm_task scheduled__2019-05-02T06:00:00+00:00 [running]> on host 788dccad41b9
[2022-09-20 15:31:34,521] {warnings.py:110} WARNING - /home/***/.local/lib/python3.7/site-packages/***/utils/context.py:152: AirflowContextDeprecationWarning: Accessing 'execution_date' from the template is deprecated and will be removed in a future version. Please use 'data_interval_start' or 'logical_date' instead.
  warnings.warn(_create_deprecation_warning(key, self._deprecation_replacements[key]))

[2022-09-20 15:31:34,588] {taskinstance.py:1426} INFO - Exporting the following env vars:
AIRFLOW_CTX_DAG_OWNER=***
AIRFLOW_CTX_DAG_ID=fhv_data_v2
AIRFLOW_CTX_TASK_ID=rm_task
AIRFLOW_CTX_EXECUTION_DATE=2019-05-02T06:00:00+00:00
AIRFLOW_CTX_DAG_RUN_ID=scheduled__2019-05-02T06:00:00+00:00
[2022-09-20 15:31:34,590] {subprocess.py:62} INFO - Tmp dir root location: 
 /tmp
[2022-09-20 15:31:34,591] {subprocess.py:74} INFO - Running command: ['bash', '-c', 'rm /opt/***/fhv_tripdata_2019-05.parquet']
[2022-09-20 15:31:34,664] {subprocess.py:85} INFO - Output:
[2022-09-20 15:31:34,716] {subprocess.py:93} INFO - Command exited with return code 0
[2022-09-20 15:31:34,813] {taskinstance.py:1277} INFO - Marking task as SUCCESS. dag_id=fhv_data_v2, task_id=rm_task, execution_date=20190502T060000, start_date=20220920T153133, end_date=20220920T153134
[2022-09-20 15:31:34,984] {local_task_job.py:154} INFO - Task exited with return code 0
[2022-09-20 15:31:35,209] {local_task_job.py:264} INFO - 0 downstream tasks scheduled from follow-on schedule check
