[2022-09-17 07:15:39,467] {taskinstance.py:1032} INFO - Dependencies all met for <TaskInstance: green_taxi_data_v2.local_to_gcs_task scheduled__2020-11-02T06:00:00+00:00 [queued]>
[2022-09-17 07:15:39,485] {taskinstance.py:1032} INFO - Dependencies all met for <TaskInstance: green_taxi_data_v2.local_to_gcs_task scheduled__2020-11-02T06:00:00+00:00 [queued]>
[2022-09-17 07:15:39,485] {taskinstance.py:1238} INFO - 
--------------------------------------------------------------------------------
[2022-09-17 07:15:39,485] {taskinstance.py:1239} INFO - Starting attempt 1 of 2
[2022-09-17 07:15:39,486] {taskinstance.py:1240} INFO - 
--------------------------------------------------------------------------------
[2022-09-17 07:15:39,506] {taskinstance.py:1259} INFO - Executing <Task(PythonOperator): local_to_gcs_task> on 2020-11-02 06:00:00+00:00
[2022-09-17 07:15:39,514] {standard_task_runner.py:52} INFO - Started process 640 to run task
[2022-09-17 07:15:39,523] {standard_task_runner.py:76} INFO - Running: ['***', 'tasks', 'run', 'green_taxi_data_v2', 'local_to_gcs_task', 'scheduled__2020-11-02T06:00:00+00:00', '--job-id', '183', '--raw', '--subdir', 'DAGS_FOLDER/data_ingestion_gcs_dag.py', '--cfg-path', '/tmp/tmp2vdsih4c', '--error-file', '/tmp/tmpkmmxy72v']
[2022-09-17 07:15:39,524] {standard_task_runner.py:77} INFO - Job 183: Subtask local_to_gcs_task
[2022-09-17 07:15:39,605] {logging_mixin.py:109} INFO - Running <TaskInstance: green_taxi_data_v2.local_to_gcs_task scheduled__2020-11-02T06:00:00+00:00 [running]> on host ea53df3427ed
[2022-09-17 07:15:39,664] {warnings.py:110} WARNING - /home/***/.local/lib/python3.7/site-packages/***/utils/context.py:152: AirflowContextDeprecationWarning: Accessing 'execution_date' from the template is deprecated and will be removed in a future version. Please use 'data_interval_start' or 'logical_date' instead.
  warnings.warn(_create_deprecation_warning(key, self._deprecation_replacements[key]))

[2022-09-17 07:15:39,695] {taskinstance.py:1426} INFO - Exporting the following env vars:
AIRFLOW_CTX_DAG_OWNER=***
AIRFLOW_CTX_DAG_ID=green_taxi_data_v2
AIRFLOW_CTX_TASK_ID=local_to_gcs_task
AIRFLOW_CTX_EXECUTION_DATE=2020-11-02T06:00:00+00:00
AIRFLOW_CTX_DAG_RUN_ID=scheduled__2020-11-02T06:00:00+00:00
[2022-09-17 07:15:40,734] {python.py:175} INFO - Done. Returned value was: None
[2022-09-17 07:15:40,768] {taskinstance.py:1277} INFO - Marking task as SUCCESS. dag_id=green_taxi_data_v2, task_id=local_to_gcs_task, execution_date=20201102T060000, start_date=20220917T071539, end_date=20220917T071540
[2022-09-17 07:15:40,816] {local_task_job.py:154} INFO - Task exited with return code 0
[2022-09-17 07:15:40,861] {local_task_job.py:264} INFO - 1 downstream tasks scheduled from follow-on schedule check
