[2022-09-17 05:50:23,879] {taskinstance.py:1032} INFO - Dependencies all met for <TaskInstance: yellow_taxi_data_v2.download_dataset_task scheduled__2019-02-02T06:00:00+00:00 [queued]>
[2022-09-17 05:50:23,893] {taskinstance.py:1032} INFO - Dependencies all met for <TaskInstance: yellow_taxi_data_v2.download_dataset_task scheduled__2019-02-02T06:00:00+00:00 [queued]>
[2022-09-17 05:50:23,893] {taskinstance.py:1238} INFO - 
--------------------------------------------------------------------------------
[2022-09-17 05:50:23,894] {taskinstance.py:1239} INFO - Starting attempt 1 of 2
[2022-09-17 05:50:23,894] {taskinstance.py:1240} INFO - 
--------------------------------------------------------------------------------
[2022-09-17 05:50:23,912] {taskinstance.py:1259} INFO - Executing <Task(BashOperator): download_dataset_task> on 2019-02-02 06:00:00+00:00
[2022-09-17 05:50:23,920] {standard_task_runner.py:52} INFO - Started process 4316 to run task
[2022-09-17 05:50:23,933] {standard_task_runner.py:76} INFO - Running: ['***', 'tasks', 'run', 'yellow_taxi_data_v2', 'download_dataset_task', 'scheduled__2019-02-02T06:00:00+00:00', '--job-id', '6', '--raw', '--subdir', 'DAGS_FOLDER/data_ingestion_gcs_dag.py', '--cfg-path', '/tmp/tmp_qihxsym', '--error-file', '/tmp/tmplkhm48s0']
[2022-09-17 05:50:23,934] {standard_task_runner.py:77} INFO - Job 6: Subtask download_dataset_task
[2022-09-17 05:50:24,023] {logging_mixin.py:109} INFO - Running <TaskInstance: yellow_taxi_data_v2.download_dataset_task scheduled__2019-02-02T06:00:00+00:00 [running]> on host 10d063af5ba7
[2022-09-17 05:50:24,079] {warnings.py:110} WARNING - /home/***/.local/lib/python3.7/site-packages/***/utils/context.py:152: AirflowContextDeprecationWarning: Accessing 'execution_date' from the template is deprecated and will be removed in a future version. Please use 'data_interval_start' or 'logical_date' instead.
  warnings.warn(_create_deprecation_warning(key, self._deprecation_replacements[key]))

[2022-09-17 05:50:24,104] {taskinstance.py:1426} INFO - Exporting the following env vars:
AIRFLOW_CTX_DAG_OWNER=***
AIRFLOW_CTX_DAG_ID=yellow_taxi_data_v2
AIRFLOW_CTX_TASK_ID=download_dataset_task
AIRFLOW_CTX_EXECUTION_DATE=2019-02-02T06:00:00+00:00
AIRFLOW_CTX_DAG_RUN_ID=scheduled__2019-02-02T06:00:00+00:00
[2022-09-17 05:50:24,105] {subprocess.py:62} INFO - Tmp dir root location: 
 /tmp
[2022-09-17 05:50:24,106] {subprocess.py:74} INFO - Running command: ['bash', '-c', 'curl -sSLf https://d37ci6vzurychx.cloudfront.net/trip-data/yellow_tripdata_2019-02.parquet > /opt/***/yellow_tripdata_2019-02.parquet']
[2022-09-17 05:50:24,122] {subprocess.py:85} INFO - Output:
[2022-09-17 05:50:32,010] {subprocess.py:93} INFO - Command exited with return code 0
[2022-09-17 05:50:32,054] {taskinstance.py:1277} INFO - Marking task as SUCCESS. dag_id=yellow_taxi_data_v2, task_id=download_dataset_task, execution_date=20190202T060000, start_date=20220917T055023, end_date=20220917T055032
[2022-09-17 05:50:32,124] {local_task_job.py:154} INFO - Task exited with return code 0
[2022-09-17 05:50:32,186] {local_task_job.py:264} INFO - 1 downstream tasks scheduled from follow-on schedule check
[2022-09-20 15:11:43,919] {taskinstance.py:1032} INFO - Dependencies all met for <TaskInstance: yellow_taxi_data_v2.download_dataset_task scheduled__2019-02-02T06:00:00+00:00 [queued]>
[2022-09-20 15:11:43,955] {taskinstance.py:1032} INFO - Dependencies all met for <TaskInstance: yellow_taxi_data_v2.download_dataset_task scheduled__2019-02-02T06:00:00+00:00 [queued]>
[2022-09-20 15:11:43,955] {taskinstance.py:1238} INFO - 
--------------------------------------------------------------------------------
[2022-09-20 15:11:43,955] {taskinstance.py:1239} INFO - Starting attempt 1 of 2
[2022-09-20 15:11:43,955] {taskinstance.py:1240} INFO - 
--------------------------------------------------------------------------------
[2022-09-20 15:11:43,997] {taskinstance.py:1259} INFO - Executing <Task(BashOperator): download_dataset_task> on 2019-02-02 06:00:00+00:00
[2022-09-20 15:11:44,010] {standard_task_runner.py:52} INFO - Started process 110 to run task
[2022-09-20 15:11:44,025] {standard_task_runner.py:76} INFO - Running: ['***', 'tasks', 'run', 'yellow_taxi_data_v2', 'download_dataset_task', 'scheduled__2019-02-02T06:00:00+00:00', '--job-id', '33', '--raw', '--subdir', 'DAGS_FOLDER/data_ingestion_gcs_dag.py', '--cfg-path', '/tmp/tmpa_pl3mg3', '--error-file', '/tmp/tmpi2lp911b']
[2022-09-20 15:11:44,027] {standard_task_runner.py:77} INFO - Job 33: Subtask download_dataset_task
[2022-09-20 15:11:44,114] {logging_mixin.py:109} INFO - Running <TaskInstance: yellow_taxi_data_v2.download_dataset_task scheduled__2019-02-02T06:00:00+00:00 [running]> on host 0a2e8243e3d8
[2022-09-20 15:11:44,167] {warnings.py:110} WARNING - /home/***/.local/lib/python3.7/site-packages/***/utils/context.py:152: AirflowContextDeprecationWarning: Accessing 'execution_date' from the template is deprecated and will be removed in a future version. Please use 'data_interval_start' or 'logical_date' instead.
  warnings.warn(_create_deprecation_warning(key, self._deprecation_replacements[key]))

[2022-09-20 15:11:44,196] {taskinstance.py:1426} INFO - Exporting the following env vars:
AIRFLOW_CTX_DAG_OWNER=***
AIRFLOW_CTX_DAG_ID=yellow_taxi_data_v2
AIRFLOW_CTX_TASK_ID=download_dataset_task
AIRFLOW_CTX_EXECUTION_DATE=2019-02-02T06:00:00+00:00
AIRFLOW_CTX_DAG_RUN_ID=scheduled__2019-02-02T06:00:00+00:00
[2022-09-20 15:11:44,197] {subprocess.py:62} INFO - Tmp dir root location: 
 /tmp
[2022-09-20 15:11:44,198] {subprocess.py:74} INFO - Running command: ['bash', '-c', 'curl -sSLf https://d37ci6vzurychx.cloudfront.net/trip-data/yellow_tripdata_2019-02.parquet > /opt/***/yellow_tripdata_2019-02.parquet']
[2022-09-20 15:11:44,217] {subprocess.py:85} INFO - Output:
[2022-09-20 15:11:54,219] {subprocess.py:93} INFO - Command exited with return code 0
[2022-09-20 15:11:54,255] {taskinstance.py:1277} INFO - Marking task as SUCCESS. dag_id=yellow_taxi_data_v2, task_id=download_dataset_task, execution_date=20190202T060000, start_date=20220920T151143, end_date=20220920T151154
[2022-09-20 15:11:54,301] {local_task_job.py:154} INFO - Task exited with return code 0
[2022-09-20 15:11:54,345] {local_task_job.py:264} INFO - 1 downstream tasks scheduled from follow-on schedule check
[2022-09-20 15:31:35,603] {taskinstance.py:1032} INFO - Dependencies all met for <TaskInstance: yellow_taxi_data_v2.download_dataset_task scheduled__2019-02-02T06:00:00+00:00 [queued]>
[2022-09-20 15:31:35,644] {taskinstance.py:1032} INFO - Dependencies all met for <TaskInstance: yellow_taxi_data_v2.download_dataset_task scheduled__2019-02-02T06:00:00+00:00 [queued]>
[2022-09-20 15:31:35,644] {taskinstance.py:1238} INFO - 
--------------------------------------------------------------------------------
[2022-09-20 15:31:35,646] {taskinstance.py:1239} INFO - Starting attempt 1 of 2
[2022-09-20 15:31:35,647] {taskinstance.py:1240} INFO - 
--------------------------------------------------------------------------------
[2022-09-20 15:31:35,705] {taskinstance.py:1259} INFO - Executing <Task(BashOperator): download_dataset_task> on 2019-02-02 06:00:00+00:00
[2022-09-20 15:31:35,719] {standard_task_runner.py:52} INFO - Started process 218 to run task
[2022-09-20 15:31:35,744] {standard_task_runner.py:76} INFO - Running: ['***', 'tasks', 'run', 'yellow_taxi_data_v2', 'download_dataset_task', 'scheduled__2019-02-02T06:00:00+00:00', '--job-id', '21', '--raw', '--subdir', 'DAGS_FOLDER/data_ingestion_gcs_dag.py', '--cfg-path', '/tmp/tmpo8xbwr4z', '--error-file', '/tmp/tmp6gci042m']
[2022-09-20 15:31:35,751] {standard_task_runner.py:77} INFO - Job 21: Subtask download_dataset_task
[2022-09-20 15:31:35,902] {logging_mixin.py:109} INFO - Running <TaskInstance: yellow_taxi_data_v2.download_dataset_task scheduled__2019-02-02T06:00:00+00:00 [running]> on host 788dccad41b9
[2022-09-20 15:31:36,007] {warnings.py:110} WARNING - /home/***/.local/lib/python3.7/site-packages/***/utils/context.py:152: AirflowContextDeprecationWarning: Accessing 'execution_date' from the template is deprecated and will be removed in a future version. Please use 'data_interval_start' or 'logical_date' instead.
  warnings.warn(_create_deprecation_warning(key, self._deprecation_replacements[key]))

[2022-09-20 15:31:36,069] {taskinstance.py:1426} INFO - Exporting the following env vars:
AIRFLOW_CTX_DAG_OWNER=***
AIRFLOW_CTX_DAG_ID=yellow_taxi_data_v2
AIRFLOW_CTX_TASK_ID=download_dataset_task
AIRFLOW_CTX_EXECUTION_DATE=2019-02-02T06:00:00+00:00
AIRFLOW_CTX_DAG_RUN_ID=scheduled__2019-02-02T06:00:00+00:00
[2022-09-20 15:31:36,071] {subprocess.py:62} INFO - Tmp dir root location: 
 /tmp
[2022-09-20 15:31:36,072] {subprocess.py:74} INFO - Running command: ['bash', '-c', 'curl -sSLf https://d37ci6vzurychx.cloudfront.net/trip-data/yellow_tripdata_2019-02.parquet > /opt/***/yellow_tripdata_2019-02.parquet']
[2022-09-20 15:31:36,150] {subprocess.py:85} INFO - Output:
[2022-09-20 15:31:44,542] {subprocess.py:93} INFO - Command exited with return code 0
[2022-09-20 15:31:44,645] {taskinstance.py:1277} INFO - Marking task as SUCCESS. dag_id=yellow_taxi_data_v2, task_id=download_dataset_task, execution_date=20190202T060000, start_date=20220920T153135, end_date=20220920T153144
[2022-09-20 15:31:44,761] {local_task_job.py:154} INFO - Task exited with return code 0
[2022-09-20 15:31:45,007] {local_task_job.py:264} INFO - 1 downstream tasks scheduled from follow-on schedule check
