[2022-09-17 07:13:15,589] {taskinstance.py:1032} INFO - Dependencies all met for <TaskInstance: green_taxi_data_v2.rm_task scheduled__2019-05-02T06:00:00+00:00 [queued]>
[2022-09-17 07:13:15,600] {taskinstance.py:1032} INFO - Dependencies all met for <TaskInstance: green_taxi_data_v2.rm_task scheduled__2019-05-02T06:00:00+00:00 [queued]>
[2022-09-17 07:13:15,600] {taskinstance.py:1238} INFO - 
--------------------------------------------------------------------------------
[2022-09-17 07:13:15,600] {taskinstance.py:1239} INFO - Starting attempt 1 of 2
[2022-09-17 07:13:15,600] {taskinstance.py:1240} INFO - 
--------------------------------------------------------------------------------
[2022-09-17 07:13:15,612] {taskinstance.py:1259} INFO - Executing <Task(BashOperator): rm_task> on 2019-05-02 06:00:00+00:00
[2022-09-17 07:13:15,619] {standard_task_runner.py:52} INFO - Started process 299 to run task
[2022-09-17 07:13:15,623] {standard_task_runner.py:76} INFO - Running: ['***', 'tasks', 'run', 'green_taxi_data_v2', 'rm_task', 'scheduled__2019-05-02T06:00:00+00:00', '--job-id', '131', '--raw', '--subdir', 'DAGS_FOLDER/data_ingestion_gcs_dag.py', '--cfg-path', '/tmp/tmpri0920xa', '--error-file', '/tmp/tmprhsdzg9c']
[2022-09-17 07:13:15,625] {standard_task_runner.py:77} INFO - Job 131: Subtask rm_task
[2022-09-17 07:13:15,689] {logging_mixin.py:109} INFO - Running <TaskInstance: green_taxi_data_v2.rm_task scheduled__2019-05-02T06:00:00+00:00 [running]> on host ea53df3427ed
[2022-09-17 07:13:15,732] {warnings.py:110} WARNING - /home/***/.local/lib/python3.7/site-packages/***/utils/context.py:152: AirflowContextDeprecationWarning: Accessing 'execution_date' from the template is deprecated and will be removed in a future version. Please use 'data_interval_start' or 'logical_date' instead.
  warnings.warn(_create_deprecation_warning(key, self._deprecation_replacements[key]))

[2022-09-17 07:13:15,753] {taskinstance.py:1426} INFO - Exporting the following env vars:
AIRFLOW_CTX_DAG_OWNER=***
AIRFLOW_CTX_DAG_ID=green_taxi_data_v2
AIRFLOW_CTX_TASK_ID=rm_task
AIRFLOW_CTX_EXECUTION_DATE=2019-05-02T06:00:00+00:00
AIRFLOW_CTX_DAG_RUN_ID=scheduled__2019-05-02T06:00:00+00:00
[2022-09-17 07:13:15,754] {subprocess.py:62} INFO - Tmp dir root location: 
 /tmp
[2022-09-17 07:13:15,755] {subprocess.py:74} INFO - Running command: ['bash', '-c', 'rm /opt/***/green_tripdata_2019-05.parquet']
[2022-09-17 07:13:15,767] {subprocess.py:85} INFO - Output:
[2022-09-17 07:13:15,773] {subprocess.py:93} INFO - Command exited with return code 0
[2022-09-17 07:13:15,801] {taskinstance.py:1277} INFO - Marking task as SUCCESS. dag_id=green_taxi_data_v2, task_id=rm_task, execution_date=20190502T060000, start_date=20220917T071315, end_date=20220917T071315
[2022-09-17 07:13:15,836] {local_task_job.py:154} INFO - Task exited with return code 0
[2022-09-17 07:13:15,870] {local_task_job.py:264} INFO - 0 downstream tasks scheduled from follow-on schedule check
