[2022-09-17 07:14:02,097] {taskinstance.py:1032} INFO - Dependencies all met for <TaskInstance: green_taxi_data_v2.local_to_gcs_task scheduled__2019-12-02T06:00:00+00:00 [queued]>
[2022-09-17 07:14:02,114] {taskinstance.py:1032} INFO - Dependencies all met for <TaskInstance: green_taxi_data_v2.local_to_gcs_task scheduled__2019-12-02T06:00:00+00:00 [queued]>
[2022-09-17 07:14:02,114] {taskinstance.py:1238} INFO - 
--------------------------------------------------------------------------------
[2022-09-17 07:14:02,114] {taskinstance.py:1239} INFO - Starting attempt 1 of 2
[2022-09-17 07:14:02,114] {taskinstance.py:1240} INFO - 
--------------------------------------------------------------------------------
[2022-09-17 07:14:02,134] {taskinstance.py:1259} INFO - Executing <Task(PythonOperator): local_to_gcs_task> on 2019-12-02 06:00:00+00:00
[2022-09-17 07:14:02,141] {standard_task_runner.py:52} INFO - Started process 437 to run task
[2022-09-17 07:14:02,153] {standard_task_runner.py:76} INFO - Running: ['***', 'tasks', 'run', 'green_taxi_data_v2', 'local_to_gcs_task', 'scheduled__2019-12-02T06:00:00+00:00', '--job-id', '153', '--raw', '--subdir', 'DAGS_FOLDER/data_ingestion_gcs_dag.py', '--cfg-path', '/tmp/tmp5ddveixu', '--error-file', '/tmp/tmp3gjb6ktr']
[2022-09-17 07:14:02,154] {standard_task_runner.py:77} INFO - Job 153: Subtask local_to_gcs_task
[2022-09-17 07:14:02,245] {logging_mixin.py:109} INFO - Running <TaskInstance: green_taxi_data_v2.local_to_gcs_task scheduled__2019-12-02T06:00:00+00:00 [running]> on host ea53df3427ed
[2022-09-17 07:14:02,307] {warnings.py:110} WARNING - /home/***/.local/lib/python3.7/site-packages/***/utils/context.py:152: AirflowContextDeprecationWarning: Accessing 'execution_date' from the template is deprecated and will be removed in a future version. Please use 'data_interval_start' or 'logical_date' instead.
  warnings.warn(_create_deprecation_warning(key, self._deprecation_replacements[key]))

[2022-09-17 07:14:02,340] {taskinstance.py:1426} INFO - Exporting the following env vars:
AIRFLOW_CTX_DAG_OWNER=***
AIRFLOW_CTX_DAG_ID=green_taxi_data_v2
AIRFLOW_CTX_TASK_ID=local_to_gcs_task
AIRFLOW_CTX_EXECUTION_DATE=2019-12-02T06:00:00+00:00
AIRFLOW_CTX_DAG_RUN_ID=scheduled__2019-12-02T06:00:00+00:00
[2022-09-17 07:14:03,648] {python.py:175} INFO - Done. Returned value was: None
[2022-09-17 07:14:03,703] {taskinstance.py:1277} INFO - Marking task as SUCCESS. dag_id=green_taxi_data_v2, task_id=local_to_gcs_task, execution_date=20191202T060000, start_date=20220917T071402, end_date=20220917T071403
[2022-09-17 07:14:03,736] {local_task_job.py:154} INFO - Task exited with return code 0
[2022-09-17 07:14:03,775] {local_task_job.py:264} INFO - 1 downstream tasks scheduled from follow-on schedule check
