[2022-09-17 06:52:25,590] {taskinstance.py:1032} INFO - Dependencies all met for <TaskInstance: fhv_data_v2.rm_task scheduled__2019-07-02T06:00:00+00:00 [queued]>
[2022-09-17 06:52:25,601] {taskinstance.py:1032} INFO - Dependencies all met for <TaskInstance: fhv_data_v2.rm_task scheduled__2019-07-02T06:00:00+00:00 [queued]>
[2022-09-17 06:52:25,602] {taskinstance.py:1238} INFO - 
--------------------------------------------------------------------------------
[2022-09-17 06:52:25,602] {taskinstance.py:1239} INFO - Starting attempt 1 of 2
[2022-09-17 06:52:25,602] {taskinstance.py:1240} INFO - 
--------------------------------------------------------------------------------
[2022-09-17 06:52:25,617] {taskinstance.py:1259} INFO - Executing <Task(BashOperator): rm_task> on 2019-07-02 06:00:00+00:00
[2022-09-17 06:52:25,625] {standard_task_runner.py:52} INFO - Started process 7438 to run task
[2022-09-17 06:52:25,629] {standard_task_runner.py:76} INFO - Running: ['***', 'tasks', 'run', 'fhv_data_v2', 'rm_task', 'scheduled__2019-07-02T06:00:00+00:00', '--job-id', '99', '--raw', '--subdir', 'DAGS_FOLDER/data_ingestion_gcs_dag.py', '--cfg-path', '/tmp/tmpx3i1i_hw', '--error-file', '/tmp/tmp_ya7zsgo']
[2022-09-17 06:52:25,631] {standard_task_runner.py:77} INFO - Job 99: Subtask rm_task
[2022-09-17 06:52:25,711] {logging_mixin.py:109} INFO - Running <TaskInstance: fhv_data_v2.rm_task scheduled__2019-07-02T06:00:00+00:00 [running]> on host 10d063af5ba7
[2022-09-17 06:52:25,765] {warnings.py:110} WARNING - /home/***/.local/lib/python3.7/site-packages/***/utils/context.py:152: AirflowContextDeprecationWarning: Accessing 'execution_date' from the template is deprecated and will be removed in a future version. Please use 'data_interval_start' or 'logical_date' instead.
  warnings.warn(_create_deprecation_warning(key, self._deprecation_replacements[key]))

[2022-09-17 06:52:25,793] {taskinstance.py:1426} INFO - Exporting the following env vars:
AIRFLOW_CTX_DAG_OWNER=***
AIRFLOW_CTX_DAG_ID=fhv_data_v2
AIRFLOW_CTX_TASK_ID=rm_task
AIRFLOW_CTX_EXECUTION_DATE=2019-07-02T06:00:00+00:00
AIRFLOW_CTX_DAG_RUN_ID=scheduled__2019-07-02T06:00:00+00:00
[2022-09-17 06:52:25,793] {subprocess.py:62} INFO - Tmp dir root location: 
 /tmp
[2022-09-17 06:52:25,794] {subprocess.py:74} INFO - Running command: ['bash', '-c', 'rm /opt/***/fhv_tripdata_2019-07.parquet']
[2022-09-17 06:52:25,807] {subprocess.py:85} INFO - Output:
[2022-09-17 06:52:25,815] {subprocess.py:93} INFO - Command exited with return code 0
[2022-09-17 06:52:25,843] {taskinstance.py:1277} INFO - Marking task as SUCCESS. dag_id=fhv_data_v2, task_id=rm_task, execution_date=20190702T060000, start_date=20220917T065225, end_date=20220917T065225
[2022-09-17 06:52:25,882] {local_task_job.py:154} INFO - Task exited with return code 0
[2022-09-17 06:52:25,958] {local_task_job.py:264} INFO - 0 downstream tasks scheduled from follow-on schedule check
[2022-09-20 15:31:52,994] {taskinstance.py:1032} INFO - Dependencies all met for <TaskInstance: fhv_data_v2.rm_task scheduled__2019-07-02T06:00:00+00:00 [queued]>
[2022-09-20 15:31:53,041] {taskinstance.py:1032} INFO - Dependencies all met for <TaskInstance: fhv_data_v2.rm_task scheduled__2019-07-02T06:00:00+00:00 [queued]>
[2022-09-20 15:31:53,042] {taskinstance.py:1238} INFO - 
--------------------------------------------------------------------------------
[2022-09-20 15:31:53,046] {taskinstance.py:1239} INFO - Starting attempt 1 of 2
[2022-09-20 15:31:53,047] {taskinstance.py:1240} INFO - 
--------------------------------------------------------------------------------
[2022-09-20 15:31:53,098] {taskinstance.py:1259} INFO - Executing <Task(BashOperator): rm_task> on 2019-07-02 06:00:00+00:00
[2022-09-20 15:31:53,124] {standard_task_runner.py:52} INFO - Started process 309 to run task
[2022-09-20 15:31:53,143] {standard_task_runner.py:76} INFO - Running: ['***', 'tasks', 'run', 'fhv_data_v2', 'rm_task', 'scheduled__2019-07-02T06:00:00+00:00', '--job-id', '41', '--raw', '--subdir', 'DAGS_FOLDER/data_ingestion_gcs_dag.py', '--cfg-path', '/tmp/tmptu2siwgj', '--error-file', '/tmp/tmp1uf0siw4']
[2022-09-20 15:31:53,153] {standard_task_runner.py:77} INFO - Job 41: Subtask rm_task
[2022-09-20 15:31:53,317] {logging_mixin.py:109} INFO - Running <TaskInstance: fhv_data_v2.rm_task scheduled__2019-07-02T06:00:00+00:00 [running]> on host 788dccad41b9
[2022-09-20 15:31:53,443] {warnings.py:110} WARNING - /home/***/.local/lib/python3.7/site-packages/***/utils/context.py:152: AirflowContextDeprecationWarning: Accessing 'execution_date' from the template is deprecated and will be removed in a future version. Please use 'data_interval_start' or 'logical_date' instead.
  warnings.warn(_create_deprecation_warning(key, self._deprecation_replacements[key]))

[2022-09-20 15:31:53,488] {taskinstance.py:1426} INFO - Exporting the following env vars:
AIRFLOW_CTX_DAG_OWNER=***
AIRFLOW_CTX_DAG_ID=fhv_data_v2
AIRFLOW_CTX_TASK_ID=rm_task
AIRFLOW_CTX_EXECUTION_DATE=2019-07-02T06:00:00+00:00
AIRFLOW_CTX_DAG_RUN_ID=scheduled__2019-07-02T06:00:00+00:00
[2022-09-20 15:31:53,489] {subprocess.py:62} INFO - Tmp dir root location: 
 /tmp
[2022-09-20 15:31:53,490] {subprocess.py:74} INFO - Running command: ['bash', '-c', 'rm /opt/***/fhv_tripdata_2019-07.parquet']
[2022-09-20 15:31:53,527] {subprocess.py:85} INFO - Output:
[2022-09-20 15:31:53,592] {subprocess.py:93} INFO - Command exited with return code 0
[2022-09-20 15:31:53,648] {taskinstance.py:1277} INFO - Marking task as SUCCESS. dag_id=fhv_data_v2, task_id=rm_task, execution_date=20190702T060000, start_date=20220920T153152, end_date=20220920T153153
[2022-09-20 15:31:53,698] {local_task_job.py:154} INFO - Task exited with return code 0
[2022-09-20 15:31:53,780] {local_task_job.py:264} INFO - 0 downstream tasks scheduled from follow-on schedule check
