[2022-09-17 05:50:23,875] {taskinstance.py:1032} INFO - Dependencies all met for <TaskInstance: yellow_taxi_data_v2.download_dataset_task scheduled__2019-01-02T06:00:00+00:00 [queued]>
[2022-09-17 05:50:23,895] {taskinstance.py:1032} INFO - Dependencies all met for <TaskInstance: yellow_taxi_data_v2.download_dataset_task scheduled__2019-01-02T06:00:00+00:00 [queued]>
[2022-09-17 05:50:23,895] {taskinstance.py:1238} INFO - 
--------------------------------------------------------------------------------
[2022-09-17 05:50:23,895] {taskinstance.py:1239} INFO - Starting attempt 1 of 2
[2022-09-17 05:50:23,895] {taskinstance.py:1240} INFO - 
--------------------------------------------------------------------------------
[2022-09-17 05:50:23,917] {taskinstance.py:1259} INFO - Executing <Task(BashOperator): download_dataset_task> on 2019-01-02 06:00:00+00:00
[2022-09-17 05:50:23,924] {standard_task_runner.py:52} INFO - Started process 4317 to run task
[2022-09-17 05:50:23,948] {standard_task_runner.py:76} INFO - Running: ['***', 'tasks', 'run', 'yellow_taxi_data_v2', 'download_dataset_task', 'scheduled__2019-01-02T06:00:00+00:00', '--job-id', '5', '--raw', '--subdir', 'DAGS_FOLDER/data_ingestion_gcs_dag.py', '--cfg-path', '/tmp/tmpudq8ybuq', '--error-file', '/tmp/tmp7o2rb648']
[2022-09-17 05:50:23,954] {standard_task_runner.py:77} INFO - Job 5: Subtask download_dataset_task
[2022-09-17 05:50:24,029] {logging_mixin.py:109} INFO - Running <TaskInstance: yellow_taxi_data_v2.download_dataset_task scheduled__2019-01-02T06:00:00+00:00 [running]> on host 10d063af5ba7
[2022-09-17 05:50:24,082] {warnings.py:110} WARNING - /home/***/.local/lib/python3.7/site-packages/***/utils/context.py:152: AirflowContextDeprecationWarning: Accessing 'execution_date' from the template is deprecated and will be removed in a future version. Please use 'data_interval_start' or 'logical_date' instead.
  warnings.warn(_create_deprecation_warning(key, self._deprecation_replacements[key]))

[2022-09-17 05:50:24,110] {taskinstance.py:1426} INFO - Exporting the following env vars:
AIRFLOW_CTX_DAG_OWNER=***
AIRFLOW_CTX_DAG_ID=yellow_taxi_data_v2
AIRFLOW_CTX_TASK_ID=download_dataset_task
AIRFLOW_CTX_EXECUTION_DATE=2019-01-02T06:00:00+00:00
AIRFLOW_CTX_DAG_RUN_ID=scheduled__2019-01-02T06:00:00+00:00
[2022-09-17 05:50:24,111] {subprocess.py:62} INFO - Tmp dir root location: 
 /tmp
[2022-09-17 05:50:24,112] {subprocess.py:74} INFO - Running command: ['bash', '-c', 'curl -sSLf https://d37ci6vzurychx.cloudfront.net/trip-data/yellow_tripdata_2019-01.parquet > /opt/***/yellow_tripdata_2019-01.parquet']
[2022-09-17 05:50:24,126] {subprocess.py:85} INFO - Output:
[2022-09-17 05:50:32,389] {subprocess.py:93} INFO - Command exited with return code 0
[2022-09-17 05:50:32,429] {taskinstance.py:1277} INFO - Marking task as SUCCESS. dag_id=yellow_taxi_data_v2, task_id=download_dataset_task, execution_date=20190102T060000, start_date=20220917T055023, end_date=20220917T055032
[2022-09-17 05:50:32,468] {local_task_job.py:154} INFO - Task exited with return code 0
[2022-09-17 05:50:32,534] {local_task_job.py:264} INFO - 1 downstream tasks scheduled from follow-on schedule check
[2022-09-20 15:11:43,554] {taskinstance.py:1032} INFO - Dependencies all met for <TaskInstance: yellow_taxi_data_v2.download_dataset_task scheduled__2019-01-02T06:00:00+00:00 [queued]>
[2022-09-20 15:11:43,586] {taskinstance.py:1032} INFO - Dependencies all met for <TaskInstance: yellow_taxi_data_v2.download_dataset_task scheduled__2019-01-02T06:00:00+00:00 [queued]>
[2022-09-20 15:11:43,586] {taskinstance.py:1238} INFO - 
--------------------------------------------------------------------------------
[2022-09-20 15:11:43,586] {taskinstance.py:1239} INFO - Starting attempt 1 of 2
[2022-09-20 15:11:43,586] {taskinstance.py:1240} INFO - 
--------------------------------------------------------------------------------
[2022-09-20 15:11:43,607] {taskinstance.py:1259} INFO - Executing <Task(BashOperator): download_dataset_task> on 2019-01-02 06:00:00+00:00
[2022-09-20 15:11:43,616] {standard_task_runner.py:52} INFO - Started process 105 to run task
[2022-09-20 15:11:43,636] {standard_task_runner.py:76} INFO - Running: ['***', 'tasks', 'run', 'yellow_taxi_data_v2', 'download_dataset_task', 'scheduled__2019-01-02T06:00:00+00:00', '--job-id', '31', '--raw', '--subdir', 'DAGS_FOLDER/data_ingestion_gcs_dag.py', '--cfg-path', '/tmp/tmpy5vdgts1', '--error-file', '/tmp/tmpkzbqv14c']
[2022-09-20 15:11:43,641] {standard_task_runner.py:77} INFO - Job 31: Subtask download_dataset_task
[2022-09-20 15:11:43,752] {logging_mixin.py:109} INFO - Running <TaskInstance: yellow_taxi_data_v2.download_dataset_task scheduled__2019-01-02T06:00:00+00:00 [running]> on host 0a2e8243e3d8
[2022-09-20 15:11:43,857] {warnings.py:110} WARNING - /home/***/.local/lib/python3.7/site-packages/***/utils/context.py:152: AirflowContextDeprecationWarning: Accessing 'execution_date' from the template is deprecated and will be removed in a future version. Please use 'data_interval_start' or 'logical_date' instead.
  warnings.warn(_create_deprecation_warning(key, self._deprecation_replacements[key]))

[2022-09-20 15:11:43,926] {taskinstance.py:1426} INFO - Exporting the following env vars:
AIRFLOW_CTX_DAG_OWNER=***
AIRFLOW_CTX_DAG_ID=yellow_taxi_data_v2
AIRFLOW_CTX_TASK_ID=download_dataset_task
AIRFLOW_CTX_EXECUTION_DATE=2019-01-02T06:00:00+00:00
AIRFLOW_CTX_DAG_RUN_ID=scheduled__2019-01-02T06:00:00+00:00
[2022-09-20 15:11:43,927] {subprocess.py:62} INFO - Tmp dir root location: 
 /tmp
[2022-09-20 15:11:43,928] {subprocess.py:74} INFO - Running command: ['bash', '-c', 'curl -sSLf https://d37ci6vzurychx.cloudfront.net/trip-data/yellow_tripdata_2019-01.parquet > /opt/***/yellow_tripdata_2019-01.parquet']
[2022-09-20 15:11:43,946] {subprocess.py:85} INFO - Output:
[2022-09-20 15:11:54,392] {subprocess.py:93} INFO - Command exited with return code 0
[2022-09-20 15:11:54,430] {taskinstance.py:1277} INFO - Marking task as SUCCESS. dag_id=yellow_taxi_data_v2, task_id=download_dataset_task, execution_date=20190102T060000, start_date=20220920T151143, end_date=20220920T151154
[2022-09-20 15:11:54,464] {local_task_job.py:154} INFO - Task exited with return code 0
[2022-09-20 15:11:54,505] {local_task_job.py:264} INFO - 1 downstream tasks scheduled from follow-on schedule check
[2022-09-20 15:31:34,027] {taskinstance.py:1032} INFO - Dependencies all met for <TaskInstance: yellow_taxi_data_v2.download_dataset_task scheduled__2019-01-02T06:00:00+00:00 [queued]>
[2022-09-20 15:31:34,051] {taskinstance.py:1032} INFO - Dependencies all met for <TaskInstance: yellow_taxi_data_v2.download_dataset_task scheduled__2019-01-02T06:00:00+00:00 [queued]>
[2022-09-20 15:31:34,052] {taskinstance.py:1238} INFO - 
--------------------------------------------------------------------------------
[2022-09-20 15:31:34,052] {taskinstance.py:1239} INFO - Starting attempt 1 of 2
[2022-09-20 15:31:34,053] {taskinstance.py:1240} INFO - 
--------------------------------------------------------------------------------
[2022-09-20 15:31:34,122] {taskinstance.py:1259} INFO - Executing <Task(BashOperator): download_dataset_task> on 2019-01-02 06:00:00+00:00
[2022-09-20 15:31:34,130] {standard_task_runner.py:52} INFO - Started process 209 to run task
[2022-09-20 15:31:34,144] {standard_task_runner.py:76} INFO - Running: ['***', 'tasks', 'run', 'yellow_taxi_data_v2', 'download_dataset_task', 'scheduled__2019-01-02T06:00:00+00:00', '--job-id', '19', '--raw', '--subdir', 'DAGS_FOLDER/data_ingestion_gcs_dag.py', '--cfg-path', '/tmp/tmp7zize9ff', '--error-file', '/tmp/tmpbad_gcx0']
[2022-09-20 15:31:34,146] {standard_task_runner.py:77} INFO - Job 19: Subtask download_dataset_task
[2022-09-20 15:31:34,344] {logging_mixin.py:109} INFO - Running <TaskInstance: yellow_taxi_data_v2.download_dataset_task scheduled__2019-01-02T06:00:00+00:00 [running]> on host 788dccad41b9
[2022-09-20 15:31:34,439] {warnings.py:110} WARNING - /home/***/.local/lib/python3.7/site-packages/***/utils/context.py:152: AirflowContextDeprecationWarning: Accessing 'execution_date' from the template is deprecated and will be removed in a future version. Please use 'data_interval_start' or 'logical_date' instead.
  warnings.warn(_create_deprecation_warning(key, self._deprecation_replacements[key]))

[2022-09-20 15:31:34,522] {taskinstance.py:1426} INFO - Exporting the following env vars:
AIRFLOW_CTX_DAG_OWNER=***
AIRFLOW_CTX_DAG_ID=yellow_taxi_data_v2
AIRFLOW_CTX_TASK_ID=download_dataset_task
AIRFLOW_CTX_EXECUTION_DATE=2019-01-02T06:00:00+00:00
AIRFLOW_CTX_DAG_RUN_ID=scheduled__2019-01-02T06:00:00+00:00
[2022-09-20 15:31:34,523] {subprocess.py:62} INFO - Tmp dir root location: 
 /tmp
[2022-09-20 15:31:34,524] {subprocess.py:74} INFO - Running command: ['bash', '-c', 'curl -sSLf https://d37ci6vzurychx.cloudfront.net/trip-data/yellow_tripdata_2019-01.parquet > /opt/***/yellow_tripdata_2019-01.parquet']
[2022-09-20 15:31:34,584] {subprocess.py:85} INFO - Output:
[2022-09-20 15:31:43,560] {subprocess.py:93} INFO - Command exited with return code 0
[2022-09-20 15:31:43,737] {taskinstance.py:1277} INFO - Marking task as SUCCESS. dag_id=yellow_taxi_data_v2, task_id=download_dataset_task, execution_date=20190102T060000, start_date=20220920T153134, end_date=20220920T153143
[2022-09-20 15:31:43,823] {local_task_job.py:154} INFO - Task exited with return code 0
[2022-09-20 15:31:43,930] {local_task_job.py:264} INFO - 1 downstream tasks scheduled from follow-on schedule check
