[2022-09-17 06:52:29,306] {taskinstance.py:1032} INFO - Dependencies all met for <TaskInstance: fhv_data_v2.download_dataset_task scheduled__2019-10-02T06:00:00+00:00 [queued]>
[2022-09-17 06:52:29,322] {taskinstance.py:1032} INFO - Dependencies all met for <TaskInstance: fhv_data_v2.download_dataset_task scheduled__2019-10-02T06:00:00+00:00 [queued]>
[2022-09-17 06:52:29,322] {taskinstance.py:1238} INFO - 
--------------------------------------------------------------------------------
[2022-09-17 06:52:29,322] {taskinstance.py:1239} INFO - Starting attempt 1 of 2
[2022-09-17 06:52:29,322] {taskinstance.py:1240} INFO - 
--------------------------------------------------------------------------------
[2022-09-17 06:52:29,343] {taskinstance.py:1259} INFO - Executing <Task(BashOperator): download_dataset_task> on 2019-10-02 06:00:00+00:00
[2022-09-17 06:52:29,350] {standard_task_runner.py:52} INFO - Started process 7455 to run task
[2022-09-17 06:52:29,356] {standard_task_runner.py:76} INFO - Running: ['***', 'tasks', 'run', 'fhv_data_v2', 'download_dataset_task', 'scheduled__2019-10-02T06:00:00+00:00', '--job-id', '102', '--raw', '--subdir', 'DAGS_FOLDER/data_ingestion_gcs_dag.py', '--cfg-path', '/tmp/tmp0tyxev43', '--error-file', '/tmp/tmpkek3182l']
[2022-09-17 06:52:29,357] {standard_task_runner.py:77} INFO - Job 102: Subtask download_dataset_task
[2022-09-17 06:52:29,447] {logging_mixin.py:109} INFO - Running <TaskInstance: fhv_data_v2.download_dataset_task scheduled__2019-10-02T06:00:00+00:00 [running]> on host 10d063af5ba7
[2022-09-17 06:52:29,506] {warnings.py:110} WARNING - /home/***/.local/lib/python3.7/site-packages/***/utils/context.py:152: AirflowContextDeprecationWarning: Accessing 'execution_date' from the template is deprecated and will be removed in a future version. Please use 'data_interval_start' or 'logical_date' instead.
  warnings.warn(_create_deprecation_warning(key, self._deprecation_replacements[key]))

[2022-09-17 06:52:29,534] {taskinstance.py:1426} INFO - Exporting the following env vars:
AIRFLOW_CTX_DAG_OWNER=***
AIRFLOW_CTX_DAG_ID=fhv_data_v2
AIRFLOW_CTX_TASK_ID=download_dataset_task
AIRFLOW_CTX_EXECUTION_DATE=2019-10-02T06:00:00+00:00
AIRFLOW_CTX_DAG_RUN_ID=scheduled__2019-10-02T06:00:00+00:00
[2022-09-17 06:52:29,535] {subprocess.py:62} INFO - Tmp dir root location: 
 /tmp
[2022-09-17 06:52:29,536] {subprocess.py:74} INFO - Running command: ['bash', '-c', 'curl -sSLf https://d37ci6vzurychx.cloudfront.net/trip-data/fhv_tripdata_2019-10.parquet > /opt/***/fhv_tripdata_2019-10.parquet']
[2022-09-17 06:52:29,551] {subprocess.py:85} INFO - Output:
[2022-09-17 06:52:32,370] {subprocess.py:93} INFO - Command exited with return code 0
[2022-09-17 06:52:32,445] {taskinstance.py:1277} INFO - Marking task as SUCCESS. dag_id=fhv_data_v2, task_id=download_dataset_task, execution_date=20191002T060000, start_date=20220917T065229, end_date=20220917T065232
[2022-09-17 06:52:32,505] {local_task_job.py:154} INFO - Task exited with return code 0
[2022-09-17 06:52:32,566] {local_task_job.py:264} INFO - 1 downstream tasks scheduled from follow-on schedule check
[2022-09-20 15:31:57,930] {taskinstance.py:1032} INFO - Dependencies all met for <TaskInstance: fhv_data_v2.download_dataset_task scheduled__2019-10-02T06:00:00+00:00 [queued]>
[2022-09-20 15:31:57,947] {taskinstance.py:1032} INFO - Dependencies all met for <TaskInstance: fhv_data_v2.download_dataset_task scheduled__2019-10-02T06:00:00+00:00 [queued]>
[2022-09-20 15:31:57,948] {taskinstance.py:1238} INFO - 
--------------------------------------------------------------------------------
[2022-09-20 15:31:57,948] {taskinstance.py:1239} INFO - Starting attempt 1 of 2
[2022-09-20 15:31:57,948] {taskinstance.py:1240} INFO - 
--------------------------------------------------------------------------------
[2022-09-20 15:31:57,965] {taskinstance.py:1259} INFO - Executing <Task(BashOperator): download_dataset_task> on 2019-10-02 06:00:00+00:00
[2022-09-20 15:31:57,973] {standard_task_runner.py:52} INFO - Started process 335 to run task
[2022-09-20 15:31:57,981] {standard_task_runner.py:76} INFO - Running: ['***', 'tasks', 'run', 'fhv_data_v2', 'download_dataset_task', 'scheduled__2019-10-02T06:00:00+00:00', '--job-id', '48', '--raw', '--subdir', 'DAGS_FOLDER/data_ingestion_gcs_dag.py', '--cfg-path', '/tmp/tmp1k4ivnps', '--error-file', '/tmp/tmpw1zdfaxi']
[2022-09-20 15:31:57,985] {standard_task_runner.py:77} INFO - Job 48: Subtask download_dataset_task
[2022-09-20 15:31:58,112] {logging_mixin.py:109} INFO - Running <TaskInstance: fhv_data_v2.download_dataset_task scheduled__2019-10-02T06:00:00+00:00 [running]> on host 788dccad41b9
[2022-09-20 15:31:58,176] {warnings.py:110} WARNING - /home/***/.local/lib/python3.7/site-packages/***/utils/context.py:152: AirflowContextDeprecationWarning: Accessing 'execution_date' from the template is deprecated and will be removed in a future version. Please use 'data_interval_start' or 'logical_date' instead.
  warnings.warn(_create_deprecation_warning(key, self._deprecation_replacements[key]))

[2022-09-20 15:31:58,210] {taskinstance.py:1426} INFO - Exporting the following env vars:
AIRFLOW_CTX_DAG_OWNER=***
AIRFLOW_CTX_DAG_ID=fhv_data_v2
AIRFLOW_CTX_TASK_ID=download_dataset_task
AIRFLOW_CTX_EXECUTION_DATE=2019-10-02T06:00:00+00:00
AIRFLOW_CTX_DAG_RUN_ID=scheduled__2019-10-02T06:00:00+00:00
[2022-09-20 15:31:58,212] {subprocess.py:62} INFO - Tmp dir root location: 
 /tmp
[2022-09-20 15:31:58,213] {subprocess.py:74} INFO - Running command: ['bash', '-c', 'curl -sSLf https://d37ci6vzurychx.cloudfront.net/trip-data/fhv_tripdata_2019-10.parquet > /opt/***/fhv_tripdata_2019-10.parquet']
[2022-09-20 15:31:58,232] {subprocess.py:85} INFO - Output:
