[2022-09-17 05:50:40,314] {taskinstance.py:1032} INFO - Dependencies all met for <TaskInstance: yellow_taxi_data_v2.rm_task scheduled__2019-02-02T06:00:00+00:00 [queued]>
[2022-09-17 05:50:40,326] {taskinstance.py:1032} INFO - Dependencies all met for <TaskInstance: yellow_taxi_data_v2.rm_task scheduled__2019-02-02T06:00:00+00:00 [queued]>
[2022-09-17 05:50:40,326] {taskinstance.py:1238} INFO - 
--------------------------------------------------------------------------------
[2022-09-17 05:50:40,326] {taskinstance.py:1239} INFO - Starting attempt 1 of 2
[2022-09-17 05:50:40,326] {taskinstance.py:1240} INFO - 
--------------------------------------------------------------------------------
[2022-09-17 05:50:40,338] {taskinstance.py:1259} INFO - Executing <Task(BashOperator): rm_task> on 2019-02-02 06:00:00+00:00
[2022-09-17 05:50:40,344] {standard_task_runner.py:52} INFO - Started process 4351 to run task
[2022-09-17 05:50:40,350] {standard_task_runner.py:76} INFO - Running: ['***', 'tasks', 'run', 'yellow_taxi_data_v2', 'rm_task', 'scheduled__2019-02-02T06:00:00+00:00', '--job-id', '11', '--raw', '--subdir', 'DAGS_FOLDER/data_ingestion_gcs_dag.py', '--cfg-path', '/tmp/tmpv72k3m9g', '--error-file', '/tmp/tmps0rpmy6m']
[2022-09-17 05:50:40,351] {standard_task_runner.py:77} INFO - Job 11: Subtask rm_task
[2022-09-17 05:50:40,415] {logging_mixin.py:109} INFO - Running <TaskInstance: yellow_taxi_data_v2.rm_task scheduled__2019-02-02T06:00:00+00:00 [running]> on host 10d063af5ba7
[2022-09-17 05:50:40,458] {warnings.py:110} WARNING - /home/***/.local/lib/python3.7/site-packages/***/utils/context.py:152: AirflowContextDeprecationWarning: Accessing 'execution_date' from the template is deprecated and will be removed in a future version. Please use 'data_interval_start' or 'logical_date' instead.
  warnings.warn(_create_deprecation_warning(key, self._deprecation_replacements[key]))

[2022-09-17 05:50:40,480] {taskinstance.py:1426} INFO - Exporting the following env vars:
AIRFLOW_CTX_DAG_OWNER=***
AIRFLOW_CTX_DAG_ID=yellow_taxi_data_v2
AIRFLOW_CTX_TASK_ID=rm_task
AIRFLOW_CTX_EXECUTION_DATE=2019-02-02T06:00:00+00:00
AIRFLOW_CTX_DAG_RUN_ID=scheduled__2019-02-02T06:00:00+00:00
[2022-09-17 05:50:40,481] {subprocess.py:62} INFO - Tmp dir root location: 
 /tmp
[2022-09-17 05:50:40,482] {subprocess.py:74} INFO - Running command: ['bash', '-c', 'rm /opt/***/yellow_tripdata_2019-02.parquet']
[2022-09-17 05:50:40,496] {subprocess.py:85} INFO - Output:
[2022-09-17 05:50:40,519] {subprocess.py:93} INFO - Command exited with return code 0
[2022-09-17 05:50:40,550] {taskinstance.py:1277} INFO - Marking task as SUCCESS. dag_id=yellow_taxi_data_v2, task_id=rm_task, execution_date=20190202T060000, start_date=20220917T055040, end_date=20220917T055040
[2022-09-17 05:50:40,602] {local_task_job.py:154} INFO - Task exited with return code 0
[2022-09-17 05:50:40,643] {local_task_job.py:264} INFO - 0 downstream tasks scheduled from follow-on schedule check
[2022-09-20 15:31:54,415] {taskinstance.py:1032} INFO - Dependencies all met for <TaskInstance: yellow_taxi_data_v2.rm_task scheduled__2019-02-02T06:00:00+00:00 [queued]>
[2022-09-20 15:31:54,432] {taskinstance.py:1032} INFO - Dependencies all met for <TaskInstance: yellow_taxi_data_v2.rm_task scheduled__2019-02-02T06:00:00+00:00 [queued]>
[2022-09-20 15:31:54,432] {taskinstance.py:1238} INFO - 
--------------------------------------------------------------------------------
[2022-09-20 15:31:54,432] {taskinstance.py:1239} INFO - Starting attempt 1 of 2
[2022-09-20 15:31:54,432] {taskinstance.py:1240} INFO - 
--------------------------------------------------------------------------------
[2022-09-20 15:31:54,453] {taskinstance.py:1259} INFO - Executing <Task(BashOperator): rm_task> on 2019-02-02 06:00:00+00:00
[2022-09-20 15:31:54,462] {standard_task_runner.py:52} INFO - Started process 314 to run task
[2022-09-20 15:31:54,468] {standard_task_runner.py:76} INFO - Running: ['***', 'tasks', 'run', 'yellow_taxi_data_v2', 'rm_task', 'scheduled__2019-02-02T06:00:00+00:00', '--job-id', '43', '--raw', '--subdir', 'DAGS_FOLDER/data_ingestion_gcs_dag.py', '--cfg-path', '/tmp/tmpt05tkbmx', '--error-file', '/tmp/tmpsr_rh87i']
[2022-09-20 15:31:54,469] {standard_task_runner.py:77} INFO - Job 43: Subtask rm_task
[2022-09-20 15:31:54,560] {logging_mixin.py:109} INFO - Running <TaskInstance: yellow_taxi_data_v2.rm_task scheduled__2019-02-02T06:00:00+00:00 [running]> on host 788dccad41b9
[2022-09-20 15:31:54,616] {warnings.py:110} WARNING - /home/***/.local/lib/python3.7/site-packages/***/utils/context.py:152: AirflowContextDeprecationWarning: Accessing 'execution_date' from the template is deprecated and will be removed in a future version. Please use 'data_interval_start' or 'logical_date' instead.
  warnings.warn(_create_deprecation_warning(key, self._deprecation_replacements[key]))

[2022-09-20 15:31:54,644] {taskinstance.py:1426} INFO - Exporting the following env vars:
AIRFLOW_CTX_DAG_OWNER=***
AIRFLOW_CTX_DAG_ID=yellow_taxi_data_v2
AIRFLOW_CTX_TASK_ID=rm_task
AIRFLOW_CTX_EXECUTION_DATE=2019-02-02T06:00:00+00:00
AIRFLOW_CTX_DAG_RUN_ID=scheduled__2019-02-02T06:00:00+00:00
[2022-09-20 15:31:54,645] {subprocess.py:62} INFO - Tmp dir root location: 
 /tmp
[2022-09-20 15:31:54,646] {subprocess.py:74} INFO - Running command: ['bash', '-c', 'rm /opt/***/yellow_tripdata_2019-02.parquet']
[2022-09-20 15:31:54,669] {subprocess.py:85} INFO - Output:
[2022-09-20 15:31:54,718] {subprocess.py:93} INFO - Command exited with return code 0
[2022-09-20 15:31:54,772] {taskinstance.py:1277} INFO - Marking task as SUCCESS. dag_id=yellow_taxi_data_v2, task_id=rm_task, execution_date=20190202T060000, start_date=20220920T153154, end_date=20220920T153154
[2022-09-20 15:31:54,805] {local_task_job.py:154} INFO - Task exited with return code 0
[2022-09-20 15:31:55,038] {local_task_job.py:264} INFO - 0 downstream tasks scheduled from follow-on schedule check
