[2022-09-17 06:51:50,461] {taskinstance.py:1032} INFO - Dependencies all met for <TaskInstance: fhv_data_v2.download_dataset_task scheduled__2019-03-02T06:00:00+00:00 [queued]>
[2022-09-17 06:51:50,473] {taskinstance.py:1032} INFO - Dependencies all met for <TaskInstance: fhv_data_v2.download_dataset_task scheduled__2019-03-02T06:00:00+00:00 [queued]>
[2022-09-17 06:51:50,473] {taskinstance.py:1238} INFO - 
--------------------------------------------------------------------------------
[2022-09-17 06:51:50,473] {taskinstance.py:1239} INFO - Starting attempt 1 of 2
[2022-09-17 06:51:50,473] {taskinstance.py:1240} INFO - 
--------------------------------------------------------------------------------
[2022-09-17 06:51:50,486] {taskinstance.py:1259} INFO - Executing <Task(BashOperator): download_dataset_task> on 2019-03-02 06:00:00+00:00
[2022-09-17 06:51:50,492] {standard_task_runner.py:52} INFO - Started process 7334 to run task
[2022-09-17 06:51:50,498] {standard_task_runner.py:76} INFO - Running: ['***', 'tasks', 'run', 'fhv_data_v2', 'download_dataset_task', 'scheduled__2019-03-02T06:00:00+00:00', '--job-id', '81', '--raw', '--subdir', 'DAGS_FOLDER/data_ingestion_gcs_dag.py', '--cfg-path', '/tmp/tmpr0x0z14u', '--error-file', '/tmp/tmpsua48s2v']
[2022-09-17 06:51:50,499] {standard_task_runner.py:77} INFO - Job 81: Subtask download_dataset_task
[2022-09-17 06:51:50,563] {logging_mixin.py:109} INFO - Running <TaskInstance: fhv_data_v2.download_dataset_task scheduled__2019-03-02T06:00:00+00:00 [running]> on host 10d063af5ba7
[2022-09-17 06:51:50,603] {warnings.py:110} WARNING - /home/***/.local/lib/python3.7/site-packages/***/utils/context.py:152: AirflowContextDeprecationWarning: Accessing 'execution_date' from the template is deprecated and will be removed in a future version. Please use 'data_interval_start' or 'logical_date' instead.
  warnings.warn(_create_deprecation_warning(key, self._deprecation_replacements[key]))

[2022-09-17 06:51:50,624] {taskinstance.py:1426} INFO - Exporting the following env vars:
AIRFLOW_CTX_DAG_OWNER=***
AIRFLOW_CTX_DAG_ID=fhv_data_v2
AIRFLOW_CTX_TASK_ID=download_dataset_task
AIRFLOW_CTX_EXECUTION_DATE=2019-03-02T06:00:00+00:00
AIRFLOW_CTX_DAG_RUN_ID=scheduled__2019-03-02T06:00:00+00:00
[2022-09-17 06:51:50,625] {subprocess.py:62} INFO - Tmp dir root location: 
 /tmp
[2022-09-17 06:51:50,626] {subprocess.py:74} INFO - Running command: ['bash', '-c', 'curl -sSLf https://d37ci6vzurychx.cloudfront.net/trip-data/fhv_tripdata_2019-03.parquet > /opt/***/fhv_tripdata_2019-03.parquet']
[2022-09-17 06:51:50,642] {subprocess.py:85} INFO - Output:
[2022-09-17 06:51:53,626] {subprocess.py:93} INFO - Command exited with return code 0
[2022-09-17 06:51:53,660] {taskinstance.py:1277} INFO - Marking task as SUCCESS. dag_id=fhv_data_v2, task_id=download_dataset_task, execution_date=20190302T060000, start_date=20220917T065150, end_date=20220917T065153
[2022-09-17 06:51:53,721] {local_task_job.py:154} INFO - Task exited with return code 0
[2022-09-17 06:51:53,779] {local_task_job.py:264} INFO - 1 downstream tasks scheduled from follow-on schedule check
[2022-09-20 15:00:56,721] {taskinstance.py:1032} INFO - Dependencies all met for <TaskInstance: fhv_data_v2.download_dataset_task scheduled__2019-03-02T06:00:00+00:00 [queued]>
[2022-09-20 15:00:56,737] {taskinstance.py:1032} INFO - Dependencies all met for <TaskInstance: fhv_data_v2.download_dataset_task scheduled__2019-03-02T06:00:00+00:00 [queued]>
[2022-09-20 15:00:56,737] {taskinstance.py:1238} INFO - 
--------------------------------------------------------------------------------
[2022-09-20 15:00:56,737] {taskinstance.py:1239} INFO - Starting attempt 1 of 2
[2022-09-20 15:00:56,738] {taskinstance.py:1240} INFO - 
--------------------------------------------------------------------------------
[2022-09-20 15:00:56,750] {taskinstance.py:1259} INFO - Executing <Task(BashOperator): download_dataset_task> on 2019-03-02 06:00:00+00:00
[2022-09-20 15:00:56,757] {standard_task_runner.py:52} INFO - Started process 172 to run task
[2022-09-20 15:00:56,763] {standard_task_runner.py:76} INFO - Running: ['***', 'tasks', 'run', 'fhv_data_v2', 'download_dataset_task', 'scheduled__2019-03-02T06:00:00+00:00', '--job-id', '13', '--raw', '--subdir', 'DAGS_FOLDER/data_ingestion_gcs_dag.py', '--cfg-path', '/tmp/tmpqot5rkso', '--error-file', '/tmp/tmp00ttcyxk']
[2022-09-20 15:00:56,766] {standard_task_runner.py:77} INFO - Job 13: Subtask download_dataset_task
[2022-09-20 15:00:56,857] {logging_mixin.py:109} INFO - Running <TaskInstance: fhv_data_v2.download_dataset_task scheduled__2019-03-02T06:00:00+00:00 [running]> on host 0a2e8243e3d8
[2022-09-20 15:00:56,908] {warnings.py:110} WARNING - /home/***/.local/lib/python3.7/site-packages/***/utils/context.py:152: AirflowContextDeprecationWarning: Accessing 'execution_date' from the template is deprecated and will be removed in a future version. Please use 'data_interval_start' or 'logical_date' instead.
  warnings.warn(_create_deprecation_warning(key, self._deprecation_replacements[key]))

[2022-09-20 15:00:56,929] {taskinstance.py:1426} INFO - Exporting the following env vars:
AIRFLOW_CTX_DAG_OWNER=***
AIRFLOW_CTX_DAG_ID=fhv_data_v2
AIRFLOW_CTX_TASK_ID=download_dataset_task
AIRFLOW_CTX_EXECUTION_DATE=2019-03-02T06:00:00+00:00
AIRFLOW_CTX_DAG_RUN_ID=scheduled__2019-03-02T06:00:00+00:00
[2022-09-20 15:00:56,930] {subprocess.py:62} INFO - Tmp dir root location: 
 /tmp
[2022-09-20 15:00:56,931] {subprocess.py:74} INFO - Running command: ['bash', '-c', 'curl -sSLf https://d37ci6vzurychx.cloudfront.net/trip-data/fhv_tripdata_2019-03.parquet > /opt/***/fhv_tripdata_2019-03.parquet']
[2022-09-20 15:00:56,949] {subprocess.py:85} INFO - Output:
[2022-09-20 15:01:00,872] {subprocess.py:93} INFO - Command exited with return code 0
[2022-09-20 15:01:00,905] {taskinstance.py:1277} INFO - Marking task as SUCCESS. dag_id=fhv_data_v2, task_id=download_dataset_task, execution_date=20190302T060000, start_date=20220920T150056, end_date=20220920T150100
[2022-09-20 15:01:00,954] {local_task_job.py:154} INFO - Task exited with return code 0
[2022-09-20 15:01:01,017] {local_task_job.py:264} INFO - 1 downstream tasks scheduled from follow-on schedule check
[2022-09-20 15:13:29,625] {taskinstance.py:1032} INFO - Dependencies all met for <TaskInstance: fhv_data_v2.download_dataset_task scheduled__2019-03-02T06:00:00+00:00 [queued]>
[2022-09-20 15:13:29,649] {taskinstance.py:1032} INFO - Dependencies all met for <TaskInstance: fhv_data_v2.download_dataset_task scheduled__2019-03-02T06:00:00+00:00 [queued]>
[2022-09-20 15:13:29,649] {taskinstance.py:1238} INFO - 
--------------------------------------------------------------------------------
[2022-09-20 15:13:29,649] {taskinstance.py:1239} INFO - Starting attempt 1 of 2
[2022-09-20 15:13:29,649] {taskinstance.py:1240} INFO - 
--------------------------------------------------------------------------------
[2022-09-20 15:13:29,667] {taskinstance.py:1259} INFO - Executing <Task(BashOperator): download_dataset_task> on 2019-03-02 06:00:00+00:00
[2022-09-20 15:13:29,676] {standard_task_runner.py:52} INFO - Started process 237 to run task
[2022-09-20 15:13:29,688] {standard_task_runner.py:76} INFO - Running: ['***', 'tasks', 'run', 'fhv_data_v2', 'download_dataset_task', 'scheduled__2019-03-02T06:00:00+00:00', '--job-id', '45', '--raw', '--subdir', 'DAGS_FOLDER/data_ingestion_gcs_dag.py', '--cfg-path', '/tmp/tmplxhe7il1', '--error-file', '/tmp/tmp9inst0z7']
[2022-09-20 15:13:29,689] {standard_task_runner.py:77} INFO - Job 45: Subtask download_dataset_task
[2022-09-20 15:13:29,773] {logging_mixin.py:109} INFO - Running <TaskInstance: fhv_data_v2.download_dataset_task scheduled__2019-03-02T06:00:00+00:00 [running]> on host 0a2e8243e3d8
[2022-09-20 15:13:29,829] {warnings.py:110} WARNING - /home/***/.local/lib/python3.7/site-packages/***/utils/context.py:152: AirflowContextDeprecationWarning: Accessing 'execution_date' from the template is deprecated and will be removed in a future version. Please use 'data_interval_start' or 'logical_date' instead.
  warnings.warn(_create_deprecation_warning(key, self._deprecation_replacements[key]))

[2022-09-20 15:13:29,853] {taskinstance.py:1426} INFO - Exporting the following env vars:
AIRFLOW_CTX_DAG_OWNER=***
AIRFLOW_CTX_DAG_ID=fhv_data_v2
AIRFLOW_CTX_TASK_ID=download_dataset_task
AIRFLOW_CTX_EXECUTION_DATE=2019-03-02T06:00:00+00:00
AIRFLOW_CTX_DAG_RUN_ID=scheduled__2019-03-02T06:00:00+00:00
[2022-09-20 15:13:29,854] {subprocess.py:62} INFO - Tmp dir root location: 
 /tmp
[2022-09-20 15:13:29,855] {subprocess.py:74} INFO - Running command: ['bash', '-c', 'curl -sSLf https://d37ci6vzurychx.cloudfront.net/trip-data/fhv_tripdata_2019-03.parquet > /opt/***/fhv_tripdata_2019-03.parquet']
[2022-09-20 15:13:29,871] {subprocess.py:85} INFO - Output:
[2022-09-20 15:13:34,605] {subprocess.py:93} INFO - Command exited with return code 0
[2022-09-20 15:13:34,635] {taskinstance.py:1277} INFO - Marking task as SUCCESS. dag_id=fhv_data_v2, task_id=download_dataset_task, execution_date=20190302T060000, start_date=20220920T151329, end_date=20220920T151334
[2022-09-20 15:13:34,693] {local_task_job.py:154} INFO - Task exited with return code 0
[2022-09-20 15:13:34,737] {local_task_job.py:264} INFO - 1 downstream tasks scheduled from follow-on schedule check
[2022-09-20 15:31:07,645] {taskinstance.py:1032} INFO - Dependencies all met for <TaskInstance: fhv_data_v2.download_dataset_task scheduled__2019-03-02T06:00:00+00:00 [queued]>
[2022-09-20 15:31:07,663] {taskinstance.py:1032} INFO - Dependencies all met for <TaskInstance: fhv_data_v2.download_dataset_task scheduled__2019-03-02T06:00:00+00:00 [queued]>
[2022-09-20 15:31:07,663] {taskinstance.py:1238} INFO - 
--------------------------------------------------------------------------------
[2022-09-20 15:31:07,663] {taskinstance.py:1239} INFO - Starting attempt 1 of 2
[2022-09-20 15:31:07,664] {taskinstance.py:1240} INFO - 
--------------------------------------------------------------------------------
[2022-09-20 15:31:07,701] {taskinstance.py:1259} INFO - Executing <Task(BashOperator): download_dataset_task> on 2019-03-02 06:00:00+00:00
[2022-09-20 15:31:07,712] {standard_task_runner.py:52} INFO - Started process 116 to run task
[2022-09-20 15:31:07,771] {standard_task_runner.py:76} INFO - Running: ['***', 'tasks', 'run', 'fhv_data_v2', 'download_dataset_task', 'scheduled__2019-03-02T06:00:00+00:00', '--job-id', '4', '--raw', '--subdir', 'DAGS_FOLDER/data_ingestion_gcs_dag.py', '--cfg-path', '/tmp/tmpjgg4z9w0', '--error-file', '/tmp/tmp7jpvfsvi']
[2022-09-20 15:31:07,775] {standard_task_runner.py:77} INFO - Job 4: Subtask download_dataset_task
[2022-09-20 15:31:07,958] {logging_mixin.py:109} INFO - Running <TaskInstance: fhv_data_v2.download_dataset_task scheduled__2019-03-02T06:00:00+00:00 [running]> on host 788dccad41b9
[2022-09-20 15:31:08,063] {warnings.py:110} WARNING - /home/***/.local/lib/python3.7/site-packages/***/utils/context.py:152: AirflowContextDeprecationWarning: Accessing 'execution_date' from the template is deprecated and will be removed in a future version. Please use 'data_interval_start' or 'logical_date' instead.
  warnings.warn(_create_deprecation_warning(key, self._deprecation_replacements[key]))

[2022-09-20 15:31:08,094] {taskinstance.py:1426} INFO - Exporting the following env vars:
AIRFLOW_CTX_DAG_OWNER=***
AIRFLOW_CTX_DAG_ID=fhv_data_v2
AIRFLOW_CTX_TASK_ID=download_dataset_task
AIRFLOW_CTX_EXECUTION_DATE=2019-03-02T06:00:00+00:00
AIRFLOW_CTX_DAG_RUN_ID=scheduled__2019-03-02T06:00:00+00:00
[2022-09-20 15:31:08,095] {subprocess.py:62} INFO - Tmp dir root location: 
 /tmp
[2022-09-20 15:31:08,096] {subprocess.py:74} INFO - Running command: ['bash', '-c', 'curl -sSLf https://d37ci6vzurychx.cloudfront.net/trip-data/fhv_tripdata_2019-03.parquet > /opt/***/fhv_tripdata_2019-03.parquet']
[2022-09-20 15:31:08,109] {subprocess.py:85} INFO - Output:
[2022-09-20 15:31:10,630] {subprocess.py:93} INFO - Command exited with return code 0
[2022-09-20 15:31:10,662] {taskinstance.py:1277} INFO - Marking task as SUCCESS. dag_id=fhv_data_v2, task_id=download_dataset_task, execution_date=20190302T060000, start_date=20220920T153107, end_date=20220920T153110
[2022-09-20 15:31:10,709] {local_task_job.py:154} INFO - Task exited with return code 0
[2022-09-20 15:31:10,753] {local_task_job.py:264} INFO - 1 downstream tasks scheduled from follow-on schedule check
