[2022-09-17 07:12:52,877] {taskinstance.py:1032} INFO - Dependencies all met for <TaskInstance: green_taxi_data_v2.download_dataset_task scheduled__2019-03-02T06:00:00+00:00 [queued]>
[2022-09-17 07:12:52,909] {taskinstance.py:1032} INFO - Dependencies all met for <TaskInstance: green_taxi_data_v2.download_dataset_task scheduled__2019-03-02T06:00:00+00:00 [queued]>
[2022-09-17 07:12:52,909] {taskinstance.py:1238} INFO - 
--------------------------------------------------------------------------------
[2022-09-17 07:12:52,909] {taskinstance.py:1239} INFO - Starting attempt 1 of 2
[2022-09-17 07:12:52,909] {taskinstance.py:1240} INFO - 
--------------------------------------------------------------------------------
[2022-09-17 07:12:52,936] {taskinstance.py:1259} INFO - Executing <Task(BashOperator): download_dataset_task> on 2019-03-02 06:00:00+00:00
[2022-09-17 07:12:52,944] {standard_task_runner.py:52} INFO - Started process 232 to run task
[2022-09-17 07:12:52,966] {standard_task_runner.py:76} INFO - Running: ['***', 'tasks', 'run', 'green_taxi_data_v2', 'download_dataset_task', 'scheduled__2019-03-02T06:00:00+00:00', '--job-id', '118', '--raw', '--subdir', 'DAGS_FOLDER/data_ingestion_gcs_dag.py', '--cfg-path', '/tmp/tmpboew40_f', '--error-file', '/tmp/tmpva57pdy4']
[2022-09-17 07:12:52,967] {standard_task_runner.py:77} INFO - Job 118: Subtask download_dataset_task
[2022-09-17 07:12:53,093] {logging_mixin.py:109} INFO - Running <TaskInstance: green_taxi_data_v2.download_dataset_task scheduled__2019-03-02T06:00:00+00:00 [running]> on host ea53df3427ed
[2022-09-17 07:12:53,238] {warnings.py:110} WARNING - /home/***/.local/lib/python3.7/site-packages/***/utils/context.py:152: AirflowContextDeprecationWarning: Accessing 'execution_date' from the template is deprecated and will be removed in a future version. Please use 'data_interval_start' or 'logical_date' instead.
  warnings.warn(_create_deprecation_warning(key, self._deprecation_replacements[key]))

[2022-09-17 07:12:53,285] {taskinstance.py:1426} INFO - Exporting the following env vars:
AIRFLOW_CTX_DAG_OWNER=***
AIRFLOW_CTX_DAG_ID=green_taxi_data_v2
AIRFLOW_CTX_TASK_ID=download_dataset_task
AIRFLOW_CTX_EXECUTION_DATE=2019-03-02T06:00:00+00:00
AIRFLOW_CTX_DAG_RUN_ID=scheduled__2019-03-02T06:00:00+00:00
[2022-09-17 07:12:53,286] {subprocess.py:62} INFO - Tmp dir root location: 
 /tmp
[2022-09-17 07:12:53,287] {subprocess.py:74} INFO - Running command: ['bash', '-c', 'curl -sSLf https://d37ci6vzurychx.cloudfront.net/trip-data/green_tripdata_2019-03.parquet > /opt/***/green_tripdata_2019-03.parquet']
[2022-09-17 07:12:53,307] {subprocess.py:85} INFO - Output:
[2022-09-17 07:12:55,691] {subprocess.py:93} INFO - Command exited with return code 0
[2022-09-17 07:12:55,735] {taskinstance.py:1277} INFO - Marking task as SUCCESS. dag_id=green_taxi_data_v2, task_id=download_dataset_task, execution_date=20190302T060000, start_date=20220917T071252, end_date=20220917T071255
[2022-09-17 07:12:55,783] {local_task_job.py:154} INFO - Task exited with return code 0
[2022-09-17 07:12:55,847] {local_task_job.py:264} INFO - 1 downstream tasks scheduled from follow-on schedule check
[2022-09-20 15:11:44,096] {taskinstance.py:1032} INFO - Dependencies all met for <TaskInstance: green_taxi_data_v2.download_dataset_task scheduled__2019-03-02T06:00:00+00:00 [queued]>
[2022-09-20 15:11:44,113] {taskinstance.py:1032} INFO - Dependencies all met for <TaskInstance: green_taxi_data_v2.download_dataset_task scheduled__2019-03-02T06:00:00+00:00 [queued]>
[2022-09-20 15:11:44,113] {taskinstance.py:1238} INFO - 
--------------------------------------------------------------------------------
[2022-09-20 15:11:44,113] {taskinstance.py:1239} INFO - Starting attempt 1 of 2
[2022-09-20 15:11:44,114] {taskinstance.py:1240} INFO - 
--------------------------------------------------------------------------------
[2022-09-20 15:11:44,137] {taskinstance.py:1259} INFO - Executing <Task(BashOperator): download_dataset_task> on 2019-03-02 06:00:00+00:00
[2022-09-20 15:11:44,145] {standard_task_runner.py:52} INFO - Started process 114 to run task
[2022-09-20 15:11:44,151] {standard_task_runner.py:76} INFO - Running: ['***', 'tasks', 'run', 'green_taxi_data_v2', 'download_dataset_task', 'scheduled__2019-03-02T06:00:00+00:00', '--job-id', '34', '--raw', '--subdir', 'DAGS_FOLDER/data_ingestion_gcs_dag.py', '--cfg-path', '/tmp/tmpa6bd6xuo', '--error-file', '/tmp/tmpo2rjtiv9']
[2022-09-20 15:11:44,153] {standard_task_runner.py:77} INFO - Job 34: Subtask download_dataset_task
[2022-09-20 15:11:44,230] {logging_mixin.py:109} INFO - Running <TaskInstance: green_taxi_data_v2.download_dataset_task scheduled__2019-03-02T06:00:00+00:00 [running]> on host 0a2e8243e3d8
[2022-09-20 15:11:44,276] {warnings.py:110} WARNING - /home/***/.local/lib/python3.7/site-packages/***/utils/context.py:152: AirflowContextDeprecationWarning: Accessing 'execution_date' from the template is deprecated and will be removed in a future version. Please use 'data_interval_start' or 'logical_date' instead.
  warnings.warn(_create_deprecation_warning(key, self._deprecation_replacements[key]))

[2022-09-20 15:11:44,310] {taskinstance.py:1426} INFO - Exporting the following env vars:
AIRFLOW_CTX_DAG_OWNER=***
AIRFLOW_CTX_DAG_ID=green_taxi_data_v2
AIRFLOW_CTX_TASK_ID=download_dataset_task
AIRFLOW_CTX_EXECUTION_DATE=2019-03-02T06:00:00+00:00
AIRFLOW_CTX_DAG_RUN_ID=scheduled__2019-03-02T06:00:00+00:00
[2022-09-20 15:11:44,312] {subprocess.py:62} INFO - Tmp dir root location: 
 /tmp
[2022-09-20 15:11:44,312] {subprocess.py:74} INFO - Running command: ['bash', '-c', 'curl -sSLf https://d37ci6vzurychx.cloudfront.net/trip-data/green_tripdata_2019-03.parquet > /opt/***/green_tripdata_2019-03.parquet']
[2022-09-20 15:11:44,332] {subprocess.py:85} INFO - Output:
[2022-09-20 15:11:47,996] {subprocess.py:93} INFO - Command exited with return code 0
[2022-09-20 15:11:48,445] {taskinstance.py:1277} INFO - Marking task as SUCCESS. dag_id=green_taxi_data_v2, task_id=download_dataset_task, execution_date=20190302T060000, start_date=20220920T151144, end_date=20220920T151148
[2022-09-20 15:11:48,585] {local_task_job.py:154} INFO - Task exited with return code 0
[2022-09-20 15:11:48,748] {local_task_job.py:264} INFO - 1 downstream tasks scheduled from follow-on schedule check
[2022-09-20 15:31:36,866] {taskinstance.py:1032} INFO - Dependencies all met for <TaskInstance: green_taxi_data_v2.download_dataset_task scheduled__2019-03-02T06:00:00+00:00 [queued]>
[2022-09-20 15:31:36,903] {taskinstance.py:1032} INFO - Dependencies all met for <TaskInstance: green_taxi_data_v2.download_dataset_task scheduled__2019-03-02T06:00:00+00:00 [queued]>
[2022-09-20 15:31:36,903] {taskinstance.py:1238} INFO - 
--------------------------------------------------------------------------------
[2022-09-20 15:31:36,903] {taskinstance.py:1239} INFO - Starting attempt 1 of 2
[2022-09-20 15:31:36,903] {taskinstance.py:1240} INFO - 
--------------------------------------------------------------------------------
[2022-09-20 15:31:36,924] {taskinstance.py:1259} INFO - Executing <Task(BashOperator): download_dataset_task> on 2019-03-02 06:00:00+00:00
[2022-09-20 15:31:36,931] {standard_task_runner.py:52} INFO - Started process 226 to run task
[2022-09-20 15:31:36,944] {standard_task_runner.py:76} INFO - Running: ['***', 'tasks', 'run', 'green_taxi_data_v2', 'download_dataset_task', 'scheduled__2019-03-02T06:00:00+00:00', '--job-id', '24', '--raw', '--subdir', 'DAGS_FOLDER/data_ingestion_gcs_dag.py', '--cfg-path', '/tmp/tmpw8yr5w6e', '--error-file', '/tmp/tmpxk1ufg2x']
[2022-09-20 15:31:36,946] {standard_task_runner.py:77} INFO - Job 24: Subtask download_dataset_task
[2022-09-20 15:31:37,080] {logging_mixin.py:109} INFO - Running <TaskInstance: green_taxi_data_v2.download_dataset_task scheduled__2019-03-02T06:00:00+00:00 [running]> on host 788dccad41b9
[2022-09-20 15:31:37,147] {warnings.py:110} WARNING - /home/***/.local/lib/python3.7/site-packages/***/utils/context.py:152: AirflowContextDeprecationWarning: Accessing 'execution_date' from the template is deprecated and will be removed in a future version. Please use 'data_interval_start' or 'logical_date' instead.
  warnings.warn(_create_deprecation_warning(key, self._deprecation_replacements[key]))

[2022-09-20 15:31:37,177] {taskinstance.py:1426} INFO - Exporting the following env vars:
AIRFLOW_CTX_DAG_OWNER=***
AIRFLOW_CTX_DAG_ID=green_taxi_data_v2
AIRFLOW_CTX_TASK_ID=download_dataset_task
AIRFLOW_CTX_EXECUTION_DATE=2019-03-02T06:00:00+00:00
AIRFLOW_CTX_DAG_RUN_ID=scheduled__2019-03-02T06:00:00+00:00
[2022-09-20 15:31:37,179] {subprocess.py:62} INFO - Tmp dir root location: 
 /tmp
[2022-09-20 15:31:37,179] {subprocess.py:74} INFO - Running command: ['bash', '-c', 'curl -sSLf https://d37ci6vzurychx.cloudfront.net/trip-data/green_tripdata_2019-03.parquet > /opt/***/green_tripdata_2019-03.parquet']
[2022-09-20 15:31:37,201] {subprocess.py:85} INFO - Output:
[2022-09-20 15:31:39,528] {subprocess.py:93} INFO - Command exited with return code 0
[2022-09-20 15:31:39,646] {taskinstance.py:1277} INFO - Marking task as SUCCESS. dag_id=green_taxi_data_v2, task_id=download_dataset_task, execution_date=20190302T060000, start_date=20220920T153136, end_date=20220920T153139
[2022-09-20 15:31:39,735] {local_task_job.py:154} INFO - Task exited with return code 0
[2022-09-20 15:31:39,869] {local_task_job.py:264} INFO - 1 downstream tasks scheduled from follow-on schedule check
