[2022-09-17 06:52:43,975] {taskinstance.py:1032} INFO - Dependencies all met for <TaskInstance: fhv_data_v2.download_dataset_task scheduled__2019-11-02T06:00:00+00:00 [queued]>
[2022-09-17 06:52:43,990] {taskinstance.py:1032} INFO - Dependencies all met for <TaskInstance: fhv_data_v2.download_dataset_task scheduled__2019-11-02T06:00:00+00:00 [queued]>
[2022-09-17 06:52:43,991] {taskinstance.py:1238} INFO - 
--------------------------------------------------------------------------------
[2022-09-17 06:52:43,991] {taskinstance.py:1239} INFO - Starting attempt 1 of 2
[2022-09-17 06:52:43,991] {taskinstance.py:1240} INFO - 
--------------------------------------------------------------------------------
[2022-09-17 06:52:44,004] {taskinstance.py:1259} INFO - Executing <Task(BashOperator): download_dataset_task> on 2019-11-02 06:00:00+00:00
[2022-09-17 06:52:44,010] {standard_task_runner.py:52} INFO - Started process 7494 to run task
[2022-09-17 06:52:44,016] {standard_task_runner.py:76} INFO - Running: ['***', 'tasks', 'run', 'fhv_data_v2', 'download_dataset_task', 'scheduled__2019-11-02T06:00:00+00:00', '--job-id', '109', '--raw', '--subdir', 'DAGS_FOLDER/data_ingestion_gcs_dag.py', '--cfg-path', '/tmp/tmpzrc65ai9', '--error-file', '/tmp/tmp594qifvu']
[2022-09-17 06:52:44,017] {standard_task_runner.py:77} INFO - Job 109: Subtask download_dataset_task
[2022-09-17 06:52:44,087] {logging_mixin.py:109} INFO - Running <TaskInstance: fhv_data_v2.download_dataset_task scheduled__2019-11-02T06:00:00+00:00 [running]> on host 10d063af5ba7
[2022-09-17 06:52:44,143] {warnings.py:110} WARNING - /home/***/.local/lib/python3.7/site-packages/***/utils/context.py:152: AirflowContextDeprecationWarning: Accessing 'execution_date' from the template is deprecated and will be removed in a future version. Please use 'data_interval_start' or 'logical_date' instead.
  warnings.warn(_create_deprecation_warning(key, self._deprecation_replacements[key]))

[2022-09-17 06:52:44,177] {taskinstance.py:1426} INFO - Exporting the following env vars:
AIRFLOW_CTX_DAG_OWNER=***
AIRFLOW_CTX_DAG_ID=fhv_data_v2
AIRFLOW_CTX_TASK_ID=download_dataset_task
AIRFLOW_CTX_EXECUTION_DATE=2019-11-02T06:00:00+00:00
AIRFLOW_CTX_DAG_RUN_ID=scheduled__2019-11-02T06:00:00+00:00
[2022-09-17 06:52:44,178] {subprocess.py:62} INFO - Tmp dir root location: 
 /tmp
[2022-09-17 06:52:44,179] {subprocess.py:74} INFO - Running command: ['bash', '-c', 'curl -sSLf https://d37ci6vzurychx.cloudfront.net/trip-data/fhv_tripdata_2019-11.parquet > /opt/***/fhv_tripdata_2019-11.parquet']
[2022-09-17 06:52:44,195] {subprocess.py:85} INFO - Output:
[2022-09-17 06:52:46,928] {subprocess.py:93} INFO - Command exited with return code 0
[2022-09-17 06:52:46,957] {taskinstance.py:1277} INFO - Marking task as SUCCESS. dag_id=fhv_data_v2, task_id=download_dataset_task, execution_date=20191102T060000, start_date=20220917T065243, end_date=20220917T065246
[2022-09-17 06:52:47,002] {local_task_job.py:154} INFO - Task exited with return code 0
[2022-09-17 06:52:47,045] {local_task_job.py:264} INFO - 1 downstream tasks scheduled from follow-on schedule check
