[2022-09-17 06:51:49,819] {taskinstance.py:1032} INFO - Dependencies all met for <TaskInstance: fhv_data_v2.download_dataset_task scheduled__2019-01-02T06:00:00+00:00 [queued]>
[2022-09-17 06:51:49,839] {taskinstance.py:1032} INFO - Dependencies all met for <TaskInstance: fhv_data_v2.download_dataset_task scheduled__2019-01-02T06:00:00+00:00 [queued]>
[2022-09-17 06:51:49,839] {taskinstance.py:1238} INFO - 
--------------------------------------------------------------------------------
[2022-09-17 06:51:49,839] {taskinstance.py:1239} INFO - Starting attempt 1 of 2
[2022-09-17 06:51:49,839] {taskinstance.py:1240} INFO - 
--------------------------------------------------------------------------------
[2022-09-17 06:51:49,866] {taskinstance.py:1259} INFO - Executing <Task(BashOperator): download_dataset_task> on 2019-01-02 06:00:00+00:00
[2022-09-17 06:51:49,874] {standard_task_runner.py:52} INFO - Started process 7326 to run task
[2022-09-17 06:51:49,887] {standard_task_runner.py:76} INFO - Running: ['***', 'tasks', 'run', 'fhv_data_v2', 'download_dataset_task', 'scheduled__2019-01-02T06:00:00+00:00', '--job-id', '79', '--raw', '--subdir', 'DAGS_FOLDER/data_ingestion_gcs_dag.py', '--cfg-path', '/tmp/tmp8gtmtrc9', '--error-file', '/tmp/tmpmeg8h9ud']
[2022-09-17 06:51:49,888] {standard_task_runner.py:77} INFO - Job 79: Subtask download_dataset_task
[2022-09-17 06:51:50,020] {logging_mixin.py:109} INFO - Running <TaskInstance: fhv_data_v2.download_dataset_task scheduled__2019-01-02T06:00:00+00:00 [running]> on host 10d063af5ba7
[2022-09-17 06:51:50,081] {warnings.py:110} WARNING - /home/***/.local/lib/python3.7/site-packages/***/utils/context.py:152: AirflowContextDeprecationWarning: Accessing 'execution_date' from the template is deprecated and will be removed in a future version. Please use 'data_interval_start' or 'logical_date' instead.
  warnings.warn(_create_deprecation_warning(key, self._deprecation_replacements[key]))

[2022-09-17 06:51:50,142] {taskinstance.py:1426} INFO - Exporting the following env vars:
AIRFLOW_CTX_DAG_OWNER=***
AIRFLOW_CTX_DAG_ID=fhv_data_v2
AIRFLOW_CTX_TASK_ID=download_dataset_task
AIRFLOW_CTX_EXECUTION_DATE=2019-01-02T06:00:00+00:00
AIRFLOW_CTX_DAG_RUN_ID=scheduled__2019-01-02T06:00:00+00:00
[2022-09-17 06:51:50,144] {subprocess.py:62} INFO - Tmp dir root location: 
 /tmp
[2022-09-17 06:51:50,145] {subprocess.py:74} INFO - Running command: ['bash', '-c', 'curl -sSLf https://d37ci6vzurychx.cloudfront.net/trip-data/fhv_tripdata_2019-01.parquet > /opt/***/fhv_tripdata_2019-01.parquet']
[2022-09-17 06:51:50,175] {subprocess.py:85} INFO - Output:
[2022-09-17 06:52:08,750] {subprocess.py:93} INFO - Command exited with return code 0
[2022-09-17 06:52:08,790] {taskinstance.py:1277} INFO - Marking task as SUCCESS. dag_id=fhv_data_v2, task_id=download_dataset_task, execution_date=20190102T060000, start_date=20220917T065149, end_date=20220917T065208
[2022-09-17 06:52:08,837] {local_task_job.py:154} INFO - Task exited with return code 0
[2022-09-17 06:52:08,881] {local_task_job.py:264} INFO - 1 downstream tasks scheduled from follow-on schedule check
[2022-09-20 15:00:56,374] {taskinstance.py:1032} INFO - Dependencies all met for <TaskInstance: fhv_data_v2.download_dataset_task scheduled__2019-01-02T06:00:00+00:00 [queued]>
[2022-09-20 15:00:56,399] {taskinstance.py:1032} INFO - Dependencies all met for <TaskInstance: fhv_data_v2.download_dataset_task scheduled__2019-01-02T06:00:00+00:00 [queued]>
[2022-09-20 15:00:56,399] {taskinstance.py:1238} INFO - 
--------------------------------------------------------------------------------
[2022-09-20 15:00:56,399] {taskinstance.py:1239} INFO - Starting attempt 1 of 2
[2022-09-20 15:00:56,399] {taskinstance.py:1240} INFO - 
--------------------------------------------------------------------------------
[2022-09-20 15:00:56,419] {taskinstance.py:1259} INFO - Executing <Task(BashOperator): download_dataset_task> on 2019-01-02 06:00:00+00:00
[2022-09-20 15:00:56,427] {standard_task_runner.py:52} INFO - Started process 164 to run task
[2022-09-20 15:00:56,440] {standard_task_runner.py:76} INFO - Running: ['***', 'tasks', 'run', 'fhv_data_v2', 'download_dataset_task', 'scheduled__2019-01-02T06:00:00+00:00', '--job-id', '11', '--raw', '--subdir', 'DAGS_FOLDER/data_ingestion_gcs_dag.py', '--cfg-path', '/tmp/tmpi3sxs5m5', '--error-file', '/tmp/tmp6hdqd5n1']
[2022-09-20 15:00:56,441] {standard_task_runner.py:77} INFO - Job 11: Subtask download_dataset_task
[2022-09-20 15:00:56,534] {logging_mixin.py:109} INFO - Running <TaskInstance: fhv_data_v2.download_dataset_task scheduled__2019-01-02T06:00:00+00:00 [running]> on host 0a2e8243e3d8
[2022-09-20 15:00:56,596] {warnings.py:110} WARNING - /home/***/.local/lib/python3.7/site-packages/***/utils/context.py:152: AirflowContextDeprecationWarning: Accessing 'execution_date' from the template is deprecated and will be removed in a future version. Please use 'data_interval_start' or 'logical_date' instead.
  warnings.warn(_create_deprecation_warning(key, self._deprecation_replacements[key]))

[2022-09-20 15:00:56,629] {taskinstance.py:1426} INFO - Exporting the following env vars:
AIRFLOW_CTX_DAG_OWNER=***
AIRFLOW_CTX_DAG_ID=fhv_data_v2
AIRFLOW_CTX_TASK_ID=download_dataset_task
AIRFLOW_CTX_EXECUTION_DATE=2019-01-02T06:00:00+00:00
AIRFLOW_CTX_DAG_RUN_ID=scheduled__2019-01-02T06:00:00+00:00
[2022-09-20 15:00:56,631] {subprocess.py:62} INFO - Tmp dir root location: 
 /tmp
[2022-09-20 15:00:56,632] {subprocess.py:74} INFO - Running command: ['bash', '-c', 'curl -sSLf https://d37ci6vzurychx.cloudfront.net/trip-data/fhv_tripdata_2019-01.parquet > /opt/***/fhv_tripdata_2019-01.parquet']
[2022-09-20 15:00:56,653] {subprocess.py:85} INFO - Output:
[2022-09-20 15:01:12,061] {subprocess.py:93} INFO - Command exited with return code 0
[2022-09-20 15:01:12,091] {taskinstance.py:1277} INFO - Marking task as SUCCESS. dag_id=fhv_data_v2, task_id=download_dataset_task, execution_date=20190102T060000, start_date=20220920T150056, end_date=20220920T150112
[2022-09-20 15:01:12,138] {local_task_job.py:154} INFO - Task exited with return code 0
[2022-09-20 15:01:12,184] {local_task_job.py:264} INFO - 1 downstream tasks scheduled from follow-on schedule check
[2022-09-20 15:13:29,147] {taskinstance.py:1032} INFO - Dependencies all met for <TaskInstance: fhv_data_v2.download_dataset_task scheduled__2019-01-02T06:00:00+00:00 [queued]>
[2022-09-20 15:13:29,164] {taskinstance.py:1032} INFO - Dependencies all met for <TaskInstance: fhv_data_v2.download_dataset_task scheduled__2019-01-02T06:00:00+00:00 [queued]>
[2022-09-20 15:13:29,165] {taskinstance.py:1238} INFO - 
--------------------------------------------------------------------------------
[2022-09-20 15:13:29,165] {taskinstance.py:1239} INFO - Starting attempt 1 of 2
[2022-09-20 15:13:29,165] {taskinstance.py:1240} INFO - 
--------------------------------------------------------------------------------
[2022-09-20 15:13:29,185] {taskinstance.py:1259} INFO - Executing <Task(BashOperator): download_dataset_task> on 2019-01-02 06:00:00+00:00
[2022-09-20 15:13:29,194] {standard_task_runner.py:52} INFO - Started process 232 to run task
[2022-09-20 15:13:29,207] {standard_task_runner.py:76} INFO - Running: ['***', 'tasks', 'run', 'fhv_data_v2', 'download_dataset_task', 'scheduled__2019-01-02T06:00:00+00:00', '--job-id', '44', '--raw', '--subdir', 'DAGS_FOLDER/data_ingestion_gcs_dag.py', '--cfg-path', '/tmp/tmpqkuzaacw', '--error-file', '/tmp/tmp_14qfg9u']
[2022-09-20 15:13:29,209] {standard_task_runner.py:77} INFO - Job 44: Subtask download_dataset_task
[2022-09-20 15:13:29,290] {logging_mixin.py:109} INFO - Running <TaskInstance: fhv_data_v2.download_dataset_task scheduled__2019-01-02T06:00:00+00:00 [running]> on host 0a2e8243e3d8
[2022-09-20 15:13:29,348] {warnings.py:110} WARNING - /home/***/.local/lib/python3.7/site-packages/***/utils/context.py:152: AirflowContextDeprecationWarning: Accessing 'execution_date' from the template is deprecated and will be removed in a future version. Please use 'data_interval_start' or 'logical_date' instead.
  warnings.warn(_create_deprecation_warning(key, self._deprecation_replacements[key]))

[2022-09-20 15:13:29,380] {taskinstance.py:1426} INFO - Exporting the following env vars:
AIRFLOW_CTX_DAG_OWNER=***
AIRFLOW_CTX_DAG_ID=fhv_data_v2
AIRFLOW_CTX_TASK_ID=download_dataset_task
AIRFLOW_CTX_EXECUTION_DATE=2019-01-02T06:00:00+00:00
AIRFLOW_CTX_DAG_RUN_ID=scheduled__2019-01-02T06:00:00+00:00
[2022-09-20 15:13:29,382] {subprocess.py:62} INFO - Tmp dir root location: 
 /tmp
[2022-09-20 15:13:29,382] {subprocess.py:74} INFO - Running command: ['bash', '-c', 'curl -sSLf https://d37ci6vzurychx.cloudfront.net/trip-data/fhv_tripdata_2019-01.parquet > /opt/***/fhv_tripdata_2019-01.parquet']
[2022-09-20 15:13:29,401] {subprocess.py:85} INFO - Output:
[2022-09-20 15:13:45,173] {subprocess.py:93} INFO - Command exited with return code 0
[2022-09-20 15:13:45,259] {taskinstance.py:1277} INFO - Marking task as SUCCESS. dag_id=fhv_data_v2, task_id=download_dataset_task, execution_date=20190102T060000, start_date=20220920T151329, end_date=20220920T151345
[2022-09-20 15:13:45,287] {local_task_job.py:154} INFO - Task exited with return code 0
[2022-09-20 15:13:45,333] {local_task_job.py:264} INFO - 1 downstream tasks scheduled from follow-on schedule check
[2022-09-20 15:31:07,616] {taskinstance.py:1032} INFO - Dependencies all met for <TaskInstance: fhv_data_v2.download_dataset_task scheduled__2019-01-02T06:00:00+00:00 [queued]>
[2022-09-20 15:31:07,643] {taskinstance.py:1032} INFO - Dependencies all met for <TaskInstance: fhv_data_v2.download_dataset_task scheduled__2019-01-02T06:00:00+00:00 [queued]>
[2022-09-20 15:31:07,643] {taskinstance.py:1238} INFO - 
--------------------------------------------------------------------------------
[2022-09-20 15:31:07,643] {taskinstance.py:1239} INFO - Starting attempt 1 of 2
[2022-09-20 15:31:07,644] {taskinstance.py:1240} INFO - 
--------------------------------------------------------------------------------
[2022-09-20 15:31:07,663] {taskinstance.py:1259} INFO - Executing <Task(BashOperator): download_dataset_task> on 2019-01-02 06:00:00+00:00
[2022-09-20 15:31:07,674] {standard_task_runner.py:52} INFO - Started process 114 to run task
[2022-09-20 15:31:07,678] {standard_task_runner.py:76} INFO - Running: ['***', 'tasks', 'run', 'fhv_data_v2', 'download_dataset_task', 'scheduled__2019-01-02T06:00:00+00:00', '--job-id', '5', '--raw', '--subdir', 'DAGS_FOLDER/data_ingestion_gcs_dag.py', '--cfg-path', '/tmp/tmpbop26ehd', '--error-file', '/tmp/tmp1kd3fcrx']
[2022-09-20 15:31:07,680] {standard_task_runner.py:77} INFO - Job 5: Subtask download_dataset_task
[2022-09-20 15:31:07,834] {logging_mixin.py:109} INFO - Running <TaskInstance: fhv_data_v2.download_dataset_task scheduled__2019-01-02T06:00:00+00:00 [running]> on host 788dccad41b9
[2022-09-20 15:31:07,969] {warnings.py:110} WARNING - /home/***/.local/lib/python3.7/site-packages/***/utils/context.py:152: AirflowContextDeprecationWarning: Accessing 'execution_date' from the template is deprecated and will be removed in a future version. Please use 'data_interval_start' or 'logical_date' instead.
  warnings.warn(_create_deprecation_warning(key, self._deprecation_replacements[key]))

[2022-09-20 15:31:08,029] {taskinstance.py:1426} INFO - Exporting the following env vars:
AIRFLOW_CTX_DAG_OWNER=***
AIRFLOW_CTX_DAG_ID=fhv_data_v2
AIRFLOW_CTX_TASK_ID=download_dataset_task
AIRFLOW_CTX_EXECUTION_DATE=2019-01-02T06:00:00+00:00
AIRFLOW_CTX_DAG_RUN_ID=scheduled__2019-01-02T06:00:00+00:00
[2022-09-20 15:31:08,030] {subprocess.py:62} INFO - Tmp dir root location: 
 /tmp
[2022-09-20 15:31:08,031] {subprocess.py:74} INFO - Running command: ['bash', '-c', 'curl -sSLf https://d37ci6vzurychx.cloudfront.net/trip-data/fhv_tripdata_2019-01.parquet > /opt/***/fhv_tripdata_2019-01.parquet']
[2022-09-20 15:31:08,054] {subprocess.py:85} INFO - Output:
[2022-09-20 15:31:22,655] {subprocess.py:93} INFO - Command exited with return code 0
[2022-09-20 15:31:22,696] {taskinstance.py:1277} INFO - Marking task as SUCCESS. dag_id=fhv_data_v2, task_id=download_dataset_task, execution_date=20190102T060000, start_date=20220920T153107, end_date=20220920T153122
[2022-09-20 15:31:22,759] {local_task_job.py:154} INFO - Task exited with return code 0
[2022-09-20 15:31:22,821] {local_task_job.py:264} INFO - 1 downstream tasks scheduled from follow-on schedule check
