[2022-09-20 14:59:43,690] {taskinstance.py:1032} INFO - Dependencies all met for <TaskInstance: gcs_2_bq_dag.bq_yellow_tripdata_external_table_task scheduled__2022-09-19T00:00:00+00:00 [queued]>
[2022-09-20 14:59:43,713] {taskinstance.py:1032} INFO - Dependencies all met for <TaskInstance: gcs_2_bq_dag.bq_yellow_tripdata_external_table_task scheduled__2022-09-19T00:00:00+00:00 [queued]>
[2022-09-20 14:59:43,713] {taskinstance.py:1238} INFO - 
--------------------------------------------------------------------------------
[2022-09-20 14:59:43,713] {taskinstance.py:1239} INFO - Starting attempt 1 of 2
[2022-09-20 14:59:43,713] {taskinstance.py:1240} INFO - 
--------------------------------------------------------------------------------
[2022-09-20 14:59:43,732] {taskinstance.py:1259} INFO - Executing <Task(BigQueryCreateExternalTableOperator): bq_yellow_tripdata_external_table_task> on 2022-09-19 00:00:00+00:00
[2022-09-20 14:59:43,739] {standard_task_runner.py:52} INFO - Started process 102 to run task
[2022-09-20 14:59:43,750] {standard_task_runner.py:76} INFO - Running: ['***', 'tasks', 'run', 'gcs_2_bq_dag', 'bq_yellow_tripdata_external_table_task', 'scheduled__2022-09-19T00:00:00+00:00', '--job-id', '7', '--raw', '--subdir', 'DAGS_FOLDER/gcs_to_bq_dag.py', '--cfg-path', '/tmp/tmp2doqz9jp', '--error-file', '/tmp/tmp_ign6l2t']
[2022-09-20 14:59:43,752] {standard_task_runner.py:77} INFO - Job 7: Subtask bq_yellow_tripdata_external_table_task
[2022-09-20 14:59:43,857] {logging_mixin.py:109} INFO - Running <TaskInstance: gcs_2_bq_dag.bq_yellow_tripdata_external_table_task scheduled__2022-09-19T00:00:00+00:00 [running]> on host 0a2e8243e3d8
[2022-09-20 14:59:43,978] {taskinstance.py:1426} INFO - Exporting the following env vars:
AIRFLOW_CTX_DAG_OWNER=***
AIRFLOW_CTX_DAG_ID=gcs_2_bq_dag
AIRFLOW_CTX_TASK_ID=bq_yellow_tripdata_external_table_task
AIRFLOW_CTX_EXECUTION_DATE=2022-09-19T00:00:00+00:00
AIRFLOW_CTX_DAG_RUN_ID=scheduled__2022-09-19T00:00:00+00:00
[2022-09-20 14:59:43,979] {crypto.py:82} WARNING - empty cryptography key - values will not be stored encrypted.
[2022-09-20 14:59:44,728] {taskinstance.py:1277} INFO - Marking task as SUCCESS. dag_id=gcs_2_bq_dag, task_id=bq_yellow_tripdata_external_table_task, execution_date=20220919T000000, start_date=20220920T145943, end_date=20220920T145944
[2022-09-20 14:59:44,761] {local_task_job.py:154} INFO - Task exited with return code 0
[2022-09-20 14:59:44,810] {local_task_job.py:264} INFO - 1 downstream tasks scheduled from follow-on schedule check
