[2022-09-17 07:15:46,803] {taskinstance.py:1032} INFO - Dependencies all met for <TaskInstance: green_taxi_data_v2.download_dataset_task scheduled__2020-12-02T06:00:00+00:00 [queued]>
[2022-09-17 07:15:46,814] {taskinstance.py:1032} INFO - Dependencies all met for <TaskInstance: green_taxi_data_v2.download_dataset_task scheduled__2020-12-02T06:00:00+00:00 [queued]>
[2022-09-17 07:15:46,814] {taskinstance.py:1238} INFO - 
--------------------------------------------------------------------------------
[2022-09-17 07:15:46,814] {taskinstance.py:1239} INFO - Starting attempt 1 of 2
[2022-09-17 07:15:46,814] {taskinstance.py:1240} INFO - 
--------------------------------------------------------------------------------
[2022-09-17 07:15:46,828] {taskinstance.py:1259} INFO - Executing <Task(BashOperator): download_dataset_task> on 2020-12-02 06:00:00+00:00
[2022-09-17 07:15:46,834] {standard_task_runner.py:52} INFO - Started process 652 to run task
[2022-09-17 07:15:46,839] {standard_task_runner.py:76} INFO - Running: ['***', 'tasks', 'run', 'green_taxi_data_v2', 'download_dataset_task', 'scheduled__2020-12-02T06:00:00+00:00', '--job-id', '187', '--raw', '--subdir', 'DAGS_FOLDER/data_ingestion_gcs_dag.py', '--cfg-path', '/tmp/tmpqbrzmm5r', '--error-file', '/tmp/tmpee9p3zf5']
[2022-09-17 07:15:46,840] {standard_task_runner.py:77} INFO - Job 187: Subtask download_dataset_task
[2022-09-17 07:15:46,913] {logging_mixin.py:109} INFO - Running <TaskInstance: green_taxi_data_v2.download_dataset_task scheduled__2020-12-02T06:00:00+00:00 [running]> on host ea53df3427ed
[2022-09-17 07:15:46,964] {warnings.py:110} WARNING - /home/***/.local/lib/python3.7/site-packages/***/utils/context.py:152: AirflowContextDeprecationWarning: Accessing 'execution_date' from the template is deprecated and will be removed in a future version. Please use 'data_interval_start' or 'logical_date' instead.
  warnings.warn(_create_deprecation_warning(key, self._deprecation_replacements[key]))

[2022-09-17 07:15:46,985] {taskinstance.py:1426} INFO - Exporting the following env vars:
AIRFLOW_CTX_DAG_OWNER=***
AIRFLOW_CTX_DAG_ID=green_taxi_data_v2
AIRFLOW_CTX_TASK_ID=download_dataset_task
AIRFLOW_CTX_EXECUTION_DATE=2020-12-02T06:00:00+00:00
AIRFLOW_CTX_DAG_RUN_ID=scheduled__2020-12-02T06:00:00+00:00
[2022-09-17 07:15:46,986] {subprocess.py:62} INFO - Tmp dir root location: 
 /tmp
[2022-09-17 07:15:46,986] {subprocess.py:74} INFO - Running command: ['bash', '-c', 'curl -sSLf https://d37ci6vzurychx.cloudfront.net/trip-data/green_tripdata_2020-12.parquet > /opt/***/green_tripdata_2020-12.parquet']
[2022-09-17 07:15:47,003] {subprocess.py:85} INFO - Output:
[2022-09-17 07:15:48,641] {subprocess.py:93} INFO - Command exited with return code 0
[2022-09-17 07:15:48,700] {taskinstance.py:1277} INFO - Marking task as SUCCESS. dag_id=green_taxi_data_v2, task_id=download_dataset_task, execution_date=20201202T060000, start_date=20220917T071546, end_date=20220917T071548
[2022-09-17 07:15:48,740] {local_task_job.py:154} INFO - Task exited with return code 0
[2022-09-17 07:15:48,796] {local_task_job.py:264} INFO - 1 downstream tasks scheduled from follow-on schedule check
