[2022-09-17 07:13:08,241] {taskinstance.py:1032} INFO - Dependencies all met for <TaskInstance: green_taxi_data_v2.download_dataset_task scheduled__2019-04-02T06:00:00+00:00 [queued]>
[2022-09-17 07:13:08,292] {taskinstance.py:1032} INFO - Dependencies all met for <TaskInstance: green_taxi_data_v2.download_dataset_task scheduled__2019-04-02T06:00:00+00:00 [queued]>
[2022-09-17 07:13:08,293] {taskinstance.py:1238} INFO - 
--------------------------------------------------------------------------------
[2022-09-17 07:13:08,293] {taskinstance.py:1239} INFO - Starting attempt 1 of 2
[2022-09-17 07:13:08,293] {taskinstance.py:1240} INFO - 
--------------------------------------------------------------------------------
[2022-09-17 07:13:08,356] {taskinstance.py:1259} INFO - Executing <Task(BashOperator): download_dataset_task> on 2019-04-02 06:00:00+00:00
[2022-09-17 07:13:08,378] {standard_task_runner.py:76} INFO - Running: ['***', 'tasks', 'run', 'green_taxi_data_v2', 'download_dataset_task', 'scheduled__2019-04-02T06:00:00+00:00', '--job-id', '127', '--raw', '--subdir', 'DAGS_FOLDER/data_ingestion_gcs_dag.py', '--cfg-path', '/tmp/tmp8s_uo8wg', '--error-file', '/tmp/tmp41rfm62l']
[2022-09-17 07:13:08,382] {standard_task_runner.py:77} INFO - Job 127: Subtask download_dataset_task
[2022-09-17 07:13:08,363] {standard_task_runner.py:52} INFO - Started process 283 to run task
[2022-09-17 07:13:08,555] {logging_mixin.py:109} INFO - Running <TaskInstance: green_taxi_data_v2.download_dataset_task scheduled__2019-04-02T06:00:00+00:00 [running]> on host ea53df3427ed
[2022-09-17 07:13:08,631] {warnings.py:110} WARNING - /home/***/.local/lib/python3.7/site-packages/***/utils/context.py:152: AirflowContextDeprecationWarning: Accessing 'execution_date' from the template is deprecated and will be removed in a future version. Please use 'data_interval_start' or 'logical_date' instead.
  warnings.warn(_create_deprecation_warning(key, self._deprecation_replacements[key]))

[2022-09-17 07:13:08,667] {taskinstance.py:1426} INFO - Exporting the following env vars:
AIRFLOW_CTX_DAG_OWNER=***
AIRFLOW_CTX_DAG_ID=green_taxi_data_v2
AIRFLOW_CTX_TASK_ID=download_dataset_task
AIRFLOW_CTX_EXECUTION_DATE=2019-04-02T06:00:00+00:00
AIRFLOW_CTX_DAG_RUN_ID=scheduled__2019-04-02T06:00:00+00:00
[2022-09-17 07:13:08,668] {subprocess.py:62} INFO - Tmp dir root location: 
 /tmp
[2022-09-17 07:13:08,669] {subprocess.py:74} INFO - Running command: ['bash', '-c', 'curl -sSLf https://d37ci6vzurychx.cloudfront.net/trip-data/green_tripdata_2019-04.parquet > /opt/***/green_tripdata_2019-04.parquet']
[2022-09-17 07:13:08,687] {subprocess.py:85} INFO - Output:
[2022-09-17 07:13:13,053] {subprocess.py:93} INFO - Command exited with return code 0
[2022-09-17 07:13:13,081] {taskinstance.py:1277} INFO - Marking task as SUCCESS. dag_id=green_taxi_data_v2, task_id=download_dataset_task, execution_date=20190402T060000, start_date=20220917T071308, end_date=20220917T071313
[2022-09-17 07:13:13,103] {local_task_job.py:154} INFO - Task exited with return code 0
[2022-09-17 07:13:13,148] {local_task_job.py:264} INFO - 1 downstream tasks scheduled from follow-on schedule check
[2022-09-20 15:31:51,990] {taskinstance.py:1032} INFO - Dependencies all met for <TaskInstance: green_taxi_data_v2.download_dataset_task scheduled__2019-04-02T06:00:00+00:00 [queued]>
[2022-09-20 15:31:52,049] {taskinstance.py:1032} INFO - Dependencies all met for <TaskInstance: green_taxi_data_v2.download_dataset_task scheduled__2019-04-02T06:00:00+00:00 [queued]>
[2022-09-20 15:31:52,050] {taskinstance.py:1238} INFO - 
--------------------------------------------------------------------------------
[2022-09-20 15:31:52,050] {taskinstance.py:1239} INFO - Starting attempt 1 of 2
[2022-09-20 15:31:52,050] {taskinstance.py:1240} INFO - 
--------------------------------------------------------------------------------
[2022-09-20 15:31:52,100] {taskinstance.py:1259} INFO - Executing <Task(BashOperator): download_dataset_task> on 2019-04-02 06:00:00+00:00
[2022-09-20 15:31:52,138] {standard_task_runner.py:76} INFO - Running: ['***', 'tasks', 'run', 'green_taxi_data_v2', 'download_dataset_task', 'scheduled__2019-04-02T06:00:00+00:00', '--job-id', '39', '--raw', '--subdir', 'DAGS_FOLDER/data_ingestion_gcs_dag.py', '--cfg-path', '/tmp/tmp_xs83nvc', '--error-file', '/tmp/tmp9673kc3a']
[2022-09-20 15:31:52,121] {standard_task_runner.py:52} INFO - Started process 300 to run task
[2022-09-20 15:31:52,160] {standard_task_runner.py:77} INFO - Job 39: Subtask download_dataset_task
[2022-09-20 15:31:52,369] {logging_mixin.py:109} INFO - Running <TaskInstance: green_taxi_data_v2.download_dataset_task scheduled__2019-04-02T06:00:00+00:00 [running]> on host 788dccad41b9
[2022-09-20 15:31:52,514] {warnings.py:110} WARNING - /home/***/.local/lib/python3.7/site-packages/***/utils/context.py:152: AirflowContextDeprecationWarning: Accessing 'execution_date' from the template is deprecated and will be removed in a future version. Please use 'data_interval_start' or 'logical_date' instead.
  warnings.warn(_create_deprecation_warning(key, self._deprecation_replacements[key]))

[2022-09-20 15:31:52,554] {taskinstance.py:1426} INFO - Exporting the following env vars:
AIRFLOW_CTX_DAG_OWNER=***
AIRFLOW_CTX_DAG_ID=green_taxi_data_v2
AIRFLOW_CTX_TASK_ID=download_dataset_task
AIRFLOW_CTX_EXECUTION_DATE=2019-04-02T06:00:00+00:00
AIRFLOW_CTX_DAG_RUN_ID=scheduled__2019-04-02T06:00:00+00:00
[2022-09-20 15:31:52,555] {subprocess.py:62} INFO - Tmp dir root location: 
 /tmp
[2022-09-20 15:31:52,556] {subprocess.py:74} INFO - Running command: ['bash', '-c', 'curl -sSLf https://d37ci6vzurychx.cloudfront.net/trip-data/green_tripdata_2019-04.parquet > /opt/***/green_tripdata_2019-04.parquet']
[2022-09-20 15:31:52,624] {subprocess.py:85} INFO - Output:
[2022-09-20 15:31:56,081] {subprocess.py:93} INFO - Command exited with return code 0
[2022-09-20 15:31:56,142] {taskinstance.py:1277} INFO - Marking task as SUCCESS. dag_id=green_taxi_data_v2, task_id=download_dataset_task, execution_date=20190402T060000, start_date=20220920T153152, end_date=20220920T153156
[2022-09-20 15:31:56,257] {local_task_job.py:154} INFO - Task exited with return code 0
[2022-09-20 15:31:56,523] {local_task_job.py:264} INFO - 0 downstream tasks scheduled from follow-on schedule check
