[2022-09-17 06:52:19,357] {taskinstance.py:1032} INFO - Dependencies all met for <TaskInstance: fhv_data_v2.rm_task scheduled__2019-01-02T06:00:00+00:00 [queued]>
[2022-09-17 06:52:19,372] {taskinstance.py:1032} INFO - Dependencies all met for <TaskInstance: fhv_data_v2.rm_task scheduled__2019-01-02T06:00:00+00:00 [queued]>
[2022-09-17 06:52:19,372] {taskinstance.py:1238} INFO - 
--------------------------------------------------------------------------------
[2022-09-17 06:52:19,372] {taskinstance.py:1239} INFO - Starting attempt 1 of 2
[2022-09-17 06:52:19,372] {taskinstance.py:1240} INFO - 
--------------------------------------------------------------------------------
[2022-09-17 06:52:19,384] {taskinstance.py:1259} INFO - Executing <Task(BashOperator): rm_task> on 2019-01-02 06:00:00+00:00
[2022-09-17 06:52:19,391] {standard_task_runner.py:52} INFO - Started process 7415 to run task
[2022-09-17 06:52:19,397] {standard_task_runner.py:76} INFO - Running: ['***', 'tasks', 'run', 'fhv_data_v2', 'rm_task', 'scheduled__2019-01-02T06:00:00+00:00', '--job-id', '95', '--raw', '--subdir', 'DAGS_FOLDER/data_ingestion_gcs_dag.py', '--cfg-path', '/tmp/tmpdb_leq1q', '--error-file', '/tmp/tmpsmty5yd9']
[2022-09-17 06:52:19,398] {standard_task_runner.py:77} INFO - Job 95: Subtask rm_task
[2022-09-17 06:52:19,493] {logging_mixin.py:109} INFO - Running <TaskInstance: fhv_data_v2.rm_task scheduled__2019-01-02T06:00:00+00:00 [running]> on host 10d063af5ba7
[2022-09-17 06:52:19,538] {warnings.py:110} WARNING - /home/***/.local/lib/python3.7/site-packages/***/utils/context.py:152: AirflowContextDeprecationWarning: Accessing 'execution_date' from the template is deprecated and will be removed in a future version. Please use 'data_interval_start' or 'logical_date' instead.
  warnings.warn(_create_deprecation_warning(key, self._deprecation_replacements[key]))

[2022-09-17 06:52:19,560] {taskinstance.py:1426} INFO - Exporting the following env vars:
AIRFLOW_CTX_DAG_OWNER=***
AIRFLOW_CTX_DAG_ID=fhv_data_v2
AIRFLOW_CTX_TASK_ID=rm_task
AIRFLOW_CTX_EXECUTION_DATE=2019-01-02T06:00:00+00:00
AIRFLOW_CTX_DAG_RUN_ID=scheduled__2019-01-02T06:00:00+00:00
[2022-09-17 06:52:19,561] {subprocess.py:62} INFO - Tmp dir root location: 
 /tmp
[2022-09-17 06:52:19,562] {subprocess.py:74} INFO - Running command: ['bash', '-c', 'rm /opt/***/fhv_tripdata_2019-01.parquet']
[2022-09-17 06:52:19,576] {subprocess.py:85} INFO - Output:
[2022-09-17 06:52:19,618] {subprocess.py:93} INFO - Command exited with return code 0
[2022-09-17 06:52:19,649] {taskinstance.py:1277} INFO - Marking task as SUCCESS. dag_id=fhv_data_v2, task_id=rm_task, execution_date=20190102T060000, start_date=20220917T065219, end_date=20220917T065219
[2022-09-17 06:52:19,691] {local_task_job.py:154} INFO - Task exited with return code 0
[2022-09-17 06:52:19,729] {local_task_job.py:264} INFO - 0 downstream tasks scheduled from follow-on schedule check
[2022-09-20 15:31:28,422] {taskinstance.py:1032} INFO - Dependencies all met for <TaskInstance: fhv_data_v2.rm_task scheduled__2019-01-02T06:00:00+00:00 [queued]>
[2022-09-20 15:31:28,440] {taskinstance.py:1032} INFO - Dependencies all met for <TaskInstance: fhv_data_v2.rm_task scheduled__2019-01-02T06:00:00+00:00 [queued]>
[2022-09-20 15:31:28,441] {taskinstance.py:1238} INFO - 
--------------------------------------------------------------------------------
[2022-09-20 15:31:28,441] {taskinstance.py:1239} INFO - Starting attempt 1 of 2
[2022-09-20 15:31:28,441] {taskinstance.py:1240} INFO - 
--------------------------------------------------------------------------------
[2022-09-20 15:31:28,460] {taskinstance.py:1259} INFO - Executing <Task(BashOperator): rm_task> on 2019-01-02 06:00:00+00:00
[2022-09-20 15:31:28,468] {standard_task_runner.py:52} INFO - Started process 180 to run task
[2022-09-20 15:31:28,486] {standard_task_runner.py:76} INFO - Running: ['***', 'tasks', 'run', 'fhv_data_v2', 'rm_task', 'scheduled__2019-01-02T06:00:00+00:00', '--job-id', '14', '--raw', '--subdir', 'DAGS_FOLDER/data_ingestion_gcs_dag.py', '--cfg-path', '/tmp/tmpctux1dpl', '--error-file', '/tmp/tmprao3gn4_']
[2022-09-20 15:31:28,488] {standard_task_runner.py:77} INFO - Job 14: Subtask rm_task
[2022-09-20 15:31:28,568] {logging_mixin.py:109} INFO - Running <TaskInstance: fhv_data_v2.rm_task scheduled__2019-01-02T06:00:00+00:00 [running]> on host 788dccad41b9
[2022-09-20 15:31:28,637] {warnings.py:110} WARNING - /home/***/.local/lib/python3.7/site-packages/***/utils/context.py:152: AirflowContextDeprecationWarning: Accessing 'execution_date' from the template is deprecated and will be removed in a future version. Please use 'data_interval_start' or 'logical_date' instead.
  warnings.warn(_create_deprecation_warning(key, self._deprecation_replacements[key]))

[2022-09-20 15:31:28,694] {taskinstance.py:1426} INFO - Exporting the following env vars:
AIRFLOW_CTX_DAG_OWNER=***
AIRFLOW_CTX_DAG_ID=fhv_data_v2
AIRFLOW_CTX_TASK_ID=rm_task
AIRFLOW_CTX_EXECUTION_DATE=2019-01-02T06:00:00+00:00
AIRFLOW_CTX_DAG_RUN_ID=scheduled__2019-01-02T06:00:00+00:00
[2022-09-20 15:31:28,695] {subprocess.py:62} INFO - Tmp dir root location: 
 /tmp
[2022-09-20 15:31:28,696] {subprocess.py:74} INFO - Running command: ['bash', '-c', 'rm /opt/***/fhv_tripdata_2019-01.parquet']
[2022-09-20 15:31:28,733] {subprocess.py:85} INFO - Output:
[2022-09-20 15:31:28,792] {subprocess.py:93} INFO - Command exited with return code 0
[2022-09-20 15:31:28,868] {taskinstance.py:1277} INFO - Marking task as SUCCESS. dag_id=fhv_data_v2, task_id=rm_task, execution_date=20190102T060000, start_date=20220920T153128, end_date=20220920T153128
[2022-09-20 15:31:28,909] {local_task_job.py:154} INFO - Task exited with return code 0
[2022-09-20 15:31:29,033] {local_task_job.py:264} INFO - 0 downstream tasks scheduled from follow-on schedule check
