[2022-09-17 06:52:48,740] {taskinstance.py:1032} INFO - Dependencies all met for <TaskInstance: fhv_data_v2.local_to_gcs_task scheduled__2019-11-02T06:00:00+00:00 [queued]>
[2022-09-17 06:52:48,751] {taskinstance.py:1032} INFO - Dependencies all met for <TaskInstance: fhv_data_v2.local_to_gcs_task scheduled__2019-11-02T06:00:00+00:00 [queued]>
[2022-09-17 06:52:48,751] {taskinstance.py:1238} INFO - 
--------------------------------------------------------------------------------
[2022-09-17 06:52:48,751] {taskinstance.py:1239} INFO - Starting attempt 1 of 2
[2022-09-17 06:52:48,751] {taskinstance.py:1240} INFO - 
--------------------------------------------------------------------------------
[2022-09-17 06:52:48,764] {taskinstance.py:1259} INFO - Executing <Task(PythonOperator): local_to_gcs_task> on 2019-11-02 06:00:00+00:00
[2022-09-17 06:52:48,772] {standard_task_runner.py:52} INFO - Started process 7507 to run task
[2022-09-17 06:52:48,778] {standard_task_runner.py:76} INFO - Running: ['***', 'tasks', 'run', 'fhv_data_v2', 'local_to_gcs_task', 'scheduled__2019-11-02T06:00:00+00:00', '--job-id', '112', '--raw', '--subdir', 'DAGS_FOLDER/data_ingestion_gcs_dag.py', '--cfg-path', '/tmp/tmpk77xsm8e', '--error-file', '/tmp/tmp8pukcp_f']
[2022-09-17 06:52:48,780] {standard_task_runner.py:77} INFO - Job 112: Subtask local_to_gcs_task
[2022-09-17 06:52:48,860] {logging_mixin.py:109} INFO - Running <TaskInstance: fhv_data_v2.local_to_gcs_task scheduled__2019-11-02T06:00:00+00:00 [running]> on host 10d063af5ba7
[2022-09-17 06:52:48,918] {warnings.py:110} WARNING - /home/***/.local/lib/python3.7/site-packages/***/utils/context.py:152: AirflowContextDeprecationWarning: Accessing 'execution_date' from the template is deprecated and will be removed in a future version. Please use 'data_interval_start' or 'logical_date' instead.
  warnings.warn(_create_deprecation_warning(key, self._deprecation_replacements[key]))

[2022-09-17 06:52:48,948] {taskinstance.py:1426} INFO - Exporting the following env vars:
AIRFLOW_CTX_DAG_OWNER=***
AIRFLOW_CTX_DAG_ID=fhv_data_v2
AIRFLOW_CTX_TASK_ID=local_to_gcs_task
AIRFLOW_CTX_EXECUTION_DATE=2019-11-02T06:00:00+00:00
AIRFLOW_CTX_DAG_RUN_ID=scheduled__2019-11-02T06:00:00+00:00
[2022-09-17 06:52:50,778] {python.py:175} INFO - Done. Returned value was: None
[2022-09-17 06:52:50,791] {taskinstance.py:1277} INFO - Marking task as SUCCESS. dag_id=fhv_data_v2, task_id=local_to_gcs_task, execution_date=20191102T060000, start_date=20220917T065248, end_date=20220917T065250
[2022-09-17 06:52:50,841] {local_task_job.py:154} INFO - Task exited with return code 0
[2022-09-17 06:52:50,881] {local_task_job.py:264} INFO - 1 downstream tasks scheduled from follow-on schedule check
