[2022-09-17 06:52:16,702] {taskinstance.py:1032} INFO - Dependencies all met for <TaskInstance: fhv_data_v2.download_dataset_task scheduled__2019-06-02T06:00:00+00:00 [queued]>
[2022-09-17 06:52:16,719] {taskinstance.py:1032} INFO - Dependencies all met for <TaskInstance: fhv_data_v2.download_dataset_task scheduled__2019-06-02T06:00:00+00:00 [queued]>
[2022-09-17 06:52:16,719] {taskinstance.py:1238} INFO - 
--------------------------------------------------------------------------------
[2022-09-17 06:52:16,719] {taskinstance.py:1239} INFO - Starting attempt 1 of 2
[2022-09-17 06:52:16,719] {taskinstance.py:1240} INFO - 
--------------------------------------------------------------------------------
[2022-09-17 06:52:16,736] {taskinstance.py:1259} INFO - Executing <Task(BashOperator): download_dataset_task> on 2019-06-02 06:00:00+00:00
[2022-09-17 06:52:16,744] {standard_task_runner.py:52} INFO - Started process 7405 to run task
[2022-09-17 06:52:16,749] {standard_task_runner.py:76} INFO - Running: ['***', 'tasks', 'run', 'fhv_data_v2', 'download_dataset_task', 'scheduled__2019-06-02T06:00:00+00:00', '--job-id', '93', '--raw', '--subdir', 'DAGS_FOLDER/data_ingestion_gcs_dag.py', '--cfg-path', '/tmp/tmpt625r5hy', '--error-file', '/tmp/tmpbi74emnx']
[2022-09-17 06:52:16,750] {standard_task_runner.py:77} INFO - Job 93: Subtask download_dataset_task
[2022-09-17 06:52:16,842] {logging_mixin.py:109} INFO - Running <TaskInstance: fhv_data_v2.download_dataset_task scheduled__2019-06-02T06:00:00+00:00 [running]> on host 10d063af5ba7
[2022-09-17 06:52:16,913] {warnings.py:110} WARNING - /home/***/.local/lib/python3.7/site-packages/***/utils/context.py:152: AirflowContextDeprecationWarning: Accessing 'execution_date' from the template is deprecated and will be removed in a future version. Please use 'data_interval_start' or 'logical_date' instead.
  warnings.warn(_create_deprecation_warning(key, self._deprecation_replacements[key]))

[2022-09-17 06:52:16,950] {taskinstance.py:1426} INFO - Exporting the following env vars:
AIRFLOW_CTX_DAG_OWNER=***
AIRFLOW_CTX_DAG_ID=fhv_data_v2
AIRFLOW_CTX_TASK_ID=download_dataset_task
AIRFLOW_CTX_EXECUTION_DATE=2019-06-02T06:00:00+00:00
AIRFLOW_CTX_DAG_RUN_ID=scheduled__2019-06-02T06:00:00+00:00
[2022-09-17 06:52:16,954] {subprocess.py:62} INFO - Tmp dir root location: 
 /tmp
[2022-09-17 06:52:16,955] {subprocess.py:74} INFO - Running command: ['bash', '-c', 'curl -sSLf https://d37ci6vzurychx.cloudfront.net/trip-data/fhv_tripdata_2019-06.parquet > /opt/***/fhv_tripdata_2019-06.parquet']
[2022-09-17 06:52:16,973] {subprocess.py:85} INFO - Output:
[2022-09-17 06:52:20,334] {subprocess.py:93} INFO - Command exited with return code 0
[2022-09-17 06:52:20,364] {taskinstance.py:1277} INFO - Marking task as SUCCESS. dag_id=fhv_data_v2, task_id=download_dataset_task, execution_date=20190602T060000, start_date=20220917T065216, end_date=20220917T065220
[2022-09-17 06:52:20,416] {local_task_job.py:154} INFO - Task exited with return code 0
[2022-09-17 06:52:20,459] {local_task_job.py:264} INFO - 1 downstream tasks scheduled from follow-on schedule check
[2022-09-20 15:23:52,480] {taskinstance.py:1032} INFO - Dependencies all met for <TaskInstance: fhv_data_v2.download_dataset_task scheduled__2019-06-02T06:00:00+00:00 [queued]>
[2022-09-20 15:23:52,499] {taskinstance.py:1032} INFO - Dependencies all met for <TaskInstance: fhv_data_v2.download_dataset_task scheduled__2019-06-02T06:00:00+00:00 [queued]>
[2022-09-20 15:23:52,499] {taskinstance.py:1238} INFO - 
--------------------------------------------------------------------------------
[2022-09-20 15:23:52,499] {taskinstance.py:1239} INFO - Starting attempt 1 of 2
[2022-09-20 15:23:52,499] {taskinstance.py:1240} INFO - 
--------------------------------------------------------------------------------
[2022-09-20 15:23:52,517] {taskinstance.py:1259} INFO - Executing <Task(BashOperator): download_dataset_task> on 2019-06-02 06:00:00+00:00
[2022-09-20 15:23:52,525] {standard_task_runner.py:52} INFO - Started process 729 to run task
[2022-09-20 15:23:52,534] {standard_task_runner.py:76} INFO - Running: ['***', 'tasks', 'run', 'fhv_data_v2', 'download_dataset_task', 'scheduled__2019-06-02T06:00:00+00:00', '--job-id', '59', '--raw', '--subdir', 'DAGS_FOLDER/data_ingestion_gcs_dag.py', '--cfg-path', '/tmp/tmpyazywpze', '--error-file', '/tmp/tmp_0ljfcjr']
[2022-09-20 15:23:52,536] {standard_task_runner.py:77} INFO - Job 59: Subtask download_dataset_task
[2022-09-20 15:23:52,647] {logging_mixin.py:109} INFO - Running <TaskInstance: fhv_data_v2.download_dataset_task scheduled__2019-06-02T06:00:00+00:00 [running]> on host 0a2e8243e3d8
[2022-09-20 15:23:52,721] {warnings.py:110} WARNING - /home/***/.local/lib/python3.7/site-packages/***/utils/context.py:152: AirflowContextDeprecationWarning: Accessing 'execution_date' from the template is deprecated and will be removed in a future version. Please use 'data_interval_start' or 'logical_date' instead.
  warnings.warn(_create_deprecation_warning(key, self._deprecation_replacements[key]))

[2022-09-20 15:23:52,763] {taskinstance.py:1426} INFO - Exporting the following env vars:
AIRFLOW_CTX_DAG_OWNER=***
AIRFLOW_CTX_DAG_ID=fhv_data_v2
AIRFLOW_CTX_TASK_ID=download_dataset_task
AIRFLOW_CTX_EXECUTION_DATE=2019-06-02T06:00:00+00:00
AIRFLOW_CTX_DAG_RUN_ID=scheduled__2019-06-02T06:00:00+00:00
[2022-09-20 15:23:52,765] {subprocess.py:62} INFO - Tmp dir root location: 
 /tmp
[2022-09-20 15:23:52,768] {subprocess.py:74} INFO - Running command: ['bash', '-c', 'curl -sSLf https://d37ci6vzurychx.cloudfront.net/trip-data/fhv_tripdata_2019-06.parquet > /opt/***/fhv_tripdata_2019-06.parquet']
[2022-09-20 15:23:52,790] {subprocess.py:85} INFO - Output:
[2022-09-20 15:23:59,793] {subprocess.py:93} INFO - Command exited with return code 0
[2022-09-20 15:23:59,873] {taskinstance.py:1277} INFO - Marking task as SUCCESS. dag_id=fhv_data_v2, task_id=download_dataset_task, execution_date=20190602T060000, start_date=20220920T152352, end_date=20220920T152359
[2022-09-20 15:23:59,909] {local_task_job.py:154} INFO - Task exited with return code 0
[2022-09-20 15:23:59,952] {local_task_job.py:264} INFO - 1 downstream tasks scheduled from follow-on schedule check
[2022-09-20 15:31:36,818] {taskinstance.py:1032} INFO - Dependencies all met for <TaskInstance: fhv_data_v2.download_dataset_task scheduled__2019-06-02T06:00:00+00:00 [queued]>
[2022-09-20 15:31:36,884] {taskinstance.py:1032} INFO - Dependencies all met for <TaskInstance: fhv_data_v2.download_dataset_task scheduled__2019-06-02T06:00:00+00:00 [queued]>
[2022-09-20 15:31:36,886] {taskinstance.py:1238} INFO - 
--------------------------------------------------------------------------------
[2022-09-20 15:31:36,887] {taskinstance.py:1239} INFO - Starting attempt 1 of 2
[2022-09-20 15:31:36,887] {taskinstance.py:1240} INFO - 
--------------------------------------------------------------------------------
[2022-09-20 15:31:36,928] {taskinstance.py:1259} INFO - Executing <Task(BashOperator): download_dataset_task> on 2019-06-02 06:00:00+00:00
[2022-09-20 15:31:36,947] {standard_task_runner.py:52} INFO - Started process 227 to run task
[2022-09-20 15:31:36,960] {standard_task_runner.py:76} INFO - Running: ['***', 'tasks', 'run', 'fhv_data_v2', 'download_dataset_task', 'scheduled__2019-06-02T06:00:00+00:00', '--job-id', '23', '--raw', '--subdir', 'DAGS_FOLDER/data_ingestion_gcs_dag.py', '--cfg-path', '/tmp/tmp4qserh81', '--error-file', '/tmp/tmp8dvod2tf']
[2022-09-20 15:31:36,964] {standard_task_runner.py:77} INFO - Job 23: Subtask download_dataset_task
[2022-09-20 15:31:37,125] {logging_mixin.py:109} INFO - Running <TaskInstance: fhv_data_v2.download_dataset_task scheduled__2019-06-02T06:00:00+00:00 [running]> on host 788dccad41b9
[2022-09-20 15:31:37,209] {warnings.py:110} WARNING - /home/***/.local/lib/python3.7/site-packages/***/utils/context.py:152: AirflowContextDeprecationWarning: Accessing 'execution_date' from the template is deprecated and will be removed in a future version. Please use 'data_interval_start' or 'logical_date' instead.
  warnings.warn(_create_deprecation_warning(key, self._deprecation_replacements[key]))

[2022-09-20 15:31:37,243] {taskinstance.py:1426} INFO - Exporting the following env vars:
AIRFLOW_CTX_DAG_OWNER=***
AIRFLOW_CTX_DAG_ID=fhv_data_v2
AIRFLOW_CTX_TASK_ID=download_dataset_task
AIRFLOW_CTX_EXECUTION_DATE=2019-06-02T06:00:00+00:00
AIRFLOW_CTX_DAG_RUN_ID=scheduled__2019-06-02T06:00:00+00:00
[2022-09-20 15:31:37,245] {subprocess.py:62} INFO - Tmp dir root location: 
 /tmp
[2022-09-20 15:31:37,246] {subprocess.py:74} INFO - Running command: ['bash', '-c', 'curl -sSLf https://d37ci6vzurychx.cloudfront.net/trip-data/fhv_tripdata_2019-06.parquet > /opt/***/fhv_tripdata_2019-06.parquet']
[2022-09-20 15:31:37,266] {subprocess.py:85} INFO - Output:
[2022-09-20 15:31:40,026] {subprocess.py:93} INFO - Command exited with return code 0
[2022-09-20 15:31:40,063] {taskinstance.py:1277} INFO - Marking task as SUCCESS. dag_id=fhv_data_v2, task_id=download_dataset_task, execution_date=20190602T060000, start_date=20220920T153136, end_date=20220920T153140
[2022-09-20 15:31:40,123] {local_task_job.py:154} INFO - Task exited with return code 0
[2022-09-20 15:31:40,176] {local_task_job.py:264} INFO - 1 downstream tasks scheduled from follow-on schedule check
