[2022-09-17 07:12:52,878] {taskinstance.py:1032} INFO - Dependencies all met for <TaskInstance: green_taxi_data_v2.download_dataset_task scheduled__2019-02-02T06:00:00+00:00 [queued]>
[2022-09-17 07:12:52,903] {taskinstance.py:1032} INFO - Dependencies all met for <TaskInstance: green_taxi_data_v2.download_dataset_task scheduled__2019-02-02T06:00:00+00:00 [queued]>
[2022-09-17 07:12:52,903] {taskinstance.py:1238} INFO - 
--------------------------------------------------------------------------------
[2022-09-17 07:12:52,903] {taskinstance.py:1239} INFO - Starting attempt 1 of 2
[2022-09-17 07:12:52,903] {taskinstance.py:1240} INFO - 
--------------------------------------------------------------------------------
[2022-09-17 07:12:52,935] {taskinstance.py:1259} INFO - Executing <Task(BashOperator): download_dataset_task> on 2019-02-02 06:00:00+00:00
[2022-09-17 07:12:52,945] {standard_task_runner.py:52} INFO - Started process 233 to run task
[2022-09-17 07:12:52,956] {standard_task_runner.py:76} INFO - Running: ['***', 'tasks', 'run', 'green_taxi_data_v2', 'download_dataset_task', 'scheduled__2019-02-02T06:00:00+00:00', '--job-id', '117', '--raw', '--subdir', 'DAGS_FOLDER/data_ingestion_gcs_dag.py', '--cfg-path', '/tmp/tmp1jedvrrx', '--error-file', '/tmp/tmpfaf06ik9']
[2022-09-17 07:12:52,957] {standard_task_runner.py:77} INFO - Job 117: Subtask download_dataset_task
[2022-09-17 07:12:53,098] {logging_mixin.py:109} INFO - Running <TaskInstance: green_taxi_data_v2.download_dataset_task scheduled__2019-02-02T06:00:00+00:00 [running]> on host ea53df3427ed
[2022-09-17 07:12:53,238] {warnings.py:110} WARNING - /home/***/.local/lib/python3.7/site-packages/***/utils/context.py:152: AirflowContextDeprecationWarning: Accessing 'execution_date' from the template is deprecated and will be removed in a future version. Please use 'data_interval_start' or 'logical_date' instead.
  warnings.warn(_create_deprecation_warning(key, self._deprecation_replacements[key]))

[2022-09-17 07:12:53,273] {taskinstance.py:1426} INFO - Exporting the following env vars:
AIRFLOW_CTX_DAG_OWNER=***
AIRFLOW_CTX_DAG_ID=green_taxi_data_v2
AIRFLOW_CTX_TASK_ID=download_dataset_task
AIRFLOW_CTX_EXECUTION_DATE=2019-02-02T06:00:00+00:00
AIRFLOW_CTX_DAG_RUN_ID=scheduled__2019-02-02T06:00:00+00:00
[2022-09-17 07:12:53,276] {subprocess.py:62} INFO - Tmp dir root location: 
 /tmp
[2022-09-17 07:12:53,276] {subprocess.py:74} INFO - Running command: ['bash', '-c', 'curl -sSLf https://d37ci6vzurychx.cloudfront.net/trip-data/green_tripdata_2019-02.parquet > /opt/***/green_tripdata_2019-02.parquet']
[2022-09-17 07:12:53,307] {subprocess.py:85} INFO - Output:
[2022-09-17 07:12:55,960] {subprocess.py:93} INFO - Command exited with return code 0
[2022-09-17 07:12:56,001] {taskinstance.py:1277} INFO - Marking task as SUCCESS. dag_id=green_taxi_data_v2, task_id=download_dataset_task, execution_date=20190202T060000, start_date=20220917T071252, end_date=20220917T071256
[2022-09-17 07:12:56,084] {local_task_job.py:154} INFO - Task exited with return code 0
[2022-09-17 07:12:56,169] {local_task_job.py:264} INFO - 1 downstream tasks scheduled from follow-on schedule check
[2022-09-20 15:11:43,709] {taskinstance.py:1032} INFO - Dependencies all met for <TaskInstance: green_taxi_data_v2.download_dataset_task scheduled__2019-02-02T06:00:00+00:00 [queued]>
[2022-09-20 15:11:43,743] {taskinstance.py:1032} INFO - Dependencies all met for <TaskInstance: green_taxi_data_v2.download_dataset_task scheduled__2019-02-02T06:00:00+00:00 [queued]>
[2022-09-20 15:11:43,743] {taskinstance.py:1238} INFO - 
--------------------------------------------------------------------------------
[2022-09-20 15:11:43,743] {taskinstance.py:1239} INFO - Starting attempt 1 of 2
[2022-09-20 15:11:43,743] {taskinstance.py:1240} INFO - 
--------------------------------------------------------------------------------
[2022-09-20 15:11:43,764] {taskinstance.py:1259} INFO - Executing <Task(BashOperator): download_dataset_task> on 2019-02-02 06:00:00+00:00
[2022-09-20 15:11:43,775] {standard_task_runner.py:52} INFO - Started process 106 to run task
[2022-09-20 15:11:43,799] {standard_task_runner.py:76} INFO - Running: ['***', 'tasks', 'run', 'green_taxi_data_v2', 'download_dataset_task', 'scheduled__2019-02-02T06:00:00+00:00', '--job-id', '32', '--raw', '--subdir', 'DAGS_FOLDER/data_ingestion_gcs_dag.py', '--cfg-path', '/tmp/tmppwosj91m', '--error-file', '/tmp/tmpjau_0cmh']
[2022-09-20 15:11:43,801] {standard_task_runner.py:77} INFO - Job 32: Subtask download_dataset_task
[2022-09-20 15:11:43,908] {logging_mixin.py:109} INFO - Running <TaskInstance: green_taxi_data_v2.download_dataset_task scheduled__2019-02-02T06:00:00+00:00 [running]> on host 0a2e8243e3d8
[2022-09-20 15:11:43,982] {warnings.py:110} WARNING - /home/***/.local/lib/python3.7/site-packages/***/utils/context.py:152: AirflowContextDeprecationWarning: Accessing 'execution_date' from the template is deprecated and will be removed in a future version. Please use 'data_interval_start' or 'logical_date' instead.
  warnings.warn(_create_deprecation_warning(key, self._deprecation_replacements[key]))

[2022-09-20 15:11:44,026] {taskinstance.py:1426} INFO - Exporting the following env vars:
AIRFLOW_CTX_DAG_OWNER=***
AIRFLOW_CTX_DAG_ID=green_taxi_data_v2
AIRFLOW_CTX_TASK_ID=download_dataset_task
AIRFLOW_CTX_EXECUTION_DATE=2019-02-02T06:00:00+00:00
AIRFLOW_CTX_DAG_RUN_ID=scheduled__2019-02-02T06:00:00+00:00
[2022-09-20 15:11:44,027] {subprocess.py:62} INFO - Tmp dir root location: 
 /tmp
[2022-09-20 15:11:44,028] {subprocess.py:74} INFO - Running command: ['bash', '-c', 'curl -sSLf https://d37ci6vzurychx.cloudfront.net/trip-data/green_tripdata_2019-02.parquet > /opt/***/green_tripdata_2019-02.parquet']
[2022-09-20 15:11:44,045] {subprocess.py:85} INFO - Output:
[2022-09-20 15:11:47,588] {subprocess.py:93} INFO - Command exited with return code 0
[2022-09-20 15:11:47,658] {taskinstance.py:1277} INFO - Marking task as SUCCESS. dag_id=green_taxi_data_v2, task_id=download_dataset_task, execution_date=20190202T060000, start_date=20220920T151143, end_date=20220920T151147
[2022-09-20 15:11:47,771] {local_task_job.py:154} INFO - Task exited with return code 0
[2022-09-20 15:11:47,895] {local_task_job.py:264} INFO - 1 downstream tasks scheduled from follow-on schedule check
[2022-09-20 15:31:35,235] {taskinstance.py:1032} INFO - Dependencies all met for <TaskInstance: green_taxi_data_v2.download_dataset_task scheduled__2019-02-02T06:00:00+00:00 [queued]>
[2022-09-20 15:31:35,279] {taskinstance.py:1032} INFO - Dependencies all met for <TaskInstance: green_taxi_data_v2.download_dataset_task scheduled__2019-02-02T06:00:00+00:00 [queued]>
[2022-09-20 15:31:35,282] {taskinstance.py:1238} INFO - 
--------------------------------------------------------------------------------
[2022-09-20 15:31:35,282] {taskinstance.py:1239} INFO - Starting attempt 1 of 2
[2022-09-20 15:31:35,282] {taskinstance.py:1240} INFO - 
--------------------------------------------------------------------------------
[2022-09-20 15:31:35,333] {taskinstance.py:1259} INFO - Executing <Task(BashOperator): download_dataset_task> on 2019-02-02 06:00:00+00:00
[2022-09-20 15:31:35,363] {standard_task_runner.py:52} INFO - Started process 217 to run task
[2022-09-20 15:31:35,439] {standard_task_runner.py:76} INFO - Running: ['***', 'tasks', 'run', 'green_taxi_data_v2', 'download_dataset_task', 'scheduled__2019-02-02T06:00:00+00:00', '--job-id', '20', '--raw', '--subdir', 'DAGS_FOLDER/data_ingestion_gcs_dag.py', '--cfg-path', '/tmp/tmptard8g8g', '--error-file', '/tmp/tmpw661drpe']
[2022-09-20 15:31:35,465] {standard_task_runner.py:77} INFO - Job 20: Subtask download_dataset_task
[2022-09-20 15:31:35,631] {logging_mixin.py:109} INFO - Running <TaskInstance: green_taxi_data_v2.download_dataset_task scheduled__2019-02-02T06:00:00+00:00 [running]> on host 788dccad41b9
[2022-09-20 15:31:35,809] {warnings.py:110} WARNING - /home/***/.local/lib/python3.7/site-packages/***/utils/context.py:152: AirflowContextDeprecationWarning: Accessing 'execution_date' from the template is deprecated and will be removed in a future version. Please use 'data_interval_start' or 'logical_date' instead.
  warnings.warn(_create_deprecation_warning(key, self._deprecation_replacements[key]))

[2022-09-20 15:31:35,870] {taskinstance.py:1426} INFO - Exporting the following env vars:
AIRFLOW_CTX_DAG_OWNER=***
AIRFLOW_CTX_DAG_ID=green_taxi_data_v2
AIRFLOW_CTX_TASK_ID=download_dataset_task
AIRFLOW_CTX_EXECUTION_DATE=2019-02-02T06:00:00+00:00
AIRFLOW_CTX_DAG_RUN_ID=scheduled__2019-02-02T06:00:00+00:00
[2022-09-20 15:31:35,873] {subprocess.py:62} INFO - Tmp dir root location: 
 /tmp
[2022-09-20 15:31:35,877] {subprocess.py:74} INFO - Running command: ['bash', '-c', 'curl -sSLf https://d37ci6vzurychx.cloudfront.net/trip-data/green_tripdata_2019-02.parquet > /opt/***/green_tripdata_2019-02.parquet']
[2022-09-20 15:31:35,925] {subprocess.py:85} INFO - Output:
[2022-09-20 15:31:38,210] {subprocess.py:93} INFO - Command exited with return code 0
[2022-09-20 15:31:38,396] {taskinstance.py:1277} INFO - Marking task as SUCCESS. dag_id=green_taxi_data_v2, task_id=download_dataset_task, execution_date=20190202T060000, start_date=20220920T153135, end_date=20220920T153138
[2022-09-20 15:31:38,433] {local_task_job.py:154} INFO - Task exited with return code 0
[2022-09-20 15:31:38,511] {local_task_job.py:264} INFO - 1 downstream tasks scheduled from follow-on schedule check
