[2022-09-17 07:13:01,556] {taskinstance.py:1032} INFO - Dependencies all met for <TaskInstance: green_taxi_data_v2.rm_task scheduled__2019-02-02T06:00:00+00:00 [queued]>
[2022-09-17 07:13:01,569] {taskinstance.py:1032} INFO - Dependencies all met for <TaskInstance: green_taxi_data_v2.rm_task scheduled__2019-02-02T06:00:00+00:00 [queued]>
[2022-09-17 07:13:01,570] {taskinstance.py:1238} INFO - 
--------------------------------------------------------------------------------
[2022-09-17 07:13:01,570] {taskinstance.py:1239} INFO - Starting attempt 1 of 2
[2022-09-17 07:13:01,570] {taskinstance.py:1240} INFO - 
--------------------------------------------------------------------------------
[2022-09-17 07:13:01,584] {taskinstance.py:1259} INFO - Executing <Task(BashOperator): rm_task> on 2019-02-02 06:00:00+00:00
[2022-09-17 07:13:01,591] {standard_task_runner.py:52} INFO - Started process 259 to run task
[2022-09-17 07:13:01,596] {standard_task_runner.py:76} INFO - Running: ['***', 'tasks', 'run', 'green_taxi_data_v2', 'rm_task', 'scheduled__2019-02-02T06:00:00+00:00', '--job-id', '123', '--raw', '--subdir', 'DAGS_FOLDER/data_ingestion_gcs_dag.py', '--cfg-path', '/tmp/tmpuplf5vyv', '--error-file', '/tmp/tmpopbgcibe']
[2022-09-17 07:13:01,598] {standard_task_runner.py:77} INFO - Job 123: Subtask rm_task
[2022-09-17 07:13:01,663] {logging_mixin.py:109} INFO - Running <TaskInstance: green_taxi_data_v2.rm_task scheduled__2019-02-02T06:00:00+00:00 [running]> on host ea53df3427ed
[2022-09-17 07:13:01,711] {warnings.py:110} WARNING - /home/***/.local/lib/python3.7/site-packages/***/utils/context.py:152: AirflowContextDeprecationWarning: Accessing 'execution_date' from the template is deprecated and will be removed in a future version. Please use 'data_interval_start' or 'logical_date' instead.
  warnings.warn(_create_deprecation_warning(key, self._deprecation_replacements[key]))

[2022-09-17 07:13:01,743] {taskinstance.py:1426} INFO - Exporting the following env vars:
AIRFLOW_CTX_DAG_OWNER=***
AIRFLOW_CTX_DAG_ID=green_taxi_data_v2
AIRFLOW_CTX_TASK_ID=rm_task
AIRFLOW_CTX_EXECUTION_DATE=2019-02-02T06:00:00+00:00
AIRFLOW_CTX_DAG_RUN_ID=scheduled__2019-02-02T06:00:00+00:00
[2022-09-17 07:13:01,744] {subprocess.py:62} INFO - Tmp dir root location: 
 /tmp
[2022-09-17 07:13:01,745] {subprocess.py:74} INFO - Running command: ['bash', '-c', 'rm /opt/***/green_tripdata_2019-02.parquet']
[2022-09-17 07:13:01,769] {subprocess.py:85} INFO - Output:
[2022-09-17 07:13:01,778] {subprocess.py:93} INFO - Command exited with return code 0
[2022-09-17 07:13:01,815] {taskinstance.py:1277} INFO - Marking task as SUCCESS. dag_id=green_taxi_data_v2, task_id=rm_task, execution_date=20190202T060000, start_date=20220917T071301, end_date=20220917T071301
[2022-09-17 07:13:01,853] {local_task_job.py:154} INFO - Task exited with return code 0
[2022-09-17 07:13:01,893] {local_task_job.py:264} INFO - 0 downstream tasks scheduled from follow-on schedule check
[2022-09-20 15:31:44,225] {taskinstance.py:1032} INFO - Dependencies all met for <TaskInstance: green_taxi_data_v2.rm_task scheduled__2019-02-02T06:00:00+00:00 [queued]>
[2022-09-20 15:31:44,273] {taskinstance.py:1032} INFO - Dependencies all met for <TaskInstance: green_taxi_data_v2.rm_task scheduled__2019-02-02T06:00:00+00:00 [queued]>
[2022-09-20 15:31:44,273] {taskinstance.py:1238} INFO - 
--------------------------------------------------------------------------------
[2022-09-20 15:31:44,274] {taskinstance.py:1239} INFO - Starting attempt 1 of 2
[2022-09-20 15:31:44,274] {taskinstance.py:1240} INFO - 
--------------------------------------------------------------------------------
[2022-09-20 15:31:44,310] {taskinstance.py:1259} INFO - Executing <Task(BashOperator): rm_task> on 2019-02-02 06:00:00+00:00
[2022-09-20 15:31:44,333] {standard_task_runner.py:52} INFO - Started process 269 to run task
[2022-09-20 15:31:44,373] {standard_task_runner.py:76} INFO - Running: ['***', 'tasks', 'run', 'green_taxi_data_v2', 'rm_task', 'scheduled__2019-02-02T06:00:00+00:00', '--job-id', '31', '--raw', '--subdir', 'DAGS_FOLDER/data_ingestion_gcs_dag.py', '--cfg-path', '/tmp/tmpdetcc__6', '--error-file', '/tmp/tmpco99gysy']
[2022-09-20 15:31:44,381] {standard_task_runner.py:77} INFO - Job 31: Subtask rm_task
[2022-09-20 15:31:44,716] {logging_mixin.py:109} INFO - Running <TaskInstance: green_taxi_data_v2.rm_task scheduled__2019-02-02T06:00:00+00:00 [running]> on host 788dccad41b9
[2022-09-20 15:31:44,990] {warnings.py:110} WARNING - /home/***/.local/lib/python3.7/site-packages/***/utils/context.py:152: AirflowContextDeprecationWarning: Accessing 'execution_date' from the template is deprecated and will be removed in a future version. Please use 'data_interval_start' or 'logical_date' instead.
  warnings.warn(_create_deprecation_warning(key, self._deprecation_replacements[key]))

[2022-09-20 15:31:45,133] {taskinstance.py:1426} INFO - Exporting the following env vars:
AIRFLOW_CTX_DAG_OWNER=***
AIRFLOW_CTX_DAG_ID=green_taxi_data_v2
AIRFLOW_CTX_TASK_ID=rm_task
AIRFLOW_CTX_EXECUTION_DATE=2019-02-02T06:00:00+00:00
AIRFLOW_CTX_DAG_RUN_ID=scheduled__2019-02-02T06:00:00+00:00
[2022-09-20 15:31:45,136] {subprocess.py:62} INFO - Tmp dir root location: 
 /tmp
[2022-09-20 15:31:45,138] {subprocess.py:74} INFO - Running command: ['bash', '-c', 'rm /opt/***/green_tripdata_2019-02.parquet']
[2022-09-20 15:31:45,235] {subprocess.py:85} INFO - Output:
[2022-09-20 15:31:45,277] {subprocess.py:93} INFO - Command exited with return code 0
[2022-09-20 15:31:45,335] {taskinstance.py:1277} INFO - Marking task as SUCCESS. dag_id=green_taxi_data_v2, task_id=rm_task, execution_date=20190202T060000, start_date=20220920T153144, end_date=20220920T153145
[2022-09-20 15:31:45,418] {local_task_job.py:154} INFO - Task exited with return code 0
[2022-09-20 15:31:45,499] {local_task_job.py:264} INFO - 0 downstream tasks scheduled from follow-on schedule check
