[2022-09-17 06:07:35,882] {taskinstance.py:1032} INFO - Dependencies all met for <TaskInstance: yellow_taxi_data_v2.local_to_gcs_task scheduled__2020-10-02T06:00:00+00:00 [queued]>
[2022-09-17 06:07:35,894] {taskinstance.py:1032} INFO - Dependencies all met for <TaskInstance: yellow_taxi_data_v2.local_to_gcs_task scheduled__2020-10-02T06:00:00+00:00 [queued]>
[2022-09-17 06:07:35,894] {taskinstance.py:1238} INFO - 
--------------------------------------------------------------------------------
[2022-09-17 06:07:35,894] {taskinstance.py:1239} INFO - Starting attempt 1 of 2
[2022-09-17 06:07:35,894] {taskinstance.py:1240} INFO - 
--------------------------------------------------------------------------------
[2022-09-17 06:07:35,907] {taskinstance.py:1259} INFO - Executing <Task(PythonOperator): local_to_gcs_task> on 2020-10-02 06:00:00+00:00
[2022-09-17 06:07:35,913] {standard_task_runner.py:52} INFO - Started process 5332 to run task
[2022-09-17 06:07:35,918] {standard_task_runner.py:76} INFO - Running: ['***', 'tasks', 'run', 'yellow_taxi_data_v2', 'local_to_gcs_task', 'scheduled__2020-10-02T06:00:00+00:00', '--job-id', '69', '--raw', '--subdir', 'DAGS_FOLDER/data_ingestion_gcs_dag.py', '--cfg-path', '/tmp/tmpvbxgpu9h', '--error-file', '/tmp/tmpa_zreqn_']
[2022-09-17 06:07:35,920] {standard_task_runner.py:77} INFO - Job 69: Subtask local_to_gcs_task
[2022-09-17 06:07:35,996] {logging_mixin.py:109} INFO - Running <TaskInstance: yellow_taxi_data_v2.local_to_gcs_task scheduled__2020-10-02T06:00:00+00:00 [running]> on host 10d063af5ba7
[2022-09-17 06:07:36,053] {warnings.py:110} WARNING - /home/***/.local/lib/python3.7/site-packages/***/utils/context.py:152: AirflowContextDeprecationWarning: Accessing 'execution_date' from the template is deprecated and will be removed in a future version. Please use 'data_interval_start' or 'logical_date' instead.
  warnings.warn(_create_deprecation_warning(key, self._deprecation_replacements[key]))

[2022-09-17 06:07:36,078] {taskinstance.py:1426} INFO - Exporting the following env vars:
AIRFLOW_CTX_DAG_OWNER=***
AIRFLOW_CTX_DAG_ID=yellow_taxi_data_v2
AIRFLOW_CTX_TASK_ID=local_to_gcs_task
AIRFLOW_CTX_EXECUTION_DATE=2020-10-02T06:00:00+00:00
AIRFLOW_CTX_DAG_RUN_ID=scheduled__2020-10-02T06:00:00+00:00
[2022-09-17 06:07:37,966] {python.py:175} INFO - Done. Returned value was: None
[2022-09-17 06:07:37,984] {taskinstance.py:1277} INFO - Marking task as SUCCESS. dag_id=yellow_taxi_data_v2, task_id=local_to_gcs_task, execution_date=20201002T060000, start_date=20220917T060735, end_date=20220917T060737
[2022-09-17 06:07:38,018] {local_task_job.py:154} INFO - Task exited with return code 0
[2022-09-17 06:07:38,062] {local_task_job.py:264} INFO - 1 downstream tasks scheduled from follow-on schedule check
