[2022-09-17 06:52:33,851] {taskinstance.py:1032} INFO - Dependencies all met for <TaskInstance: fhv_data_v2.local_to_gcs_task scheduled__2019-10-02T06:00:00+00:00 [queued]>
[2022-09-17 06:52:33,866] {taskinstance.py:1032} INFO - Dependencies all met for <TaskInstance: fhv_data_v2.local_to_gcs_task scheduled__2019-10-02T06:00:00+00:00 [queued]>
[2022-09-17 06:52:33,866] {taskinstance.py:1238} INFO - 
--------------------------------------------------------------------------------
[2022-09-17 06:52:33,866] {taskinstance.py:1239} INFO - Starting attempt 1 of 2
[2022-09-17 06:52:33,866] {taskinstance.py:1240} INFO - 
--------------------------------------------------------------------------------
[2022-09-17 06:52:33,884] {taskinstance.py:1259} INFO - Executing <Task(PythonOperator): local_to_gcs_task> on 2019-10-02 06:00:00+00:00
[2022-09-17 06:52:33,892] {standard_task_runner.py:52} INFO - Started process 7467 to run task
[2022-09-17 06:52:33,900] {standard_task_runner.py:76} INFO - Running: ['***', 'tasks', 'run', 'fhv_data_v2', 'local_to_gcs_task', 'scheduled__2019-10-02T06:00:00+00:00', '--job-id', '105', '--raw', '--subdir', 'DAGS_FOLDER/data_ingestion_gcs_dag.py', '--cfg-path', '/tmp/tmpi3w6wurv', '--error-file', '/tmp/tmpqrwdbxu0']
[2022-09-17 06:52:33,901] {standard_task_runner.py:77} INFO - Job 105: Subtask local_to_gcs_task
[2022-09-17 06:52:33,974] {logging_mixin.py:109} INFO - Running <TaskInstance: fhv_data_v2.local_to_gcs_task scheduled__2019-10-02T06:00:00+00:00 [running]> on host 10d063af5ba7
[2022-09-17 06:52:34,023] {warnings.py:110} WARNING - /home/***/.local/lib/python3.7/site-packages/***/utils/context.py:152: AirflowContextDeprecationWarning: Accessing 'execution_date' from the template is deprecated and will be removed in a future version. Please use 'data_interval_start' or 'logical_date' instead.
  warnings.warn(_create_deprecation_warning(key, self._deprecation_replacements[key]))

[2022-09-17 06:52:34,050] {taskinstance.py:1426} INFO - Exporting the following env vars:
AIRFLOW_CTX_DAG_OWNER=***
AIRFLOW_CTX_DAG_ID=fhv_data_v2
AIRFLOW_CTX_TASK_ID=local_to_gcs_task
AIRFLOW_CTX_EXECUTION_DATE=2019-10-02T06:00:00+00:00
AIRFLOW_CTX_DAG_RUN_ID=scheduled__2019-10-02T06:00:00+00:00
[2022-09-17 06:52:35,569] {python.py:175} INFO - Done. Returned value was: None
[2022-09-17 06:52:35,587] {taskinstance.py:1277} INFO - Marking task as SUCCESS. dag_id=fhv_data_v2, task_id=local_to_gcs_task, execution_date=20191002T060000, start_date=20220917T065233, end_date=20220917T065235
[2022-09-17 06:52:35,639] {local_task_job.py:154} INFO - Task exited with return code 0
[2022-09-17 06:52:35,683] {local_task_job.py:264} INFO - 1 downstream tasks scheduled from follow-on schedule check
