[2022-09-17 07:12:52,902] {taskinstance.py:1032} INFO - Dependencies all met for <TaskInstance: green_taxi_data_v2.download_dataset_task scheduled__2019-01-02T06:00:00+00:00 [queued]>
[2022-09-17 07:12:52,918] {taskinstance.py:1032} INFO - Dependencies all met for <TaskInstance: green_taxi_data_v2.download_dataset_task scheduled__2019-01-02T06:00:00+00:00 [queued]>
[2022-09-17 07:12:52,918] {taskinstance.py:1238} INFO - 
--------------------------------------------------------------------------------
[2022-09-17 07:12:52,918] {taskinstance.py:1239} INFO - Starting attempt 1 of 2
[2022-09-17 07:12:52,918] {taskinstance.py:1240} INFO - 
--------------------------------------------------------------------------------
[2022-09-17 07:12:52,951] {taskinstance.py:1259} INFO - Executing <Task(BashOperator): download_dataset_task> on 2019-01-02 06:00:00+00:00
[2022-09-17 07:12:52,959] {standard_task_runner.py:52} INFO - Started process 234 to run task
[2022-09-17 07:12:52,980] {standard_task_runner.py:76} INFO - Running: ['***', 'tasks', 'run', 'green_taxi_data_v2', 'download_dataset_task', 'scheduled__2019-01-02T06:00:00+00:00', '--job-id', '119', '--raw', '--subdir', 'DAGS_FOLDER/data_ingestion_gcs_dag.py', '--cfg-path', '/tmp/tmpkbidibk9', '--error-file', '/tmp/tmp4frgyxgu']
[2022-09-17 07:12:52,981] {standard_task_runner.py:77} INFO - Job 119: Subtask download_dataset_task
[2022-09-17 07:12:53,122] {logging_mixin.py:109} INFO - Running <TaskInstance: green_taxi_data_v2.download_dataset_task scheduled__2019-01-02T06:00:00+00:00 [running]> on host ea53df3427ed
[2022-09-17 07:12:53,232] {warnings.py:110} WARNING - /home/***/.local/lib/python3.7/site-packages/***/utils/context.py:152: AirflowContextDeprecationWarning: Accessing 'execution_date' from the template is deprecated and will be removed in a future version. Please use 'data_interval_start' or 'logical_date' instead.
  warnings.warn(_create_deprecation_warning(key, self._deprecation_replacements[key]))

[2022-09-17 07:12:53,292] {taskinstance.py:1426} INFO - Exporting the following env vars:
AIRFLOW_CTX_DAG_OWNER=***
AIRFLOW_CTX_DAG_ID=green_taxi_data_v2
AIRFLOW_CTX_TASK_ID=download_dataset_task
AIRFLOW_CTX_EXECUTION_DATE=2019-01-02T06:00:00+00:00
AIRFLOW_CTX_DAG_RUN_ID=scheduled__2019-01-02T06:00:00+00:00
[2022-09-17 07:12:53,293] {subprocess.py:62} INFO - Tmp dir root location: 
 /tmp
[2022-09-17 07:12:53,294] {subprocess.py:74} INFO - Running command: ['bash', '-c', 'curl -sSLf https://d37ci6vzurychx.cloudfront.net/trip-data/green_tripdata_2019-01.parquet > /opt/***/green_tripdata_2019-01.parquet']
[2022-09-17 07:12:53,321] {subprocess.py:85} INFO - Output:
[2022-09-17 07:12:58,096] {subprocess.py:93} INFO - Command exited with return code 0
[2022-09-17 07:12:58,197] {taskinstance.py:1277} INFO - Marking task as SUCCESS. dag_id=green_taxi_data_v2, task_id=download_dataset_task, execution_date=20190102T060000, start_date=20220917T071252, end_date=20220917T071258
[2022-09-17 07:12:58,245] {local_task_job.py:154} INFO - Task exited with return code 0
[2022-09-17 07:12:58,294] {local_task_job.py:264} INFO - 1 downstream tasks scheduled from follow-on schedule check
[2022-09-20 15:11:42,494] {taskinstance.py:1032} INFO - Dependencies all met for <TaskInstance: green_taxi_data_v2.download_dataset_task scheduled__2019-01-02T06:00:00+00:00 [queued]>
[2022-09-20 15:11:42,534] {taskinstance.py:1032} INFO - Dependencies all met for <TaskInstance: green_taxi_data_v2.download_dataset_task scheduled__2019-01-02T06:00:00+00:00 [queued]>
[2022-09-20 15:11:42,534] {taskinstance.py:1238} INFO - 
--------------------------------------------------------------------------------
[2022-09-20 15:11:42,535] {taskinstance.py:1239} INFO - Starting attempt 1 of 2
[2022-09-20 15:11:42,535] {taskinstance.py:1240} INFO - 
--------------------------------------------------------------------------------
[2022-09-20 15:11:42,575] {taskinstance.py:1259} INFO - Executing <Task(BashOperator): download_dataset_task> on 2019-01-02 06:00:00+00:00
[2022-09-20 15:11:42,601] {standard_task_runner.py:76} INFO - Running: ['***', 'tasks', 'run', 'green_taxi_data_v2', 'download_dataset_task', 'scheduled__2019-01-02T06:00:00+00:00', '--job-id', '27', '--raw', '--subdir', 'DAGS_FOLDER/data_ingestion_gcs_dag.py', '--cfg-path', '/tmp/tmp5fq9bke5', '--error-file', '/tmp/tmpbb8bs6wu']
[2022-09-20 15:11:42,616] {standard_task_runner.py:77} INFO - Job 27: Subtask download_dataset_task
[2022-09-20 15:11:42,583] {standard_task_runner.py:52} INFO - Started process 95 to run task
[2022-09-20 15:11:42,792] {logging_mixin.py:109} INFO - Running <TaskInstance: green_taxi_data_v2.download_dataset_task scheduled__2019-01-02T06:00:00+00:00 [running]> on host 0a2e8243e3d8
[2022-09-20 15:11:42,885] {warnings.py:110} WARNING - /home/***/.local/lib/python3.7/site-packages/***/utils/context.py:152: AirflowContextDeprecationWarning: Accessing 'execution_date' from the template is deprecated and will be removed in a future version. Please use 'data_interval_start' or 'logical_date' instead.
  warnings.warn(_create_deprecation_warning(key, self._deprecation_replacements[key]))

[2022-09-20 15:11:42,945] {taskinstance.py:1426} INFO - Exporting the following env vars:
AIRFLOW_CTX_DAG_OWNER=***
AIRFLOW_CTX_DAG_ID=green_taxi_data_v2
AIRFLOW_CTX_TASK_ID=download_dataset_task
AIRFLOW_CTX_EXECUTION_DATE=2019-01-02T06:00:00+00:00
AIRFLOW_CTX_DAG_RUN_ID=scheduled__2019-01-02T06:00:00+00:00
[2022-09-20 15:11:42,946] {subprocess.py:62} INFO - Tmp dir root location: 
 /tmp
[2022-09-20 15:11:42,947] {subprocess.py:74} INFO - Running command: ['bash', '-c', 'curl -sSLf https://d37ci6vzurychx.cloudfront.net/trip-data/green_tripdata_2019-01.parquet > /opt/***/green_tripdata_2019-01.parquet']
[2022-09-20 15:11:42,977] {subprocess.py:85} INFO - Output:
[2022-09-20 15:11:45,833] {subprocess.py:93} INFO - Command exited with return code 0
[2022-09-20 15:11:45,908] {taskinstance.py:1277} INFO - Marking task as SUCCESS. dag_id=green_taxi_data_v2, task_id=download_dataset_task, execution_date=20190102T060000, start_date=20220920T151142, end_date=20220920T151145
[2022-09-20 15:11:45,947] {local_task_job.py:154} INFO - Task exited with return code 0
[2022-09-20 15:11:46,025] {local_task_job.py:264} INFO - 1 downstream tasks scheduled from follow-on schedule check
[2022-09-20 15:31:33,402] {taskinstance.py:1032} INFO - Dependencies all met for <TaskInstance: green_taxi_data_v2.download_dataset_task scheduled__2019-01-02T06:00:00+00:00 [queued]>
[2022-09-20 15:31:33,454] {taskinstance.py:1032} INFO - Dependencies all met for <TaskInstance: green_taxi_data_v2.download_dataset_task scheduled__2019-01-02T06:00:00+00:00 [queued]>
[2022-09-20 15:31:33,455] {taskinstance.py:1238} INFO - 
--------------------------------------------------------------------------------
[2022-09-20 15:31:33,455] {taskinstance.py:1239} INFO - Starting attempt 1 of 2
[2022-09-20 15:31:33,455] {taskinstance.py:1240} INFO - 
--------------------------------------------------------------------------------
[2022-09-20 15:31:33,490] {taskinstance.py:1259} INFO - Executing <Task(BashOperator): download_dataset_task> on 2019-01-02 06:00:00+00:00
[2022-09-20 15:31:33,511] {standard_task_runner.py:52} INFO - Started process 202 to run task
[2022-09-20 15:31:33,533] {standard_task_runner.py:76} INFO - Running: ['***', 'tasks', 'run', 'green_taxi_data_v2', 'download_dataset_task', 'scheduled__2019-01-02T06:00:00+00:00', '--job-id', '17', '--raw', '--subdir', 'DAGS_FOLDER/data_ingestion_gcs_dag.py', '--cfg-path', '/tmp/tmp4zw2qxmp', '--error-file', '/tmp/tmpxng5arjy']
[2022-09-20 15:31:33,535] {standard_task_runner.py:77} INFO - Job 17: Subtask download_dataset_task
[2022-09-20 15:31:33,812] {logging_mixin.py:109} INFO - Running <TaskInstance: green_taxi_data_v2.download_dataset_task scheduled__2019-01-02T06:00:00+00:00 [running]> on host 788dccad41b9
[2022-09-20 15:31:33,887] {warnings.py:110} WARNING - /home/***/.local/lib/python3.7/site-packages/***/utils/context.py:152: AirflowContextDeprecationWarning: Accessing 'execution_date' from the template is deprecated and will be removed in a future version. Please use 'data_interval_start' or 'logical_date' instead.
  warnings.warn(_create_deprecation_warning(key, self._deprecation_replacements[key]))

[2022-09-20 15:31:33,945] {taskinstance.py:1426} INFO - Exporting the following env vars:
AIRFLOW_CTX_DAG_OWNER=***
AIRFLOW_CTX_DAG_ID=green_taxi_data_v2
AIRFLOW_CTX_TASK_ID=download_dataset_task
AIRFLOW_CTX_EXECUTION_DATE=2019-01-02T06:00:00+00:00
AIRFLOW_CTX_DAG_RUN_ID=scheduled__2019-01-02T06:00:00+00:00
[2022-09-20 15:31:33,947] {subprocess.py:62} INFO - Tmp dir root location: 
 /tmp
[2022-09-20 15:31:33,947] {subprocess.py:74} INFO - Running command: ['bash', '-c', 'curl -sSLf https://d37ci6vzurychx.cloudfront.net/trip-data/green_tripdata_2019-01.parquet > /opt/***/green_tripdata_2019-01.parquet']
[2022-09-20 15:31:34,012] {subprocess.py:85} INFO - Output:
[2022-09-20 15:31:36,471] {subprocess.py:93} INFO - Command exited with return code 0
[2022-09-20 15:31:36,635] {taskinstance.py:1277} INFO - Marking task as SUCCESS. dag_id=green_taxi_data_v2, task_id=download_dataset_task, execution_date=20190102T060000, start_date=20220920T153133, end_date=20220920T153136
[2022-09-20 15:31:36,702] {local_task_job.py:154} INFO - Task exited with return code 0
[2022-09-20 15:31:36,813] {local_task_job.py:264} INFO - 1 downstream tasks scheduled from follow-on schedule check
