[2022-09-20 14:52:20,844] {processor.py:163} INFO - Started process (PID=39) to work on /opt/airflow/dags/data_ingestion_gcs_dag.py
[2022-09-20 14:52:20,853] {processor.py:642} INFO - Processing file /opt/airflow/dags/data_ingestion_gcs_dag.py for tasks to queue
[2022-09-20 14:52:20,854] {logging_mixin.py:109} INFO - [2022-09-20 14:52:20,854] {dagbag.py:500} INFO - Filling up the DagBag from /opt/airflow/dags/data_ingestion_gcs_dag.py
[2022-09-20 14:52:24,498] {processor.py:654} INFO - DAG(s) dict_keys(['yellow_taxi_data_v2', 'fhv_data_v2', 'green_taxi_data_v2']) retrieved from /opt/airflow/dags/data_ingestion_gcs_dag.py
[2022-09-20 14:52:32,088] {logging_mixin.py:109} INFO - [2022-09-20 14:52:32,087] {manager.py:496} INFO - Created Permission View: can edit on DAG:yellow_taxi_data_v2
[2022-09-20 14:52:32,103] {logging_mixin.py:109} INFO - [2022-09-20 14:52:32,103] {manager.py:496} INFO - Created Permission View: can read on DAG:yellow_taxi_data_v2
[2022-09-20 14:52:32,131] {logging_mixin.py:109} INFO - [2022-09-20 14:52:32,131] {manager.py:496} INFO - Created Permission View: can edit on DAG:fhv_data_v2
[2022-09-20 14:52:32,142] {logging_mixin.py:109} INFO - [2022-09-20 14:52:32,142] {manager.py:496} INFO - Created Permission View: can read on DAG:fhv_data_v2
[2022-09-20 14:52:32,165] {logging_mixin.py:109} INFO - [2022-09-20 14:52:32,165] {manager.py:496} INFO - Created Permission View: can edit on DAG:green_taxi_data_v2
[2022-09-20 14:52:32,175] {logging_mixin.py:109} INFO - [2022-09-20 14:52:32,175] {manager.py:496} INFO - Created Permission View: can read on DAG:green_taxi_data_v2
[2022-09-20 14:52:32,176] {logging_mixin.py:109} INFO - [2022-09-20 14:52:32,176] {dag.py:2396} INFO - Sync 3 DAGs
[2022-09-20 14:52:32,200] {logging_mixin.py:109} INFO - [2022-09-20 14:52:32,200] {dag.py:2415} INFO - Creating ORM DAG for green_taxi_data_v2
[2022-09-20 14:52:32,204] {logging_mixin.py:109} INFO - [2022-09-20 14:52:32,204] {dag.py:2415} INFO - Creating ORM DAG for yellow_taxi_data_v2
[2022-09-20 14:52:32,205] {logging_mixin.py:109} INFO - [2022-09-20 14:52:32,205] {dag.py:2415} INFO - Creating ORM DAG for fhv_data_v2
[2022-09-20 14:52:32,221] {logging_mixin.py:109} INFO - [2022-09-20 14:52:32,221] {dag.py:2935} INFO - Setting next_dagrun for fhv_data_v2 to 2019-01-02 06:00:00+00:00
[2022-09-20 14:52:32,224] {logging_mixin.py:109} INFO - [2022-09-20 14:52:32,224] {dag.py:2935} INFO - Setting next_dagrun for green_taxi_data_v2 to 2019-01-02 06:00:00+00:00
[2022-09-20 14:52:32,227] {logging_mixin.py:109} INFO - [2022-09-20 14:52:32,227] {dag.py:2935} INFO - Setting next_dagrun for yellow_taxi_data_v2 to 2019-01-02 06:00:00+00:00
[2022-09-20 14:52:32,247] {processor.py:171} INFO - Processing /opt/airflow/dags/data_ingestion_gcs_dag.py took 11.425 seconds
[2022-09-20 14:53:02,346] {processor.py:163} INFO - Started process (PID=88) to work on /opt/airflow/dags/data_ingestion_gcs_dag.py
[2022-09-20 14:53:02,351] {processor.py:642} INFO - Processing file /opt/airflow/dags/data_ingestion_gcs_dag.py for tasks to queue
[2022-09-20 14:53:02,352] {logging_mixin.py:109} INFO - [2022-09-20 14:53:02,351] {dagbag.py:500} INFO - Filling up the DagBag from /opt/airflow/dags/data_ingestion_gcs_dag.py
[2022-09-20 14:53:03,194] {processor.py:654} INFO - DAG(s) dict_keys(['yellow_taxi_data_v2', 'fhv_data_v2', 'green_taxi_data_v2']) retrieved from /opt/airflow/dags/data_ingestion_gcs_dag.py
[2022-09-20 14:53:03,211] {logging_mixin.py:109} INFO - [2022-09-20 14:53:03,211] {dag.py:2396} INFO - Sync 3 DAGs
[2022-09-20 14:53:03,230] {logging_mixin.py:109} INFO - [2022-09-20 14:53:03,230] {dag.py:2935} INFO - Setting next_dagrun for fhv_data_v2 to 2019-01-02 06:00:00+00:00
[2022-09-20 14:53:03,232] {logging_mixin.py:109} INFO - [2022-09-20 14:53:03,232] {dag.py:2935} INFO - Setting next_dagrun for green_taxi_data_v2 to 2019-01-02 06:00:00+00:00
[2022-09-20 14:53:03,233] {logging_mixin.py:109} INFO - [2022-09-20 14:53:03,233] {dag.py:2935} INFO - Setting next_dagrun for yellow_taxi_data_v2 to 2019-01-02 06:00:00+00:00
[2022-09-20 14:53:03,244] {processor.py:171} INFO - Processing /opt/airflow/dags/data_ingestion_gcs_dag.py took 0.903 seconds
[2022-09-20 14:53:33,338] {processor.py:163} INFO - Started process (PID=121) to work on /opt/airflow/dags/data_ingestion_gcs_dag.py
[2022-09-20 14:53:33,341] {processor.py:642} INFO - Processing file /opt/airflow/dags/data_ingestion_gcs_dag.py for tasks to queue
[2022-09-20 14:53:33,342] {logging_mixin.py:109} INFO - [2022-09-20 14:53:33,342] {dagbag.py:500} INFO - Filling up the DagBag from /opt/airflow/dags/data_ingestion_gcs_dag.py
[2022-09-20 14:53:34,166] {processor.py:654} INFO - DAG(s) dict_keys(['yellow_taxi_data_v2', 'fhv_data_v2', 'green_taxi_data_v2']) retrieved from /opt/airflow/dags/data_ingestion_gcs_dag.py
[2022-09-20 14:53:34,185] {logging_mixin.py:109} INFO - [2022-09-20 14:53:34,184] {dag.py:2396} INFO - Sync 3 DAGs
[2022-09-20 14:53:34,204] {logging_mixin.py:109} INFO - [2022-09-20 14:53:34,204] {dag.py:2935} INFO - Setting next_dagrun for fhv_data_v2 to 2019-01-02 06:00:00+00:00
[2022-09-20 14:53:34,206] {logging_mixin.py:109} INFO - [2022-09-20 14:53:34,206] {dag.py:2935} INFO - Setting next_dagrun for green_taxi_data_v2 to 2019-01-02 06:00:00+00:00
[2022-09-20 14:53:34,208] {logging_mixin.py:109} INFO - [2022-09-20 14:53:34,208] {dag.py:2935} INFO - Setting next_dagrun for yellow_taxi_data_v2 to 2019-01-02 06:00:00+00:00
[2022-09-20 14:53:34,219] {processor.py:171} INFO - Processing /opt/airflow/dags/data_ingestion_gcs_dag.py took 0.885 seconds
[2022-09-20 14:54:04,314] {processor.py:163} INFO - Started process (PID=146) to work on /opt/airflow/dags/data_ingestion_gcs_dag.py
[2022-09-20 14:54:04,315] {processor.py:642} INFO - Processing file /opt/airflow/dags/data_ingestion_gcs_dag.py for tasks to queue
[2022-09-20 14:54:04,316] {logging_mixin.py:109} INFO - [2022-09-20 14:54:04,316] {dagbag.py:500} INFO - Filling up the DagBag from /opt/airflow/dags/data_ingestion_gcs_dag.py
[2022-09-20 14:54:05,174] {processor.py:654} INFO - DAG(s) dict_keys(['yellow_taxi_data_v2', 'fhv_data_v2', 'green_taxi_data_v2']) retrieved from /opt/airflow/dags/data_ingestion_gcs_dag.py
[2022-09-20 14:54:05,192] {logging_mixin.py:109} INFO - [2022-09-20 14:54:05,192] {dag.py:2396} INFO - Sync 3 DAGs
[2022-09-20 14:54:05,208] {logging_mixin.py:109} INFO - [2022-09-20 14:54:05,208] {dag.py:2935} INFO - Setting next_dagrun for fhv_data_v2 to 2019-01-02 06:00:00+00:00
[2022-09-20 14:54:05,210] {logging_mixin.py:109} INFO - [2022-09-20 14:54:05,210] {dag.py:2935} INFO - Setting next_dagrun for green_taxi_data_v2 to 2019-01-02 06:00:00+00:00
[2022-09-20 14:54:05,211] {logging_mixin.py:109} INFO - [2022-09-20 14:54:05,211] {dag.py:2935} INFO - Setting next_dagrun for yellow_taxi_data_v2 to 2019-01-02 06:00:00+00:00
[2022-09-20 14:54:05,221] {processor.py:171} INFO - Processing /opt/airflow/dags/data_ingestion_gcs_dag.py took 0.911 seconds
[2022-09-20 14:54:35,307] {processor.py:163} INFO - Started process (PID=169) to work on /opt/airflow/dags/data_ingestion_gcs_dag.py
[2022-09-20 14:54:35,309] {processor.py:642} INFO - Processing file /opt/airflow/dags/data_ingestion_gcs_dag.py for tasks to queue
[2022-09-20 14:54:35,310] {logging_mixin.py:109} INFO - [2022-09-20 14:54:35,309] {dagbag.py:500} INFO - Filling up the DagBag from /opt/airflow/dags/data_ingestion_gcs_dag.py
[2022-09-20 14:54:36,183] {processor.py:654} INFO - DAG(s) dict_keys(['yellow_taxi_data_v2', 'fhv_data_v2', 'green_taxi_data_v2']) retrieved from /opt/airflow/dags/data_ingestion_gcs_dag.py
[2022-09-20 14:54:36,207] {logging_mixin.py:109} INFO - [2022-09-20 14:54:36,207] {dag.py:2396} INFO - Sync 3 DAGs
[2022-09-20 14:54:36,229] {logging_mixin.py:109} INFO - [2022-09-20 14:54:36,229] {dag.py:2935} INFO - Setting next_dagrun for fhv_data_v2 to 2019-01-02 06:00:00+00:00
[2022-09-20 14:54:36,231] {logging_mixin.py:109} INFO - [2022-09-20 14:54:36,231] {dag.py:2935} INFO - Setting next_dagrun for green_taxi_data_v2 to 2019-01-02 06:00:00+00:00
[2022-09-20 14:54:36,233] {logging_mixin.py:109} INFO - [2022-09-20 14:54:36,232] {dag.py:2935} INFO - Setting next_dagrun for yellow_taxi_data_v2 to 2019-01-02 06:00:00+00:00
[2022-09-20 14:54:36,244] {processor.py:171} INFO - Processing /opt/airflow/dags/data_ingestion_gcs_dag.py took 0.941 seconds
[2022-09-20 14:55:06,337] {processor.py:163} INFO - Started process (PID=202) to work on /opt/airflow/dags/data_ingestion_gcs_dag.py
[2022-09-20 14:55:06,339] {processor.py:642} INFO - Processing file /opt/airflow/dags/data_ingestion_gcs_dag.py for tasks to queue
[2022-09-20 14:55:06,340] {logging_mixin.py:109} INFO - [2022-09-20 14:55:06,340] {dagbag.py:500} INFO - Filling up the DagBag from /opt/airflow/dags/data_ingestion_gcs_dag.py
[2022-09-20 14:55:07,170] {processor.py:654} INFO - DAG(s) dict_keys(['yellow_taxi_data_v2', 'fhv_data_v2', 'green_taxi_data_v2']) retrieved from /opt/airflow/dags/data_ingestion_gcs_dag.py
[2022-09-20 14:55:07,188] {logging_mixin.py:109} INFO - [2022-09-20 14:55:07,188] {dag.py:2396} INFO - Sync 3 DAGs
[2022-09-20 14:55:07,205] {logging_mixin.py:109} INFO - [2022-09-20 14:55:07,205] {dag.py:2935} INFO - Setting next_dagrun for fhv_data_v2 to 2019-01-02 06:00:00+00:00
[2022-09-20 14:55:07,207] {logging_mixin.py:109} INFO - [2022-09-20 14:55:07,207] {dag.py:2935} INFO - Setting next_dagrun for green_taxi_data_v2 to 2019-01-02 06:00:00+00:00
[2022-09-20 14:55:07,208] {logging_mixin.py:109} INFO - [2022-09-20 14:55:07,208] {dag.py:2935} INFO - Setting next_dagrun for yellow_taxi_data_v2 to 2019-01-02 06:00:00+00:00
[2022-09-20 14:55:07,219] {processor.py:171} INFO - Processing /opt/airflow/dags/data_ingestion_gcs_dag.py took 0.886 seconds
[2022-09-20 14:55:37,308] {processor.py:163} INFO - Started process (PID=226) to work on /opt/airflow/dags/data_ingestion_gcs_dag.py
[2022-09-20 14:55:37,309] {processor.py:642} INFO - Processing file /opt/airflow/dags/data_ingestion_gcs_dag.py for tasks to queue
[2022-09-20 14:55:37,310] {logging_mixin.py:109} INFO - [2022-09-20 14:55:37,310] {dagbag.py:500} INFO - Filling up the DagBag from /opt/airflow/dags/data_ingestion_gcs_dag.py
[2022-09-20 14:55:38,218] {processor.py:654} INFO - DAG(s) dict_keys(['yellow_taxi_data_v2', 'fhv_data_v2', 'green_taxi_data_v2']) retrieved from /opt/airflow/dags/data_ingestion_gcs_dag.py
[2022-09-20 14:55:38,234] {logging_mixin.py:109} INFO - [2022-09-20 14:55:38,233] {dag.py:2396} INFO - Sync 3 DAGs
[2022-09-20 14:55:38,250] {logging_mixin.py:109} INFO - [2022-09-20 14:55:38,250] {dag.py:2935} INFO - Setting next_dagrun for fhv_data_v2 to 2019-01-02 06:00:00+00:00
[2022-09-20 14:55:38,251] {logging_mixin.py:109} INFO - [2022-09-20 14:55:38,251] {dag.py:2935} INFO - Setting next_dagrun for green_taxi_data_v2 to 2019-01-02 06:00:00+00:00
[2022-09-20 14:55:38,253] {logging_mixin.py:109} INFO - [2022-09-20 14:55:38,253] {dag.py:2935} INFO - Setting next_dagrun for yellow_taxi_data_v2 to 2019-01-02 06:00:00+00:00
[2022-09-20 14:55:38,263] {processor.py:171} INFO - Processing /opt/airflow/dags/data_ingestion_gcs_dag.py took 0.959 seconds
[2022-09-20 14:56:08,354] {processor.py:163} INFO - Started process (PID=259) to work on /opt/airflow/dags/data_ingestion_gcs_dag.py
[2022-09-20 14:56:08,356] {processor.py:642} INFO - Processing file /opt/airflow/dags/data_ingestion_gcs_dag.py for tasks to queue
[2022-09-20 14:56:08,357] {logging_mixin.py:109} INFO - [2022-09-20 14:56:08,357] {dagbag.py:500} INFO - Filling up the DagBag from /opt/airflow/dags/data_ingestion_gcs_dag.py
[2022-09-20 14:56:09,213] {processor.py:654} INFO - DAG(s) dict_keys(['yellow_taxi_data_v2', 'fhv_data_v2', 'green_taxi_data_v2']) retrieved from /opt/airflow/dags/data_ingestion_gcs_dag.py
[2022-09-20 14:56:09,229] {logging_mixin.py:109} INFO - [2022-09-20 14:56:09,229] {dag.py:2396} INFO - Sync 3 DAGs
[2022-09-20 14:56:09,245] {logging_mixin.py:109} INFO - [2022-09-20 14:56:09,245] {dag.py:2935} INFO - Setting next_dagrun for fhv_data_v2 to 2019-01-02 06:00:00+00:00
[2022-09-20 14:56:09,247] {logging_mixin.py:109} INFO - [2022-09-20 14:56:09,246] {dag.py:2935} INFO - Setting next_dagrun for green_taxi_data_v2 to 2019-01-02 06:00:00+00:00
[2022-09-20 14:56:09,248] {logging_mixin.py:109} INFO - [2022-09-20 14:56:09,248] {dag.py:2935} INFO - Setting next_dagrun for yellow_taxi_data_v2 to 2019-01-02 06:00:00+00:00
[2022-09-20 14:56:09,258] {processor.py:171} INFO - Processing /opt/airflow/dags/data_ingestion_gcs_dag.py took 0.908 seconds
[2022-09-20 14:56:39,343] {processor.py:163} INFO - Started process (PID=284) to work on /opt/airflow/dags/data_ingestion_gcs_dag.py
[2022-09-20 14:56:39,345] {processor.py:642} INFO - Processing file /opt/airflow/dags/data_ingestion_gcs_dag.py for tasks to queue
[2022-09-20 14:56:39,346] {logging_mixin.py:109} INFO - [2022-09-20 14:56:39,346] {dagbag.py:500} INFO - Filling up the DagBag from /opt/airflow/dags/data_ingestion_gcs_dag.py
[2022-09-20 14:56:40,208] {processor.py:654} INFO - DAG(s) dict_keys(['yellow_taxi_data_v2', 'fhv_data_v2', 'green_taxi_data_v2']) retrieved from /opt/airflow/dags/data_ingestion_gcs_dag.py
[2022-09-20 14:56:40,224] {logging_mixin.py:109} INFO - [2022-09-20 14:56:40,224] {dag.py:2396} INFO - Sync 3 DAGs
[2022-09-20 14:56:40,241] {logging_mixin.py:109} INFO - [2022-09-20 14:56:40,241] {dag.py:2935} INFO - Setting next_dagrun for fhv_data_v2 to 2019-01-02 06:00:00+00:00
[2022-09-20 14:56:40,242] {logging_mixin.py:109} INFO - [2022-09-20 14:56:40,242] {dag.py:2935} INFO - Setting next_dagrun for green_taxi_data_v2 to 2019-01-02 06:00:00+00:00
[2022-09-20 14:56:40,244] {logging_mixin.py:109} INFO - [2022-09-20 14:56:40,244] {dag.py:2935} INFO - Setting next_dagrun for yellow_taxi_data_v2 to 2019-01-02 06:00:00+00:00
[2022-09-20 14:56:40,255] {processor.py:171} INFO - Processing /opt/airflow/dags/data_ingestion_gcs_dag.py took 0.916 seconds
[2022-09-20 14:57:10,333] {processor.py:163} INFO - Started process (PID=318) to work on /opt/airflow/dags/data_ingestion_gcs_dag.py
[2022-09-20 14:57:10,335] {processor.py:642} INFO - Processing file /opt/airflow/dags/data_ingestion_gcs_dag.py for tasks to queue
[2022-09-20 14:57:10,336] {logging_mixin.py:109} INFO - [2022-09-20 14:57:10,335] {dagbag.py:500} INFO - Filling up the DagBag from /opt/airflow/dags/data_ingestion_gcs_dag.py
[2022-09-20 14:57:11,163] {processor.py:654} INFO - DAG(s) dict_keys(['yellow_taxi_data_v2', 'fhv_data_v2', 'green_taxi_data_v2']) retrieved from /opt/airflow/dags/data_ingestion_gcs_dag.py
[2022-09-20 14:57:11,179] {logging_mixin.py:109} INFO - [2022-09-20 14:57:11,179] {dag.py:2396} INFO - Sync 3 DAGs
[2022-09-20 14:57:11,195] {logging_mixin.py:109} INFO - [2022-09-20 14:57:11,195] {dag.py:2935} INFO - Setting next_dagrun for fhv_data_v2 to 2019-01-02 06:00:00+00:00
[2022-09-20 14:57:11,197] {logging_mixin.py:109} INFO - [2022-09-20 14:57:11,197] {dag.py:2935} INFO - Setting next_dagrun for green_taxi_data_v2 to 2019-01-02 06:00:00+00:00
[2022-09-20 14:57:11,198] {logging_mixin.py:109} INFO - [2022-09-20 14:57:11,198] {dag.py:2935} INFO - Setting next_dagrun for yellow_taxi_data_v2 to 2019-01-02 06:00:00+00:00
[2022-09-20 14:57:11,208] {processor.py:171} INFO - Processing /opt/airflow/dags/data_ingestion_gcs_dag.py took 0.879 seconds
[2022-09-20 14:59:07,002] {processor.py:163} INFO - Started process (PID=40) to work on /opt/airflow/dags/data_ingestion_gcs_dag.py
[2022-09-20 14:59:07,014] {processor.py:642} INFO - Processing file /opt/airflow/dags/data_ingestion_gcs_dag.py for tasks to queue
[2022-09-20 14:59:07,015] {logging_mixin.py:109} INFO - [2022-09-20 14:59:07,015] {dagbag.py:500} INFO - Filling up the DagBag from /opt/airflow/dags/data_ingestion_gcs_dag.py
[2022-09-20 14:59:10,539] {processor.py:654} INFO - DAG(s) dict_keys(['yellow_taxi_data_v2', 'fhv_data_v2', 'green_taxi_data_v2']) retrieved from /opt/airflow/dags/data_ingestion_gcs_dag.py
[2022-09-20 14:59:10,575] {logging_mixin.py:109} INFO - [2022-09-20 14:59:10,574] {dag.py:2396} INFO - Sync 3 DAGs
[2022-09-20 14:59:10,599] {logging_mixin.py:109} INFO - [2022-09-20 14:59:10,599] {dag.py:2935} INFO - Setting next_dagrun for fhv_data_v2 to 2019-01-02 06:00:00+00:00
[2022-09-20 14:59:10,601] {logging_mixin.py:109} INFO - [2022-09-20 14:59:10,601] {dag.py:2935} INFO - Setting next_dagrun for green_taxi_data_v2 to 2019-01-02 06:00:00+00:00
[2022-09-20 14:59:10,603] {logging_mixin.py:109} INFO - [2022-09-20 14:59:10,603] {dag.py:2935} INFO - Setting next_dagrun for yellow_taxi_data_v2 to 2019-01-02 06:00:00+00:00
[2022-09-20 14:59:10,616] {processor.py:171} INFO - Processing /opt/airflow/dags/data_ingestion_gcs_dag.py took 3.619 seconds
[2022-09-20 14:59:40,743] {processor.py:163} INFO - Started process (PID=83) to work on /opt/airflow/dags/data_ingestion_gcs_dag.py
[2022-09-20 14:59:40,749] {processor.py:642} INFO - Processing file /opt/airflow/dags/data_ingestion_gcs_dag.py for tasks to queue
[2022-09-20 14:59:40,750] {logging_mixin.py:109} INFO - [2022-09-20 14:59:40,750] {dagbag.py:500} INFO - Filling up the DagBag from /opt/airflow/dags/data_ingestion_gcs_dag.py
[2022-09-20 14:59:43,018] {processor.py:654} INFO - DAG(s) dict_keys(['yellow_taxi_data_v2', 'fhv_data_v2', 'green_taxi_data_v2']) retrieved from /opt/airflow/dags/data_ingestion_gcs_dag.py
[2022-09-20 14:59:43,042] {logging_mixin.py:109} INFO - [2022-09-20 14:59:43,041] {dag.py:2396} INFO - Sync 3 DAGs
[2022-09-20 14:59:43,068] {logging_mixin.py:109} INFO - [2022-09-20 14:59:43,068] {dag.py:2935} INFO - Setting next_dagrun for fhv_data_v2 to 2019-01-02 06:00:00+00:00
[2022-09-20 14:59:43,070] {logging_mixin.py:109} INFO - [2022-09-20 14:59:43,070] {dag.py:2935} INFO - Setting next_dagrun for green_taxi_data_v2 to 2019-01-02 06:00:00+00:00
[2022-09-20 14:59:43,073] {logging_mixin.py:109} INFO - [2022-09-20 14:59:43,073] {dag.py:2935} INFO - Setting next_dagrun for yellow_taxi_data_v2 to 2019-01-02 06:00:00+00:00
[2022-09-20 14:59:43,095] {processor.py:171} INFO - Processing /opt/airflow/dags/data_ingestion_gcs_dag.py took 2.364 seconds
[2022-09-20 15:00:13,233] {processor.py:163} INFO - Started process (PID=115) to work on /opt/airflow/dags/data_ingestion_gcs_dag.py
[2022-09-20 15:00:13,240] {processor.py:642} INFO - Processing file /opt/airflow/dags/data_ingestion_gcs_dag.py for tasks to queue
[2022-09-20 15:00:13,241] {logging_mixin.py:109} INFO - [2022-09-20 15:00:13,240] {dagbag.py:500} INFO - Filling up the DagBag from /opt/airflow/dags/data_ingestion_gcs_dag.py
[2022-09-20 15:00:14,221] {processor.py:654} INFO - DAG(s) dict_keys(['yellow_taxi_data_v2', 'fhv_data_v2', 'green_taxi_data_v2']) retrieved from /opt/airflow/dags/data_ingestion_gcs_dag.py
[2022-09-20 15:00:14,243] {logging_mixin.py:109} INFO - [2022-09-20 15:00:14,243] {dag.py:2396} INFO - Sync 3 DAGs
[2022-09-20 15:00:14,266] {logging_mixin.py:109} INFO - [2022-09-20 15:00:14,266] {dag.py:2935} INFO - Setting next_dagrun for fhv_data_v2 to 2019-01-02 06:00:00+00:00
[2022-09-20 15:00:14,268] {logging_mixin.py:109} INFO - [2022-09-20 15:00:14,268] {dag.py:2935} INFO - Setting next_dagrun for green_taxi_data_v2 to 2019-01-02 06:00:00+00:00
[2022-09-20 15:00:14,269] {logging_mixin.py:109} INFO - [2022-09-20 15:00:14,269] {dag.py:2935} INFO - Setting next_dagrun for yellow_taxi_data_v2 to 2019-01-02 06:00:00+00:00
[2022-09-20 15:00:14,280] {processor.py:171} INFO - Processing /opt/airflow/dags/data_ingestion_gcs_dag.py took 1.051 seconds
[2022-09-20 15:00:44,409] {processor.py:163} INFO - Started process (PID=145) to work on /opt/airflow/dags/data_ingestion_gcs_dag.py
[2022-09-20 15:00:44,413] {processor.py:642} INFO - Processing file /opt/airflow/dags/data_ingestion_gcs_dag.py for tasks to queue
[2022-09-20 15:00:44,414] {logging_mixin.py:109} INFO - [2022-09-20 15:00:44,414] {dagbag.py:500} INFO - Filling up the DagBag from /opt/airflow/dags/data_ingestion_gcs_dag.py
[2022-09-20 15:00:45,577] {processor.py:654} INFO - DAG(s) dict_keys(['yellow_taxi_data_v2', 'fhv_data_v2', 'green_taxi_data_v2']) retrieved from /opt/airflow/dags/data_ingestion_gcs_dag.py
[2022-09-20 15:00:45,602] {logging_mixin.py:109} INFO - [2022-09-20 15:00:45,602] {dag.py:2396} INFO - Sync 3 DAGs
[2022-09-20 15:00:45,625] {logging_mixin.py:109} INFO - [2022-09-20 15:00:45,625] {dag.py:2935} INFO - Setting next_dagrun for fhv_data_v2 to 2019-01-02 06:00:00+00:00
[2022-09-20 15:00:45,627] {logging_mixin.py:109} INFO - [2022-09-20 15:00:45,627] {dag.py:2935} INFO - Setting next_dagrun for green_taxi_data_v2 to 2019-01-02 06:00:00+00:00
[2022-09-20 15:00:45,630] {logging_mixin.py:109} INFO - [2022-09-20 15:00:45,629] {dag.py:2935} INFO - Setting next_dagrun for yellow_taxi_data_v2 to 2019-01-02 06:00:00+00:00
[2022-09-20 15:00:45,639] {processor.py:171} INFO - Processing /opt/airflow/dags/data_ingestion_gcs_dag.py took 1.234 seconds
[2022-09-20 15:01:15,790] {processor.py:163} INFO - Started process (PID=187) to work on /opt/airflow/dags/data_ingestion_gcs_dag.py
[2022-09-20 15:01:15,791] {processor.py:642} INFO - Processing file /opt/airflow/dags/data_ingestion_gcs_dag.py for tasks to queue
[2022-09-20 15:01:15,792] {logging_mixin.py:109} INFO - [2022-09-20 15:01:15,792] {dagbag.py:500} INFO - Filling up the DagBag from /opt/airflow/dags/data_ingestion_gcs_dag.py
[2022-09-20 15:01:16,781] {processor.py:654} INFO - DAG(s) dict_keys(['yellow_taxi_data_v2', 'fhv_data_v2', 'green_taxi_data_v2']) retrieved from /opt/airflow/dags/data_ingestion_gcs_dag.py
[2022-09-20 15:01:16,799] {logging_mixin.py:109} INFO - [2022-09-20 15:01:16,799] {dag.py:2396} INFO - Sync 3 DAGs
[2022-09-20 15:01:16,816] {logging_mixin.py:109} INFO - [2022-09-20 15:01:16,815] {dag.py:2935} INFO - Setting next_dagrun for fhv_data_v2 to 2019-04-02T06:00:00+00:00
[2022-09-20 15:01:16,818] {logging_mixin.py:109} INFO - [2022-09-20 15:01:16,818] {dag.py:2935} INFO - Setting next_dagrun for green_taxi_data_v2 to 2019-01-02 06:00:00+00:00
[2022-09-20 15:01:16,819] {logging_mixin.py:109} INFO - [2022-09-20 15:01:16,819] {dag.py:2935} INFO - Setting next_dagrun for yellow_taxi_data_v2 to 2019-01-02 06:00:00+00:00
[2022-09-20 15:01:16,830] {processor.py:171} INFO - Processing /opt/airflow/dags/data_ingestion_gcs_dag.py took 1.045 seconds
[2022-09-20 15:01:46,956] {processor.py:163} INFO - Started process (PID=216) to work on /opt/airflow/dags/data_ingestion_gcs_dag.py
[2022-09-20 15:01:46,960] {processor.py:642} INFO - Processing file /opt/airflow/dags/data_ingestion_gcs_dag.py for tasks to queue
[2022-09-20 15:01:46,961] {logging_mixin.py:109} INFO - [2022-09-20 15:01:46,961] {dagbag.py:500} INFO - Filling up the DagBag from /opt/airflow/dags/data_ingestion_gcs_dag.py
[2022-09-20 15:01:47,947] {processor.py:654} INFO - DAG(s) dict_keys(['yellow_taxi_data_v2', 'fhv_data_v2', 'green_taxi_data_v2']) retrieved from /opt/airflow/dags/data_ingestion_gcs_dag.py
[2022-09-20 15:01:47,974] {logging_mixin.py:109} INFO - [2022-09-20 15:01:47,973] {dag.py:2396} INFO - Sync 3 DAGs
[2022-09-20 15:01:47,998] {logging_mixin.py:109} INFO - [2022-09-20 15:01:47,998] {dag.py:2935} INFO - Setting next_dagrun for fhv_data_v2 to 2019-04-02T06:00:00+00:00
[2022-09-20 15:01:48,001] {logging_mixin.py:109} INFO - [2022-09-20 15:01:48,001] {dag.py:2935} INFO - Setting next_dagrun for green_taxi_data_v2 to 2019-01-02 06:00:00+00:00
[2022-09-20 15:01:48,003] {logging_mixin.py:109} INFO - [2022-09-20 15:01:48,003] {dag.py:2935} INFO - Setting next_dagrun for yellow_taxi_data_v2 to 2019-01-02 06:00:00+00:00
[2022-09-20 15:01:48,016] {processor.py:171} INFO - Processing /opt/airflow/dags/data_ingestion_gcs_dag.py took 1.064 seconds
[2022-09-20 15:02:18,148] {processor.py:163} INFO - Started process (PID=256) to work on /opt/airflow/dags/data_ingestion_gcs_dag.py
[2022-09-20 15:02:18,150] {processor.py:642} INFO - Processing file /opt/airflow/dags/data_ingestion_gcs_dag.py for tasks to queue
[2022-09-20 15:02:18,150] {logging_mixin.py:109} INFO - [2022-09-20 15:02:18,150] {dagbag.py:500} INFO - Filling up the DagBag from /opt/airflow/dags/data_ingestion_gcs_dag.py
[2022-09-20 15:02:19,068] {processor.py:654} INFO - DAG(s) dict_keys(['yellow_taxi_data_v2', 'fhv_data_v2', 'green_taxi_data_v2']) retrieved from /opt/airflow/dags/data_ingestion_gcs_dag.py
[2022-09-20 15:02:19,085] {logging_mixin.py:109} INFO - [2022-09-20 15:02:19,085] {dag.py:2396} INFO - Sync 3 DAGs
[2022-09-20 15:02:19,103] {logging_mixin.py:109} INFO - [2022-09-20 15:02:19,103] {dag.py:2935} INFO - Setting next_dagrun for fhv_data_v2 to 2019-04-02T06:00:00+00:00
[2022-09-20 15:02:19,104] {logging_mixin.py:109} INFO - [2022-09-20 15:02:19,104] {dag.py:2935} INFO - Setting next_dagrun for green_taxi_data_v2 to 2019-01-02 06:00:00+00:00
[2022-09-20 15:02:19,106] {logging_mixin.py:109} INFO - [2022-09-20 15:02:19,106] {dag.py:2935} INFO - Setting next_dagrun for yellow_taxi_data_v2 to 2019-01-02 06:00:00+00:00
[2022-09-20 15:02:19,116] {processor.py:171} INFO - Processing /opt/airflow/dags/data_ingestion_gcs_dag.py took 0.972 seconds
[2022-09-20 15:02:49,277] {processor.py:163} INFO - Started process (PID=286) to work on /opt/airflow/dags/data_ingestion_gcs_dag.py
[2022-09-20 15:02:49,281] {processor.py:642} INFO - Processing file /opt/airflow/dags/data_ingestion_gcs_dag.py for tasks to queue
[2022-09-20 15:02:49,282] {logging_mixin.py:109} INFO - [2022-09-20 15:02:49,282] {dagbag.py:500} INFO - Filling up the DagBag from /opt/airflow/dags/data_ingestion_gcs_dag.py
[2022-09-20 15:02:50,296] {processor.py:654} INFO - DAG(s) dict_keys(['yellow_taxi_data_v2', 'fhv_data_v2', 'green_taxi_data_v2']) retrieved from /opt/airflow/dags/data_ingestion_gcs_dag.py
[2022-09-20 15:02:50,313] {logging_mixin.py:109} INFO - [2022-09-20 15:02:50,313] {dag.py:2396} INFO - Sync 3 DAGs
[2022-09-20 15:02:50,330] {logging_mixin.py:109} INFO - [2022-09-20 15:02:50,330] {dag.py:2935} INFO - Setting next_dagrun for fhv_data_v2 to 2019-04-02T06:00:00+00:00
[2022-09-20 15:02:50,332] {logging_mixin.py:109} INFO - [2022-09-20 15:02:50,332] {dag.py:2935} INFO - Setting next_dagrun for green_taxi_data_v2 to 2019-01-02 06:00:00+00:00
[2022-09-20 15:02:50,334] {logging_mixin.py:109} INFO - [2022-09-20 15:02:50,333] {dag.py:2935} INFO - Setting next_dagrun for yellow_taxi_data_v2 to 2019-01-02 06:00:00+00:00
[2022-09-20 15:02:50,343] {processor.py:171} INFO - Processing /opt/airflow/dags/data_ingestion_gcs_dag.py took 1.071 seconds
[2022-09-20 15:03:20,449] {processor.py:163} INFO - Started process (PID=324) to work on /opt/airflow/dags/data_ingestion_gcs_dag.py
[2022-09-20 15:03:20,453] {processor.py:642} INFO - Processing file /opt/airflow/dags/data_ingestion_gcs_dag.py for tasks to queue
[2022-09-20 15:03:20,454] {logging_mixin.py:109} INFO - [2022-09-20 15:03:20,454] {dagbag.py:500} INFO - Filling up the DagBag from /opt/airflow/dags/data_ingestion_gcs_dag.py
[2022-09-20 15:03:21,355] {processor.py:654} INFO - DAG(s) dict_keys(['yellow_taxi_data_v2', 'fhv_data_v2', 'green_taxi_data_v2']) retrieved from /opt/airflow/dags/data_ingestion_gcs_dag.py
[2022-09-20 15:03:21,373] {logging_mixin.py:109} INFO - [2022-09-20 15:03:21,373] {dag.py:2396} INFO - Sync 3 DAGs
[2022-09-20 15:03:21,392] {logging_mixin.py:109} INFO - [2022-09-20 15:03:21,392] {dag.py:2935} INFO - Setting next_dagrun for fhv_data_v2 to 2019-04-02T06:00:00+00:00
[2022-09-20 15:03:21,394] {logging_mixin.py:109} INFO - [2022-09-20 15:03:21,394] {dag.py:2935} INFO - Setting next_dagrun for green_taxi_data_v2 to 2019-01-02 06:00:00+00:00
[2022-09-20 15:03:21,395] {logging_mixin.py:109} INFO - [2022-09-20 15:03:21,395] {dag.py:2935} INFO - Setting next_dagrun for yellow_taxi_data_v2 to 2019-01-02 06:00:00+00:00
[2022-09-20 15:03:21,406] {processor.py:171} INFO - Processing /opt/airflow/dags/data_ingestion_gcs_dag.py took 0.962 seconds
[2022-09-20 15:03:51,532] {processor.py:163} INFO - Started process (PID=358) to work on /opt/airflow/dags/data_ingestion_gcs_dag.py
[2022-09-20 15:03:51,534] {processor.py:642} INFO - Processing file /opt/airflow/dags/data_ingestion_gcs_dag.py for tasks to queue
[2022-09-20 15:03:51,534] {logging_mixin.py:109} INFO - [2022-09-20 15:03:51,534] {dagbag.py:500} INFO - Filling up the DagBag from /opt/airflow/dags/data_ingestion_gcs_dag.py
[2022-09-20 15:03:52,418] {processor.py:654} INFO - DAG(s) dict_keys(['yellow_taxi_data_v2', 'fhv_data_v2', 'green_taxi_data_v2']) retrieved from /opt/airflow/dags/data_ingestion_gcs_dag.py
[2022-09-20 15:03:52,434] {logging_mixin.py:109} INFO - [2022-09-20 15:03:52,434] {dag.py:2396} INFO - Sync 3 DAGs
[2022-09-20 15:03:52,453] {logging_mixin.py:109} INFO - [2022-09-20 15:03:52,452] {dag.py:2935} INFO - Setting next_dagrun for fhv_data_v2 to 2019-04-02T06:00:00+00:00
[2022-09-20 15:03:52,455] {logging_mixin.py:109} INFO - [2022-09-20 15:03:52,455] {dag.py:2935} INFO - Setting next_dagrun for green_taxi_data_v2 to 2019-01-02 06:00:00+00:00
[2022-09-20 15:03:52,457] {logging_mixin.py:109} INFO - [2022-09-20 15:03:52,457] {dag.py:2935} INFO - Setting next_dagrun for yellow_taxi_data_v2 to 2019-01-02 06:00:00+00:00
[2022-09-20 15:03:52,467] {processor.py:171} INFO - Processing /opt/airflow/dags/data_ingestion_gcs_dag.py took 0.939 seconds
[2022-09-20 15:04:22,596] {processor.py:163} INFO - Started process (PID=397) to work on /opt/airflow/dags/data_ingestion_gcs_dag.py
[2022-09-20 15:04:22,598] {processor.py:642} INFO - Processing file /opt/airflow/dags/data_ingestion_gcs_dag.py for tasks to queue
[2022-09-20 15:04:22,599] {logging_mixin.py:109} INFO - [2022-09-20 15:04:22,599] {dagbag.py:500} INFO - Filling up the DagBag from /opt/airflow/dags/data_ingestion_gcs_dag.py
[2022-09-20 15:04:23,613] {processor.py:654} INFO - DAG(s) dict_keys(['yellow_taxi_data_v2', 'fhv_data_v2', 'green_taxi_data_v2']) retrieved from /opt/airflow/dags/data_ingestion_gcs_dag.py
[2022-09-20 15:04:23,635] {logging_mixin.py:109} INFO - [2022-09-20 15:04:23,634] {dag.py:2396} INFO - Sync 3 DAGs
[2022-09-20 15:04:23,659] {logging_mixin.py:109} INFO - [2022-09-20 15:04:23,659] {dag.py:2935} INFO - Setting next_dagrun for fhv_data_v2 to 2019-04-02T06:00:00+00:00
[2022-09-20 15:04:23,662] {logging_mixin.py:109} INFO - [2022-09-20 15:04:23,662] {dag.py:2935} INFO - Setting next_dagrun for green_taxi_data_v2 to 2019-01-02 06:00:00+00:00
[2022-09-20 15:04:23,664] {logging_mixin.py:109} INFO - [2022-09-20 15:04:23,664] {dag.py:2935} INFO - Setting next_dagrun for yellow_taxi_data_v2 to 2019-01-02 06:00:00+00:00
[2022-09-20 15:04:23,677] {processor.py:171} INFO - Processing /opt/airflow/dags/data_ingestion_gcs_dag.py took 1.085 seconds
[2022-09-20 15:04:53,777] {processor.py:163} INFO - Started process (PID=427) to work on /opt/airflow/dags/data_ingestion_gcs_dag.py
[2022-09-20 15:04:53,778] {processor.py:642} INFO - Processing file /opt/airflow/dags/data_ingestion_gcs_dag.py for tasks to queue
[2022-09-20 15:04:53,779] {logging_mixin.py:109} INFO - [2022-09-20 15:04:53,779] {dagbag.py:500} INFO - Filling up the DagBag from /opt/airflow/dags/data_ingestion_gcs_dag.py
[2022-09-20 15:04:54,634] {processor.py:654} INFO - DAG(s) dict_keys(['yellow_taxi_data_v2', 'fhv_data_v2', 'green_taxi_data_v2']) retrieved from /opt/airflow/dags/data_ingestion_gcs_dag.py
[2022-09-20 15:04:54,650] {logging_mixin.py:109} INFO - [2022-09-20 15:04:54,650] {dag.py:2396} INFO - Sync 3 DAGs
[2022-09-20 15:04:54,666] {logging_mixin.py:109} INFO - [2022-09-20 15:04:54,666] {dag.py:2935} INFO - Setting next_dagrun for fhv_data_v2 to 2019-04-02T06:00:00+00:00
[2022-09-20 15:04:54,668] {logging_mixin.py:109} INFO - [2022-09-20 15:04:54,668] {dag.py:2935} INFO - Setting next_dagrun for green_taxi_data_v2 to 2019-01-02 06:00:00+00:00
[2022-09-20 15:04:54,669] {logging_mixin.py:109} INFO - [2022-09-20 15:04:54,669] {dag.py:2935} INFO - Setting next_dagrun for yellow_taxi_data_v2 to 2019-01-02 06:00:00+00:00
[2022-09-20 15:04:54,679] {processor.py:171} INFO - Processing /opt/airflow/dags/data_ingestion_gcs_dag.py took 0.907 seconds
[2022-09-20 15:05:24,812] {processor.py:163} INFO - Started process (PID=466) to work on /opt/airflow/dags/data_ingestion_gcs_dag.py
[2022-09-20 15:05:24,814] {processor.py:642} INFO - Processing file /opt/airflow/dags/data_ingestion_gcs_dag.py for tasks to queue
[2022-09-20 15:05:24,815] {logging_mixin.py:109} INFO - [2022-09-20 15:05:24,814] {dagbag.py:500} INFO - Filling up the DagBag from /opt/airflow/dags/data_ingestion_gcs_dag.py
[2022-09-20 15:05:25,905] {processor.py:654} INFO - DAG(s) dict_keys(['yellow_taxi_data_v2', 'fhv_data_v2', 'green_taxi_data_v2']) retrieved from /opt/airflow/dags/data_ingestion_gcs_dag.py
[2022-09-20 15:05:25,928] {logging_mixin.py:109} INFO - [2022-09-20 15:05:25,927] {dag.py:2396} INFO - Sync 3 DAGs
[2022-09-20 15:05:25,951] {logging_mixin.py:109} INFO - [2022-09-20 15:05:25,950] {dag.py:2935} INFO - Setting next_dagrun for fhv_data_v2 to 2019-04-02T06:00:00+00:00
[2022-09-20 15:05:25,953] {logging_mixin.py:109} INFO - [2022-09-20 15:05:25,953] {dag.py:2935} INFO - Setting next_dagrun for green_taxi_data_v2 to 2019-01-02 06:00:00+00:00
[2022-09-20 15:05:25,955] {logging_mixin.py:109} INFO - [2022-09-20 15:05:25,955] {dag.py:2935} INFO - Setting next_dagrun for yellow_taxi_data_v2 to 2019-01-02 06:00:00+00:00
[2022-09-20 15:05:25,969] {processor.py:171} INFO - Processing /opt/airflow/dags/data_ingestion_gcs_dag.py took 1.163 seconds
[2022-09-20 15:05:56,101] {processor.py:163} INFO - Started process (PID=496) to work on /opt/airflow/dags/data_ingestion_gcs_dag.py
[2022-09-20 15:05:56,105] {processor.py:642} INFO - Processing file /opt/airflow/dags/data_ingestion_gcs_dag.py for tasks to queue
[2022-09-20 15:05:56,106] {logging_mixin.py:109} INFO - [2022-09-20 15:05:56,106] {dagbag.py:500} INFO - Filling up the DagBag from /opt/airflow/dags/data_ingestion_gcs_dag.py
[2022-09-20 15:05:56,957] {processor.py:654} INFO - DAG(s) dict_keys(['yellow_taxi_data_v2', 'fhv_data_v2', 'green_taxi_data_v2']) retrieved from /opt/airflow/dags/data_ingestion_gcs_dag.py
[2022-09-20 15:05:56,979] {logging_mixin.py:109} INFO - [2022-09-20 15:05:56,978] {dag.py:2396} INFO - Sync 3 DAGs
[2022-09-20 15:05:57,002] {logging_mixin.py:109} INFO - [2022-09-20 15:05:57,002] {dag.py:2935} INFO - Setting next_dagrun for fhv_data_v2 to 2019-04-02T06:00:00+00:00
[2022-09-20 15:05:57,004] {logging_mixin.py:109} INFO - [2022-09-20 15:05:57,004] {dag.py:2935} INFO - Setting next_dagrun for green_taxi_data_v2 to 2019-01-02 06:00:00+00:00
[2022-09-20 15:05:57,007] {logging_mixin.py:109} INFO - [2022-09-20 15:05:57,007] {dag.py:2935} INFO - Setting next_dagrun for yellow_taxi_data_v2 to 2019-01-02 06:00:00+00:00
[2022-09-20 15:05:57,018] {processor.py:171} INFO - Processing /opt/airflow/dags/data_ingestion_gcs_dag.py took 0.921 seconds
[2022-09-20 15:06:27,140] {processor.py:163} INFO - Started process (PID=538) to work on /opt/airflow/dags/data_ingestion_gcs_dag.py
[2022-09-20 15:06:27,142] {processor.py:642} INFO - Processing file /opt/airflow/dags/data_ingestion_gcs_dag.py for tasks to queue
[2022-09-20 15:06:27,143] {logging_mixin.py:109} INFO - [2022-09-20 15:06:27,143] {dagbag.py:500} INFO - Filling up the DagBag from /opt/airflow/dags/data_ingestion_gcs_dag.py
[2022-09-20 15:06:28,563] {processor.py:654} INFO - DAG(s) dict_keys(['yellow_taxi_data_v2', 'fhv_data_v2', 'green_taxi_data_v2']) retrieved from /opt/airflow/dags/data_ingestion_gcs_dag.py
[2022-09-20 15:06:28,585] {logging_mixin.py:109} INFO - [2022-09-20 15:06:28,585] {dag.py:2396} INFO - Sync 3 DAGs
[2022-09-20 15:06:28,610] {logging_mixin.py:109} INFO - [2022-09-20 15:06:28,609] {dag.py:2935} INFO - Setting next_dagrun for fhv_data_v2 to 2019-04-02T06:00:00+00:00
[2022-09-20 15:06:28,612] {logging_mixin.py:109} INFO - [2022-09-20 15:06:28,612] {dag.py:2935} INFO - Setting next_dagrun for green_taxi_data_v2 to 2019-01-02 06:00:00+00:00
[2022-09-20 15:06:28,614] {logging_mixin.py:109} INFO - [2022-09-20 15:06:28,614] {dag.py:2935} INFO - Setting next_dagrun for yellow_taxi_data_v2 to 2019-01-02 06:00:00+00:00
[2022-09-20 15:06:28,629] {processor.py:171} INFO - Processing /opt/airflow/dags/data_ingestion_gcs_dag.py took 1.494 seconds
[2022-09-20 15:06:58,671] {processor.py:163} INFO - Started process (PID=567) to work on /opt/airflow/dags/data_ingestion_gcs_dag.py
[2022-09-20 15:06:58,673] {processor.py:642} INFO - Processing file /opt/airflow/dags/data_ingestion_gcs_dag.py for tasks to queue
[2022-09-20 15:06:58,674] {logging_mixin.py:109} INFO - [2022-09-20 15:06:58,674] {dagbag.py:500} INFO - Filling up the DagBag from /opt/airflow/dags/data_ingestion_gcs_dag.py
[2022-09-20 15:06:59,842] {processor.py:654} INFO - DAG(s) dict_keys(['yellow_taxi_data_v2', 'fhv_data_v2', 'green_taxi_data_v2']) retrieved from /opt/airflow/dags/data_ingestion_gcs_dag.py
[2022-09-20 15:06:59,859] {logging_mixin.py:109} INFO - [2022-09-20 15:06:59,859] {dag.py:2396} INFO - Sync 3 DAGs
[2022-09-20 15:06:59,879] {logging_mixin.py:109} INFO - [2022-09-20 15:06:59,879] {dag.py:2935} INFO - Setting next_dagrun for fhv_data_v2 to 2019-04-02T06:00:00+00:00
[2022-09-20 15:06:59,881] {logging_mixin.py:109} INFO - [2022-09-20 15:06:59,881] {dag.py:2935} INFO - Setting next_dagrun for green_taxi_data_v2 to 2019-01-02 06:00:00+00:00
[2022-09-20 15:06:59,883] {logging_mixin.py:109} INFO - [2022-09-20 15:06:59,883] {dag.py:2935} INFO - Setting next_dagrun for yellow_taxi_data_v2 to 2019-01-02 06:00:00+00:00
[2022-09-20 15:06:59,892] {processor.py:171} INFO - Processing /opt/airflow/dags/data_ingestion_gcs_dag.py took 1.225 seconds
[2022-09-20 15:07:30,000] {processor.py:163} INFO - Started process (PID=605) to work on /opt/airflow/dags/data_ingestion_gcs_dag.py
[2022-09-20 15:07:30,002] {processor.py:642} INFO - Processing file /opt/airflow/dags/data_ingestion_gcs_dag.py for tasks to queue
[2022-09-20 15:07:30,003] {logging_mixin.py:109} INFO - [2022-09-20 15:07:30,003] {dagbag.py:500} INFO - Filling up the DagBag from /opt/airflow/dags/data_ingestion_gcs_dag.py
[2022-09-20 15:07:31,102] {processor.py:654} INFO - DAG(s) dict_keys(['yellow_taxi_data_v2', 'fhv_data_v2', 'green_taxi_data_v2']) retrieved from /opt/airflow/dags/data_ingestion_gcs_dag.py
[2022-09-20 15:07:31,126] {logging_mixin.py:109} INFO - [2022-09-20 15:07:31,125] {dag.py:2396} INFO - Sync 3 DAGs
[2022-09-20 15:07:31,156] {logging_mixin.py:109} INFO - [2022-09-20 15:07:31,156] {dag.py:2935} INFO - Setting next_dagrun for fhv_data_v2 to 2019-04-02T06:00:00+00:00
[2022-09-20 15:07:31,159] {logging_mixin.py:109} INFO - [2022-09-20 15:07:31,159] {dag.py:2935} INFO - Setting next_dagrun for green_taxi_data_v2 to 2019-01-02 06:00:00+00:00
[2022-09-20 15:07:31,161] {logging_mixin.py:109} INFO - [2022-09-20 15:07:31,161] {dag.py:2935} INFO - Setting next_dagrun for yellow_taxi_data_v2 to 2019-01-02 06:00:00+00:00
[2022-09-20 15:07:31,178] {processor.py:171} INFO - Processing /opt/airflow/dags/data_ingestion_gcs_dag.py took 1.183 seconds
[2022-09-20 15:08:01,341] {processor.py:163} INFO - Started process (PID=634) to work on /opt/airflow/dags/data_ingestion_gcs_dag.py
[2022-09-20 15:08:01,342] {processor.py:642} INFO - Processing file /opt/airflow/dags/data_ingestion_gcs_dag.py for tasks to queue
[2022-09-20 15:08:01,343] {logging_mixin.py:109} INFO - [2022-09-20 15:08:01,343] {dagbag.py:500} INFO - Filling up the DagBag from /opt/airflow/dags/data_ingestion_gcs_dag.py
[2022-09-20 15:08:02,221] {processor.py:654} INFO - DAG(s) dict_keys(['yellow_taxi_data_v2', 'fhv_data_v2', 'green_taxi_data_v2']) retrieved from /opt/airflow/dags/data_ingestion_gcs_dag.py
[2022-09-20 15:08:02,237] {logging_mixin.py:109} INFO - [2022-09-20 15:08:02,237] {dag.py:2396} INFO - Sync 3 DAGs
[2022-09-20 15:08:02,254] {logging_mixin.py:109} INFO - [2022-09-20 15:08:02,254] {dag.py:2935} INFO - Setting next_dagrun for fhv_data_v2 to 2019-04-02T06:00:00+00:00
[2022-09-20 15:08:02,256] {logging_mixin.py:109} INFO - [2022-09-20 15:08:02,256] {dag.py:2935} INFO - Setting next_dagrun for green_taxi_data_v2 to 2019-01-02 06:00:00+00:00
[2022-09-20 15:08:02,258] {logging_mixin.py:109} INFO - [2022-09-20 15:08:02,257] {dag.py:2935} INFO - Setting next_dagrun for yellow_taxi_data_v2 to 2019-01-02 06:00:00+00:00
[2022-09-20 15:08:02,268] {processor.py:171} INFO - Processing /opt/airflow/dags/data_ingestion_gcs_dag.py took 0.932 seconds
[2022-09-20 15:08:32,318] {processor.py:163} INFO - Started process (PID=667) to work on /opt/airflow/dags/data_ingestion_gcs_dag.py
[2022-09-20 15:08:32,319] {processor.py:642} INFO - Processing file /opt/airflow/dags/data_ingestion_gcs_dag.py for tasks to queue
[2022-09-20 15:08:32,320] {logging_mixin.py:109} INFO - [2022-09-20 15:08:32,320] {dagbag.py:500} INFO - Filling up the DagBag from /opt/airflow/dags/data_ingestion_gcs_dag.py
[2022-09-20 15:08:33,398] {processor.py:654} INFO - DAG(s) dict_keys(['yellow_taxi_data_v2', 'fhv_data_v2', 'green_taxi_data_v2']) retrieved from /opt/airflow/dags/data_ingestion_gcs_dag.py
[2022-09-20 15:08:33,415] {logging_mixin.py:109} INFO - [2022-09-20 15:08:33,415] {dag.py:2396} INFO - Sync 3 DAGs
[2022-09-20 15:08:33,432] {logging_mixin.py:109} INFO - [2022-09-20 15:08:33,432] {dag.py:2935} INFO - Setting next_dagrun for fhv_data_v2 to 2019-04-02T06:00:00+00:00
[2022-09-20 15:08:33,434] {logging_mixin.py:109} INFO - [2022-09-20 15:08:33,434] {dag.py:2935} INFO - Setting next_dagrun for green_taxi_data_v2 to 2019-01-02 06:00:00+00:00
[2022-09-20 15:08:33,437] {logging_mixin.py:109} INFO - [2022-09-20 15:08:33,437] {dag.py:2935} INFO - Setting next_dagrun for yellow_taxi_data_v2 to 2019-01-02 06:00:00+00:00
[2022-09-20 15:08:33,448] {processor.py:171} INFO - Processing /opt/airflow/dags/data_ingestion_gcs_dag.py took 1.134 seconds
[2022-09-20 15:09:03,534] {processor.py:163} INFO - Started process (PID=720) to work on /opt/airflow/dags/data_ingestion_gcs_dag.py
[2022-09-20 15:09:03,536] {processor.py:642} INFO - Processing file /opt/airflow/dags/data_ingestion_gcs_dag.py for tasks to queue
[2022-09-20 15:09:03,537] {logging_mixin.py:109} INFO - [2022-09-20 15:09:03,537] {dagbag.py:500} INFO - Filling up the DagBag from /opt/airflow/dags/data_ingestion_gcs_dag.py
[2022-09-20 15:09:04,359] {processor.py:654} INFO - DAG(s) dict_keys(['yellow_taxi_data_v2', 'fhv_data_v2', 'green_taxi_data_v2']) retrieved from /opt/airflow/dags/data_ingestion_gcs_dag.py
[2022-09-20 15:09:04,375] {logging_mixin.py:109} INFO - [2022-09-20 15:09:04,375] {dag.py:2396} INFO - Sync 3 DAGs
[2022-09-20 15:09:04,392] {logging_mixin.py:109} INFO - [2022-09-20 15:09:04,392] {dag.py:2935} INFO - Setting next_dagrun for fhv_data_v2 to 2019-04-02T06:00:00+00:00
[2022-09-20 15:09:04,394] {logging_mixin.py:109} INFO - [2022-09-20 15:09:04,394] {dag.py:2935} INFO - Setting next_dagrun for green_taxi_data_v2 to 2019-01-02 06:00:00+00:00
[2022-09-20 15:09:04,395] {logging_mixin.py:109} INFO - [2022-09-20 15:09:04,395] {dag.py:2935} INFO - Setting next_dagrun for yellow_taxi_data_v2 to 2019-01-02 06:00:00+00:00
[2022-09-20 15:09:04,405] {processor.py:171} INFO - Processing /opt/airflow/dags/data_ingestion_gcs_dag.py took 0.875 seconds
[2022-09-20 15:09:34,492] {processor.py:163} INFO - Started process (PID=748) to work on /opt/airflow/dags/data_ingestion_gcs_dag.py
[2022-09-20 15:09:34,494] {processor.py:642} INFO - Processing file /opt/airflow/dags/data_ingestion_gcs_dag.py for tasks to queue
[2022-09-20 15:09:34,494] {logging_mixin.py:109} INFO - [2022-09-20 15:09:34,494] {dagbag.py:500} INFO - Filling up the DagBag from /opt/airflow/dags/data_ingestion_gcs_dag.py
[2022-09-20 15:09:35,309] {processor.py:654} INFO - DAG(s) dict_keys(['yellow_taxi_data_v2', 'fhv_data_v2', 'green_taxi_data_v2']) retrieved from /opt/airflow/dags/data_ingestion_gcs_dag.py
[2022-09-20 15:09:35,328] {logging_mixin.py:109} INFO - [2022-09-20 15:09:35,327] {dag.py:2396} INFO - Sync 3 DAGs
[2022-09-20 15:09:35,345] {logging_mixin.py:109} INFO - [2022-09-20 15:09:35,345] {dag.py:2935} INFO - Setting next_dagrun for fhv_data_v2 to 2019-04-02T06:00:00+00:00
[2022-09-20 15:09:35,347] {logging_mixin.py:109} INFO - [2022-09-20 15:09:35,347] {dag.py:2935} INFO - Setting next_dagrun for green_taxi_data_v2 to 2019-01-02 06:00:00+00:00
[2022-09-20 15:09:35,348] {logging_mixin.py:109} INFO - [2022-09-20 15:09:35,348] {dag.py:2935} INFO - Setting next_dagrun for yellow_taxi_data_v2 to 2019-01-02 06:00:00+00:00
[2022-09-20 15:09:35,358] {processor.py:171} INFO - Processing /opt/airflow/dags/data_ingestion_gcs_dag.py took 0.870 seconds
[2022-09-20 15:10:05,461] {processor.py:163} INFO - Started process (PID=794) to work on /opt/airflow/dags/data_ingestion_gcs_dag.py
[2022-09-20 15:10:05,464] {processor.py:642} INFO - Processing file /opt/airflow/dags/data_ingestion_gcs_dag.py for tasks to queue
[2022-09-20 15:10:05,465] {logging_mixin.py:109} INFO - [2022-09-20 15:10:05,464] {dagbag.py:500} INFO - Filling up the DagBag from /opt/airflow/dags/data_ingestion_gcs_dag.py
[2022-09-20 15:10:06,710] {processor.py:654} INFO - DAG(s) dict_keys(['yellow_taxi_data_v2', 'fhv_data_v2', 'green_taxi_data_v2']) retrieved from /opt/airflow/dags/data_ingestion_gcs_dag.py
[2022-09-20 15:10:06,732] {logging_mixin.py:109} INFO - [2022-09-20 15:10:06,732] {dag.py:2396} INFO - Sync 3 DAGs
[2022-09-20 15:10:06,757] {logging_mixin.py:109} INFO - [2022-09-20 15:10:06,756] {dag.py:2935} INFO - Setting next_dagrun for fhv_data_v2 to 2019-04-02T06:00:00+00:00
[2022-09-20 15:10:06,759] {logging_mixin.py:109} INFO - [2022-09-20 15:10:06,759] {dag.py:2935} INFO - Setting next_dagrun for green_taxi_data_v2 to 2019-01-02 06:00:00+00:00
[2022-09-20 15:10:06,762] {logging_mixin.py:109} INFO - [2022-09-20 15:10:06,761] {dag.py:2935} INFO - Setting next_dagrun for yellow_taxi_data_v2 to 2019-01-02 06:00:00+00:00
[2022-09-20 15:10:06,775] {processor.py:171} INFO - Processing /opt/airflow/dags/data_ingestion_gcs_dag.py took 1.319 seconds
[2022-09-20 15:10:36,873] {processor.py:163} INFO - Started process (PID=823) to work on /opt/airflow/dags/data_ingestion_gcs_dag.py
[2022-09-20 15:10:36,874] {processor.py:642} INFO - Processing file /opt/airflow/dags/data_ingestion_gcs_dag.py for tasks to queue
[2022-09-20 15:10:36,875] {logging_mixin.py:109} INFO - [2022-09-20 15:10:36,874] {dagbag.py:500} INFO - Filling up the DagBag from /opt/airflow/dags/data_ingestion_gcs_dag.py
[2022-09-20 15:10:37,706] {processor.py:654} INFO - DAG(s) dict_keys(['yellow_taxi_data_v2', 'fhv_data_v2', 'green_taxi_data_v2']) retrieved from /opt/airflow/dags/data_ingestion_gcs_dag.py
[2022-09-20 15:10:37,723] {logging_mixin.py:109} INFO - [2022-09-20 15:10:37,723] {dag.py:2396} INFO - Sync 3 DAGs
[2022-09-20 15:10:37,740] {logging_mixin.py:109} INFO - [2022-09-20 15:10:37,740] {dag.py:2935} INFO - Setting next_dagrun for fhv_data_v2 to 2019-04-02T06:00:00+00:00
[2022-09-20 15:10:37,741] {logging_mixin.py:109} INFO - [2022-09-20 15:10:37,741] {dag.py:2935} INFO - Setting next_dagrun for green_taxi_data_v2 to 2019-01-02 06:00:00+00:00
[2022-09-20 15:10:37,743] {logging_mixin.py:109} INFO - [2022-09-20 15:10:37,743] {dag.py:2935} INFO - Setting next_dagrun for yellow_taxi_data_v2 to 2019-01-02 06:00:00+00:00
[2022-09-20 15:10:37,753] {processor.py:171} INFO - Processing /opt/airflow/dags/data_ingestion_gcs_dag.py took 0.884 seconds
[2022-09-20 15:11:14,972] {processor.py:163} INFO - Started process (PID=40) to work on /opt/airflow/dags/data_ingestion_gcs_dag.py
[2022-09-20 15:11:14,975] {processor.py:642} INFO - Processing file /opt/airflow/dags/data_ingestion_gcs_dag.py for tasks to queue
[2022-09-20 15:11:14,978] {logging_mixin.py:109} INFO - [2022-09-20 15:11:14,978] {dagbag.py:500} INFO - Filling up the DagBag from /opt/airflow/dags/data_ingestion_gcs_dag.py
[2022-09-20 15:11:17,030] {processor.py:654} INFO - DAG(s) dict_keys(['yellow_taxi_data_v2', 'fhv_data_v2', 'green_taxi_data_v2']) retrieved from /opt/airflow/dags/data_ingestion_gcs_dag.py
[2022-09-20 15:11:17,053] {logging_mixin.py:109} INFO - [2022-09-20 15:11:17,052] {dag.py:2396} INFO - Sync 3 DAGs
[2022-09-20 15:11:17,078] {logging_mixin.py:109} INFO - [2022-09-20 15:11:17,077] {dag.py:2935} INFO - Setting next_dagrun for fhv_data_v2 to 2019-04-02T06:00:00+00:00
[2022-09-20 15:11:17,080] {logging_mixin.py:109} INFO - [2022-09-20 15:11:17,080] {dag.py:2935} INFO - Setting next_dagrun for green_taxi_data_v2 to 2019-01-02 06:00:00+00:00
[2022-09-20 15:11:17,082] {logging_mixin.py:109} INFO - [2022-09-20 15:11:17,082] {dag.py:2935} INFO - Setting next_dagrun for yellow_taxi_data_v2 to 2019-01-02 06:00:00+00:00
[2022-09-20 15:11:17,105] {processor.py:171} INFO - Processing /opt/airflow/dags/data_ingestion_gcs_dag.py took 2.149 seconds
[2022-09-20 15:11:47,252] {processor.py:163} INFO - Started process (PID=83) to work on /opt/airflow/dags/data_ingestion_gcs_dag.py
[2022-09-20 15:11:47,255] {processor.py:642} INFO - Processing file /opt/airflow/dags/data_ingestion_gcs_dag.py for tasks to queue
[2022-09-20 15:11:47,257] {logging_mixin.py:109} INFO - [2022-09-20 15:11:47,256] {dagbag.py:500} INFO - Filling up the DagBag from /opt/airflow/dags/data_ingestion_gcs_dag.py
[2022-09-20 15:11:49,100] {processor.py:654} INFO - DAG(s) dict_keys(['yellow_taxi_data_v2', 'fhv_data_v2', 'green_taxi_data_v2']) retrieved from /opt/airflow/dags/data_ingestion_gcs_dag.py
[2022-09-20 15:11:49,146] {logging_mixin.py:109} INFO - [2022-09-20 15:11:49,145] {dag.py:2396} INFO - Sync 3 DAGs
[2022-09-20 15:11:49,223] {processor.py:171} INFO - Processing /opt/airflow/dags/data_ingestion_gcs_dag.py took 1.978 seconds
[2022-09-20 15:12:19,378] {processor.py:163} INFO - Started process (PID=132) to work on /opt/airflow/dags/data_ingestion_gcs_dag.py
[2022-09-20 15:12:19,380] {processor.py:642} INFO - Processing file /opt/airflow/dags/data_ingestion_gcs_dag.py for tasks to queue
[2022-09-20 15:12:19,380] {logging_mixin.py:109} INFO - [2022-09-20 15:12:19,380] {dagbag.py:500} INFO - Filling up the DagBag from /opt/airflow/dags/data_ingestion_gcs_dag.py
[2022-09-20 15:12:20,431] {processor.py:654} INFO - DAG(s) dict_keys(['yellow_taxi_data_v2', 'fhv_data_v2', 'green_taxi_data_v2']) retrieved from /opt/airflow/dags/data_ingestion_gcs_dag.py
[2022-09-20 15:12:20,453] {logging_mixin.py:109} INFO - [2022-09-20 15:12:20,453] {dag.py:2396} INFO - Sync 3 DAGs
[2022-09-20 15:12:20,489] {processor.py:171} INFO - Processing /opt/airflow/dags/data_ingestion_gcs_dag.py took 1.115 seconds
[2022-09-20 15:12:50,629] {processor.py:163} INFO - Started process (PID=161) to work on /opt/airflow/dags/data_ingestion_gcs_dag.py
[2022-09-20 15:12:50,634] {processor.py:642} INFO - Processing file /opt/airflow/dags/data_ingestion_gcs_dag.py for tasks to queue
[2022-09-20 15:12:50,635] {logging_mixin.py:109} INFO - [2022-09-20 15:12:50,635] {dagbag.py:500} INFO - Filling up the DagBag from /opt/airflow/dags/data_ingestion_gcs_dag.py
[2022-09-20 15:12:51,504] {processor.py:654} INFO - DAG(s) dict_keys(['yellow_taxi_data_v2', 'fhv_data_v2', 'green_taxi_data_v2']) retrieved from /opt/airflow/dags/data_ingestion_gcs_dag.py
[2022-09-20 15:12:51,519] {logging_mixin.py:109} INFO - [2022-09-20 15:12:51,519] {dag.py:2396} INFO - Sync 3 DAGs
[2022-09-20 15:12:51,544] {processor.py:171} INFO - Processing /opt/airflow/dags/data_ingestion_gcs_dag.py took 0.920 seconds
[2022-09-20 15:13:21,640] {processor.py:163} INFO - Started process (PID=202) to work on /opt/airflow/dags/data_ingestion_gcs_dag.py
[2022-09-20 15:13:21,642] {processor.py:642} INFO - Processing file /opt/airflow/dags/data_ingestion_gcs_dag.py for tasks to queue
[2022-09-20 15:13:21,643] {logging_mixin.py:109} INFO - [2022-09-20 15:13:21,642] {dagbag.py:500} INFO - Filling up the DagBag from /opt/airflow/dags/data_ingestion_gcs_dag.py
[2022-09-20 15:13:22,499] {processor.py:654} INFO - DAG(s) dict_keys(['yellow_taxi_data_v2', 'fhv_data_v2', 'green_taxi_data_v2']) retrieved from /opt/airflow/dags/data_ingestion_gcs_dag.py
[2022-09-20 15:13:23,088] {logging_mixin.py:109} INFO - [2022-09-20 15:13:23,087] {dag.py:2396} INFO - Sync 3 DAGs
[2022-09-20 15:13:23,094] {logging_mixin.py:109} INFO - [2022-09-20 15:13:23,094] {dag.py:2415} INFO - Creating ORM DAG for fhv_data_v2
[2022-09-20 15:13:23,095] {logging_mixin.py:109} INFO - [2022-09-20 15:13:23,095] {dag.py:2415} INFO - Creating ORM DAG for green_taxi_data_v2
[2022-09-20 15:13:23,104] {logging_mixin.py:109} INFO - [2022-09-20 15:13:23,104] {dag.py:2935} INFO - Setting next_dagrun for fhv_data_v2 to 2019-01-02 06:00:00+00:00
[2022-09-20 15:13:23,106] {logging_mixin.py:109} INFO - [2022-09-20 15:13:23,106] {dag.py:2935} INFO - Setting next_dagrun for green_taxi_data_v2 to 2019-01-02 06:00:00+00:00
[2022-09-20 15:13:23,120] {processor.py:171} INFO - Processing /opt/airflow/dags/data_ingestion_gcs_dag.py took 1.484 seconds
[2022-09-20 15:13:53,228] {processor.py:163} INFO - Started process (PID=236) to work on /opt/airflow/dags/data_ingestion_gcs_dag.py
[2022-09-20 15:13:53,230] {processor.py:642} INFO - Processing file /opt/airflow/dags/data_ingestion_gcs_dag.py for tasks to queue
[2022-09-20 15:13:53,231] {logging_mixin.py:109} INFO - [2022-09-20 15:13:53,231] {dagbag.py:500} INFO - Filling up the DagBag from /opt/airflow/dags/data_ingestion_gcs_dag.py
[2022-09-20 15:13:54,366] {processor.py:654} INFO - DAG(s) dict_keys(['yellow_taxi_data_v2', 'fhv_data_v2', 'green_taxi_data_v2']) retrieved from /opt/airflow/dags/data_ingestion_gcs_dag.py
[2022-09-20 15:13:54,582] {logging_mixin.py:109} INFO - [2022-09-20 15:13:54,582] {dag.py:2396} INFO - Sync 3 DAGs
[2022-09-20 15:13:54,591] {logging_mixin.py:109} INFO - [2022-09-20 15:13:54,591] {dag.py:2415} INFO - Creating ORM DAG for yellow_taxi_data_v2
[2022-09-20 15:13:54,600] {logging_mixin.py:109} INFO - [2022-09-20 15:13:54,600] {dag.py:2935} INFO - Setting next_dagrun for green_taxi_data_v2 to 2019-01-02 06:00:00+00:00
[2022-09-20 15:13:54,602] {logging_mixin.py:109} INFO - [2022-09-20 15:13:54,602] {dag.py:2935} INFO - Setting next_dagrun for yellow_taxi_data_v2 to 2019-01-02 06:00:00+00:00
[2022-09-20 15:13:54,616] {processor.py:171} INFO - Processing /opt/airflow/dags/data_ingestion_gcs_dag.py took 1.393 seconds
[2022-09-20 15:14:24,732] {processor.py:163} INFO - Started process (PID=276) to work on /opt/airflow/dags/data_ingestion_gcs_dag.py
[2022-09-20 15:14:24,733] {processor.py:642} INFO - Processing file /opt/airflow/dags/data_ingestion_gcs_dag.py for tasks to queue
[2022-09-20 15:14:24,734] {logging_mixin.py:109} INFO - [2022-09-20 15:14:24,734] {dagbag.py:500} INFO - Filling up the DagBag from /opt/airflow/dags/data_ingestion_gcs_dag.py
[2022-09-20 15:14:25,585] {processor.py:654} INFO - DAG(s) dict_keys(['yellow_taxi_data_v2', 'fhv_data_v2', 'green_taxi_data_v2']) retrieved from /opt/airflow/dags/data_ingestion_gcs_dag.py
[2022-09-20 15:14:25,602] {logging_mixin.py:109} INFO - [2022-09-20 15:14:25,601] {dag.py:2396} INFO - Sync 3 DAGs
[2022-09-20 15:14:25,618] {logging_mixin.py:109} INFO - [2022-09-20 15:14:25,618] {dag.py:2935} INFO - Setting next_dagrun for green_taxi_data_v2 to 2019-01-02 06:00:00+00:00
[2022-09-20 15:14:25,620] {logging_mixin.py:109} INFO - [2022-09-20 15:14:25,620] {dag.py:2935} INFO - Setting next_dagrun for yellow_taxi_data_v2 to 2019-01-02 06:00:00+00:00
[2022-09-20 15:14:25,629] {processor.py:171} INFO - Processing /opt/airflow/dags/data_ingestion_gcs_dag.py took 0.901 seconds
[2022-09-20 15:14:55,708] {processor.py:163} INFO - Started process (PID=308) to work on /opt/airflow/dags/data_ingestion_gcs_dag.py
[2022-09-20 15:14:55,710] {processor.py:642} INFO - Processing file /opt/airflow/dags/data_ingestion_gcs_dag.py for tasks to queue
[2022-09-20 15:14:55,711] {logging_mixin.py:109} INFO - [2022-09-20 15:14:55,711] {dagbag.py:500} INFO - Filling up the DagBag from /opt/airflow/dags/data_ingestion_gcs_dag.py
[2022-09-20 15:14:56,641] {processor.py:654} INFO - DAG(s) dict_keys(['yellow_taxi_data_v2', 'fhv_data_v2', 'green_taxi_data_v2']) retrieved from /opt/airflow/dags/data_ingestion_gcs_dag.py
[2022-09-20 15:14:56,658] {logging_mixin.py:109} INFO - [2022-09-20 15:14:56,658] {dag.py:2396} INFO - Sync 3 DAGs
[2022-09-20 15:14:56,675] {logging_mixin.py:109} INFO - [2022-09-20 15:14:56,675] {dag.py:2935} INFO - Setting next_dagrun for green_taxi_data_v2 to 2019-01-02 06:00:00+00:00
[2022-09-20 15:14:56,676] {logging_mixin.py:109} INFO - [2022-09-20 15:14:56,676] {dag.py:2935} INFO - Setting next_dagrun for yellow_taxi_data_v2 to 2019-01-02 06:00:00+00:00
[2022-09-20 15:14:56,686] {processor.py:171} INFO - Processing /opt/airflow/dags/data_ingestion_gcs_dag.py took 0.983 seconds
[2022-09-20 15:15:26,767] {processor.py:163} INFO - Started process (PID=347) to work on /opt/airflow/dags/data_ingestion_gcs_dag.py
[2022-09-20 15:15:26,769] {processor.py:642} INFO - Processing file /opt/airflow/dags/data_ingestion_gcs_dag.py for tasks to queue
[2022-09-20 15:15:26,770] {logging_mixin.py:109} INFO - [2022-09-20 15:15:26,770] {dagbag.py:500} INFO - Filling up the DagBag from /opt/airflow/dags/data_ingestion_gcs_dag.py
[2022-09-20 15:15:27,906] {processor.py:654} INFO - DAG(s) dict_keys(['yellow_taxi_data_v2', 'fhv_data_v2', 'green_taxi_data_v2']) retrieved from /opt/airflow/dags/data_ingestion_gcs_dag.py
[2022-09-20 15:15:27,928] {logging_mixin.py:109} INFO - [2022-09-20 15:15:27,928] {dag.py:2396} INFO - Sync 3 DAGs
[2022-09-20 15:15:27,949] {logging_mixin.py:109} INFO - [2022-09-20 15:15:27,949] {dag.py:2935} INFO - Setting next_dagrun for green_taxi_data_v2 to 2019-01-02 06:00:00+00:00
[2022-09-20 15:15:27,951] {logging_mixin.py:109} INFO - [2022-09-20 15:15:27,950] {dag.py:2935} INFO - Setting next_dagrun for yellow_taxi_data_v2 to 2019-01-02 06:00:00+00:00
[2022-09-20 15:15:27,961] {processor.py:171} INFO - Processing /opt/airflow/dags/data_ingestion_gcs_dag.py took 1.200 seconds
[2022-09-20 15:15:58,039] {processor.py:163} INFO - Started process (PID=375) to work on /opt/airflow/dags/data_ingestion_gcs_dag.py
[2022-09-20 15:15:58,040] {processor.py:642} INFO - Processing file /opt/airflow/dags/data_ingestion_gcs_dag.py for tasks to queue
[2022-09-20 15:15:58,041] {logging_mixin.py:109} INFO - [2022-09-20 15:15:58,041] {dagbag.py:500} INFO - Filling up the DagBag from /opt/airflow/dags/data_ingestion_gcs_dag.py
[2022-09-20 15:15:59,104] {processor.py:654} INFO - DAG(s) dict_keys(['yellow_taxi_data_v2', 'fhv_data_v2', 'green_taxi_data_v2']) retrieved from /opt/airflow/dags/data_ingestion_gcs_dag.py
[2022-09-20 15:15:59,122] {logging_mixin.py:109} INFO - [2022-09-20 15:15:59,121] {dag.py:2396} INFO - Sync 3 DAGs
[2022-09-20 15:15:59,144] {logging_mixin.py:109} INFO - [2022-09-20 15:15:59,144] {dag.py:2935} INFO - Setting next_dagrun for green_taxi_data_v2 to 2019-01-02 06:00:00+00:00
[2022-09-20 15:15:59,146] {logging_mixin.py:109} INFO - [2022-09-20 15:15:59,146] {dag.py:2935} INFO - Setting next_dagrun for yellow_taxi_data_v2 to 2019-01-02 06:00:00+00:00
[2022-09-20 15:15:59,157] {processor.py:171} INFO - Processing /opt/airflow/dags/data_ingestion_gcs_dag.py took 1.123 seconds
[2022-09-20 15:16:29,245] {processor.py:163} INFO - Started process (PID=416) to work on /opt/airflow/dags/data_ingestion_gcs_dag.py
[2022-09-20 15:16:29,250] {processor.py:642} INFO - Processing file /opt/airflow/dags/data_ingestion_gcs_dag.py for tasks to queue
[2022-09-20 15:16:29,251] {logging_mixin.py:109} INFO - [2022-09-20 15:16:29,251] {dagbag.py:500} INFO - Filling up the DagBag from /opt/airflow/dags/data_ingestion_gcs_dag.py
[2022-09-20 15:16:30,254] {processor.py:654} INFO - DAG(s) dict_keys(['yellow_taxi_data_v2', 'fhv_data_v2', 'green_taxi_data_v2']) retrieved from /opt/airflow/dags/data_ingestion_gcs_dag.py
[2022-09-20 15:16:30,271] {logging_mixin.py:109} INFO - [2022-09-20 15:16:30,271] {dag.py:2396} INFO - Sync 3 DAGs
[2022-09-20 15:16:30,288] {logging_mixin.py:109} INFO - [2022-09-20 15:16:30,288] {dag.py:2935} INFO - Setting next_dagrun for green_taxi_data_v2 to 2019-01-02 06:00:00+00:00
[2022-09-20 15:16:30,290] {logging_mixin.py:109} INFO - [2022-09-20 15:16:30,290] {dag.py:2935} INFO - Setting next_dagrun for yellow_taxi_data_v2 to 2019-01-02 06:00:00+00:00
[2022-09-20 15:16:30,301] {processor.py:171} INFO - Processing /opt/airflow/dags/data_ingestion_gcs_dag.py took 1.061 seconds
[2022-09-20 15:17:00,398] {processor.py:163} INFO - Started process (PID=445) to work on /opt/airflow/dags/data_ingestion_gcs_dag.py
[2022-09-20 15:17:00,405] {processor.py:642} INFO - Processing file /opt/airflow/dags/data_ingestion_gcs_dag.py for tasks to queue
[2022-09-20 15:17:00,406] {logging_mixin.py:109} INFO - [2022-09-20 15:17:00,406] {dagbag.py:500} INFO - Filling up the DagBag from /opt/airflow/dags/data_ingestion_gcs_dag.py
[2022-09-20 15:17:01,516] {processor.py:654} INFO - DAG(s) dict_keys(['yellow_taxi_data_v2', 'fhv_data_v2', 'green_taxi_data_v2']) retrieved from /opt/airflow/dags/data_ingestion_gcs_dag.py
[2022-09-20 15:17:01,544] {logging_mixin.py:109} INFO - [2022-09-20 15:17:01,544] {dag.py:2396} INFO - Sync 3 DAGs
[2022-09-20 15:17:01,568] {logging_mixin.py:109} INFO - [2022-09-20 15:17:01,568] {dag.py:2935} INFO - Setting next_dagrun for green_taxi_data_v2 to 2019-01-02 06:00:00+00:00
[2022-09-20 15:17:01,571] {logging_mixin.py:109} INFO - [2022-09-20 15:17:01,571] {dag.py:2935} INFO - Setting next_dagrun for yellow_taxi_data_v2 to 2019-01-02 06:00:00+00:00
[2022-09-20 15:17:01,592] {processor.py:171} INFO - Processing /opt/airflow/dags/data_ingestion_gcs_dag.py took 1.201 seconds
[2022-09-20 15:17:31,672] {processor.py:163} INFO - Started process (PID=482) to work on /opt/airflow/dags/data_ingestion_gcs_dag.py
[2022-09-20 15:17:31,675] {processor.py:642} INFO - Processing file /opt/airflow/dags/data_ingestion_gcs_dag.py for tasks to queue
[2022-09-20 15:17:31,676] {logging_mixin.py:109} INFO - [2022-09-20 15:17:31,676] {dagbag.py:500} INFO - Filling up the DagBag from /opt/airflow/dags/data_ingestion_gcs_dag.py
[2022-09-20 15:17:32,721] {processor.py:654} INFO - DAG(s) dict_keys(['yellow_taxi_data_v2', 'fhv_data_v2', 'green_taxi_data_v2']) retrieved from /opt/airflow/dags/data_ingestion_gcs_dag.py
[2022-09-20 15:17:32,743] {logging_mixin.py:109} INFO - [2022-09-20 15:17:32,743] {dag.py:2396} INFO - Sync 3 DAGs
[2022-09-20 15:17:32,768] {logging_mixin.py:109} INFO - [2022-09-20 15:17:32,768] {dag.py:2935} INFO - Setting next_dagrun for green_taxi_data_v2 to 2019-01-02 06:00:00+00:00
[2022-09-20 15:17:32,770] {logging_mixin.py:109} INFO - [2022-09-20 15:17:32,770] {dag.py:2935} INFO - Setting next_dagrun for yellow_taxi_data_v2 to 2019-01-02 06:00:00+00:00
[2022-09-20 15:17:32,783] {processor.py:171} INFO - Processing /opt/airflow/dags/data_ingestion_gcs_dag.py took 1.117 seconds
[2022-09-20 15:18:02,880] {processor.py:163} INFO - Started process (PID=515) to work on /opt/airflow/dags/data_ingestion_gcs_dag.py
[2022-09-20 15:18:02,881] {processor.py:642} INFO - Processing file /opt/airflow/dags/data_ingestion_gcs_dag.py for tasks to queue
[2022-09-20 15:18:02,883] {logging_mixin.py:109} INFO - [2022-09-20 15:18:02,882] {dagbag.py:500} INFO - Filling up the DagBag from /opt/airflow/dags/data_ingestion_gcs_dag.py
[2022-09-20 15:18:03,964] {processor.py:654} INFO - DAG(s) dict_keys(['yellow_taxi_data_v2', 'fhv_data_v2', 'green_taxi_data_v2']) retrieved from /opt/airflow/dags/data_ingestion_gcs_dag.py
[2022-09-20 15:18:03,989] {logging_mixin.py:109} INFO - [2022-09-20 15:18:03,988] {dag.py:2396} INFO - Sync 3 DAGs
[2022-09-20 15:18:04,014] {logging_mixin.py:109} INFO - [2022-09-20 15:18:04,014] {dag.py:2935} INFO - Setting next_dagrun for green_taxi_data_v2 to 2019-01-02 06:00:00+00:00
[2022-09-20 15:18:04,016] {logging_mixin.py:109} INFO - [2022-09-20 15:18:04,016] {dag.py:2935} INFO - Setting next_dagrun for yellow_taxi_data_v2 to 2019-01-02 06:00:00+00:00
[2022-09-20 15:18:04,026] {processor.py:171} INFO - Processing /opt/airflow/dags/data_ingestion_gcs_dag.py took 1.152 seconds
[2022-09-20 15:18:34,104] {processor.py:163} INFO - Started process (PID=553) to work on /opt/airflow/dags/data_ingestion_gcs_dag.py
[2022-09-20 15:18:34,106] {processor.py:642} INFO - Processing file /opt/airflow/dags/data_ingestion_gcs_dag.py for tasks to queue
[2022-09-20 15:18:34,107] {logging_mixin.py:109} INFO - [2022-09-20 15:18:34,107] {dagbag.py:500} INFO - Filling up the DagBag from /opt/airflow/dags/data_ingestion_gcs_dag.py
[2022-09-20 15:18:35,166] {processor.py:654} INFO - DAG(s) dict_keys(['yellow_taxi_data_v2', 'fhv_data_v2', 'green_taxi_data_v2']) retrieved from /opt/airflow/dags/data_ingestion_gcs_dag.py
[2022-09-20 15:18:35,182] {logging_mixin.py:109} INFO - [2022-09-20 15:18:35,182] {dag.py:2396} INFO - Sync 3 DAGs
[2022-09-20 15:18:35,198] {logging_mixin.py:109} INFO - [2022-09-20 15:18:35,198] {dag.py:2935} INFO - Setting next_dagrun for green_taxi_data_v2 to 2019-01-02 06:00:00+00:00
[2022-09-20 15:18:35,200] {logging_mixin.py:109} INFO - [2022-09-20 15:18:35,200] {dag.py:2935} INFO - Setting next_dagrun for yellow_taxi_data_v2 to 2019-01-02 06:00:00+00:00
[2022-09-20 15:18:35,209] {processor.py:171} INFO - Processing /opt/airflow/dags/data_ingestion_gcs_dag.py took 1.111 seconds
[2022-09-20 15:19:05,285] {processor.py:163} INFO - Started process (PID=582) to work on /opt/airflow/dags/data_ingestion_gcs_dag.py
[2022-09-20 15:19:05,287] {processor.py:642} INFO - Processing file /opt/airflow/dags/data_ingestion_gcs_dag.py for tasks to queue
[2022-09-20 15:19:05,288] {logging_mixin.py:109} INFO - [2022-09-20 15:19:05,288] {dagbag.py:500} INFO - Filling up the DagBag from /opt/airflow/dags/data_ingestion_gcs_dag.py
[2022-09-20 15:19:06,200] {processor.py:654} INFO - DAG(s) dict_keys(['yellow_taxi_data_v2', 'fhv_data_v2', 'green_taxi_data_v2']) retrieved from /opt/airflow/dags/data_ingestion_gcs_dag.py
[2022-09-20 15:19:06,223] {logging_mixin.py:109} INFO - [2022-09-20 15:19:06,222] {dag.py:2396} INFO - Sync 3 DAGs
[2022-09-20 15:19:06,246] {logging_mixin.py:109} INFO - [2022-09-20 15:19:06,246] {dag.py:2935} INFO - Setting next_dagrun for green_taxi_data_v2 to 2019-01-02 06:00:00+00:00
[2022-09-20 15:19:06,249] {logging_mixin.py:109} INFO - [2022-09-20 15:19:06,249] {dag.py:2935} INFO - Setting next_dagrun for yellow_taxi_data_v2 to 2019-01-02 06:00:00+00:00
[2022-09-20 15:19:06,261] {processor.py:171} INFO - Processing /opt/airflow/dags/data_ingestion_gcs_dag.py took 0.980 seconds
[2022-09-20 15:19:36,385] {processor.py:163} INFO - Started process (PID=614) to work on /opt/airflow/dags/data_ingestion_gcs_dag.py
[2022-09-20 15:19:36,387] {processor.py:642} INFO - Processing file /opt/airflow/dags/data_ingestion_gcs_dag.py for tasks to queue
[2022-09-20 15:19:36,388] {logging_mixin.py:109} INFO - [2022-09-20 15:19:36,387] {dagbag.py:500} INFO - Filling up the DagBag from /opt/airflow/dags/data_ingestion_gcs_dag.py
[2022-09-20 15:19:37,427] {processor.py:654} INFO - DAG(s) dict_keys(['yellow_taxi_data_v2', 'fhv_data_v2', 'green_taxi_data_v2']) retrieved from /opt/airflow/dags/data_ingestion_gcs_dag.py
[2022-09-20 15:19:37,450] {logging_mixin.py:109} INFO - [2022-09-20 15:19:37,449] {dag.py:2396} INFO - Sync 3 DAGs
[2022-09-20 15:19:37,473] {logging_mixin.py:109} INFO - [2022-09-20 15:19:37,473] {dag.py:2935} INFO - Setting next_dagrun for green_taxi_data_v2 to 2019-01-02 06:00:00+00:00
[2022-09-20 15:19:37,476] {logging_mixin.py:109} INFO - [2022-09-20 15:19:37,476] {dag.py:2935} INFO - Setting next_dagrun for yellow_taxi_data_v2 to 2019-01-02 06:00:00+00:00
[2022-09-20 15:19:37,489] {processor.py:171} INFO - Processing /opt/airflow/dags/data_ingestion_gcs_dag.py took 1.117 seconds
[2022-09-20 15:20:07,599] {processor.py:163} INFO - Started process (PID=653) to work on /opt/airflow/dags/data_ingestion_gcs_dag.py
[2022-09-20 15:20:07,601] {processor.py:642} INFO - Processing file /opt/airflow/dags/data_ingestion_gcs_dag.py for tasks to queue
[2022-09-20 15:20:07,601] {logging_mixin.py:109} INFO - [2022-09-20 15:20:07,601] {dagbag.py:500} INFO - Filling up the DagBag from /opt/airflow/dags/data_ingestion_gcs_dag.py
[2022-09-20 15:20:08,487] {processor.py:654} INFO - DAG(s) dict_keys(['yellow_taxi_data_v2', 'fhv_data_v2', 'green_taxi_data_v2']) retrieved from /opt/airflow/dags/data_ingestion_gcs_dag.py
[2022-09-20 15:20:08,503] {logging_mixin.py:109} INFO - [2022-09-20 15:20:08,503] {dag.py:2396} INFO - Sync 3 DAGs
[2022-09-20 15:20:08,520] {logging_mixin.py:109} INFO - [2022-09-20 15:20:08,520] {dag.py:2935} INFO - Setting next_dagrun for green_taxi_data_v2 to 2019-01-02 06:00:00+00:00
[2022-09-20 15:20:08,521] {logging_mixin.py:109} INFO - [2022-09-20 15:20:08,521] {dag.py:2935} INFO - Setting next_dagrun for yellow_taxi_data_v2 to 2019-01-02 06:00:00+00:00
[2022-09-20 15:20:08,531] {processor.py:171} INFO - Processing /opt/airflow/dags/data_ingestion_gcs_dag.py took 0.936 seconds
[2022-09-20 15:20:38,606] {processor.py:163} INFO - Started process (PID=682) to work on /opt/airflow/dags/data_ingestion_gcs_dag.py
[2022-09-20 15:20:38,608] {processor.py:642} INFO - Processing file /opt/airflow/dags/data_ingestion_gcs_dag.py for tasks to queue
[2022-09-20 15:20:38,609] {logging_mixin.py:109} INFO - [2022-09-20 15:20:38,609] {dagbag.py:500} INFO - Filling up the DagBag from /opt/airflow/dags/data_ingestion_gcs_dag.py
[2022-09-20 15:20:39,505] {processor.py:654} INFO - DAG(s) dict_keys(['yellow_taxi_data_v2', 'fhv_data_v2', 'green_taxi_data_v2']) retrieved from /opt/airflow/dags/data_ingestion_gcs_dag.py
[2022-09-20 15:20:39,522] {logging_mixin.py:109} INFO - [2022-09-20 15:20:39,521] {dag.py:2396} INFO - Sync 3 DAGs
[2022-09-20 15:20:39,542] {logging_mixin.py:109} INFO - [2022-09-20 15:20:39,542] {dag.py:2935} INFO - Setting next_dagrun for green_taxi_data_v2 to 2019-01-02 06:00:00+00:00
[2022-09-20 15:20:39,544] {logging_mixin.py:109} INFO - [2022-09-20 15:20:39,544] {dag.py:2935} INFO - Setting next_dagrun for yellow_taxi_data_v2 to 2019-01-02 06:00:00+00:00
[2022-09-20 15:20:39,557] {processor.py:171} INFO - Processing /opt/airflow/dags/data_ingestion_gcs_dag.py took 0.955 seconds
[2022-09-20 15:21:09,645] {processor.py:163} INFO - Started process (PID=720) to work on /opt/airflow/dags/data_ingestion_gcs_dag.py
[2022-09-20 15:21:09,652] {processor.py:642} INFO - Processing file /opt/airflow/dags/data_ingestion_gcs_dag.py for tasks to queue
[2022-09-20 15:21:09,655] {logging_mixin.py:109} INFO - [2022-09-20 15:21:09,655] {dagbag.py:500} INFO - Filling up the DagBag from /opt/airflow/dags/data_ingestion_gcs_dag.py
[2022-09-20 15:21:10,632] {processor.py:654} INFO - DAG(s) dict_keys(['yellow_taxi_data_v2', 'fhv_data_v2', 'green_taxi_data_v2']) retrieved from /opt/airflow/dags/data_ingestion_gcs_dag.py
[2022-09-20 15:21:10,648] {logging_mixin.py:109} INFO - [2022-09-20 15:21:10,647] {dag.py:2396} INFO - Sync 3 DAGs
[2022-09-20 15:21:10,664] {logging_mixin.py:109} INFO - [2022-09-20 15:21:10,664] {dag.py:2935} INFO - Setting next_dagrun for green_taxi_data_v2 to 2019-01-02 06:00:00+00:00
[2022-09-20 15:21:10,665] {logging_mixin.py:109} INFO - [2022-09-20 15:21:10,665] {dag.py:2935} INFO - Setting next_dagrun for yellow_taxi_data_v2 to 2019-01-02 06:00:00+00:00
[2022-09-20 15:21:10,680] {processor.py:171} INFO - Processing /opt/airflow/dags/data_ingestion_gcs_dag.py took 1.048 seconds
[2022-09-20 15:21:40,755] {processor.py:163} INFO - Started process (PID=746) to work on /opt/airflow/dags/data_ingestion_gcs_dag.py
[2022-09-20 15:21:40,757] {processor.py:642} INFO - Processing file /opt/airflow/dags/data_ingestion_gcs_dag.py for tasks to queue
[2022-09-20 15:21:40,758] {logging_mixin.py:109} INFO - [2022-09-20 15:21:40,758] {dagbag.py:500} INFO - Filling up the DagBag from /opt/airflow/dags/data_ingestion_gcs_dag.py
[2022-09-20 15:21:41,629] {processor.py:654} INFO - DAG(s) dict_keys(['yellow_taxi_data_v2', 'fhv_data_v2', 'green_taxi_data_v2']) retrieved from /opt/airflow/dags/data_ingestion_gcs_dag.py
[2022-09-20 15:21:41,645] {logging_mixin.py:109} INFO - [2022-09-20 15:21:41,645] {dag.py:2396} INFO - Sync 3 DAGs
[2022-09-20 15:21:41,663] {logging_mixin.py:109} INFO - [2022-09-20 15:21:41,663] {dag.py:2935} INFO - Setting next_dagrun for green_taxi_data_v2 to 2019-01-02 06:00:00+00:00
[2022-09-20 15:21:41,665] {logging_mixin.py:109} INFO - [2022-09-20 15:21:41,664] {dag.py:2935} INFO - Setting next_dagrun for yellow_taxi_data_v2 to 2019-01-02 06:00:00+00:00
[2022-09-20 15:21:41,675] {processor.py:171} INFO - Processing /opt/airflow/dags/data_ingestion_gcs_dag.py took 0.924 seconds
[2022-09-20 15:22:11,844] {processor.py:163} INFO - Started process (PID=784) to work on /opt/airflow/dags/data_ingestion_gcs_dag.py
[2022-09-20 15:22:11,848] {processor.py:642} INFO - Processing file /opt/airflow/dags/data_ingestion_gcs_dag.py for tasks to queue
[2022-09-20 15:22:11,851] {logging_mixin.py:109} INFO - [2022-09-20 15:22:11,851] {dagbag.py:500} INFO - Filling up the DagBag from /opt/airflow/dags/data_ingestion_gcs_dag.py
[2022-09-20 15:22:14,214] {processor.py:654} INFO - DAG(s) dict_keys(['yellow_taxi_data_v2', 'fhv_data_v2', 'green_taxi_data_v2']) retrieved from /opt/airflow/dags/data_ingestion_gcs_dag.py
[2022-09-20 15:22:14,279] {logging_mixin.py:109} INFO - [2022-09-20 15:22:14,278] {dag.py:2396} INFO - Sync 3 DAGs
[2022-09-20 15:22:14,343] {logging_mixin.py:109} INFO - [2022-09-20 15:22:14,343] {dag.py:2935} INFO - Setting next_dagrun for green_taxi_data_v2 to 2019-01-02 06:00:00+00:00
[2022-09-20 15:22:14,351] {logging_mixin.py:109} INFO - [2022-09-20 15:22:14,350] {dag.py:2935} INFO - Setting next_dagrun for yellow_taxi_data_v2 to 2019-01-02 06:00:00+00:00
[2022-09-20 15:22:14,380] {processor.py:171} INFO - Processing /opt/airflow/dags/data_ingestion_gcs_dag.py took 2.549 seconds
[2022-09-20 15:22:44,572] {processor.py:163} INFO - Started process (PID=812) to work on /opt/airflow/dags/data_ingestion_gcs_dag.py
[2022-09-20 15:22:44,599] {processor.py:642} INFO - Processing file /opt/airflow/dags/data_ingestion_gcs_dag.py for tasks to queue
[2022-09-20 15:22:44,607] {logging_mixin.py:109} INFO - [2022-09-20 15:22:44,606] {dagbag.py:500} INFO - Filling up the DagBag from /opt/airflow/dags/data_ingestion_gcs_dag.py
[2022-09-20 15:22:48,063] {processor.py:654} INFO - DAG(s) dict_keys(['yellow_taxi_data_v2', 'fhv_data_v2', 'green_taxi_data_v2']) retrieved from /opt/airflow/dags/data_ingestion_gcs_dag.py
[2022-09-20 15:22:48,109] {logging_mixin.py:109} INFO - [2022-09-20 15:22:48,108] {dag.py:2396} INFO - Sync 3 DAGs
[2022-09-20 15:22:48,138] {logging_mixin.py:109} INFO - [2022-09-20 15:22:48,137] {dag.py:2935} INFO - Setting next_dagrun for green_taxi_data_v2 to 2019-01-02 06:00:00+00:00
[2022-09-20 15:22:48,139] {logging_mixin.py:109} INFO - [2022-09-20 15:22:48,139] {dag.py:2935} INFO - Setting next_dagrun for yellow_taxi_data_v2 to 2019-01-02 06:00:00+00:00
[2022-09-20 15:22:48,150] {processor.py:171} INFO - Processing /opt/airflow/dags/data_ingestion_gcs_dag.py took 3.612 seconds
[2022-09-20 15:23:18,233] {processor.py:163} INFO - Started process (PID=841) to work on /opt/airflow/dags/data_ingestion_gcs_dag.py
[2022-09-20 15:23:18,235] {processor.py:642} INFO - Processing file /opt/airflow/dags/data_ingestion_gcs_dag.py for tasks to queue
[2022-09-20 15:23:18,236] {logging_mixin.py:109} INFO - [2022-09-20 15:23:18,236] {dagbag.py:500} INFO - Filling up the DagBag from /opt/airflow/dags/data_ingestion_gcs_dag.py
[2022-09-20 15:23:19,265] {processor.py:654} INFO - DAG(s) dict_keys(['yellow_taxi_data_v2', 'fhv_data_v2', 'green_taxi_data_v2']) retrieved from /opt/airflow/dags/data_ingestion_gcs_dag.py
[2022-09-20 15:23:19,281] {logging_mixin.py:109} INFO - [2022-09-20 15:23:19,281] {dag.py:2396} INFO - Sync 3 DAGs
[2022-09-20 15:23:19,299] {logging_mixin.py:109} INFO - [2022-09-20 15:23:19,298] {dag.py:2935} INFO - Setting next_dagrun for green_taxi_data_v2 to 2019-01-02 06:00:00+00:00
[2022-09-20 15:23:19,300] {logging_mixin.py:109} INFO - [2022-09-20 15:23:19,300] {dag.py:2935} INFO - Setting next_dagrun for yellow_taxi_data_v2 to 2019-01-02 06:00:00+00:00
[2022-09-20 15:23:19,310] {processor.py:171} INFO - Processing /opt/airflow/dags/data_ingestion_gcs_dag.py took 1.083 seconds
[2022-09-20 15:23:49,393] {processor.py:163} INFO - Started process (PID=880) to work on /opt/airflow/dags/data_ingestion_gcs_dag.py
[2022-09-20 15:23:49,406] {processor.py:642} INFO - Processing file /opt/airflow/dags/data_ingestion_gcs_dag.py for tasks to queue
[2022-09-20 15:23:49,407] {logging_mixin.py:109} INFO - [2022-09-20 15:23:49,407] {dagbag.py:500} INFO - Filling up the DagBag from /opt/airflow/dags/data_ingestion_gcs_dag.py
[2022-09-20 15:23:50,839] {processor.py:654} INFO - DAG(s) dict_keys(['yellow_taxi_data_v2', 'fhv_data_v2', 'green_taxi_data_v2']) retrieved from /opt/airflow/dags/data_ingestion_gcs_dag.py
[2022-09-20 15:23:50,856] {logging_mixin.py:109} INFO - [2022-09-20 15:23:50,856] {dag.py:2396} INFO - Sync 3 DAGs
[2022-09-20 15:23:50,872] {logging_mixin.py:109} INFO - [2022-09-20 15:23:50,872] {dag.py:2935} INFO - Setting next_dagrun for fhv_data_v2 to 2019-06-02T06:00:00+00:00
[2022-09-20 15:23:50,874] {logging_mixin.py:109} INFO - [2022-09-20 15:23:50,874] {dag.py:2935} INFO - Setting next_dagrun for green_taxi_data_v2 to 2019-01-02 06:00:00+00:00
[2022-09-20 15:23:50,876] {logging_mixin.py:109} INFO - [2022-09-20 15:23:50,875] {dag.py:2935} INFO - Setting next_dagrun for yellow_taxi_data_v2 to 2019-01-02 06:00:00+00:00
[2022-09-20 15:23:50,886] {processor.py:171} INFO - Processing /opt/airflow/dags/data_ingestion_gcs_dag.py took 1.499 seconds
[2022-09-20 15:24:20,970] {processor.py:163} INFO - Started process (PID=910) to work on /opt/airflow/dags/data_ingestion_gcs_dag.py
[2022-09-20 15:24:20,972] {processor.py:642} INFO - Processing file /opt/airflow/dags/data_ingestion_gcs_dag.py for tasks to queue
[2022-09-20 15:24:20,974] {logging_mixin.py:109} INFO - [2022-09-20 15:24:20,973] {dagbag.py:500} INFO - Filling up the DagBag from /opt/airflow/dags/data_ingestion_gcs_dag.py
[2022-09-20 15:24:22,280] {processor.py:654} INFO - DAG(s) dict_keys(['yellow_taxi_data_v2', 'fhv_data_v2', 'green_taxi_data_v2']) retrieved from /opt/airflow/dags/data_ingestion_gcs_dag.py
[2022-09-20 15:24:22,304] {logging_mixin.py:109} INFO - [2022-09-20 15:24:22,304] {dag.py:2396} INFO - Sync 3 DAGs
[2022-09-20 15:24:22,323] {logging_mixin.py:109} INFO - [2022-09-20 15:24:22,323] {dag.py:2935} INFO - Setting next_dagrun for green_taxi_data_v2 to 2019-01-02 06:00:00+00:00
[2022-09-20 15:24:22,325] {logging_mixin.py:109} INFO - [2022-09-20 15:24:22,325] {dag.py:2935} INFO - Setting next_dagrun for yellow_taxi_data_v2 to 2019-01-02 06:00:00+00:00
[2022-09-20 15:24:22,336] {processor.py:171} INFO - Processing /opt/airflow/dags/data_ingestion_gcs_dag.py took 1.372 seconds
[2022-09-20 15:24:52,411] {processor.py:163} INFO - Started process (PID=940) to work on /opt/airflow/dags/data_ingestion_gcs_dag.py
[2022-09-20 15:24:52,412] {processor.py:642} INFO - Processing file /opt/airflow/dags/data_ingestion_gcs_dag.py for tasks to queue
[2022-09-20 15:24:52,413] {logging_mixin.py:109} INFO - [2022-09-20 15:24:52,413] {dagbag.py:500} INFO - Filling up the DagBag from /opt/airflow/dags/data_ingestion_gcs_dag.py
[2022-09-20 15:24:53,328] {processor.py:654} INFO - DAG(s) dict_keys(['yellow_taxi_data_v2', 'fhv_data_v2', 'green_taxi_data_v2']) retrieved from /opt/airflow/dags/data_ingestion_gcs_dag.py
[2022-09-20 15:24:53,344] {logging_mixin.py:109} INFO - [2022-09-20 15:24:53,344] {dag.py:2396} INFO - Sync 3 DAGs
[2022-09-20 15:24:53,361] {logging_mixin.py:109} INFO - [2022-09-20 15:24:53,361] {dag.py:2935} INFO - Setting next_dagrun for green_taxi_data_v2 to 2019-01-02 06:00:00+00:00
[2022-09-20 15:24:53,363] {logging_mixin.py:109} INFO - [2022-09-20 15:24:53,363] {dag.py:2935} INFO - Setting next_dagrun for yellow_taxi_data_v2 to 2019-01-02 06:00:00+00:00
[2022-09-20 15:24:53,373] {processor.py:171} INFO - Processing /opt/airflow/dags/data_ingestion_gcs_dag.py took 0.967 seconds
[2022-09-20 15:25:23,431] {processor.py:163} INFO - Started process (PID=980) to work on /opt/airflow/dags/data_ingestion_gcs_dag.py
[2022-09-20 15:25:23,433] {processor.py:642} INFO - Processing file /opt/airflow/dags/data_ingestion_gcs_dag.py for tasks to queue
[2022-09-20 15:25:23,434] {logging_mixin.py:109} INFO - [2022-09-20 15:25:23,434] {dagbag.py:500} INFO - Filling up the DagBag from /opt/airflow/dags/data_ingestion_gcs_dag.py
[2022-09-20 15:25:24,722] {processor.py:654} INFO - DAG(s) dict_keys(['yellow_taxi_data_v2', 'fhv_data_v2', 'green_taxi_data_v2']) retrieved from /opt/airflow/dags/data_ingestion_gcs_dag.py
[2022-09-20 15:25:24,751] {logging_mixin.py:109} INFO - [2022-09-20 15:25:24,751] {dag.py:2396} INFO - Sync 3 DAGs
[2022-09-20 15:25:24,772] {logging_mixin.py:109} INFO - [2022-09-20 15:25:24,772] {dag.py:2935} INFO - Setting next_dagrun for green_taxi_data_v2 to 2019-01-02 06:00:00+00:00
[2022-09-20 15:25:24,774] {logging_mixin.py:109} INFO - [2022-09-20 15:25:24,774] {dag.py:2935} INFO - Setting next_dagrun for yellow_taxi_data_v2 to 2019-01-02 06:00:00+00:00
[2022-09-20 15:25:24,784] {processor.py:171} INFO - Processing /opt/airflow/dags/data_ingestion_gcs_dag.py took 1.359 seconds
[2022-09-20 15:25:54,880] {processor.py:163} INFO - Started process (PID=1010) to work on /opt/airflow/dags/data_ingestion_gcs_dag.py
[2022-09-20 15:25:54,881] {processor.py:642} INFO - Processing file /opt/airflow/dags/data_ingestion_gcs_dag.py for tasks to queue
[2022-09-20 15:25:54,882] {logging_mixin.py:109} INFO - [2022-09-20 15:25:54,882] {dagbag.py:500} INFO - Filling up the DagBag from /opt/airflow/dags/data_ingestion_gcs_dag.py
[2022-09-20 15:25:55,842] {processor.py:654} INFO - DAG(s) dict_keys(['yellow_taxi_data_v2', 'fhv_data_v2', 'green_taxi_data_v2']) retrieved from /opt/airflow/dags/data_ingestion_gcs_dag.py
[2022-09-20 15:25:55,859] {logging_mixin.py:109} INFO - [2022-09-20 15:25:55,858] {dag.py:2396} INFO - Sync 3 DAGs
[2022-09-20 15:25:55,883] {logging_mixin.py:109} INFO - [2022-09-20 15:25:55,883] {dag.py:2935} INFO - Setting next_dagrun for green_taxi_data_v2 to 2019-01-02 06:00:00+00:00
[2022-09-20 15:25:55,885] {logging_mixin.py:109} INFO - [2022-09-20 15:25:55,885] {dag.py:2935} INFO - Setting next_dagrun for yellow_taxi_data_v2 to 2019-01-02 06:00:00+00:00
[2022-09-20 15:25:55,896] {processor.py:171} INFO - Processing /opt/airflow/dags/data_ingestion_gcs_dag.py took 1.020 seconds
[2022-09-20 15:26:26,020] {processor.py:163} INFO - Started process (PID=1048) to work on /opt/airflow/dags/data_ingestion_gcs_dag.py
[2022-09-20 15:26:26,022] {processor.py:642} INFO - Processing file /opt/airflow/dags/data_ingestion_gcs_dag.py for tasks to queue
[2022-09-20 15:26:26,023] {logging_mixin.py:109} INFO - [2022-09-20 15:26:26,023] {dagbag.py:500} INFO - Filling up the DagBag from /opt/airflow/dags/data_ingestion_gcs_dag.py
[2022-09-20 15:26:26,962] {processor.py:654} INFO - DAG(s) dict_keys(['yellow_taxi_data_v2', 'fhv_data_v2', 'green_taxi_data_v2']) retrieved from /opt/airflow/dags/data_ingestion_gcs_dag.py
[2022-09-20 15:26:26,982] {logging_mixin.py:109} INFO - [2022-09-20 15:26:26,981] {dag.py:2396} INFO - Sync 3 DAGs
[2022-09-20 15:26:27,002] {logging_mixin.py:109} INFO - [2022-09-20 15:26:27,001] {dag.py:2935} INFO - Setting next_dagrun for green_taxi_data_v2 to 2019-01-02 06:00:00+00:00
[2022-09-20 15:26:27,003] {logging_mixin.py:109} INFO - [2022-09-20 15:26:27,003] {dag.py:2935} INFO - Setting next_dagrun for yellow_taxi_data_v2 to 2019-01-02 06:00:00+00:00
[2022-09-20 15:26:27,015] {processor.py:171} INFO - Processing /opt/airflow/dags/data_ingestion_gcs_dag.py took 0.998 seconds
[2022-09-20 15:26:57,142] {processor.py:163} INFO - Started process (PID=1076) to work on /opt/airflow/dags/data_ingestion_gcs_dag.py
[2022-09-20 15:26:57,144] {processor.py:642} INFO - Processing file /opt/airflow/dags/data_ingestion_gcs_dag.py for tasks to queue
[2022-09-20 15:26:57,145] {logging_mixin.py:109} INFO - [2022-09-20 15:26:57,145] {dagbag.py:500} INFO - Filling up the DagBag from /opt/airflow/dags/data_ingestion_gcs_dag.py
[2022-09-20 15:26:58,392] {processor.py:654} INFO - DAG(s) dict_keys(['yellow_taxi_data_v2', 'fhv_data_v2', 'green_taxi_data_v2']) retrieved from /opt/airflow/dags/data_ingestion_gcs_dag.py
[2022-09-20 15:26:58,408] {logging_mixin.py:109} INFO - [2022-09-20 15:26:58,407] {dag.py:2396} INFO - Sync 3 DAGs
[2022-09-20 15:26:58,427] {logging_mixin.py:109} INFO - [2022-09-20 15:26:58,427] {dag.py:2935} INFO - Setting next_dagrun for green_taxi_data_v2 to 2019-01-02 06:00:00+00:00
[2022-09-20 15:26:58,429] {logging_mixin.py:109} INFO - [2022-09-20 15:26:58,429] {dag.py:2935} INFO - Setting next_dagrun for yellow_taxi_data_v2 to 2019-01-02 06:00:00+00:00
[2022-09-20 15:26:58,442] {processor.py:171} INFO - Processing /opt/airflow/dags/data_ingestion_gcs_dag.py took 1.305 seconds
[2022-09-20 15:27:28,572] {processor.py:163} INFO - Started process (PID=1116) to work on /opt/airflow/dags/data_ingestion_gcs_dag.py
[2022-09-20 15:27:28,574] {processor.py:642} INFO - Processing file /opt/airflow/dags/data_ingestion_gcs_dag.py for tasks to queue
[2022-09-20 15:27:28,575] {logging_mixin.py:109} INFO - [2022-09-20 15:27:28,575] {dagbag.py:500} INFO - Filling up the DagBag from /opt/airflow/dags/data_ingestion_gcs_dag.py
[2022-09-20 15:27:29,478] {processor.py:654} INFO - DAG(s) dict_keys(['yellow_taxi_data_v2', 'fhv_data_v2', 'green_taxi_data_v2']) retrieved from /opt/airflow/dags/data_ingestion_gcs_dag.py
[2022-09-20 15:27:29,501] {logging_mixin.py:109} INFO - [2022-09-20 15:27:29,500] {dag.py:2396} INFO - Sync 3 DAGs
[2022-09-20 15:27:29,522] {logging_mixin.py:109} INFO - [2022-09-20 15:27:29,522] {dag.py:2935} INFO - Setting next_dagrun for green_taxi_data_v2 to 2019-01-02 06:00:00+00:00
[2022-09-20 15:27:29,524] {logging_mixin.py:109} INFO - [2022-09-20 15:27:29,524] {dag.py:2935} INFO - Setting next_dagrun for yellow_taxi_data_v2 to 2019-01-02 06:00:00+00:00
[2022-09-20 15:27:29,536] {processor.py:171} INFO - Processing /opt/airflow/dags/data_ingestion_gcs_dag.py took 0.969 seconds
[2022-09-20 15:27:59,676] {processor.py:163} INFO - Started process (PID=1147) to work on /opt/airflow/dags/data_ingestion_gcs_dag.py
[2022-09-20 15:27:59,677] {processor.py:642} INFO - Processing file /opt/airflow/dags/data_ingestion_gcs_dag.py for tasks to queue
[2022-09-20 15:27:59,678] {logging_mixin.py:109} INFO - [2022-09-20 15:27:59,678] {dagbag.py:500} INFO - Filling up the DagBag from /opt/airflow/dags/data_ingestion_gcs_dag.py
[2022-09-20 15:28:00,565] {processor.py:654} INFO - DAG(s) dict_keys(['yellow_taxi_data_v2', 'fhv_data_v2', 'green_taxi_data_v2']) retrieved from /opt/airflow/dags/data_ingestion_gcs_dag.py
[2022-09-20 15:28:00,581] {logging_mixin.py:109} INFO - [2022-09-20 15:28:00,581] {dag.py:2396} INFO - Sync 3 DAGs
[2022-09-20 15:28:00,602] {logging_mixin.py:109} INFO - [2022-09-20 15:28:00,602] {dag.py:2935} INFO - Setting next_dagrun for green_taxi_data_v2 to 2019-01-02 06:00:00+00:00
[2022-09-20 15:28:00,603] {logging_mixin.py:109} INFO - [2022-09-20 15:28:00,603] {dag.py:2935} INFO - Setting next_dagrun for yellow_taxi_data_v2 to 2019-01-02 06:00:00+00:00
[2022-09-20 15:28:00,614] {processor.py:171} INFO - Processing /opt/airflow/dags/data_ingestion_gcs_dag.py took 0.941 seconds
[2022-09-20 15:29:56,581] {processor.py:163} INFO - Started process (PID=41) to work on /opt/airflow/dags/data_ingestion_gcs_dag.py
[2022-09-20 15:29:56,588] {processor.py:642} INFO - Processing file /opt/airflow/dags/data_ingestion_gcs_dag.py for tasks to queue
[2022-09-20 15:29:56,589] {logging_mixin.py:109} INFO - [2022-09-20 15:29:56,589] {dagbag.py:500} INFO - Filling up the DagBag from /opt/airflow/dags/data_ingestion_gcs_dag.py
[2022-09-20 15:30:01,224] {processor.py:654} INFO - DAG(s) dict_keys(['yellow_taxi_data_v2', 'fhv_data_v2', 'green_taxi_data_v2']) retrieved from /opt/airflow/dags/data_ingestion_gcs_dag.py
[2022-09-20 15:30:11,403] {logging_mixin.py:109} INFO - [2022-09-20 15:30:11,402] {manager.py:496} INFO - Created Permission View: can edit on DAG:yellow_taxi_data_v2
[2022-09-20 15:30:11,418] {logging_mixin.py:109} INFO - [2022-09-20 15:30:11,417] {manager.py:496} INFO - Created Permission View: can read on DAG:yellow_taxi_data_v2
[2022-09-20 15:30:11,448] {logging_mixin.py:109} INFO - [2022-09-20 15:30:11,448] {manager.py:496} INFO - Created Permission View: can edit on DAG:fhv_data_v2
[2022-09-20 15:30:11,463] {logging_mixin.py:109} INFO - [2022-09-20 15:30:11,462] {manager.py:496} INFO - Created Permission View: can read on DAG:fhv_data_v2
[2022-09-20 15:30:11,507] {logging_mixin.py:109} INFO - [2022-09-20 15:30:11,506] {manager.py:496} INFO - Created Permission View: can edit on DAG:green_taxi_data_v2
[2022-09-20 15:30:11,532] {logging_mixin.py:109} INFO - [2022-09-20 15:30:11,532] {manager.py:496} INFO - Created Permission View: can read on DAG:green_taxi_data_v2
[2022-09-20 15:30:11,532] {logging_mixin.py:109} INFO - [2022-09-20 15:30:11,532] {dag.py:2396} INFO - Sync 3 DAGs
[2022-09-20 15:30:11,548] {logging_mixin.py:109} INFO - [2022-09-20 15:30:11,547] {dag.py:2415} INFO - Creating ORM DAG for yellow_taxi_data_v2
[2022-09-20 15:30:11,549] {logging_mixin.py:109} INFO - [2022-09-20 15:30:11,548] {dag.py:2415} INFO - Creating ORM DAG for fhv_data_v2
[2022-09-20 15:30:11,549] {logging_mixin.py:109} INFO - [2022-09-20 15:30:11,549] {dag.py:2415} INFO - Creating ORM DAG for green_taxi_data_v2
[2022-09-20 15:30:11,572] {logging_mixin.py:109} INFO - [2022-09-20 15:30:11,572] {dag.py:2935} INFO - Setting next_dagrun for fhv_data_v2 to 2019-01-02 06:00:00+00:00
[2022-09-20 15:30:11,575] {logging_mixin.py:109} INFO - [2022-09-20 15:30:11,574] {dag.py:2935} INFO - Setting next_dagrun for green_taxi_data_v2 to 2019-01-02 06:00:00+00:00
[2022-09-20 15:30:11,577] {logging_mixin.py:109} INFO - [2022-09-20 15:30:11,577] {dag.py:2935} INFO - Setting next_dagrun for yellow_taxi_data_v2 to 2019-01-02 06:00:00+00:00
[2022-09-20 15:30:11,613] {processor.py:171} INFO - Processing /opt/airflow/dags/data_ingestion_gcs_dag.py took 15.041 seconds
[2022-09-20 15:30:41,669] {processor.py:163} INFO - Started process (PID=85) to work on /opt/airflow/dags/data_ingestion_gcs_dag.py
[2022-09-20 15:30:41,671] {processor.py:642} INFO - Processing file /opt/airflow/dags/data_ingestion_gcs_dag.py for tasks to queue
[2022-09-20 15:30:41,672] {logging_mixin.py:109} INFO - [2022-09-20 15:30:41,672] {dagbag.py:500} INFO - Filling up the DagBag from /opt/airflow/dags/data_ingestion_gcs_dag.py
[2022-09-20 15:30:42,610] {processor.py:654} INFO - DAG(s) dict_keys(['yellow_taxi_data_v2', 'fhv_data_v2', 'green_taxi_data_v2']) retrieved from /opt/airflow/dags/data_ingestion_gcs_dag.py
[2022-09-20 15:30:42,627] {logging_mixin.py:109} INFO - [2022-09-20 15:30:42,626] {dag.py:2396} INFO - Sync 3 DAGs
[2022-09-20 15:30:42,646] {logging_mixin.py:109} INFO - [2022-09-20 15:30:42,646] {dag.py:2935} INFO - Setting next_dagrun for fhv_data_v2 to 2019-01-02 06:00:00+00:00
[2022-09-20 15:30:42,648] {logging_mixin.py:109} INFO - [2022-09-20 15:30:42,648] {dag.py:2935} INFO - Setting next_dagrun for green_taxi_data_v2 to 2019-01-02 06:00:00+00:00
[2022-09-20 15:30:42,649] {logging_mixin.py:109} INFO - [2022-09-20 15:30:42,649] {dag.py:2935} INFO - Setting next_dagrun for yellow_taxi_data_v2 to 2019-01-02 06:00:00+00:00
[2022-09-20 15:30:42,660] {processor.py:171} INFO - Processing /opt/airflow/dags/data_ingestion_gcs_dag.py took 0.996 seconds
[2022-09-20 15:31:12,806] {processor.py:163} INFO - Started process (PID=125) to work on /opt/airflow/dags/data_ingestion_gcs_dag.py
[2022-09-20 15:31:12,807] {processor.py:642} INFO - Processing file /opt/airflow/dags/data_ingestion_gcs_dag.py for tasks to queue
[2022-09-20 15:31:12,808] {logging_mixin.py:109} INFO - [2022-09-20 15:31:12,808] {dagbag.py:500} INFO - Filling up the DagBag from /opt/airflow/dags/data_ingestion_gcs_dag.py
[2022-09-20 15:31:14,142] {processor.py:654} INFO - DAG(s) dict_keys(['yellow_taxi_data_v2', 'fhv_data_v2', 'green_taxi_data_v2']) retrieved from /opt/airflow/dags/data_ingestion_gcs_dag.py
[2022-09-20 15:31:14,165] {logging_mixin.py:109} INFO - [2022-09-20 15:31:14,165] {dag.py:2396} INFO - Sync 3 DAGs
[2022-09-20 15:31:14,192] {logging_mixin.py:109} INFO - [2022-09-20 15:31:14,192] {dag.py:2935} INFO - Setting next_dagrun for green_taxi_data_v2 to 2019-01-02 06:00:00+00:00
[2022-09-20 15:31:14,195] {logging_mixin.py:109} INFO - [2022-09-20 15:31:14,195] {dag.py:2935} INFO - Setting next_dagrun for yellow_taxi_data_v2 to 2019-01-02 06:00:00+00:00
[2022-09-20 15:31:14,208] {processor.py:171} INFO - Processing /opt/airflow/dags/data_ingestion_gcs_dag.py took 1.406 seconds
[2022-09-20 15:31:44,356] {processor.py:163} INFO - Started process (PID=180) to work on /opt/airflow/dags/data_ingestion_gcs_dag.py
[2022-09-20 15:31:44,360] {processor.py:642} INFO - Processing file /opt/airflow/dags/data_ingestion_gcs_dag.py for tasks to queue
[2022-09-20 15:31:44,364] {logging_mixin.py:109} INFO - [2022-09-20 15:31:44,364] {dagbag.py:500} INFO - Filling up the DagBag from /opt/airflow/dags/data_ingestion_gcs_dag.py
[2022-09-20 15:31:46,224] {processor.py:654} INFO - DAG(s) dict_keys(['yellow_taxi_data_v2', 'fhv_data_v2', 'green_taxi_data_v2']) retrieved from /opt/airflow/dags/data_ingestion_gcs_dag.py
[2022-09-20 15:31:46,300] {logging_mixin.py:109} INFO - [2022-09-20 15:31:46,299] {dag.py:2396} INFO - Sync 3 DAGs
[2022-09-20 15:31:46,374] {logging_mixin.py:109} INFO - [2022-09-20 15:31:46,374] {dag.py:2935} INFO - Setting next_dagrun for fhv_data_v2 to 2019-08-02T06:00:00+00:00
[2022-09-20 15:31:46,377] {logging_mixin.py:109} INFO - [2022-09-20 15:31:46,376] {dag.py:2935} INFO - Setting next_dagrun for green_taxi_data_v2 to 2019-04-02T06:00:00+00:00
[2022-09-20 15:31:46,441] {processor.py:171} INFO - Processing /opt/airflow/dags/data_ingestion_gcs_dag.py took 2.091 seconds
