[2022-09-20 14:57:21,246] {processor.py:163} INFO - Started process (PID=333) to work on /opt/airflow/dags/gcs_to_bq_dag.py
[2022-09-20 14:57:21,247] {processor.py:642} INFO - Processing file /opt/airflow/dags/gcs_to_bq_dag.py for tasks to queue
[2022-09-20 14:57:21,248] {logging_mixin.py:109} INFO - [2022-09-20 14:57:21,248] {dagbag.py:500} INFO - Filling up the DagBag from /opt/airflow/dags/gcs_to_bq_dag.py
[2022-09-20 14:57:22,058] {processor.py:654} INFO - DAG(s) dict_keys(['gcs_2_bq_dag']) retrieved from /opt/airflow/dags/gcs_to_bq_dag.py
[2022-09-20 14:57:23,250] {logging_mixin.py:109} INFO - [2022-09-20 14:57:23,250] {manager.py:496} INFO - Created Permission View: can edit on DAG:gcs_2_bq_dag
[2022-09-20 14:57:23,259] {logging_mixin.py:109} INFO - [2022-09-20 14:57:23,258] {manager.py:496} INFO - Created Permission View: can read on DAG:gcs_2_bq_dag
[2022-09-20 14:57:23,259] {logging_mixin.py:109} INFO - [2022-09-20 14:57:23,259] {dag.py:2396} INFO - Sync 1 DAGs
[2022-09-20 14:57:23,266] {logging_mixin.py:109} INFO - [2022-09-20 14:57:23,265] {dag.py:2415} INFO - Creating ORM DAG for gcs_2_bq_dag
[2022-09-20 14:57:23,275] {logging_mixin.py:109} INFO - [2022-09-20 14:57:23,275] {dag.py:2935} INFO - Setting next_dagrun for gcs_2_bq_dag to 2022-09-19 00:00:00+00:00
[2022-09-20 14:57:23,288] {processor.py:171} INFO - Processing /opt/airflow/dags/gcs_to_bq_dag.py took 2.045 seconds
[2022-09-20 14:59:07,010] {processor.py:163} INFO - Started process (PID=39) to work on /opt/airflow/dags/gcs_to_bq_dag.py
[2022-09-20 14:59:07,022] {processor.py:642} INFO - Processing file /opt/airflow/dags/gcs_to_bq_dag.py for tasks to queue
[2022-09-20 14:59:07,023] {logging_mixin.py:109} INFO - [2022-09-20 14:59:07,023] {dagbag.py:500} INFO - Filling up the DagBag from /opt/airflow/dags/gcs_to_bq_dag.py
[2022-09-20 14:59:10,499] {processor.py:654} INFO - DAG(s) dict_keys(['gcs_2_bq_dag']) retrieved from /opt/airflow/dags/gcs_to_bq_dag.py
[2022-09-20 14:59:10,520] {logging_mixin.py:109} INFO - [2022-09-20 14:59:10,519] {dag.py:2396} INFO - Sync 1 DAGs
[2022-09-20 14:59:10,563] {logging_mixin.py:109} INFO - [2022-09-20 14:59:10,563] {dag.py:2935} INFO - Setting next_dagrun for gcs_2_bq_dag to 2022-09-19 00:00:00+00:00
[2022-09-20 14:59:10,575] {processor.py:171} INFO - Processing /opt/airflow/dags/gcs_to_bq_dag.py took 3.582 seconds
[2022-09-20 14:59:40,738] {processor.py:163} INFO - Started process (PID=82) to work on /opt/airflow/dags/gcs_to_bq_dag.py
[2022-09-20 14:59:40,747] {processor.py:642} INFO - Processing file /opt/airflow/dags/gcs_to_bq_dag.py for tasks to queue
[2022-09-20 14:59:40,749] {logging_mixin.py:109} INFO - [2022-09-20 14:59:40,748] {dagbag.py:500} INFO - Filling up the DagBag from /opt/airflow/dags/gcs_to_bq_dag.py
[2022-09-20 14:59:43,267] {processor.py:654} INFO - DAG(s) dict_keys(['gcs_2_bq_dag']) retrieved from /opt/airflow/dags/gcs_to_bq_dag.py
[2022-09-20 14:59:43,290] {logging_mixin.py:109} INFO - [2022-09-20 14:59:43,290] {dag.py:2396} INFO - Sync 1 DAGs
[2022-09-20 14:59:43,331] {processor.py:171} INFO - Processing /opt/airflow/dags/gcs_to_bq_dag.py took 2.611 seconds
[2022-09-20 15:00:13,424] {processor.py:163} INFO - Started process (PID=116) to work on /opt/airflow/dags/gcs_to_bq_dag.py
[2022-09-20 15:00:13,426] {processor.py:642} INFO - Processing file /opt/airflow/dags/gcs_to_bq_dag.py for tasks to queue
[2022-09-20 15:00:13,427] {logging_mixin.py:109} INFO - [2022-09-20 15:00:13,427] {dagbag.py:500} INFO - Filling up the DagBag from /opt/airflow/dags/gcs_to_bq_dag.py
[2022-09-20 15:00:14,396] {processor.py:654} INFO - DAG(s) dict_keys(['gcs_2_bq_dag']) retrieved from /opt/airflow/dags/gcs_to_bq_dag.py
[2022-09-20 15:00:14,406] {logging_mixin.py:109} INFO - [2022-09-20 15:00:14,405] {dag.py:2396} INFO - Sync 1 DAGs
[2022-09-20 15:00:14,430] {processor.py:171} INFO - Processing /opt/airflow/dags/gcs_to_bq_dag.py took 1.009 seconds
[2022-09-20 15:00:44,503] {processor.py:163} INFO - Started process (PID=146) to work on /opt/airflow/dags/gcs_to_bq_dag.py
[2022-09-20 15:00:44,505] {processor.py:642} INFO - Processing file /opt/airflow/dags/gcs_to_bq_dag.py for tasks to queue
[2022-09-20 15:00:44,506] {logging_mixin.py:109} INFO - [2022-09-20 15:00:44,506] {dagbag.py:500} INFO - Filling up the DagBag from /opt/airflow/dags/gcs_to_bq_dag.py
[2022-09-20 15:00:45,631] {processor.py:654} INFO - DAG(s) dict_keys(['gcs_2_bq_dag']) retrieved from /opt/airflow/dags/gcs_to_bq_dag.py
[2022-09-20 15:00:45,645] {logging_mixin.py:109} INFO - [2022-09-20 15:00:45,645] {dag.py:2396} INFO - Sync 1 DAGs
[2022-09-20 15:00:45,672] {processor.py:171} INFO - Processing /opt/airflow/dags/gcs_to_bq_dag.py took 1.174 seconds
[2022-09-20 15:01:15,778] {processor.py:163} INFO - Started process (PID=186) to work on /opt/airflow/dags/gcs_to_bq_dag.py
[2022-09-20 15:01:15,781] {processor.py:642} INFO - Processing file /opt/airflow/dags/gcs_to_bq_dag.py for tasks to queue
[2022-09-20 15:01:15,782] {logging_mixin.py:109} INFO - [2022-09-20 15:01:15,781] {dagbag.py:500} INFO - Filling up the DagBag from /opt/airflow/dags/gcs_to_bq_dag.py
[2022-09-20 15:01:16,939] {processor.py:654} INFO - DAG(s) dict_keys(['gcs_2_bq_dag']) retrieved from /opt/airflow/dags/gcs_to_bq_dag.py
[2022-09-20 15:01:16,949] {logging_mixin.py:109} INFO - [2022-09-20 15:01:16,949] {dag.py:2396} INFO - Sync 1 DAGs
[2022-09-20 15:01:16,976] {processor.py:171} INFO - Processing /opt/airflow/dags/gcs_to_bq_dag.py took 1.203 seconds
[2022-09-20 15:01:47,052] {processor.py:163} INFO - Started process (PID=217) to work on /opt/airflow/dags/gcs_to_bq_dag.py
[2022-09-20 15:01:47,054] {processor.py:642} INFO - Processing file /opt/airflow/dags/gcs_to_bq_dag.py for tasks to queue
[2022-09-20 15:01:47,055] {logging_mixin.py:109} INFO - [2022-09-20 15:01:47,055] {dagbag.py:500} INFO - Filling up the DagBag from /opt/airflow/dags/gcs_to_bq_dag.py
[2022-09-20 15:01:48,164] {processor.py:654} INFO - DAG(s) dict_keys(['gcs_2_bq_dag']) retrieved from /opt/airflow/dags/gcs_to_bq_dag.py
[2022-09-20 15:01:48,174] {logging_mixin.py:109} INFO - [2022-09-20 15:01:48,173] {dag.py:2396} INFO - Sync 1 DAGs
[2022-09-20 15:01:48,199] {processor.py:171} INFO - Processing /opt/airflow/dags/gcs_to_bq_dag.py took 1.153 seconds
[2022-09-20 15:02:18,274] {processor.py:163} INFO - Started process (PID=257) to work on /opt/airflow/dags/gcs_to_bq_dag.py
[2022-09-20 15:02:18,275] {processor.py:642} INFO - Processing file /opt/airflow/dags/gcs_to_bq_dag.py for tasks to queue
[2022-09-20 15:02:18,276] {logging_mixin.py:109} INFO - [2022-09-20 15:02:18,276] {dagbag.py:500} INFO - Filling up the DagBag from /opt/airflow/dags/gcs_to_bq_dag.py
[2022-09-20 15:02:19,220] {processor.py:654} INFO - DAG(s) dict_keys(['gcs_2_bq_dag']) retrieved from /opt/airflow/dags/gcs_to_bq_dag.py
[2022-09-20 15:02:19,229] {logging_mixin.py:109} INFO - [2022-09-20 15:02:19,229] {dag.py:2396} INFO - Sync 1 DAGs
[2022-09-20 15:02:19,254] {processor.py:171} INFO - Processing /opt/airflow/dags/gcs_to_bq_dag.py took 0.985 seconds
[2022-09-20 15:02:49,344] {processor.py:163} INFO - Started process (PID=287) to work on /opt/airflow/dags/gcs_to_bq_dag.py
[2022-09-20 15:02:49,350] {processor.py:642} INFO - Processing file /opt/airflow/dags/gcs_to_bq_dag.py for tasks to queue
[2022-09-20 15:02:49,351] {logging_mixin.py:109} INFO - [2022-09-20 15:02:49,351] {dagbag.py:500} INFO - Filling up the DagBag from /opt/airflow/dags/gcs_to_bq_dag.py
[2022-09-20 15:02:50,627] {processor.py:654} INFO - DAG(s) dict_keys(['gcs_2_bq_dag']) retrieved from /opt/airflow/dags/gcs_to_bq_dag.py
[2022-09-20 15:02:50,637] {logging_mixin.py:109} INFO - [2022-09-20 15:02:50,636] {dag.py:2396} INFO - Sync 1 DAGs
[2022-09-20 15:02:50,665] {processor.py:171} INFO - Processing /opt/airflow/dags/gcs_to_bq_dag.py took 1.339 seconds
[2022-09-20 15:03:20,767] {processor.py:163} INFO - Started process (PID=328) to work on /opt/airflow/dags/gcs_to_bq_dag.py
[2022-09-20 15:03:20,776] {processor.py:642} INFO - Processing file /opt/airflow/dags/gcs_to_bq_dag.py for tasks to queue
[2022-09-20 15:03:20,777] {logging_mixin.py:109} INFO - [2022-09-20 15:03:20,777] {dagbag.py:500} INFO - Filling up the DagBag from /opt/airflow/dags/gcs_to_bq_dag.py
[2022-09-20 15:03:21,593] {processor.py:654} INFO - DAG(s) dict_keys(['gcs_2_bq_dag']) retrieved from /opt/airflow/dags/gcs_to_bq_dag.py
[2022-09-20 15:03:21,603] {logging_mixin.py:109} INFO - [2022-09-20 15:03:21,603] {dag.py:2396} INFO - Sync 1 DAGs
[2022-09-20 15:03:21,626] {processor.py:171} INFO - Processing /opt/airflow/dags/gcs_to_bq_dag.py took 0.873 seconds
[2022-09-20 15:03:51,698] {processor.py:163} INFO - Started process (PID=359) to work on /opt/airflow/dags/gcs_to_bq_dag.py
[2022-09-20 15:03:51,699] {processor.py:642} INFO - Processing file /opt/airflow/dags/gcs_to_bq_dag.py for tasks to queue
[2022-09-20 15:03:51,700] {logging_mixin.py:109} INFO - [2022-09-20 15:03:51,699] {dagbag.py:500} INFO - Filling up the DagBag from /opt/airflow/dags/gcs_to_bq_dag.py
[2022-09-20 15:03:52,614] {processor.py:654} INFO - DAG(s) dict_keys(['gcs_2_bq_dag']) retrieved from /opt/airflow/dags/gcs_to_bq_dag.py
[2022-09-20 15:03:52,624] {logging_mixin.py:109} INFO - [2022-09-20 15:03:52,624] {dag.py:2396} INFO - Sync 1 DAGs
[2022-09-20 15:03:52,649] {processor.py:171} INFO - Processing /opt/airflow/dags/gcs_to_bq_dag.py took 0.955 seconds
[2022-09-20 15:04:22,756] {processor.py:163} INFO - Started process (PID=398) to work on /opt/airflow/dags/gcs_to_bq_dag.py
[2022-09-20 15:04:22,759] {processor.py:642} INFO - Processing file /opt/airflow/dags/gcs_to_bq_dag.py for tasks to queue
[2022-09-20 15:04:22,761] {logging_mixin.py:109} INFO - [2022-09-20 15:04:22,760] {dagbag.py:500} INFO - Filling up the DagBag from /opt/airflow/dags/gcs_to_bq_dag.py
[2022-09-20 15:04:23,814] {processor.py:654} INFO - DAG(s) dict_keys(['gcs_2_bq_dag']) retrieved from /opt/airflow/dags/gcs_to_bq_dag.py
[2022-09-20 15:04:23,829] {logging_mixin.py:109} INFO - [2022-09-20 15:04:23,829] {dag.py:2396} INFO - Sync 1 DAGs
[2022-09-20 15:04:23,854] {processor.py:171} INFO - Processing /opt/airflow/dags/gcs_to_bq_dag.py took 1.103 seconds
[2022-09-20 15:04:53,952] {processor.py:163} INFO - Started process (PID=428) to work on /opt/airflow/dags/gcs_to_bq_dag.py
[2022-09-20 15:04:53,954] {processor.py:642} INFO - Processing file /opt/airflow/dags/gcs_to_bq_dag.py for tasks to queue
[2022-09-20 15:04:53,955] {logging_mixin.py:109} INFO - [2022-09-20 15:04:53,955] {dagbag.py:500} INFO - Filling up the DagBag from /opt/airflow/dags/gcs_to_bq_dag.py
[2022-09-20 15:04:54,809] {processor.py:654} INFO - DAG(s) dict_keys(['gcs_2_bq_dag']) retrieved from /opt/airflow/dags/gcs_to_bq_dag.py
[2022-09-20 15:04:54,820] {logging_mixin.py:109} INFO - [2022-09-20 15:04:54,819] {dag.py:2396} INFO - Sync 1 DAGs
[2022-09-20 15:04:54,841] {processor.py:171} INFO - Processing /opt/airflow/dags/gcs_to_bq_dag.py took 0.893 seconds
[2022-09-20 15:05:24,918] {processor.py:163} INFO - Started process (PID=467) to work on /opt/airflow/dags/gcs_to_bq_dag.py
[2022-09-20 15:05:24,922] {processor.py:642} INFO - Processing file /opt/airflow/dags/gcs_to_bq_dag.py for tasks to queue
[2022-09-20 15:05:24,923] {logging_mixin.py:109} INFO - [2022-09-20 15:05:24,923] {dagbag.py:500} INFO - Filling up the DagBag from /opt/airflow/dags/gcs_to_bq_dag.py
[2022-09-20 15:05:25,924] {processor.py:654} INFO - DAG(s) dict_keys(['gcs_2_bq_dag']) retrieved from /opt/airflow/dags/gcs_to_bq_dag.py
[2022-09-20 15:05:25,939] {logging_mixin.py:109} INFO - [2022-09-20 15:05:25,939] {dag.py:2396} INFO - Sync 1 DAGs
[2022-09-20 15:05:25,971] {processor.py:171} INFO - Processing /opt/airflow/dags/gcs_to_bq_dag.py took 1.058 seconds
[2022-09-20 15:05:56,094] {processor.py:163} INFO - Started process (PID=495) to work on /opt/airflow/dags/gcs_to_bq_dag.py
[2022-09-20 15:05:56,096] {processor.py:642} INFO - Processing file /opt/airflow/dags/gcs_to_bq_dag.py for tasks to queue
[2022-09-20 15:05:56,097] {logging_mixin.py:109} INFO - [2022-09-20 15:05:56,097] {dagbag.py:500} INFO - Filling up the DagBag from /opt/airflow/dags/gcs_to_bq_dag.py
[2022-09-20 15:05:56,957] {processor.py:654} INFO - DAG(s) dict_keys(['gcs_2_bq_dag']) retrieved from /opt/airflow/dags/gcs_to_bq_dag.py
[2022-09-20 15:05:56,970] {logging_mixin.py:109} INFO - [2022-09-20 15:05:56,969] {dag.py:2396} INFO - Sync 1 DAGs
[2022-09-20 15:05:57,003] {processor.py:171} INFO - Processing /opt/airflow/dags/gcs_to_bq_dag.py took 0.913 seconds
[2022-09-20 15:06:27,131] {processor.py:163} INFO - Started process (PID=537) to work on /opt/airflow/dags/gcs_to_bq_dag.py
[2022-09-20 15:06:27,134] {processor.py:642} INFO - Processing file /opt/airflow/dags/gcs_to_bq_dag.py for tasks to queue
[2022-09-20 15:06:27,135] {logging_mixin.py:109} INFO - [2022-09-20 15:06:27,135] {dagbag.py:500} INFO - Filling up the DagBag from /opt/airflow/dags/gcs_to_bq_dag.py
[2022-09-20 15:06:28,480] {processor.py:654} INFO - DAG(s) dict_keys(['gcs_2_bq_dag']) retrieved from /opt/airflow/dags/gcs_to_bq_dag.py
[2022-09-20 15:06:28,494] {logging_mixin.py:109} INFO - [2022-09-20 15:06:28,493] {dag.py:2396} INFO - Sync 1 DAGs
[2022-09-20 15:06:28,527] {processor.py:171} INFO - Processing /opt/airflow/dags/gcs_to_bq_dag.py took 1.400 seconds
[2022-09-20 15:06:58,665] {processor.py:163} INFO - Started process (PID=566) to work on /opt/airflow/dags/gcs_to_bq_dag.py
[2022-09-20 15:06:58,671] {processor.py:642} INFO - Processing file /opt/airflow/dags/gcs_to_bq_dag.py for tasks to queue
[2022-09-20 15:06:58,671] {logging_mixin.py:109} INFO - [2022-09-20 15:06:58,671] {dagbag.py:500} INFO - Filling up the DagBag from /opt/airflow/dags/gcs_to_bq_dag.py
[2022-09-20 15:06:59,815] {processor.py:654} INFO - DAG(s) dict_keys(['gcs_2_bq_dag']) retrieved from /opt/airflow/dags/gcs_to_bq_dag.py
[2022-09-20 15:06:59,830] {logging_mixin.py:109} INFO - [2022-09-20 15:06:59,829] {dag.py:2396} INFO - Sync 1 DAGs
[2022-09-20 15:06:59,863] {processor.py:171} INFO - Processing /opt/airflow/dags/gcs_to_bq_dag.py took 1.203 seconds
[2022-09-20 15:07:29,991] {processor.py:163} INFO - Started process (PID=604) to work on /opt/airflow/dags/gcs_to_bq_dag.py
[2022-09-20 15:07:29,994] {processor.py:642} INFO - Processing file /opt/airflow/dags/gcs_to_bq_dag.py for tasks to queue
[2022-09-20 15:07:29,995] {logging_mixin.py:109} INFO - [2022-09-20 15:07:29,994] {dagbag.py:500} INFO - Filling up the DagBag from /opt/airflow/dags/gcs_to_bq_dag.py
[2022-09-20 15:07:31,235] {processor.py:654} INFO - DAG(s) dict_keys(['gcs_2_bq_dag']) retrieved from /opt/airflow/dags/gcs_to_bq_dag.py
[2022-09-20 15:07:31,246] {logging_mixin.py:109} INFO - [2022-09-20 15:07:31,245] {dag.py:2396} INFO - Sync 1 DAGs
[2022-09-20 15:07:31,272] {processor.py:171} INFO - Processing /opt/airflow/dags/gcs_to_bq_dag.py took 1.285 seconds
[2022-09-20 15:08:01,334] {processor.py:163} INFO - Started process (PID=633) to work on /opt/airflow/dags/gcs_to_bq_dag.py
[2022-09-20 15:08:01,338] {processor.py:642} INFO - Processing file /opt/airflow/dags/gcs_to_bq_dag.py for tasks to queue
[2022-09-20 15:08:01,339] {logging_mixin.py:109} INFO - [2022-09-20 15:08:01,339] {dagbag.py:500} INFO - Filling up the DagBag from /opt/airflow/dags/gcs_to_bq_dag.py
[2022-09-20 15:08:02,212] {processor.py:654} INFO - DAG(s) dict_keys(['gcs_2_bq_dag']) retrieved from /opt/airflow/dags/gcs_to_bq_dag.py
[2022-09-20 15:08:02,222] {logging_mixin.py:109} INFO - [2022-09-20 15:08:02,221] {dag.py:2396} INFO - Sync 1 DAGs
[2022-09-20 15:08:02,245] {processor.py:171} INFO - Processing /opt/airflow/dags/gcs_to_bq_dag.py took 0.915 seconds
[2022-09-20 15:08:17,323] {processor.py:163} INFO - Started process (PID=652) to work on /opt/airflow/dags/gcs_to_bq_dag.py
[2022-09-20 15:08:17,324] {processor.py:642} INFO - Processing file /opt/airflow/dags/gcs_to_bq_dag.py for tasks to queue
[2022-09-20 15:08:17,325] {logging_mixin.py:109} INFO - [2022-09-20 15:08:17,325] {dagbag.py:500} INFO - Filling up the DagBag from /opt/airflow/dags/gcs_to_bq_dag.py
[2022-09-20 15:08:18,222] {processor.py:654} INFO - DAG(s) dict_keys(['gcs_2_bq_dag']) retrieved from /opt/airflow/dags/gcs_to_bq_dag.py
[2022-09-20 15:08:18,231] {logging_mixin.py:109} INFO - [2022-09-20 15:08:18,231] {dag.py:2396} INFO - Sync 1 DAGs
[2022-09-20 15:08:18,258] {processor.py:171} INFO - Processing /opt/airflow/dags/gcs_to_bq_dag.py took 0.939 seconds
[2022-09-20 15:08:48,431] {processor.py:163} INFO - Started process (PID=706) to work on /opt/airflow/dags/gcs_to_bq_dag.py
[2022-09-20 15:08:48,433] {processor.py:642} INFO - Processing file /opt/airflow/dags/gcs_to_bq_dag.py for tasks to queue
[2022-09-20 15:08:48,434] {logging_mixin.py:109} INFO - [2022-09-20 15:08:48,434] {dagbag.py:500} INFO - Filling up the DagBag from /opt/airflow/dags/gcs_to_bq_dag.py
[2022-09-20 15:08:49,261] {processor.py:654} INFO - DAG(s) dict_keys(['gcs_2_bq_dag']) retrieved from /opt/airflow/dags/gcs_to_bq_dag.py
[2022-09-20 15:08:49,271] {logging_mixin.py:109} INFO - [2022-09-20 15:08:49,270] {dag.py:2396} INFO - Sync 1 DAGs
[2022-09-20 15:08:49,294] {processor.py:171} INFO - Processing /opt/airflow/dags/gcs_to_bq_dag.py took 0.867 seconds
[2022-09-20 15:09:19,423] {processor.py:163} INFO - Started process (PID=734) to work on /opt/airflow/dags/gcs_to_bq_dag.py
[2022-09-20 15:09:19,424] {processor.py:642} INFO - Processing file /opt/airflow/dags/gcs_to_bq_dag.py for tasks to queue
[2022-09-20 15:09:19,425] {logging_mixin.py:109} INFO - [2022-09-20 15:09:19,425] {dagbag.py:500} INFO - Filling up the DagBag from /opt/airflow/dags/gcs_to_bq_dag.py
[2022-09-20 15:09:20,243] {processor.py:654} INFO - DAG(s) dict_keys(['gcs_2_bq_dag']) retrieved from /opt/airflow/dags/gcs_to_bq_dag.py
[2022-09-20 15:09:20,253] {logging_mixin.py:109} INFO - [2022-09-20 15:09:20,253] {dag.py:2396} INFO - Sync 1 DAGs
[2022-09-20 15:09:20,276] {processor.py:171} INFO - Processing /opt/airflow/dags/gcs_to_bq_dag.py took 0.858 seconds
[2022-09-20 15:09:50,391] {processor.py:163} INFO - Started process (PID=763) to work on /opt/airflow/dags/gcs_to_bq_dag.py
[2022-09-20 15:09:50,393] {processor.py:642} INFO - Processing file /opt/airflow/dags/gcs_to_bq_dag.py for tasks to queue
[2022-09-20 15:09:50,394] {logging_mixin.py:109} INFO - [2022-09-20 15:09:50,394] {dagbag.py:500} INFO - Filling up the DagBag from /opt/airflow/dags/gcs_to_bq_dag.py
[2022-09-20 15:09:51,237] {processor.py:654} INFO - DAG(s) dict_keys(['gcs_2_bq_dag']) retrieved from /opt/airflow/dags/gcs_to_bq_dag.py
[2022-09-20 15:09:51,249] {logging_mixin.py:109} INFO - [2022-09-20 15:09:51,249] {dag.py:2396} INFO - Sync 1 DAGs
[2022-09-20 15:09:51,275] {processor.py:171} INFO - Processing /opt/airflow/dags/gcs_to_bq_dag.py took 0.888 seconds
[2022-09-20 15:09:52,309] {processor.py:163} INFO - Started process (PID=780) to work on /opt/airflow/dags/gcs_to_bq_dag.py
[2022-09-20 15:09:52,314] {processor.py:642} INFO - Processing file /opt/airflow/dags/gcs_to_bq_dag.py for tasks to queue
[2022-09-20 15:09:52,318] {logging_mixin.py:109} INFO - [2022-09-20 15:09:52,318] {dagbag.py:500} INFO - Filling up the DagBag from /opt/airflow/dags/gcs_to_bq_dag.py
[2022-09-20 15:09:53,590] {processor.py:654} INFO - DAG(s) dict_keys(['gcs_2_bq_dag']) retrieved from /opt/airflow/dags/gcs_to_bq_dag.py
[2022-09-20 15:09:53,630] {logging_mixin.py:109} INFO - [2022-09-20 15:09:53,629] {dag.py:2396} INFO - Sync 1 DAGs
[2022-09-20 15:09:53,688] {processor.py:171} INFO - Processing /opt/airflow/dags/gcs_to_bq_dag.py took 1.384 seconds
[2022-09-20 15:10:23,792] {processor.py:163} INFO - Started process (PID=808) to work on /opt/airflow/dags/gcs_to_bq_dag.py
[2022-09-20 15:10:23,795] {processor.py:642} INFO - Processing file /opt/airflow/dags/gcs_to_bq_dag.py for tasks to queue
[2022-09-20 15:10:23,795] {logging_mixin.py:109} INFO - [2022-09-20 15:10:23,795] {dagbag.py:500} INFO - Filling up the DagBag from /opt/airflow/dags/gcs_to_bq_dag.py
[2022-09-20 15:10:24,643] {processor.py:654} INFO - DAG(s) dict_keys(['gcs_2_bq_dag']) retrieved from /opt/airflow/dags/gcs_to_bq_dag.py
[2022-09-20 15:10:24,653] {logging_mixin.py:109} INFO - [2022-09-20 15:10:24,653] {dag.py:2396} INFO - Sync 1 DAGs
[2022-09-20 15:10:24,676] {processor.py:171} INFO - Processing /opt/airflow/dags/gcs_to_bq_dag.py took 0.889 seconds
[2022-09-20 15:11:14,967] {processor.py:163} INFO - Started process (PID=39) to work on /opt/airflow/dags/gcs_to_bq_dag.py
[2022-09-20 15:11:14,978] {processor.py:642} INFO - Processing file /opt/airflow/dags/gcs_to_bq_dag.py for tasks to queue
[2022-09-20 15:11:14,979] {logging_mixin.py:109} INFO - [2022-09-20 15:11:14,979] {dagbag.py:500} INFO - Filling up the DagBag from /opt/airflow/dags/gcs_to_bq_dag.py
[2022-09-20 15:11:16,757] {processor.py:654} INFO - DAG(s) dict_keys(['gcs_2_bq_dag']) retrieved from /opt/airflow/dags/gcs_to_bq_dag.py
[2022-09-20 15:11:16,772] {logging_mixin.py:109} INFO - [2022-09-20 15:11:16,771] {dag.py:2396} INFO - Sync 1 DAGs
[2022-09-20 15:11:16,820] {processor.py:171} INFO - Processing /opt/airflow/dags/gcs_to_bq_dag.py took 1.878 seconds
[2022-09-20 15:11:47,253] {processor.py:163} INFO - Started process (PID=82) to work on /opt/airflow/dags/gcs_to_bq_dag.py
[2022-09-20 15:11:47,256] {processor.py:642} INFO - Processing file /opt/airflow/dags/gcs_to_bq_dag.py for tasks to queue
[2022-09-20 15:11:47,257] {logging_mixin.py:109} INFO - [2022-09-20 15:11:47,257] {dagbag.py:500} INFO - Filling up the DagBag from /opt/airflow/dags/gcs_to_bq_dag.py
[2022-09-20 15:11:49,339] {processor.py:654} INFO - DAG(s) dict_keys(['gcs_2_bq_dag']) retrieved from /opt/airflow/dags/gcs_to_bq_dag.py
[2022-09-20 15:11:49,371] {logging_mixin.py:109} INFO - [2022-09-20 15:11:49,371] {dag.py:2396} INFO - Sync 1 DAGs
[2022-09-20 15:11:49,461] {processor.py:171} INFO - Processing /opt/airflow/dags/gcs_to_bq_dag.py took 2.212 seconds
[2022-09-20 15:12:19,577] {processor.py:163} INFO - Started process (PID=133) to work on /opt/airflow/dags/gcs_to_bq_dag.py
[2022-09-20 15:12:19,578] {processor.py:642} INFO - Processing file /opt/airflow/dags/gcs_to_bq_dag.py for tasks to queue
[2022-09-20 15:12:19,579] {logging_mixin.py:109} INFO - [2022-09-20 15:12:19,579] {dagbag.py:500} INFO - Filling up the DagBag from /opt/airflow/dags/gcs_to_bq_dag.py
[2022-09-20 15:12:20,598] {processor.py:654} INFO - DAG(s) dict_keys(['gcs_2_bq_dag']) retrieved from /opt/airflow/dags/gcs_to_bq_dag.py
[2022-09-20 15:12:20,607] {logging_mixin.py:109} INFO - [2022-09-20 15:12:20,607] {dag.py:2396} INFO - Sync 1 DAGs
[2022-09-20 15:12:20,632] {processor.py:171} INFO - Processing /opt/airflow/dags/gcs_to_bq_dag.py took 1.059 seconds
[2022-09-20 15:12:50,709] {processor.py:163} INFO - Started process (PID=162) to work on /opt/airflow/dags/gcs_to_bq_dag.py
[2022-09-20 15:12:50,711] {processor.py:642} INFO - Processing file /opt/airflow/dags/gcs_to_bq_dag.py for tasks to queue
[2022-09-20 15:12:50,712] {logging_mixin.py:109} INFO - [2022-09-20 15:12:50,712] {dagbag.py:500} INFO - Filling up the DagBag from /opt/airflow/dags/gcs_to_bq_dag.py
[2022-09-20 15:12:51,641] {processor.py:654} INFO - DAG(s) dict_keys(['gcs_2_bq_dag']) retrieved from /opt/airflow/dags/gcs_to_bq_dag.py
[2022-09-20 15:12:51,651] {logging_mixin.py:109} INFO - [2022-09-20 15:12:51,650] {dag.py:2396} INFO - Sync 1 DAGs
[2022-09-20 15:12:51,673] {processor.py:171} INFO - Processing /opt/airflow/dags/gcs_to_bq_dag.py took 0.969 seconds
[2022-09-20 15:13:21,788] {processor.py:163} INFO - Started process (PID=203) to work on /opt/airflow/dags/gcs_to_bq_dag.py
[2022-09-20 15:13:21,790] {processor.py:642} INFO - Processing file /opt/airflow/dags/gcs_to_bq_dag.py for tasks to queue
[2022-09-20 15:13:21,791] {logging_mixin.py:109} INFO - [2022-09-20 15:13:21,791] {dagbag.py:500} INFO - Filling up the DagBag from /opt/airflow/dags/gcs_to_bq_dag.py
[2022-09-20 15:13:22,676] {processor.py:654} INFO - DAG(s) dict_keys(['gcs_2_bq_dag']) retrieved from /opt/airflow/dags/gcs_to_bq_dag.py
[2022-09-20 15:13:22,687] {logging_mixin.py:109} INFO - [2022-09-20 15:13:22,687] {dag.py:2396} INFO - Sync 1 DAGs
[2022-09-20 15:13:22,714] {processor.py:171} INFO - Processing /opt/airflow/dags/gcs_to_bq_dag.py took 0.931 seconds
[2022-09-20 15:13:52,789] {processor.py:163} INFO - Started process (PID=232) to work on /opt/airflow/dags/gcs_to_bq_dag.py
[2022-09-20 15:13:52,793] {processor.py:642} INFO - Processing file /opt/airflow/dags/gcs_to_bq_dag.py for tasks to queue
[2022-09-20 15:13:52,793] {logging_mixin.py:109} INFO - [2022-09-20 15:13:52,793] {dagbag.py:500} INFO - Filling up the DagBag from /opt/airflow/dags/gcs_to_bq_dag.py
[2022-09-20 15:13:53,898] {processor.py:654} INFO - DAG(s) dict_keys(['gcs_2_bq_dag']) retrieved from /opt/airflow/dags/gcs_to_bq_dag.py
[2022-09-20 15:13:53,926] {logging_mixin.py:109} INFO - [2022-09-20 15:13:53,925] {dag.py:2396} INFO - Sync 1 DAGs
[2022-09-20 15:13:53,969] {processor.py:171} INFO - Processing /opt/airflow/dags/gcs_to_bq_dag.py took 1.185 seconds
[2022-09-20 15:14:24,060] {processor.py:163} INFO - Started process (PID=271) to work on /opt/airflow/dags/gcs_to_bq_dag.py
[2022-09-20 15:14:24,062] {processor.py:642} INFO - Processing file /opt/airflow/dags/gcs_to_bq_dag.py for tasks to queue
[2022-09-20 15:14:24,062] {logging_mixin.py:109} INFO - [2022-09-20 15:14:24,062] {dagbag.py:500} INFO - Filling up the DagBag from /opt/airflow/dags/gcs_to_bq_dag.py
[2022-09-20 15:14:24,913] {processor.py:654} INFO - DAG(s) dict_keys(['gcs_2_bq_dag']) retrieved from /opt/airflow/dags/gcs_to_bq_dag.py
[2022-09-20 15:14:24,923] {logging_mixin.py:109} INFO - [2022-09-20 15:14:24,922] {dag.py:2396} INFO - Sync 1 DAGs
[2022-09-20 15:14:24,947] {processor.py:171} INFO - Processing /opt/airflow/dags/gcs_to_bq_dag.py took 0.893 seconds
[2022-09-20 15:14:55,070] {processor.py:163} INFO - Started process (PID=303) to work on /opt/airflow/dags/gcs_to_bq_dag.py
[2022-09-20 15:14:55,072] {processor.py:642} INFO - Processing file /opt/airflow/dags/gcs_to_bq_dag.py for tasks to queue
[2022-09-20 15:14:55,073] {logging_mixin.py:109} INFO - [2022-09-20 15:14:55,073] {dagbag.py:500} INFO - Filling up the DagBag from /opt/airflow/dags/gcs_to_bq_dag.py
[2022-09-20 15:14:56,011] {processor.py:654} INFO - DAG(s) dict_keys(['gcs_2_bq_dag']) retrieved from /opt/airflow/dags/gcs_to_bq_dag.py
[2022-09-20 15:14:56,025] {logging_mixin.py:109} INFO - [2022-09-20 15:14:56,025] {dag.py:2396} INFO - Sync 1 DAGs
[2022-09-20 15:14:56,073] {processor.py:171} INFO - Processing /opt/airflow/dags/gcs_to_bq_dag.py took 1.007 seconds
[2022-09-20 15:15:26,200] {processor.py:163} INFO - Started process (PID=342) to work on /opt/airflow/dags/gcs_to_bq_dag.py
[2022-09-20 15:15:26,201] {processor.py:642} INFO - Processing file /opt/airflow/dags/gcs_to_bq_dag.py for tasks to queue
[2022-09-20 15:15:26,202] {logging_mixin.py:109} INFO - [2022-09-20 15:15:26,202] {dagbag.py:500} INFO - Filling up the DagBag from /opt/airflow/dags/gcs_to_bq_dag.py
[2022-09-20 15:15:27,355] {processor.py:654} INFO - DAG(s) dict_keys(['gcs_2_bq_dag']) retrieved from /opt/airflow/dags/gcs_to_bq_dag.py
[2022-09-20 15:15:27,382] {logging_mixin.py:109} INFO - [2022-09-20 15:15:27,381] {dag.py:2396} INFO - Sync 1 DAGs
[2022-09-20 15:15:27,422] {processor.py:171} INFO - Processing /opt/airflow/dags/gcs_to_bq_dag.py took 1.227 seconds
[2022-09-20 15:15:57,531] {processor.py:163} INFO - Started process (PID=370) to work on /opt/airflow/dags/gcs_to_bq_dag.py
[2022-09-20 15:15:57,532] {processor.py:642} INFO - Processing file /opt/airflow/dags/gcs_to_bq_dag.py for tasks to queue
[2022-09-20 15:15:57,533] {logging_mixin.py:109} INFO - [2022-09-20 15:15:57,533] {dagbag.py:500} INFO - Filling up the DagBag from /opt/airflow/dags/gcs_to_bq_dag.py
[2022-09-20 15:15:58,651] {processor.py:654} INFO - DAG(s) dict_keys(['gcs_2_bq_dag']) retrieved from /opt/airflow/dags/gcs_to_bq_dag.py
[2022-09-20 15:15:58,668] {logging_mixin.py:109} INFO - [2022-09-20 15:15:58,667] {dag.py:2396} INFO - Sync 1 DAGs
[2022-09-20 15:15:58,699] {processor.py:171} INFO - Processing /opt/airflow/dags/gcs_to_bq_dag.py took 1.173 seconds
[2022-09-20 15:16:28,813] {processor.py:163} INFO - Started process (PID=411) to work on /opt/airflow/dags/gcs_to_bq_dag.py
[2022-09-20 15:16:28,815] {processor.py:642} INFO - Processing file /opt/airflow/dags/gcs_to_bq_dag.py for tasks to queue
[2022-09-20 15:16:28,816] {logging_mixin.py:109} INFO - [2022-09-20 15:16:28,816] {dagbag.py:500} INFO - Filling up the DagBag from /opt/airflow/dags/gcs_to_bq_dag.py
[2022-09-20 15:16:29,806] {processor.py:654} INFO - DAG(s) dict_keys(['gcs_2_bq_dag']) retrieved from /opt/airflow/dags/gcs_to_bq_dag.py
[2022-09-20 15:16:29,822] {logging_mixin.py:109} INFO - [2022-09-20 15:16:29,821] {dag.py:2396} INFO - Sync 1 DAGs
[2022-09-20 15:16:29,855] {processor.py:171} INFO - Processing /opt/airflow/dags/gcs_to_bq_dag.py took 1.047 seconds
[2022-09-20 15:16:59,971] {processor.py:163} INFO - Started process (PID=441) to work on /opt/airflow/dags/gcs_to_bq_dag.py
[2022-09-20 15:16:59,973] {processor.py:642} INFO - Processing file /opt/airflow/dags/gcs_to_bq_dag.py for tasks to queue
[2022-09-20 15:16:59,974] {logging_mixin.py:109} INFO - [2022-09-20 15:16:59,974] {dagbag.py:500} INFO - Filling up the DagBag from /opt/airflow/dags/gcs_to_bq_dag.py
[2022-09-20 15:17:01,285] {processor.py:654} INFO - DAG(s) dict_keys(['gcs_2_bq_dag']) retrieved from /opt/airflow/dags/gcs_to_bq_dag.py
[2022-09-20 15:17:01,301] {logging_mixin.py:109} INFO - [2022-09-20 15:17:01,300] {dag.py:2396} INFO - Sync 1 DAGs
[2022-09-20 15:17:01,333] {processor.py:171} INFO - Processing /opt/airflow/dags/gcs_to_bq_dag.py took 1.369 seconds
[2022-09-20 15:17:31,454] {processor.py:163} INFO - Started process (PID=481) to work on /opt/airflow/dags/gcs_to_bq_dag.py
[2022-09-20 15:17:31,455] {processor.py:642} INFO - Processing file /opt/airflow/dags/gcs_to_bq_dag.py for tasks to queue
[2022-09-20 15:17:31,456] {logging_mixin.py:109} INFO - [2022-09-20 15:17:31,456] {dagbag.py:500} INFO - Filling up the DagBag from /opt/airflow/dags/gcs_to_bq_dag.py
[2022-09-20 15:17:32,464] {processor.py:654} INFO - DAG(s) dict_keys(['gcs_2_bq_dag']) retrieved from /opt/airflow/dags/gcs_to_bq_dag.py
[2022-09-20 15:17:32,475] {logging_mixin.py:109} INFO - [2022-09-20 15:17:32,475] {dag.py:2396} INFO - Sync 1 DAGs
[2022-09-20 15:17:32,499] {processor.py:171} INFO - Processing /opt/airflow/dags/gcs_to_bq_dag.py took 1.050 seconds
[2022-09-20 15:18:02,617] {processor.py:163} INFO - Started process (PID=511) to work on /opt/airflow/dags/gcs_to_bq_dag.py
[2022-09-20 15:18:02,619] {processor.py:642} INFO - Processing file /opt/airflow/dags/gcs_to_bq_dag.py for tasks to queue
[2022-09-20 15:18:02,620] {logging_mixin.py:109} INFO - [2022-09-20 15:18:02,620] {dagbag.py:500} INFO - Filling up the DagBag from /opt/airflow/dags/gcs_to_bq_dag.py
[2022-09-20 15:18:03,741] {processor.py:654} INFO - DAG(s) dict_keys(['gcs_2_bq_dag']) retrieved from /opt/airflow/dags/gcs_to_bq_dag.py
[2022-09-20 15:18:03,756] {logging_mixin.py:109} INFO - [2022-09-20 15:18:03,756] {dag.py:2396} INFO - Sync 1 DAGs
[2022-09-20 15:18:03,789] {processor.py:171} INFO - Processing /opt/airflow/dags/gcs_to_bq_dag.py took 1.176 seconds
[2022-09-20 15:18:33,925] {processor.py:163} INFO - Started process (PID=552) to work on /opt/airflow/dags/gcs_to_bq_dag.py
[2022-09-20 15:18:33,926] {processor.py:642} INFO - Processing file /opt/airflow/dags/gcs_to_bq_dag.py for tasks to queue
[2022-09-20 15:18:33,927] {logging_mixin.py:109} INFO - [2022-09-20 15:18:33,927] {dagbag.py:500} INFO - Filling up the DagBag from /opt/airflow/dags/gcs_to_bq_dag.py
[2022-09-20 15:18:34,889] {processor.py:654} INFO - DAG(s) dict_keys(['gcs_2_bq_dag']) retrieved from /opt/airflow/dags/gcs_to_bq_dag.py
[2022-09-20 15:18:34,903] {logging_mixin.py:109} INFO - [2022-09-20 15:18:34,902] {dag.py:2396} INFO - Sync 1 DAGs
[2022-09-20 15:18:34,936] {processor.py:171} INFO - Processing /opt/airflow/dags/gcs_to_bq_dag.py took 1.016 seconds
[2022-09-20 15:19:05,061] {processor.py:163} INFO - Started process (PID=581) to work on /opt/airflow/dags/gcs_to_bq_dag.py
[2022-09-20 15:19:05,065] {processor.py:642} INFO - Processing file /opt/airflow/dags/gcs_to_bq_dag.py for tasks to queue
[2022-09-20 15:19:05,066] {logging_mixin.py:109} INFO - [2022-09-20 15:19:05,066] {dagbag.py:500} INFO - Filling up the DagBag from /opt/airflow/dags/gcs_to_bq_dag.py
[2022-09-20 15:19:05,944] {processor.py:654} INFO - DAG(s) dict_keys(['gcs_2_bq_dag']) retrieved from /opt/airflow/dags/gcs_to_bq_dag.py
[2022-09-20 15:19:05,953] {logging_mixin.py:109} INFO - [2022-09-20 15:19:05,953] {dag.py:2396} INFO - Sync 1 DAGs
[2022-09-20 15:19:05,980] {processor.py:171} INFO - Processing /opt/airflow/dags/gcs_to_bq_dag.py took 0.923 seconds
[2022-09-20 15:19:36,061] {processor.py:163} INFO - Started process (PID=610) to work on /opt/airflow/dags/gcs_to_bq_dag.py
[2022-09-20 15:19:36,062] {processor.py:642} INFO - Processing file /opt/airflow/dags/gcs_to_bq_dag.py for tasks to queue
[2022-09-20 15:19:36,063] {logging_mixin.py:109} INFO - [2022-09-20 15:19:36,063] {dagbag.py:500} INFO - Filling up the DagBag from /opt/airflow/dags/gcs_to_bq_dag.py
[2022-09-20 15:19:37,040] {processor.py:654} INFO - DAG(s) dict_keys(['gcs_2_bq_dag']) retrieved from /opt/airflow/dags/gcs_to_bq_dag.py
[2022-09-20 15:19:37,054] {logging_mixin.py:109} INFO - [2022-09-20 15:19:37,054] {dag.py:2396} INFO - Sync 1 DAGs
[2022-09-20 15:19:37,089] {processor.py:171} INFO - Processing /opt/airflow/dags/gcs_to_bq_dag.py took 1.031 seconds
[2022-09-20 15:20:07,178] {processor.py:163} INFO - Started process (PID=648) to work on /opt/airflow/dags/gcs_to_bq_dag.py
[2022-09-20 15:20:07,180] {processor.py:642} INFO - Processing file /opt/airflow/dags/gcs_to_bq_dag.py for tasks to queue
[2022-09-20 15:20:07,180] {logging_mixin.py:109} INFO - [2022-09-20 15:20:07,180] {dagbag.py:500} INFO - Filling up the DagBag from /opt/airflow/dags/gcs_to_bq_dag.py
[2022-09-20 15:20:08,046] {processor.py:654} INFO - DAG(s) dict_keys(['gcs_2_bq_dag']) retrieved from /opt/airflow/dags/gcs_to_bq_dag.py
[2022-09-20 15:20:08,056] {logging_mixin.py:109} INFO - [2022-09-20 15:20:08,055] {dag.py:2396} INFO - Sync 1 DAGs
[2022-09-20 15:20:08,090] {processor.py:171} INFO - Processing /opt/airflow/dags/gcs_to_bq_dag.py took 0.916 seconds
[2022-09-20 15:20:38,198] {processor.py:163} INFO - Started process (PID=678) to work on /opt/airflow/dags/gcs_to_bq_dag.py
[2022-09-20 15:20:38,200] {processor.py:642} INFO - Processing file /opt/airflow/dags/gcs_to_bq_dag.py for tasks to queue
[2022-09-20 15:20:38,200] {logging_mixin.py:109} INFO - [2022-09-20 15:20:38,200] {dagbag.py:500} INFO - Filling up the DagBag from /opt/airflow/dags/gcs_to_bq_dag.py
[2022-09-20 15:20:39,195] {processor.py:654} INFO - DAG(s) dict_keys(['gcs_2_bq_dag']) retrieved from /opt/airflow/dags/gcs_to_bq_dag.py
[2022-09-20 15:20:39,208] {logging_mixin.py:109} INFO - [2022-09-20 15:20:39,207] {dag.py:2396} INFO - Sync 1 DAGs
[2022-09-20 15:20:39,242] {processor.py:171} INFO - Processing /opt/airflow/dags/gcs_to_bq_dag.py took 1.047 seconds
[2022-09-20 15:21:09,357] {processor.py:163} INFO - Started process (PID=716) to work on /opt/airflow/dags/gcs_to_bq_dag.py
[2022-09-20 15:21:09,359] {processor.py:642} INFO - Processing file /opt/airflow/dags/gcs_to_bq_dag.py for tasks to queue
[2022-09-20 15:21:09,360] {logging_mixin.py:109} INFO - [2022-09-20 15:21:09,360] {dagbag.py:500} INFO - Filling up the DagBag from /opt/airflow/dags/gcs_to_bq_dag.py
[2022-09-20 15:21:10,456] {processor.py:654} INFO - DAG(s) dict_keys(['gcs_2_bq_dag']) retrieved from /opt/airflow/dags/gcs_to_bq_dag.py
[2022-09-20 15:21:10,468] {logging_mixin.py:109} INFO - [2022-09-20 15:21:10,468] {dag.py:2396} INFO - Sync 1 DAGs
[2022-09-20 15:21:10,498] {processor.py:171} INFO - Processing /opt/airflow/dags/gcs_to_bq_dag.py took 1.144 seconds
[2022-09-20 15:21:40,637] {processor.py:163} INFO - Started process (PID=745) to work on /opt/airflow/dags/gcs_to_bq_dag.py
[2022-09-20 15:21:40,638] {processor.py:642} INFO - Processing file /opt/airflow/dags/gcs_to_bq_dag.py for tasks to queue
[2022-09-20 15:21:40,639] {logging_mixin.py:109} INFO - [2022-09-20 15:21:40,639] {dagbag.py:500} INFO - Filling up the DagBag from /opt/airflow/dags/gcs_to_bq_dag.py
[2022-09-20 15:21:41,559] {processor.py:654} INFO - DAG(s) dict_keys(['gcs_2_bq_dag']) retrieved from /opt/airflow/dags/gcs_to_bq_dag.py
[2022-09-20 15:21:41,569] {logging_mixin.py:109} INFO - [2022-09-20 15:21:41,568] {dag.py:2396} INFO - Sync 1 DAGs
[2022-09-20 15:21:41,593] {processor.py:171} INFO - Processing /opt/airflow/dags/gcs_to_bq_dag.py took 0.960 seconds
[2022-09-20 15:22:11,825] {processor.py:163} INFO - Started process (PID=783) to work on /opt/airflow/dags/gcs_to_bq_dag.py
[2022-09-20 15:22:11,830] {processor.py:642} INFO - Processing file /opt/airflow/dags/gcs_to_bq_dag.py for tasks to queue
[2022-09-20 15:22:11,832] {logging_mixin.py:109} INFO - [2022-09-20 15:22:11,832] {dagbag.py:500} INFO - Filling up the DagBag from /opt/airflow/dags/gcs_to_bq_dag.py
[2022-09-20 15:22:14,132] {processor.py:654} INFO - DAG(s) dict_keys(['gcs_2_bq_dag']) retrieved from /opt/airflow/dags/gcs_to_bq_dag.py
[2022-09-20 15:22:14,162] {logging_mixin.py:109} INFO - [2022-09-20 15:22:14,162] {dag.py:2396} INFO - Sync 1 DAGs
[2022-09-20 15:22:14,225] {processor.py:171} INFO - Processing /opt/airflow/dags/gcs_to_bq_dag.py took 2.417 seconds
[2022-09-20 15:22:44,548] {processor.py:163} INFO - Started process (PID=811) to work on /opt/airflow/dags/gcs_to_bq_dag.py
[2022-09-20 15:22:44,560] {processor.py:642} INFO - Processing file /opt/airflow/dags/gcs_to_bq_dag.py for tasks to queue
[2022-09-20 15:22:44,571] {logging_mixin.py:109} INFO - [2022-09-20 15:22:44,571] {dagbag.py:500} INFO - Filling up the DagBag from /opt/airflow/dags/gcs_to_bq_dag.py
[2022-09-20 15:22:47,916] {processor.py:654} INFO - DAG(s) dict_keys(['gcs_2_bq_dag']) retrieved from /opt/airflow/dags/gcs_to_bq_dag.py
[2022-09-20 15:22:47,946] {logging_mixin.py:109} INFO - [2022-09-20 15:22:47,944] {dag.py:2396} INFO - Sync 1 DAGs
[2022-09-20 15:22:48,015] {processor.py:171} INFO - Processing /opt/airflow/dags/gcs_to_bq_dag.py took 3.514 seconds
[2022-09-20 15:23:18,166] {processor.py:163} INFO - Started process (PID=840) to work on /opt/airflow/dags/gcs_to_bq_dag.py
[2022-09-20 15:23:18,168] {processor.py:642} INFO - Processing file /opt/airflow/dags/gcs_to_bq_dag.py for tasks to queue
[2022-09-20 15:23:18,168] {logging_mixin.py:109} INFO - [2022-09-20 15:23:18,168] {dagbag.py:500} INFO - Filling up the DagBag from /opt/airflow/dags/gcs_to_bq_dag.py
[2022-09-20 15:23:19,148] {processor.py:654} INFO - DAG(s) dict_keys(['gcs_2_bq_dag']) retrieved from /opt/airflow/dags/gcs_to_bq_dag.py
[2022-09-20 15:23:19,158] {logging_mixin.py:109} INFO - [2022-09-20 15:23:19,158] {dag.py:2396} INFO - Sync 1 DAGs
[2022-09-20 15:23:19,183] {processor.py:171} INFO - Processing /opt/airflow/dags/gcs_to_bq_dag.py took 1.021 seconds
[2022-09-20 15:23:49,322] {processor.py:163} INFO - Started process (PID=877) to work on /opt/airflow/dags/gcs_to_bq_dag.py
[2022-09-20 15:23:49,325] {processor.py:642} INFO - Processing file /opt/airflow/dags/gcs_to_bq_dag.py for tasks to queue
[2022-09-20 15:23:49,326] {logging_mixin.py:109} INFO - [2022-09-20 15:23:49,326] {dagbag.py:500} INFO - Filling up the DagBag from /opt/airflow/dags/gcs_to_bq_dag.py
[2022-09-20 15:23:50,707] {processor.py:654} INFO - DAG(s) dict_keys(['gcs_2_bq_dag']) retrieved from /opt/airflow/dags/gcs_to_bq_dag.py
[2022-09-20 15:23:50,723] {logging_mixin.py:109} INFO - [2022-09-20 15:23:50,722] {dag.py:2396} INFO - Sync 1 DAGs
[2022-09-20 15:23:50,760] {processor.py:171} INFO - Processing /opt/airflow/dags/gcs_to_bq_dag.py took 1.443 seconds
[2022-09-20 15:24:20,899] {processor.py:163} INFO - Started process (PID=909) to work on /opt/airflow/dags/gcs_to_bq_dag.py
[2022-09-20 15:24:20,901] {processor.py:642} INFO - Processing file /opt/airflow/dags/gcs_to_bq_dag.py for tasks to queue
[2022-09-20 15:24:20,902] {logging_mixin.py:109} INFO - [2022-09-20 15:24:20,902] {dagbag.py:500} INFO - Filling up the DagBag from /opt/airflow/dags/gcs_to_bq_dag.py
[2022-09-20 15:24:22,078] {processor.py:654} INFO - DAG(s) dict_keys(['gcs_2_bq_dag']) retrieved from /opt/airflow/dags/gcs_to_bq_dag.py
[2022-09-20 15:24:22,107] {logging_mixin.py:109} INFO - [2022-09-20 15:24:22,106] {dag.py:2396} INFO - Sync 1 DAGs
[2022-09-20 15:24:22,140] {processor.py:171} INFO - Processing /opt/airflow/dags/gcs_to_bq_dag.py took 1.246 seconds
[2022-09-20 15:24:52,272] {processor.py:163} INFO - Started process (PID=939) to work on /opt/airflow/dags/gcs_to_bq_dag.py
[2022-09-20 15:24:52,274] {processor.py:642} INFO - Processing file /opt/airflow/dags/gcs_to_bq_dag.py for tasks to queue
[2022-09-20 15:24:52,275] {logging_mixin.py:109} INFO - [2022-09-20 15:24:52,275] {dagbag.py:500} INFO - Filling up the DagBag from /opt/airflow/dags/gcs_to_bq_dag.py
[2022-09-20 15:24:53,250] {processor.py:654} INFO - DAG(s) dict_keys(['gcs_2_bq_dag']) retrieved from /opt/airflow/dags/gcs_to_bq_dag.py
[2022-09-20 15:24:53,263] {logging_mixin.py:109} INFO - [2022-09-20 15:24:53,263] {dag.py:2396} INFO - Sync 1 DAGs
[2022-09-20 15:24:53,288] {processor.py:171} INFO - Processing /opt/airflow/dags/gcs_to_bq_dag.py took 1.020 seconds
[2022-09-20 15:25:23,420] {processor.py:163} INFO - Started process (PID=979) to work on /opt/airflow/dags/gcs_to_bq_dag.py
[2022-09-20 15:25:23,425] {processor.py:642} INFO - Processing file /opt/airflow/dags/gcs_to_bq_dag.py for tasks to queue
[2022-09-20 15:25:23,426] {logging_mixin.py:109} INFO - [2022-09-20 15:25:23,426] {dagbag.py:500} INFO - Filling up the DagBag from /opt/airflow/dags/gcs_to_bq_dag.py
[2022-09-20 15:25:24,687] {processor.py:654} INFO - DAG(s) dict_keys(['gcs_2_bq_dag']) retrieved from /opt/airflow/dags/gcs_to_bq_dag.py
[2022-09-20 15:25:24,706] {logging_mixin.py:109} INFO - [2022-09-20 15:25:24,705] {dag.py:2396} INFO - Sync 1 DAGs
[2022-09-20 15:25:24,747] {processor.py:171} INFO - Processing /opt/airflow/dags/gcs_to_bq_dag.py took 1.333 seconds
[2022-09-20 15:25:54,875] {processor.py:163} INFO - Started process (PID=1009) to work on /opt/airflow/dags/gcs_to_bq_dag.py
[2022-09-20 15:25:54,876] {processor.py:642} INFO - Processing file /opt/airflow/dags/gcs_to_bq_dag.py for tasks to queue
[2022-09-20 15:25:54,877] {logging_mixin.py:109} INFO - [2022-09-20 15:25:54,876] {dagbag.py:500} INFO - Filling up the DagBag from /opt/airflow/dags/gcs_to_bq_dag.py
[2022-09-20 15:25:55,837] {processor.py:654} INFO - DAG(s) dict_keys(['gcs_2_bq_dag']) retrieved from /opt/airflow/dags/gcs_to_bq_dag.py
[2022-09-20 15:25:55,847] {logging_mixin.py:109} INFO - [2022-09-20 15:25:55,847] {dag.py:2396} INFO - Sync 1 DAGs
[2022-09-20 15:25:55,875] {processor.py:171} INFO - Processing /opt/airflow/dags/gcs_to_bq_dag.py took 1.005 seconds
[2022-09-20 15:26:26,014] {processor.py:163} INFO - Started process (PID=1047) to work on /opt/airflow/dags/gcs_to_bq_dag.py
[2022-09-20 15:26:26,016] {processor.py:642} INFO - Processing file /opt/airflow/dags/gcs_to_bq_dag.py for tasks to queue
[2022-09-20 15:26:26,017] {logging_mixin.py:109} INFO - [2022-09-20 15:26:26,017] {dagbag.py:500} INFO - Filling up the DagBag from /opt/airflow/dags/gcs_to_bq_dag.py
[2022-09-20 15:26:26,908] {processor.py:654} INFO - DAG(s) dict_keys(['gcs_2_bq_dag']) retrieved from /opt/airflow/dags/gcs_to_bq_dag.py
[2022-09-20 15:26:26,922] {logging_mixin.py:109} INFO - [2022-09-20 15:26:26,922] {dag.py:2396} INFO - Sync 1 DAGs
[2022-09-20 15:26:26,953] {processor.py:171} INFO - Processing /opt/airflow/dags/gcs_to_bq_dag.py took 0.943 seconds
[2022-09-20 15:26:57,135] {processor.py:163} INFO - Started process (PID=1075) to work on /opt/airflow/dags/gcs_to_bq_dag.py
[2022-09-20 15:26:57,137] {processor.py:642} INFO - Processing file /opt/airflow/dags/gcs_to_bq_dag.py for tasks to queue
[2022-09-20 15:26:57,138] {logging_mixin.py:109} INFO - [2022-09-20 15:26:57,138] {dagbag.py:500} INFO - Filling up the DagBag from /opt/airflow/dags/gcs_to_bq_dag.py
[2022-09-20 15:26:58,377] {processor.py:654} INFO - DAG(s) dict_keys(['gcs_2_bq_dag']) retrieved from /opt/airflow/dags/gcs_to_bq_dag.py
[2022-09-20 15:26:58,391] {logging_mixin.py:109} INFO - [2022-09-20 15:26:58,390] {dag.py:2396} INFO - Sync 1 DAGs
[2022-09-20 15:26:58,423] {processor.py:171} INFO - Processing /opt/airflow/dags/gcs_to_bq_dag.py took 1.294 seconds
[2022-09-20 15:27:28,564] {processor.py:163} INFO - Started process (PID=1115) to work on /opt/airflow/dags/gcs_to_bq_dag.py
[2022-09-20 15:27:28,566] {processor.py:642} INFO - Processing file /opt/airflow/dags/gcs_to_bq_dag.py for tasks to queue
[2022-09-20 15:27:28,568] {logging_mixin.py:109} INFO - [2022-09-20 15:27:28,567] {dagbag.py:500} INFO - Filling up the DagBag from /opt/airflow/dags/gcs_to_bq_dag.py
[2022-09-20 15:27:29,526] {processor.py:654} INFO - DAG(s) dict_keys(['gcs_2_bq_dag']) retrieved from /opt/airflow/dags/gcs_to_bq_dag.py
[2022-09-20 15:27:29,538] {logging_mixin.py:109} INFO - [2022-09-20 15:27:29,538] {dag.py:2396} INFO - Sync 1 DAGs
[2022-09-20 15:27:29,564] {processor.py:171} INFO - Processing /opt/airflow/dags/gcs_to_bq_dag.py took 1.006 seconds
[2022-09-20 15:27:59,671] {processor.py:163} INFO - Started process (PID=1146) to work on /opt/airflow/dags/gcs_to_bq_dag.py
[2022-09-20 15:27:59,673] {processor.py:642} INFO - Processing file /opt/airflow/dags/gcs_to_bq_dag.py for tasks to queue
[2022-09-20 15:27:59,674] {logging_mixin.py:109} INFO - [2022-09-20 15:27:59,674] {dagbag.py:500} INFO - Filling up the DagBag from /opt/airflow/dags/gcs_to_bq_dag.py
[2022-09-20 15:28:00,585] {processor.py:654} INFO - DAG(s) dict_keys(['gcs_2_bq_dag']) retrieved from /opt/airflow/dags/gcs_to_bq_dag.py
[2022-09-20 15:28:00,595] {logging_mixin.py:109} INFO - [2022-09-20 15:28:00,595] {dag.py:2396} INFO - Sync 1 DAGs
[2022-09-20 15:28:00,620] {processor.py:171} INFO - Processing /opt/airflow/dags/gcs_to_bq_dag.py took 0.953 seconds
[2022-09-20 15:29:56,581] {processor.py:163} INFO - Started process (PID=40) to work on /opt/airflow/dags/gcs_to_bq_dag.py
[2022-09-20 15:29:56,586] {processor.py:642} INFO - Processing file /opt/airflow/dags/gcs_to_bq_dag.py for tasks to queue
[2022-09-20 15:29:56,587] {logging_mixin.py:109} INFO - [2022-09-20 15:29:56,587] {dagbag.py:500} INFO - Filling up the DagBag from /opt/airflow/dags/gcs_to_bq_dag.py
[2022-09-20 15:30:01,234] {processor.py:654} INFO - DAG(s) dict_keys(['gcs_2_bq_dag']) retrieved from /opt/airflow/dags/gcs_to_bq_dag.py
[2022-09-20 15:30:11,418] {logging_mixin.py:109} INFO - [2022-09-20 15:30:11,418] {manager.py:496} INFO - Created Permission View: can edit on DAG:gcs_2_bq_dag
[2022-09-20 15:30:11,435] {logging_mixin.py:109} INFO - [2022-09-20 15:30:11,435] {manager.py:496} INFO - Created Permission View: can read on DAG:gcs_2_bq_dag
[2022-09-20 15:30:11,436] {logging_mixin.py:109} INFO - [2022-09-20 15:30:11,435] {dag.py:2396} INFO - Sync 1 DAGs
[2022-09-20 15:30:11,452] {logging_mixin.py:109} INFO - [2022-09-20 15:30:11,451] {dag.py:2415} INFO - Creating ORM DAG for gcs_2_bq_dag
[2022-09-20 15:30:11,474] {logging_mixin.py:109} INFO - [2022-09-20 15:30:11,473] {dag.py:2935} INFO - Setting next_dagrun for gcs_2_bq_dag to 2022-09-19 00:00:00+00:00
[2022-09-20 15:30:11,511] {processor.py:171} INFO - Processing /opt/airflow/dags/gcs_to_bq_dag.py took 14.961 seconds
[2022-09-20 15:30:41,662] {processor.py:163} INFO - Started process (PID=84) to work on /opt/airflow/dags/gcs_to_bq_dag.py
[2022-09-20 15:30:41,666] {processor.py:642} INFO - Processing file /opt/airflow/dags/gcs_to_bq_dag.py for tasks to queue
[2022-09-20 15:30:41,667] {logging_mixin.py:109} INFO - [2022-09-20 15:30:41,667] {dagbag.py:500} INFO - Filling up the DagBag from /opt/airflow/dags/gcs_to_bq_dag.py
[2022-09-20 15:30:42,717] {processor.py:654} INFO - DAG(s) dict_keys(['gcs_2_bq_dag']) retrieved from /opt/airflow/dags/gcs_to_bq_dag.py
[2022-09-20 15:30:42,731] {logging_mixin.py:109} INFO - [2022-09-20 15:30:42,731] {dag.py:2396} INFO - Sync 1 DAGs
[2022-09-20 15:30:42,755] {logging_mixin.py:109} INFO - [2022-09-20 15:30:42,755] {dag.py:2935} INFO - Setting next_dagrun for gcs_2_bq_dag to 2022-09-19 00:00:00+00:00
[2022-09-20 15:30:42,765] {processor.py:171} INFO - Processing /opt/airflow/dags/gcs_to_bq_dag.py took 1.107 seconds
[2022-09-20 15:31:12,802] {processor.py:163} INFO - Started process (PID=124) to work on /opt/airflow/dags/gcs_to_bq_dag.py
[2022-09-20 15:31:12,803] {processor.py:642} INFO - Processing file /opt/airflow/dags/gcs_to_bq_dag.py for tasks to queue
[2022-09-20 15:31:12,804] {logging_mixin.py:109} INFO - [2022-09-20 15:31:12,804] {dagbag.py:500} INFO - Filling up the DagBag from /opt/airflow/dags/gcs_to_bq_dag.py
[2022-09-20 15:31:14,337] {processor.py:654} INFO - DAG(s) dict_keys(['gcs_2_bq_dag']) retrieved from /opt/airflow/dags/gcs_to_bq_dag.py
[2022-09-20 15:31:14,351] {logging_mixin.py:109} INFO - [2022-09-20 15:31:14,351] {dag.py:2396} INFO - Sync 1 DAGs
[2022-09-20 15:31:14,376] {logging_mixin.py:109} INFO - [2022-09-20 15:31:14,376] {dag.py:2935} INFO - Setting next_dagrun for gcs_2_bq_dag to 2022-09-19 00:00:00+00:00
[2022-09-20 15:31:14,388] {processor.py:171} INFO - Processing /opt/airflow/dags/gcs_to_bq_dag.py took 1.591 seconds
[2022-09-20 15:31:44,505] {processor.py:163} INFO - Started process (PID=181) to work on /opt/airflow/dags/gcs_to_bq_dag.py
[2022-09-20 15:31:44,515] {processor.py:642} INFO - Processing file /opt/airflow/dags/gcs_to_bq_dag.py for tasks to queue
[2022-09-20 15:31:44,516] {logging_mixin.py:109} INFO - [2022-09-20 15:31:44,516] {dagbag.py:500} INFO - Filling up the DagBag from /opt/airflow/dags/gcs_to_bq_dag.py
[2022-09-20 15:31:46,384] {processor.py:654} INFO - DAG(s) dict_keys(['gcs_2_bq_dag']) retrieved from /opt/airflow/dags/gcs_to_bq_dag.py
[2022-09-20 15:31:46,399] {logging_mixin.py:109} INFO - [2022-09-20 15:31:46,398] {dag.py:2396} INFO - Sync 1 DAGs
[2022-09-20 15:31:46,448] {logging_mixin.py:109} INFO - [2022-09-20 15:31:46,448] {dag.py:2935} INFO - Setting next_dagrun for gcs_2_bq_dag to 2022-09-19 00:00:00+00:00
[2022-09-20 15:31:46,465] {processor.py:171} INFO - Processing /opt/airflow/dags/gcs_to_bq_dag.py took 1.968 seconds
