[2022-09-20 14:52:20,883] {processor.py:163} INFO - Started process (PID=40) to work on /opt/airflow/dags/solution.py
[2022-09-20 14:52:20,884] {processor.py:642} INFO - Processing file /opt/airflow/dags/solution.py for tasks to queue
[2022-09-20 14:52:20,885] {logging_mixin.py:109} INFO - [2022-09-20 14:52:20,885] {dagbag.py:500} INFO - Filling up the DagBag from /opt/airflow/dags/solution.py
[2022-09-20 14:52:22,463] {logging_mixin.py:109} INFO - [2022-09-20 14:52:22,462] {dagbag.py:334} ERROR - Failed to import: /opt/airflow/dags/solution.py
Traceback (most recent call last):
  File "/home/airflow/.local/lib/python3.7/site-packages/airflow/models/dagbag.py", line 331, in _load_modules_from_file
    loader.exec_module(new_module)
  File "<frozen importlib._bootstrap_external>", line 728, in exec_module
  File "<frozen importlib._bootstrap>", line 219, in _call_with_frames_removed
  File "/opt/airflow/dags/solution.py", line 96, in <module>
    download_parquetize_upload_dag(
NameError: name 'download_parquetize_upload_dag' is not defined
[2022-09-20 14:52:22,482] {processor.py:656} WARNING - No viable dags retrieved from /opt/airflow/dags/solution.py
[2022-09-20 14:52:22,493] {processor.py:171} INFO - Processing /opt/airflow/dags/solution.py took 1.627 seconds
[2022-09-20 14:52:53,096] {processor.py:163} INFO - Started process (PID=73) to work on /opt/airflow/dags/solution.py
[2022-09-20 14:52:53,103] {processor.py:642} INFO - Processing file /opt/airflow/dags/solution.py for tasks to queue
[2022-09-20 14:52:53,104] {logging_mixin.py:109} INFO - [2022-09-20 14:52:53,104] {dagbag.py:500} INFO - Filling up the DagBag from /opt/airflow/dags/solution.py
[2022-09-20 14:52:53,350] {logging_mixin.py:109} INFO - [2022-09-20 14:52:53,349] {dagbag.py:334} ERROR - Failed to import: /opt/airflow/dags/solution.py
Traceback (most recent call last):
  File "/home/airflow/.local/lib/python3.7/site-packages/airflow/models/dagbag.py", line 331, in _load_modules_from_file
    loader.exec_module(new_module)
  File "<frozen importlib._bootstrap_external>", line 728, in exec_module
  File "<frozen importlib._bootstrap>", line 219, in _call_with_frames_removed
  File "/opt/airflow/dags/solution.py", line 96, in <module>
    download_parquetize_upload_dag(
NameError: name 'download_parquetize_upload_dag' is not defined
[2022-09-20 14:52:53,371] {processor.py:656} WARNING - No viable dags retrieved from /opt/airflow/dags/solution.py
[2022-09-20 14:52:53,382] {processor.py:171} INFO - Processing /opt/airflow/dags/solution.py took 0.290 seconds
