[2022-09-17 07:13:14,117] {taskinstance.py:1032} INFO - Dependencies all met for <TaskInstance: green_taxi_data_v2.local_to_gcs_task scheduled__2019-04-02T06:00:00+00:00 [queued]>
[2022-09-17 07:13:14,130] {taskinstance.py:1032} INFO - Dependencies all met for <TaskInstance: green_taxi_data_v2.local_to_gcs_task scheduled__2019-04-02T06:00:00+00:00 [queued]>
[2022-09-17 07:13:14,130] {taskinstance.py:1238} INFO - 
--------------------------------------------------------------------------------
[2022-09-17 07:13:14,130] {taskinstance.py:1239} INFO - Starting attempt 1 of 2
[2022-09-17 07:13:14,130] {taskinstance.py:1240} INFO - 
--------------------------------------------------------------------------------
[2022-09-17 07:13:14,143] {taskinstance.py:1259} INFO - Executing <Task(PythonOperator): local_to_gcs_task> on 2019-04-02 06:00:00+00:00
[2022-09-17 07:13:14,149] {standard_task_runner.py:52} INFO - Started process 296 to run task
[2022-09-17 07:13:14,154] {standard_task_runner.py:76} INFO - Running: ['***', 'tasks', 'run', 'green_taxi_data_v2', 'local_to_gcs_task', 'scheduled__2019-04-02T06:00:00+00:00', '--job-id', '130', '--raw', '--subdir', 'DAGS_FOLDER/data_ingestion_gcs_dag.py', '--cfg-path', '/tmp/tmp9w2_2uo6', '--error-file', '/tmp/tmpdkt1p3k_']
[2022-09-17 07:13:14,155] {standard_task_runner.py:77} INFO - Job 130: Subtask local_to_gcs_task
[2022-09-17 07:13:14,224] {logging_mixin.py:109} INFO - Running <TaskInstance: green_taxi_data_v2.local_to_gcs_task scheduled__2019-04-02T06:00:00+00:00 [running]> on host ea53df3427ed
[2022-09-17 07:13:14,271] {warnings.py:110} WARNING - /home/***/.local/lib/python3.7/site-packages/***/utils/context.py:152: AirflowContextDeprecationWarning: Accessing 'execution_date' from the template is deprecated and will be removed in a future version. Please use 'data_interval_start' or 'logical_date' instead.
  warnings.warn(_create_deprecation_warning(key, self._deprecation_replacements[key]))

[2022-09-17 07:13:14,295] {taskinstance.py:1426} INFO - Exporting the following env vars:
AIRFLOW_CTX_DAG_OWNER=***
AIRFLOW_CTX_DAG_ID=green_taxi_data_v2
AIRFLOW_CTX_TASK_ID=local_to_gcs_task
AIRFLOW_CTX_EXECUTION_DATE=2019-04-02T06:00:00+00:00
AIRFLOW_CTX_DAG_RUN_ID=scheduled__2019-04-02T06:00:00+00:00
[2022-09-17 07:13:15,862] {python.py:175} INFO - Done. Returned value was: None
[2022-09-17 07:13:15,877] {taskinstance.py:1277} INFO - Marking task as SUCCESS. dag_id=green_taxi_data_v2, task_id=local_to_gcs_task, execution_date=20190402T060000, start_date=20220917T071314, end_date=20220917T071315
[2022-09-17 07:13:15,933] {local_task_job.py:154} INFO - Task exited with return code 0
[2022-09-17 07:13:15,976] {local_task_job.py:264} INFO - 1 downstream tasks scheduled from follow-on schedule check
[2022-09-20 15:31:58,197] {taskinstance.py:1032} INFO - Dependencies all met for <TaskInstance: green_taxi_data_v2.local_to_gcs_task scheduled__2019-04-02T06:00:00+00:00 [queued]>
[2022-09-20 15:31:58,213] {taskinstance.py:1032} INFO - Dependencies all met for <TaskInstance: green_taxi_data_v2.local_to_gcs_task scheduled__2019-04-02T06:00:00+00:00 [queued]>
[2022-09-20 15:31:58,213] {taskinstance.py:1238} INFO - 
--------------------------------------------------------------------------------
[2022-09-20 15:31:58,213] {taskinstance.py:1239} INFO - Starting attempt 1 of 2
[2022-09-20 15:31:58,213] {taskinstance.py:1240} INFO - 
--------------------------------------------------------------------------------
[2022-09-20 15:31:58,226] {taskinstance.py:1259} INFO - Executing <Task(PythonOperator): local_to_gcs_task> on 2019-04-02 06:00:00+00:00
[2022-09-20 15:31:58,233] {standard_task_runner.py:52} INFO - Started process 337 to run task
[2022-09-20 15:31:58,239] {standard_task_runner.py:76} INFO - Running: ['***', 'tasks', 'run', 'green_taxi_data_v2', 'local_to_gcs_task', 'scheduled__2019-04-02T06:00:00+00:00', '--job-id', '49', '--raw', '--subdir', 'DAGS_FOLDER/data_ingestion_gcs_dag.py', '--cfg-path', '/tmp/tmpbp08qqur', '--error-file', '/tmp/tmp_30vvjnl']
[2022-09-20 15:31:58,240] {standard_task_runner.py:77} INFO - Job 49: Subtask local_to_gcs_task
[2022-09-20 15:31:58,326] {logging_mixin.py:109} INFO - Running <TaskInstance: green_taxi_data_v2.local_to_gcs_task scheduled__2019-04-02T06:00:00+00:00 [running]> on host 788dccad41b9
[2022-09-20 15:31:58,378] {warnings.py:110} WARNING - /home/***/.local/lib/python3.7/site-packages/***/utils/context.py:152: AirflowContextDeprecationWarning: Accessing 'execution_date' from the template is deprecated and will be removed in a future version. Please use 'data_interval_start' or 'logical_date' instead.
  warnings.warn(_create_deprecation_warning(key, self._deprecation_replacements[key]))

[2022-09-20 15:31:58,404] {taskinstance.py:1426} INFO - Exporting the following env vars:
AIRFLOW_CTX_DAG_OWNER=***
AIRFLOW_CTX_DAG_ID=green_taxi_data_v2
AIRFLOW_CTX_TASK_ID=local_to_gcs_task
AIRFLOW_CTX_EXECUTION_DATE=2019-04-02T06:00:00+00:00
AIRFLOW_CTX_DAG_RUN_ID=scheduled__2019-04-02T06:00:00+00:00
[2022-09-20 15:31:58,975] {python.py:175} INFO - Done. Returned value was: None
[2022-09-20 15:31:59,027] {taskinstance.py:1277} INFO - Marking task as SUCCESS. dag_id=green_taxi_data_v2, task_id=local_to_gcs_task, execution_date=20190402T060000, start_date=20220920T153158, end_date=20220920T153159
[2022-09-20 15:31:59,056] {local_task_job.py:154} INFO - Task exited with return code 0
[2022-09-20 15:31:59,127] {local_task_job.py:264} INFO - 1 downstream tasks scheduled from follow-on schedule check
