[2022-09-17 07:15:20,620] {taskinstance.py:1032} INFO - Dependencies all met for <TaskInstance: green_taxi_data_v2.rm_task scheduled__2020-08-02T06:00:00+00:00 [queued]>
[2022-09-17 07:15:20,635] {taskinstance.py:1032} INFO - Dependencies all met for <TaskInstance: green_taxi_data_v2.rm_task scheduled__2020-08-02T06:00:00+00:00 [queued]>
[2022-09-17 07:15:20,635] {taskinstance.py:1238} INFO - 
--------------------------------------------------------------------------------
[2022-09-17 07:15:20,635] {taskinstance.py:1239} INFO - Starting attempt 1 of 2
[2022-09-17 07:15:20,635] {taskinstance.py:1240} INFO - 
--------------------------------------------------------------------------------
[2022-09-17 07:15:20,651] {taskinstance.py:1259} INFO - Executing <Task(BashOperator): rm_task> on 2020-08-02 06:00:00+00:00
[2022-09-17 07:15:20,658] {standard_task_runner.py:52} INFO - Started process 601 to run task
[2022-09-17 07:15:20,664] {standard_task_runner.py:76} INFO - Running: ['***', 'tasks', 'run', 'green_taxi_data_v2', 'rm_task', 'scheduled__2020-08-02T06:00:00+00:00', '--job-id', '180', '--raw', '--subdir', 'DAGS_FOLDER/data_ingestion_gcs_dag.py', '--cfg-path', '/tmp/tmpadkpzx7n', '--error-file', '/tmp/tmpdn4pwdfo']
[2022-09-17 07:15:20,666] {standard_task_runner.py:77} INFO - Job 180: Subtask rm_task
[2022-09-17 07:15:20,737] {logging_mixin.py:109} INFO - Running <TaskInstance: green_taxi_data_v2.rm_task scheduled__2020-08-02T06:00:00+00:00 [running]> on host ea53df3427ed
[2022-09-17 07:15:20,786] {warnings.py:110} WARNING - /home/***/.local/lib/python3.7/site-packages/***/utils/context.py:152: AirflowContextDeprecationWarning: Accessing 'execution_date' from the template is deprecated and will be removed in a future version. Please use 'data_interval_start' or 'logical_date' instead.
  warnings.warn(_create_deprecation_warning(key, self._deprecation_replacements[key]))

[2022-09-17 07:15:20,810] {taskinstance.py:1426} INFO - Exporting the following env vars:
AIRFLOW_CTX_DAG_OWNER=***
AIRFLOW_CTX_DAG_ID=green_taxi_data_v2
AIRFLOW_CTX_TASK_ID=rm_task
AIRFLOW_CTX_EXECUTION_DATE=2020-08-02T06:00:00+00:00
AIRFLOW_CTX_DAG_RUN_ID=scheduled__2020-08-02T06:00:00+00:00
[2022-09-17 07:15:20,811] {subprocess.py:62} INFO - Tmp dir root location: 
 /tmp
[2022-09-17 07:15:20,811] {subprocess.py:74} INFO - Running command: ['bash', '-c', 'rm /opt/***/green_tripdata_2020-08.parquet']
[2022-09-17 07:15:20,825] {subprocess.py:85} INFO - Output:
[2022-09-17 07:15:20,830] {subprocess.py:93} INFO - Command exited with return code 0
[2022-09-17 07:15:20,862] {taskinstance.py:1277} INFO - Marking task as SUCCESS. dag_id=green_taxi_data_v2, task_id=rm_task, execution_date=20200802T060000, start_date=20220917T071520, end_date=20220917T071520
[2022-09-17 07:15:20,881] {local_task_job.py:154} INFO - Task exited with return code 0
[2022-09-17 07:15:20,914] {local_task_job.py:264} INFO - 0 downstream tasks scheduled from follow-on schedule check
