[2022-09-17 06:52:28,609] {taskinstance.py:1032} INFO - Dependencies all met for <TaskInstance: fhv_data_v2.download_dataset_task scheduled__2019-08-02T06:00:00+00:00 [queued]>
[2022-09-17 06:52:28,625] {taskinstance.py:1032} INFO - Dependencies all met for <TaskInstance: fhv_data_v2.download_dataset_task scheduled__2019-08-02T06:00:00+00:00 [queued]>
[2022-09-17 06:52:28,625] {taskinstance.py:1238} INFO - 
--------------------------------------------------------------------------------
[2022-09-17 06:52:28,625] {taskinstance.py:1239} INFO - Starting attempt 1 of 2
[2022-09-17 06:52:28,625] {taskinstance.py:1240} INFO - 
--------------------------------------------------------------------------------
[2022-09-17 06:52:28,646] {taskinstance.py:1259} INFO - Executing <Task(BashOperator): download_dataset_task> on 2019-08-02 06:00:00+00:00
[2022-09-17 06:52:28,653] {standard_task_runner.py:52} INFO - Started process 7447 to run task
[2022-09-17 06:52:28,670] {standard_task_runner.py:76} INFO - Running: ['***', 'tasks', 'run', 'fhv_data_v2', 'download_dataset_task', 'scheduled__2019-08-02T06:00:00+00:00', '--job-id', '100', '--raw', '--subdir', 'DAGS_FOLDER/data_ingestion_gcs_dag.py', '--cfg-path', '/tmp/tmprtlm2v2q', '--error-file', '/tmp/tmp4d27jo5o']
[2022-09-17 06:52:28,672] {standard_task_runner.py:77} INFO - Job 100: Subtask download_dataset_task
[2022-09-17 06:52:28,843] {logging_mixin.py:109} INFO - Running <TaskInstance: fhv_data_v2.download_dataset_task scheduled__2019-08-02T06:00:00+00:00 [running]> on host 10d063af5ba7
[2022-09-17 06:52:28,933] {warnings.py:110} WARNING - /home/***/.local/lib/python3.7/site-packages/***/utils/context.py:152: AirflowContextDeprecationWarning: Accessing 'execution_date' from the template is deprecated and will be removed in a future version. Please use 'data_interval_start' or 'logical_date' instead.
  warnings.warn(_create_deprecation_warning(key, self._deprecation_replacements[key]))

[2022-09-17 06:52:28,991] {taskinstance.py:1426} INFO - Exporting the following env vars:
AIRFLOW_CTX_DAG_OWNER=***
AIRFLOW_CTX_DAG_ID=fhv_data_v2
AIRFLOW_CTX_TASK_ID=download_dataset_task
AIRFLOW_CTX_EXECUTION_DATE=2019-08-02T06:00:00+00:00
AIRFLOW_CTX_DAG_RUN_ID=scheduled__2019-08-02T06:00:00+00:00
[2022-09-17 06:52:28,992] {subprocess.py:62} INFO - Tmp dir root location: 
 /tmp
[2022-09-17 06:52:28,993] {subprocess.py:74} INFO - Running command: ['bash', '-c', 'curl -sSLf https://d37ci6vzurychx.cloudfront.net/trip-data/fhv_tripdata_2019-08.parquet > /opt/***/fhv_tripdata_2019-08.parquet']
[2022-09-17 06:52:29,033] {subprocess.py:85} INFO - Output:
[2022-09-17 06:52:32,311] {subprocess.py:93} INFO - Command exited with return code 0
[2022-09-17 06:52:32,341] {taskinstance.py:1277} INFO - Marking task as SUCCESS. dag_id=fhv_data_v2, task_id=download_dataset_task, execution_date=20190802T060000, start_date=20220917T065228, end_date=20220917T065232
[2022-09-17 06:52:32,383] {local_task_job.py:154} INFO - Task exited with return code 0
[2022-09-17 06:52:32,469] {local_task_job.py:264} INFO - 0 downstream tasks scheduled from follow-on schedule check
[2022-09-20 15:24:11,182] {taskinstance.py:1032} INFO - Dependencies all met for <TaskInstance: fhv_data_v2.download_dataset_task scheduled__2019-08-02T06:00:00+00:00 [queued]>
[2022-09-20 15:24:11,195] {taskinstance.py:1032} INFO - Dependencies all met for <TaskInstance: fhv_data_v2.download_dataset_task scheduled__2019-08-02T06:00:00+00:00 [queued]>
[2022-09-20 15:24:11,195] {taskinstance.py:1238} INFO - 
--------------------------------------------------------------------------------
[2022-09-20 15:24:11,195] {taskinstance.py:1239} INFO - Starting attempt 1 of 2
[2022-09-20 15:24:11,195] {taskinstance.py:1240} INFO - 
--------------------------------------------------------------------------------
[2022-09-20 15:24:11,209] {taskinstance.py:1259} INFO - Executing <Task(BashOperator): download_dataset_task> on 2019-08-02 06:00:00+00:00
[2022-09-20 15:24:11,217] {standard_task_runner.py:52} INFO - Started process 756 to run task
[2022-09-20 15:24:11,224] {standard_task_runner.py:76} INFO - Running: ['***', 'tasks', 'run', 'fhv_data_v2', 'download_dataset_task', 'scheduled__2019-08-02T06:00:00+00:00', '--job-id', '64', '--raw', '--subdir', 'DAGS_FOLDER/data_ingestion_gcs_dag.py', '--cfg-path', '/tmp/tmpqhyjbzax', '--error-file', '/tmp/tmpskix4g7z']
[2022-09-20 15:24:11,225] {standard_task_runner.py:77} INFO - Job 64: Subtask download_dataset_task
[2022-09-20 15:24:11,291] {logging_mixin.py:109} INFO - Running <TaskInstance: fhv_data_v2.download_dataset_task scheduled__2019-08-02T06:00:00+00:00 [running]> on host 0a2e8243e3d8
[2022-09-20 15:24:11,332] {warnings.py:110} WARNING - /home/***/.local/lib/python3.7/site-packages/***/utils/context.py:152: AirflowContextDeprecationWarning: Accessing 'execution_date' from the template is deprecated and will be removed in a future version. Please use 'data_interval_start' or 'logical_date' instead.
  warnings.warn(_create_deprecation_warning(key, self._deprecation_replacements[key]))

[2022-09-20 15:24:11,353] {taskinstance.py:1426} INFO - Exporting the following env vars:
AIRFLOW_CTX_DAG_OWNER=***
AIRFLOW_CTX_DAG_ID=fhv_data_v2
AIRFLOW_CTX_TASK_ID=download_dataset_task
AIRFLOW_CTX_EXECUTION_DATE=2019-08-02T06:00:00+00:00
AIRFLOW_CTX_DAG_RUN_ID=scheduled__2019-08-02T06:00:00+00:00
[2022-09-20 15:24:11,354] {subprocess.py:62} INFO - Tmp dir root location: 
 /tmp
[2022-09-20 15:24:11,356] {subprocess.py:74} INFO - Running command: ['bash', '-c', 'curl -sSLf https://d37ci6vzurychx.cloudfront.net/trip-data/fhv_tripdata_2019-08.parquet > /opt/***/fhv_tripdata_2019-08.parquet']
[2022-09-20 15:24:11,373] {subprocess.py:85} INFO - Output:
[2022-09-20 15:24:14,065] {subprocess.py:93} INFO - Command exited with return code 0
[2022-09-20 15:24:14,099] {taskinstance.py:1277} INFO - Marking task as SUCCESS. dag_id=fhv_data_v2, task_id=download_dataset_task, execution_date=20190802T060000, start_date=20220920T152411, end_date=20220920T152414
[2022-09-20 15:24:14,128] {local_task_job.py:154} INFO - Task exited with return code 0
[2022-09-20 15:24:14,176] {local_task_job.py:264} INFO - 1 downstream tasks scheduled from follow-on schedule check
[2022-09-20 15:31:51,741] {taskinstance.py:1032} INFO - Dependencies all met for <TaskInstance: fhv_data_v2.download_dataset_task scheduled__2019-08-02T06:00:00+00:00 [queued]>
[2022-09-20 15:31:51,759] {taskinstance.py:1032} INFO - Dependencies all met for <TaskInstance: fhv_data_v2.download_dataset_task scheduled__2019-08-02T06:00:00+00:00 [queued]>
[2022-09-20 15:31:51,759] {taskinstance.py:1238} INFO - 
--------------------------------------------------------------------------------
[2022-09-20 15:31:51,760] {taskinstance.py:1239} INFO - Starting attempt 1 of 2
[2022-09-20 15:31:51,760] {taskinstance.py:1240} INFO - 
--------------------------------------------------------------------------------
[2022-09-20 15:31:51,785] {taskinstance.py:1259} INFO - Executing <Task(BashOperator): download_dataset_task> on 2019-08-02 06:00:00+00:00
[2022-09-20 15:31:51,805] {standard_task_runner.py:52} INFO - Started process 298 to run task
[2022-09-20 15:31:51,841] {standard_task_runner.py:76} INFO - Running: ['***', 'tasks', 'run', 'fhv_data_v2', 'download_dataset_task', 'scheduled__2019-08-02T06:00:00+00:00', '--job-id', '38', '--raw', '--subdir', 'DAGS_FOLDER/data_ingestion_gcs_dag.py', '--cfg-path', '/tmp/tmp86jcptjk', '--error-file', '/tmp/tmptljeuk7q']
[2022-09-20 15:31:51,846] {standard_task_runner.py:77} INFO - Job 38: Subtask download_dataset_task
[2022-09-20 15:31:52,036] {logging_mixin.py:109} INFO - Running <TaskInstance: fhv_data_v2.download_dataset_task scheduled__2019-08-02T06:00:00+00:00 [running]> on host 788dccad41b9
[2022-09-20 15:31:52,156] {warnings.py:110} WARNING - /home/***/.local/lib/python3.7/site-packages/***/utils/context.py:152: AirflowContextDeprecationWarning: Accessing 'execution_date' from the template is deprecated and will be removed in a future version. Please use 'data_interval_start' or 'logical_date' instead.
  warnings.warn(_create_deprecation_warning(key, self._deprecation_replacements[key]))

[2022-09-20 15:31:52,249] {taskinstance.py:1426} INFO - Exporting the following env vars:
AIRFLOW_CTX_DAG_OWNER=***
AIRFLOW_CTX_DAG_ID=fhv_data_v2
AIRFLOW_CTX_TASK_ID=download_dataset_task
AIRFLOW_CTX_EXECUTION_DATE=2019-08-02T06:00:00+00:00
AIRFLOW_CTX_DAG_RUN_ID=scheduled__2019-08-02T06:00:00+00:00
[2022-09-20 15:31:52,251] {subprocess.py:62} INFO - Tmp dir root location: 
 /tmp
[2022-09-20 15:31:52,252] {subprocess.py:74} INFO - Running command: ['bash', '-c', 'curl -sSLf https://d37ci6vzurychx.cloudfront.net/trip-data/fhv_tripdata_2019-08.parquet > /opt/***/fhv_tripdata_2019-08.parquet']
[2022-09-20 15:31:52,339] {subprocess.py:85} INFO - Output:
[2022-09-20 15:31:55,083] {subprocess.py:93} INFO - Command exited with return code 0
[2022-09-20 15:31:55,133] {taskinstance.py:1277} INFO - Marking task as SUCCESS. dag_id=fhv_data_v2, task_id=download_dataset_task, execution_date=20190802T060000, start_date=20220920T153151, end_date=20220920T153155
[2022-09-20 15:31:55,197] {local_task_job.py:154} INFO - Task exited with return code 0
[2022-09-20 15:31:55,299] {local_task_job.py:264} INFO - 1 downstream tasks scheduled from follow-on schedule check
