[2022-09-17 06:52:10,919] {taskinstance.py:1032} INFO - Dependencies all met for <TaskInstance: fhv_data_v2.rm_task scheduled__2019-04-02T06:00:00+00:00 [queued]>
[2022-09-17 06:52:10,935] {taskinstance.py:1032} INFO - Dependencies all met for <TaskInstance: fhv_data_v2.rm_task scheduled__2019-04-02T06:00:00+00:00 [queued]>
[2022-09-17 06:52:10,936] {taskinstance.py:1238} INFO - 
--------------------------------------------------------------------------------
[2022-09-17 06:52:10,936] {taskinstance.py:1239} INFO - Starting attempt 1 of 2
[2022-09-17 06:52:10,936] {taskinstance.py:1240} INFO - 
--------------------------------------------------------------------------------
[2022-09-17 06:52:10,952] {taskinstance.py:1259} INFO - Executing <Task(BashOperator): rm_task> on 2019-04-02 06:00:00+00:00
[2022-09-17 06:52:10,959] {standard_task_runner.py:52} INFO - Started process 7395 to run task
[2022-09-17 06:52:10,979] {standard_task_runner.py:76} INFO - Running: ['***', 'tasks', 'run', 'fhv_data_v2', 'rm_task', 'scheduled__2019-04-02T06:00:00+00:00', '--job-id', '91', '--raw', '--subdir', 'DAGS_FOLDER/data_ingestion_gcs_dag.py', '--cfg-path', '/tmp/tmp6ezhmxyd', '--error-file', '/tmp/tmpikq0haz4']
[2022-09-17 06:52:10,980] {standard_task_runner.py:77} INFO - Job 91: Subtask rm_task
[2022-09-17 06:52:11,100] {logging_mixin.py:109} INFO - Running <TaskInstance: fhv_data_v2.rm_task scheduled__2019-04-02T06:00:00+00:00 [running]> on host 10d063af5ba7
[2022-09-17 06:52:11,186] {warnings.py:110} WARNING - /home/***/.local/lib/python3.7/site-packages/***/utils/context.py:152: AirflowContextDeprecationWarning: Accessing 'execution_date' from the template is deprecated and will be removed in a future version. Please use 'data_interval_start' or 'logical_date' instead.
  warnings.warn(_create_deprecation_warning(key, self._deprecation_replacements[key]))

[2022-09-17 06:52:11,215] {taskinstance.py:1426} INFO - Exporting the following env vars:
AIRFLOW_CTX_DAG_OWNER=***
AIRFLOW_CTX_DAG_ID=fhv_data_v2
AIRFLOW_CTX_TASK_ID=rm_task
AIRFLOW_CTX_EXECUTION_DATE=2019-04-02T06:00:00+00:00
AIRFLOW_CTX_DAG_RUN_ID=scheduled__2019-04-02T06:00:00+00:00
[2022-09-17 06:52:11,216] {subprocess.py:62} INFO - Tmp dir root location: 
 /tmp
[2022-09-17 06:52:11,217] {subprocess.py:74} INFO - Running command: ['bash', '-c', 'rm /opt/***/fhv_tripdata_2019-04.parquet']
[2022-09-17 06:52:11,235] {subprocess.py:85} INFO - Output:
[2022-09-17 06:52:11,243] {subprocess.py:93} INFO - Command exited with return code 0
[2022-09-17 06:52:11,281] {taskinstance.py:1277} INFO - Marking task as SUCCESS. dag_id=fhv_data_v2, task_id=rm_task, execution_date=20190402T060000, start_date=20220917T065210, end_date=20220917T065211
[2022-09-17 06:52:11,319] {local_task_job.py:154} INFO - Task exited with return code 0
[2022-09-17 06:52:11,356] {local_task_job.py:264} INFO - 0 downstream tasks scheduled from follow-on schedule check
[2022-09-20 15:31:30,967] {taskinstance.py:1032} INFO - Dependencies all met for <TaskInstance: fhv_data_v2.rm_task scheduled__2019-04-02T06:00:00+00:00 [queued]>
[2022-09-20 15:31:30,984] {taskinstance.py:1032} INFO - Dependencies all met for <TaskInstance: fhv_data_v2.rm_task scheduled__2019-04-02T06:00:00+00:00 [queued]>
[2022-09-20 15:31:30,984] {taskinstance.py:1238} INFO - 
--------------------------------------------------------------------------------
[2022-09-20 15:31:30,984] {taskinstance.py:1239} INFO - Starting attempt 1 of 2
[2022-09-20 15:31:30,984] {taskinstance.py:1240} INFO - 
--------------------------------------------------------------------------------
[2022-09-20 15:31:31,001] {taskinstance.py:1259} INFO - Executing <Task(BashOperator): rm_task> on 2019-04-02 06:00:00+00:00
[2022-09-20 15:31:31,008] {standard_task_runner.py:52} INFO - Started process 187 to run task
[2022-09-20 15:31:31,015] {standard_task_runner.py:76} INFO - Running: ['***', 'tasks', 'run', 'fhv_data_v2', 'rm_task', 'scheduled__2019-04-02T06:00:00+00:00', '--job-id', '16', '--raw', '--subdir', 'DAGS_FOLDER/data_ingestion_gcs_dag.py', '--cfg-path', '/tmp/tmpr_nih32t', '--error-file', '/tmp/tmp8svp85x8']
[2022-09-20 15:31:31,017] {standard_task_runner.py:77} INFO - Job 16: Subtask rm_task
[2022-09-20 15:31:31,097] {logging_mixin.py:109} INFO - Running <TaskInstance: fhv_data_v2.rm_task scheduled__2019-04-02T06:00:00+00:00 [running]> on host 788dccad41b9
[2022-09-20 15:31:31,153] {warnings.py:110} WARNING - /home/***/.local/lib/python3.7/site-packages/***/utils/context.py:152: AirflowContextDeprecationWarning: Accessing 'execution_date' from the template is deprecated and will be removed in a future version. Please use 'data_interval_start' or 'logical_date' instead.
  warnings.warn(_create_deprecation_warning(key, self._deprecation_replacements[key]))

[2022-09-20 15:31:31,175] {taskinstance.py:1426} INFO - Exporting the following env vars:
AIRFLOW_CTX_DAG_OWNER=***
AIRFLOW_CTX_DAG_ID=fhv_data_v2
AIRFLOW_CTX_TASK_ID=rm_task
AIRFLOW_CTX_EXECUTION_DATE=2019-04-02T06:00:00+00:00
AIRFLOW_CTX_DAG_RUN_ID=scheduled__2019-04-02T06:00:00+00:00
[2022-09-20 15:31:31,177] {subprocess.py:62} INFO - Tmp dir root location: 
 /tmp
[2022-09-20 15:31:31,177] {subprocess.py:74} INFO - Running command: ['bash', '-c', 'rm /opt/***/fhv_tripdata_2019-04.parquet']
[2022-09-20 15:31:31,193] {subprocess.py:85} INFO - Output:
[2022-09-20 15:31:31,199] {subprocess.py:93} INFO - Command exited with return code 0
[2022-09-20 15:31:31,232] {taskinstance.py:1277} INFO - Marking task as SUCCESS. dag_id=fhv_data_v2, task_id=rm_task, execution_date=20190402T060000, start_date=20220920T153130, end_date=20220920T153131
[2022-09-20 15:31:31,268] {local_task_job.py:154} INFO - Task exited with return code 0
[2022-09-20 15:31:31,314] {local_task_job.py:264} INFO - 0 downstream tasks scheduled from follow-on schedule check
