[2022-09-17 06:52:52,537] {taskinstance.py:1032} INFO - Dependencies all met for <TaskInstance: fhv_data_v2.rm_task scheduled__2019-12-02T06:00:00+00:00 [queued]>
[2022-09-17 06:52:52,548] {taskinstance.py:1032} INFO - Dependencies all met for <TaskInstance: fhv_data_v2.rm_task scheduled__2019-12-02T06:00:00+00:00 [queued]>
[2022-09-17 06:52:52,548] {taskinstance.py:1238} INFO - 
--------------------------------------------------------------------------------
[2022-09-17 06:52:52,549] {taskinstance.py:1239} INFO - Starting attempt 1 of 2
[2022-09-17 06:52:52,549] {taskinstance.py:1240} INFO - 
--------------------------------------------------------------------------------
[2022-09-17 06:52:52,561] {taskinstance.py:1259} INFO - Executing <Task(BashOperator): rm_task> on 2019-12-02 06:00:00+00:00
[2022-09-17 06:52:52,567] {standard_task_runner.py:52} INFO - Started process 7521 to run task
[2022-09-17 06:52:52,573] {standard_task_runner.py:76} INFO - Running: ['***', 'tasks', 'run', 'fhv_data_v2', 'rm_task', 'scheduled__2019-12-02T06:00:00+00:00', '--job-id', '113', '--raw', '--subdir', 'DAGS_FOLDER/data_ingestion_gcs_dag.py', '--cfg-path', '/tmp/tmp5cuaiifx', '--error-file', '/tmp/tmp6ldi_o85']
[2022-09-17 06:52:52,574] {standard_task_runner.py:77} INFO - Job 113: Subtask rm_task
[2022-09-17 06:52:52,656] {logging_mixin.py:109} INFO - Running <TaskInstance: fhv_data_v2.rm_task scheduled__2019-12-02T06:00:00+00:00 [running]> on host 10d063af5ba7
[2022-09-17 06:52:52,718] {warnings.py:110} WARNING - /home/***/.local/lib/python3.7/site-packages/***/utils/context.py:152: AirflowContextDeprecationWarning: Accessing 'execution_date' from the template is deprecated and will be removed in a future version. Please use 'data_interval_start' or 'logical_date' instead.
  warnings.warn(_create_deprecation_warning(key, self._deprecation_replacements[key]))

[2022-09-17 06:52:52,743] {taskinstance.py:1426} INFO - Exporting the following env vars:
AIRFLOW_CTX_DAG_OWNER=***
AIRFLOW_CTX_DAG_ID=fhv_data_v2
AIRFLOW_CTX_TASK_ID=rm_task
AIRFLOW_CTX_EXECUTION_DATE=2019-12-02T06:00:00+00:00
AIRFLOW_CTX_DAG_RUN_ID=scheduled__2019-12-02T06:00:00+00:00
[2022-09-17 06:52:52,744] {subprocess.py:62} INFO - Tmp dir root location: 
 /tmp
[2022-09-17 06:52:52,745] {subprocess.py:74} INFO - Running command: ['bash', '-c', 'rm /opt/***/fhv_tripdata_2019-12.parquet']
[2022-09-17 06:52:52,759] {subprocess.py:85} INFO - Output:
[2022-09-17 06:52:52,766] {subprocess.py:93} INFO - Command exited with return code 0
[2022-09-17 06:52:52,805] {taskinstance.py:1277} INFO - Marking task as SUCCESS. dag_id=fhv_data_v2, task_id=rm_task, execution_date=20191202T060000, start_date=20220917T065252, end_date=20220917T065252
[2022-09-17 06:52:52,867] {local_task_job.py:154} INFO - Task exited with return code 0
[2022-09-17 06:52:52,913] {local_task_job.py:264} INFO - 0 downstream tasks scheduled from follow-on schedule check
