[2022-09-17 06:52:25,477] {taskinstance.py:1032} INFO - Dependencies all met for <TaskInstance: fhv_data_v2.rm_task scheduled__2019-06-02T06:00:00+00:00 [queued]>
[2022-09-17 06:52:25,488] {taskinstance.py:1032} INFO - Dependencies all met for <TaskInstance: fhv_data_v2.rm_task scheduled__2019-06-02T06:00:00+00:00 [queued]>
[2022-09-17 06:52:25,488] {taskinstance.py:1238} INFO - 
--------------------------------------------------------------------------------
[2022-09-17 06:52:25,488] {taskinstance.py:1239} INFO - Starting attempt 1 of 2
[2022-09-17 06:52:25,488] {taskinstance.py:1240} INFO - 
--------------------------------------------------------------------------------
[2022-09-17 06:52:25,500] {taskinstance.py:1259} INFO - Executing <Task(BashOperator): rm_task> on 2019-06-02 06:00:00+00:00
[2022-09-17 06:52:25,507] {standard_task_runner.py:52} INFO - Started process 7437 to run task
[2022-09-17 06:52:25,513] {standard_task_runner.py:76} INFO - Running: ['***', 'tasks', 'run', 'fhv_data_v2', 'rm_task', 'scheduled__2019-06-02T06:00:00+00:00', '--job-id', '98', '--raw', '--subdir', 'DAGS_FOLDER/data_ingestion_gcs_dag.py', '--cfg-path', '/tmp/tmp5fp3d0ry', '--error-file', '/tmp/tmp4ffbbxg2']
[2022-09-17 06:52:25,514] {standard_task_runner.py:77} INFO - Job 98: Subtask rm_task
[2022-09-17 06:52:25,585] {logging_mixin.py:109} INFO - Running <TaskInstance: fhv_data_v2.rm_task scheduled__2019-06-02T06:00:00+00:00 [running]> on host 10d063af5ba7
[2022-09-17 06:52:25,636] {warnings.py:110} WARNING - /home/***/.local/lib/python3.7/site-packages/***/utils/context.py:152: AirflowContextDeprecationWarning: Accessing 'execution_date' from the template is deprecated and will be removed in a future version. Please use 'data_interval_start' or 'logical_date' instead.
  warnings.warn(_create_deprecation_warning(key, self._deprecation_replacements[key]))

[2022-09-17 06:52:25,662] {taskinstance.py:1426} INFO - Exporting the following env vars:
AIRFLOW_CTX_DAG_OWNER=***
AIRFLOW_CTX_DAG_ID=fhv_data_v2
AIRFLOW_CTX_TASK_ID=rm_task
AIRFLOW_CTX_EXECUTION_DATE=2019-06-02T06:00:00+00:00
AIRFLOW_CTX_DAG_RUN_ID=scheduled__2019-06-02T06:00:00+00:00
[2022-09-17 06:52:25,663] {subprocess.py:62} INFO - Tmp dir root location: 
 /tmp
[2022-09-17 06:52:25,664] {subprocess.py:74} INFO - Running command: ['bash', '-c', 'rm /opt/***/fhv_tripdata_2019-06.parquet']
[2022-09-17 06:52:25,681] {subprocess.py:85} INFO - Output:
[2022-09-17 06:52:25,691] {subprocess.py:93} INFO - Command exited with return code 0
[2022-09-17 06:52:25,754] {taskinstance.py:1277} INFO - Marking task as SUCCESS. dag_id=fhv_data_v2, task_id=rm_task, execution_date=20190602T060000, start_date=20220917T065225, end_date=20220917T065225
[2022-09-17 06:52:25,807] {local_task_job.py:154} INFO - Task exited with return code 0
[2022-09-17 06:52:25,843] {local_task_job.py:264} INFO - 0 downstream tasks scheduled from follow-on schedule check
[2022-09-20 15:31:50,033] {taskinstance.py:1032} INFO - Dependencies all met for <TaskInstance: fhv_data_v2.rm_task scheduled__2019-06-02T06:00:00+00:00 [queued]>
[2022-09-20 15:31:50,081] {taskinstance.py:1032} INFO - Dependencies all met for <TaskInstance: fhv_data_v2.rm_task scheduled__2019-06-02T06:00:00+00:00 [queued]>
[2022-09-20 15:31:50,085] {taskinstance.py:1238} INFO - 
--------------------------------------------------------------------------------
[2022-09-20 15:31:50,086] {taskinstance.py:1239} INFO - Starting attempt 1 of 2
[2022-09-20 15:31:50,093] {taskinstance.py:1240} INFO - 
--------------------------------------------------------------------------------
[2022-09-20 15:31:50,168] {taskinstance.py:1259} INFO - Executing <Task(BashOperator): rm_task> on 2019-06-02 06:00:00+00:00
[2022-09-20 15:31:50,179] {standard_task_runner.py:52} INFO - Started process 292 to run task
[2022-09-20 15:31:50,195] {standard_task_runner.py:76} INFO - Running: ['***', 'tasks', 'run', 'fhv_data_v2', 'rm_task', 'scheduled__2019-06-02T06:00:00+00:00', '--job-id', '36', '--raw', '--subdir', 'DAGS_FOLDER/data_ingestion_gcs_dag.py', '--cfg-path', '/tmp/tmp3c2zy1cu', '--error-file', '/tmp/tmpc4legqbe']
[2022-09-20 15:31:50,196] {standard_task_runner.py:77} INFO - Job 36: Subtask rm_task
[2022-09-20 15:31:50,483] {logging_mixin.py:109} INFO - Running <TaskInstance: fhv_data_v2.rm_task scheduled__2019-06-02T06:00:00+00:00 [running]> on host 788dccad41b9
[2022-09-20 15:31:50,674] {warnings.py:110} WARNING - /home/***/.local/lib/python3.7/site-packages/***/utils/context.py:152: AirflowContextDeprecationWarning: Accessing 'execution_date' from the template is deprecated and will be removed in a future version. Please use 'data_interval_start' or 'logical_date' instead.
  warnings.warn(_create_deprecation_warning(key, self._deprecation_replacements[key]))

[2022-09-20 15:31:50,764] {taskinstance.py:1426} INFO - Exporting the following env vars:
AIRFLOW_CTX_DAG_OWNER=***
AIRFLOW_CTX_DAG_ID=fhv_data_v2
AIRFLOW_CTX_TASK_ID=rm_task
AIRFLOW_CTX_EXECUTION_DATE=2019-06-02T06:00:00+00:00
AIRFLOW_CTX_DAG_RUN_ID=scheduled__2019-06-02T06:00:00+00:00
[2022-09-20 15:31:50,768] {subprocess.py:62} INFO - Tmp dir root location: 
 /tmp
[2022-09-20 15:31:50,769] {subprocess.py:74} INFO - Running command: ['bash', '-c', 'rm /opt/***/fhv_tripdata_2019-06.parquet']
[2022-09-20 15:31:50,872] {subprocess.py:85} INFO - Output:
[2022-09-20 15:31:50,939] {subprocess.py:93} INFO - Command exited with return code 0
[2022-09-20 15:31:51,108] {taskinstance.py:1277} INFO - Marking task as SUCCESS. dag_id=fhv_data_v2, task_id=rm_task, execution_date=20190602T060000, start_date=20220920T153150, end_date=20220920T153151
[2022-09-20 15:31:51,256] {local_task_job.py:154} INFO - Task exited with return code 0
[2022-09-20 15:31:51,508] {local_task_job.py:264} INFO - 0 downstream tasks scheduled from follow-on schedule check
