[2022-09-17 06:52:17,111] {taskinstance.py:1032} INFO - Dependencies all met for <TaskInstance: fhv_data_v2.download_dataset_task scheduled__2019-07-02T06:00:00+00:00 [queued]>
[2022-09-17 06:52:17,123] {taskinstance.py:1032} INFO - Dependencies all met for <TaskInstance: fhv_data_v2.download_dataset_task scheduled__2019-07-02T06:00:00+00:00 [queued]>
[2022-09-17 06:52:17,123] {taskinstance.py:1238} INFO - 
--------------------------------------------------------------------------------
[2022-09-17 06:52:17,123] {taskinstance.py:1239} INFO - Starting attempt 1 of 2
[2022-09-17 06:52:17,123] {taskinstance.py:1240} INFO - 
--------------------------------------------------------------------------------
[2022-09-17 06:52:17,135] {taskinstance.py:1259} INFO - Executing <Task(BashOperator): download_dataset_task> on 2019-07-02 06:00:00+00:00
[2022-09-17 06:52:17,142] {standard_task_runner.py:52} INFO - Started process 7409 to run task
[2022-09-17 06:52:17,148] {standard_task_runner.py:76} INFO - Running: ['***', 'tasks', 'run', 'fhv_data_v2', 'download_dataset_task', 'scheduled__2019-07-02T06:00:00+00:00', '--job-id', '94', '--raw', '--subdir', 'DAGS_FOLDER/data_ingestion_gcs_dag.py', '--cfg-path', '/tmp/tmp9nn0wwvt', '--error-file', '/tmp/tmp6ovp0stt']
[2022-09-17 06:52:17,149] {standard_task_runner.py:77} INFO - Job 94: Subtask download_dataset_task
[2022-09-17 06:52:17,225] {logging_mixin.py:109} INFO - Running <TaskInstance: fhv_data_v2.download_dataset_task scheduled__2019-07-02T06:00:00+00:00 [running]> on host 10d063af5ba7
[2022-09-17 06:52:17,276] {warnings.py:110} WARNING - /home/***/.local/lib/python3.7/site-packages/***/utils/context.py:152: AirflowContextDeprecationWarning: Accessing 'execution_date' from the template is deprecated and will be removed in a future version. Please use 'data_interval_start' or 'logical_date' instead.
  warnings.warn(_create_deprecation_warning(key, self._deprecation_replacements[key]))

[2022-09-17 06:52:17,309] {taskinstance.py:1426} INFO - Exporting the following env vars:
AIRFLOW_CTX_DAG_OWNER=***
AIRFLOW_CTX_DAG_ID=fhv_data_v2
AIRFLOW_CTX_TASK_ID=download_dataset_task
AIRFLOW_CTX_EXECUTION_DATE=2019-07-02T06:00:00+00:00
AIRFLOW_CTX_DAG_RUN_ID=scheduled__2019-07-02T06:00:00+00:00
[2022-09-17 06:52:17,310] {subprocess.py:62} INFO - Tmp dir root location: 
 /tmp
[2022-09-17 06:52:17,311] {subprocess.py:74} INFO - Running command: ['bash', '-c', 'curl -sSLf https://d37ci6vzurychx.cloudfront.net/trip-data/fhv_tripdata_2019-07.parquet > /opt/***/fhv_tripdata_2019-07.parquet']
[2022-09-17 06:52:17,327] {subprocess.py:85} INFO - Output:
[2022-09-17 06:52:20,550] {subprocess.py:93} INFO - Command exited with return code 0
[2022-09-17 06:52:20,579] {taskinstance.py:1277} INFO - Marking task as SUCCESS. dag_id=fhv_data_v2, task_id=download_dataset_task, execution_date=20190702T060000, start_date=20220917T065217, end_date=20220917T065220
[2022-09-17 06:52:20,615] {local_task_job.py:154} INFO - Task exited with return code 0
[2022-09-17 06:52:20,659] {local_task_job.py:264} INFO - 1 downstream tasks scheduled from follow-on schedule check
[2022-09-20 15:24:11,069] {taskinstance.py:1032} INFO - Dependencies all met for <TaskInstance: fhv_data_v2.download_dataset_task scheduled__2019-07-02T06:00:00+00:00 [queued]>
[2022-09-20 15:24:11,082] {taskinstance.py:1032} INFO - Dependencies all met for <TaskInstance: fhv_data_v2.download_dataset_task scheduled__2019-07-02T06:00:00+00:00 [queued]>
[2022-09-20 15:24:11,082] {taskinstance.py:1238} INFO - 
--------------------------------------------------------------------------------
[2022-09-20 15:24:11,082] {taskinstance.py:1239} INFO - Starting attempt 1 of 2
[2022-09-20 15:24:11,083] {taskinstance.py:1240} INFO - 
--------------------------------------------------------------------------------
[2022-09-20 15:24:11,100] {taskinstance.py:1259} INFO - Executing <Task(BashOperator): download_dataset_task> on 2019-07-02 06:00:00+00:00
[2022-09-20 15:24:11,110] {standard_task_runner.py:52} INFO - Started process 755 to run task
[2022-09-20 15:24:11,117] {standard_task_runner.py:76} INFO - Running: ['***', 'tasks', 'run', 'fhv_data_v2', 'download_dataset_task', 'scheduled__2019-07-02T06:00:00+00:00', '--job-id', '63', '--raw', '--subdir', 'DAGS_FOLDER/data_ingestion_gcs_dag.py', '--cfg-path', '/tmp/tmpbg458340', '--error-file', '/tmp/tmp6cbv1zk6']
[2022-09-20 15:24:11,118] {standard_task_runner.py:77} INFO - Job 63: Subtask download_dataset_task
[2022-09-20 15:24:11,193] {logging_mixin.py:109} INFO - Running <TaskInstance: fhv_data_v2.download_dataset_task scheduled__2019-07-02T06:00:00+00:00 [running]> on host 0a2e8243e3d8
[2022-09-20 15:24:11,233] {warnings.py:110} WARNING - /home/***/.local/lib/python3.7/site-packages/***/utils/context.py:152: AirflowContextDeprecationWarning: Accessing 'execution_date' from the template is deprecated and will be removed in a future version. Please use 'data_interval_start' or 'logical_date' instead.
  warnings.warn(_create_deprecation_warning(key, self._deprecation_replacements[key]))

[2022-09-20 15:24:11,261] {taskinstance.py:1426} INFO - Exporting the following env vars:
AIRFLOW_CTX_DAG_OWNER=***
AIRFLOW_CTX_DAG_ID=fhv_data_v2
AIRFLOW_CTX_TASK_ID=download_dataset_task
AIRFLOW_CTX_EXECUTION_DATE=2019-07-02T06:00:00+00:00
AIRFLOW_CTX_DAG_RUN_ID=scheduled__2019-07-02T06:00:00+00:00
[2022-09-20 15:24:11,262] {subprocess.py:62} INFO - Tmp dir root location: 
 /tmp
[2022-09-20 15:24:11,263] {subprocess.py:74} INFO - Running command: ['bash', '-c', 'curl -sSLf https://d37ci6vzurychx.cloudfront.net/trip-data/fhv_tripdata_2019-07.parquet > /opt/***/fhv_tripdata_2019-07.parquet']
[2022-09-20 15:24:11,281] {subprocess.py:85} INFO - Output:
[2022-09-20 15:24:13,962] {subprocess.py:93} INFO - Command exited with return code 0
[2022-09-20 15:24:13,993] {taskinstance.py:1277} INFO - Marking task as SUCCESS. dag_id=fhv_data_v2, task_id=download_dataset_task, execution_date=20190702T060000, start_date=20220920T152411, end_date=20220920T152413
[2022-09-20 15:24:14,019] {local_task_job.py:154} INFO - Task exited with return code 0
[2022-09-20 15:24:14,065] {local_task_job.py:264} INFO - 1 downstream tasks scheduled from follow-on schedule check
[2022-09-20 15:31:36,936] {taskinstance.py:1032} INFO - Dependencies all met for <TaskInstance: fhv_data_v2.download_dataset_task scheduled__2019-07-02T06:00:00+00:00 [queued]>
[2022-09-20 15:31:36,955] {taskinstance.py:1032} INFO - Dependencies all met for <TaskInstance: fhv_data_v2.download_dataset_task scheduled__2019-07-02T06:00:00+00:00 [queued]>
[2022-09-20 15:31:36,955] {taskinstance.py:1238} INFO - 
--------------------------------------------------------------------------------
[2022-09-20 15:31:36,956] {taskinstance.py:1239} INFO - Starting attempt 1 of 2
[2022-09-20 15:31:36,956] {taskinstance.py:1240} INFO - 
--------------------------------------------------------------------------------
[2022-09-20 15:31:36,988] {taskinstance.py:1259} INFO - Executing <Task(BashOperator): download_dataset_task> on 2019-07-02 06:00:00+00:00
[2022-09-20 15:31:36,998] {standard_task_runner.py:52} INFO - Started process 228 to run task
[2022-09-20 15:31:37,012] {standard_task_runner.py:76} INFO - Running: ['***', 'tasks', 'run', 'fhv_data_v2', 'download_dataset_task', 'scheduled__2019-07-02T06:00:00+00:00', '--job-id', '25', '--raw', '--subdir', 'DAGS_FOLDER/data_ingestion_gcs_dag.py', '--cfg-path', '/tmp/tmpr7v8xe7b', '--error-file', '/tmp/tmp9l6sr5yj']
[2022-09-20 15:31:37,015] {standard_task_runner.py:77} INFO - Job 25: Subtask download_dataset_task
[2022-09-20 15:31:37,149] {logging_mixin.py:109} INFO - Running <TaskInstance: fhv_data_v2.download_dataset_task scheduled__2019-07-02T06:00:00+00:00 [running]> on host 788dccad41b9
[2022-09-20 15:31:37,222] {warnings.py:110} WARNING - /home/***/.local/lib/python3.7/site-packages/***/utils/context.py:152: AirflowContextDeprecationWarning: Accessing 'execution_date' from the template is deprecated and will be removed in a future version. Please use 'data_interval_start' or 'logical_date' instead.
  warnings.warn(_create_deprecation_warning(key, self._deprecation_replacements[key]))

[2022-09-20 15:31:37,270] {taskinstance.py:1426} INFO - Exporting the following env vars:
AIRFLOW_CTX_DAG_OWNER=***
AIRFLOW_CTX_DAG_ID=fhv_data_v2
AIRFLOW_CTX_TASK_ID=download_dataset_task
AIRFLOW_CTX_EXECUTION_DATE=2019-07-02T06:00:00+00:00
AIRFLOW_CTX_DAG_RUN_ID=scheduled__2019-07-02T06:00:00+00:00
[2022-09-20 15:31:37,272] {subprocess.py:62} INFO - Tmp dir root location: 
 /tmp
[2022-09-20 15:31:37,275] {subprocess.py:74} INFO - Running command: ['bash', '-c', 'curl -sSLf https://d37ci6vzurychx.cloudfront.net/trip-data/fhv_tripdata_2019-07.parquet > /opt/***/fhv_tripdata_2019-07.parquet']
[2022-09-20 15:31:37,289] {subprocess.py:85} INFO - Output:
[2022-09-20 15:31:42,732] {subprocess.py:93} INFO - Command exited with return code 0
[2022-09-20 15:31:42,795] {taskinstance.py:1277} INFO - Marking task as SUCCESS. dag_id=fhv_data_v2, task_id=download_dataset_task, execution_date=20190702T060000, start_date=20220920T153136, end_date=20220920T153142
[2022-09-20 15:31:42,878] {local_task_job.py:154} INFO - Task exited with return code 0
[2022-09-20 15:31:42,956] {local_task_job.py:264} INFO - 1 downstream tasks scheduled from follow-on schedule check
